Log file open, 07/12/18 15:59:48
LogWindows: Failed to load 'aqProf.dll' (GetLastError=126)
LogWindows: File 'aqProf.dll' does not exist
LogWindows: Failed to load 'VtuneApi.dll' (GetLastError=126)
LogWindows: File 'VtuneApi.dll' does not exist
LogWindows: Failed to load 'VtuneApi32e.dll' (GetLastError=126)
LogWindows: File 'VtuneApi32e.dll' does not exist
LogInit: Display: Running engine for game: Ninja_Bunnies
LogPlatformFile: Not using cached read wrapper
LogInit: Display: RandInit(1178718565) SRandInit(1178718565).
LogTaskGraph: Started task graph with 5 named threads and 14 total threads with 3 sets of task threads.
LogStats: Stats thread started at 0.341637
LogD3D11RHI: Aftermath initialized
LogPluginManager: Mounting plugin Paper2D
LogPluginManager: Mounting plugin LightPropagationVolume
LogPluginManager: Mounting plugin CodeLiteSourceCodeAccess
LogPluginManager: Mounting plugin GitSourceControl
LogPluginManager: Mounting plugin KDevelopSourceCodeAccess
LogPluginManager: Mounting plugin NullSourceCodeAccess
LogPluginManager: Mounting plugin PerforceSourceControl
LogPluginManager: Mounting plugin SubversionSourceControl
LogPluginManager: Mounting plugin UObjectPlugin
LogPluginManager: Mounting plugin VisualStudioSourceCodeAccess
LogPluginManager: Mounting plugin XCodeSourceCodeAccess
LogPluginManager: Mounting plugin AssetManagerEditor
LogPluginManager: Mounting plugin AudioCapture
LogPluginManager: Mounting plugin FacialAnimation
LogPluginManager: Mounting plugin GameplayTagsEditor
LogPluginManager: Mounting plugin MobileLauncherProfileWizard
LogPluginManager: Mounting plugin PluginBrowser
LogPluginManager: Mounting plugin SpeedTreeImporter
LogPluginManager: Mounting plugin AlembicImporter
LogPluginManager: Mounting plugin CharacterAI
LogPluginManager: Mounting plugin HTML5Networking
LogPluginManager: Mounting plugin AndroidMedia
LogPluginManager: Mounting plugin AvfMedia
LogPluginManager: Mounting plugin MediaPlayerEditor
LogPluginManager: Mounting plugin WmfMedia
LogPluginManager: Mounting plugin TcpMessaging
LogPluginManager: Mounting plugin UdpMessaging
LogPluginManager: Mounting plugin LevelSequenceEditor
LogPluginManager: Mounting plugin MatineeToLevelSequence
LogPluginManager: Mounting plugin OnlineSubsystemGooglePlay
LogPluginManager: Mounting plugin OnlineSubsystemIOS
LogPluginManager: Mounting plugin OnlineSubsystem
LogPluginManager: Mounting plugin OnlineSubsystemNull
LogPluginManager: Mounting plugin OnlineSubsystemUtils
LogPluginManager: Mounting plugin AndroidDeviceProfileSelector
LogPluginManager: Mounting plugin AndroidMoviePlayer
LogPluginManager: Mounting plugin AndroidPermission
LogPluginManager: Mounting plugin AppleMoviePlayer
LogPluginManager: Mounting plugin ArchVisCharacter
LogPluginManager: Mounting plugin CableComponent
LogPluginManager: Mounting plugin CustomMeshComponent
LogPluginManager: Mounting plugin ExampleDeviceProfileSelector
LogPluginManager: Mounting plugin GoogleCloudMessaging
LogPluginManager: Mounting plugin ImmediatePhysics
LogPluginManager: Mounting plugin IOSDeviceProfileSelector
LogPluginManager: Mounting plugin LinuxDeviceProfileSelector
LogPluginManager: Mounting plugin LocationServicesBPLibrary
LogPluginManager: Mounting plugin MobilePatchingUtils
LogPluginManager: Mounting plugin OculusVR
LogPluginManager: Mounting plugin PhysXVehicles
LogPluginManager: Mounting plugin ProceduralMeshComponent
LogPluginManager: Mounting plugin RuntimePhysXCooking
LogPluginManager: Mounting plugin SteamVR
LogPluginManager: Mounting plugin WindowsMoviePlayer
LogInit: Using libcurl 7.47.1
LogInit:  - built for x86_64-pc-win32
LogInit:  - supports SSL with OpenSSL/1.0.2g
LogInit:  - supports HTTP deflate (compression) using libz 1.2.8
LogInit:  - other features:
LogInit:      CURL_VERSION_SSL
LogInit:      CURL_VERSION_LIBZ
LogInit:      CURL_VERSION_IPV6
LogInit:      CURL_VERSION_ASYNCHDNS
LogInit:      CURL_VERSION_LARGEFILE
LogInit:      CURL_VERSION_IDN
LogInit:  CurlRequestOptions (configurable via config and command line):
LogInit:  - bVerifyPeer = false  - Libcurl will NOT verify peer certificate
LogInit:  - bUseHttpProxy = false  - Libcurl will NOT use HTTP proxy
LogInit:  - bDontReuseConnections = false  - Libcurl will reuse connections
LogInit:  - CertBundlePath = nullptr  - Libcurl will use whatever was configured at build time.
LogInit: Build: ++UE4+Release-4.17-CL-3658906
LogInit: Engine Version: 4.17.2-3658906+++UE4+Release-4.17
LogInit: Compatible Engine Version: 4.17.0-3573198+++UE4+Release-4.17
LogInit: Net CL: 3573198
LogDevObjectVersion: Number of dev versions registered: 16
LogDevObjectVersion:   Dev-Blueprints (B0D832E4-1F89-4F0D-ACCF-7EB736FD4AA2): 10
LogDevObjectVersion:   Dev-Build (E1C64328-A22C-4D53-A36C-8E866417BD8C): 0
LogDevObjectVersion:   Dev-Core (375EC13C-06E4-48FB-B500-84F0262A717E): 2
LogDevObjectVersion:   Dev-Editor (E4B068ED-F494-42E9-A231-DA0B2E46BB41): 20
LogDevObjectVersion:   Dev-Framework (CFFC743F-43B0-4480-9391-14DF171D2073): 28
LogDevObjectVersion:   Dev-Mobile (B02B49B5-BB20-44E9-A304-32B752E40360): 0
LogDevObjectVersion:   Dev-Networking (A4E4105C-59A1-49B5-A7C5-40C4547EDFEE): 0
LogDevObjectVersion:   Dev-Online (39C831C9-5AE6-47DC-9A44-9C173E1C8E7C): 0
LogDevObjectVersion:   Dev-Physics (78F01B33-EBEA-4F98-B9B4-84EACCB95AA2): 0
LogDevObjectVersion:   Dev-Platform (6631380F-2D4D-43E0-8009-CF276956A95A): 0
LogDevObjectVersion:   Dev-Rendering (12F88B9F-8875-4AFC-A67C-D90C383ABD29): 19
LogDevObjectVersion:   Dev-Sequencer (7B5AE74C-D270-4C10-A958-57980B212A5A): 4
LogDevObjectVersion:   Dev-VR (D7296918-1DD6-4BDD-9DE2-64A83CC13884): 0
LogDevObjectVersion:   Dev-LoadTimes (C2A15278-BFE7-4AFE-6C17-90FF531DF755): 1
LogDevObjectVersion:   Private-Geometry (6EACA3D4-40EC-4CC1-B786-8BED09428FC5): 1
LogDevObjectVersion:   Dev-AnimPhys (29E575DD-E0A3-4627-9D10-D276232CDCEA): 7
LogInit: Compiled (64-bit): Sep 22 2017 13:47:16
LogInit: Compiled with Visual C++: 19.00.24215.01
LogInit: Build Configuration: Development
LogInit: Branch Name: ++UE4+Release-4.17
LogInit: Command line:  
LogInit: Base directory: C:/Program Files/Epic Games/UE_4.17/Engine/Binaries/Win64/
LogInit: Installed Engine Build: 1
LogInit: Presizing for max 8388607 objects, including 0 objects not considered by GC, pre-allocating 0 bytes for permanent pool.
LogInit: Object subsystem initialized
[2018.07.12-14.59.50:662][  0]LogInit: Selected Device Profile: [Windows]
[2018.07.12-14.59.50:662][  0]LogInit: Applying CVar settings loaded from the selected device profile: [Windows]
[2018.07.12-14.59.50:740][  0]LogInit: Computer: GAMES-105-010
[2018.07.12-14.59.50:740][  0]LogInit: User: Games
[2018.07.12-14.59.50:740][  0]LogInit: CPU Page size=4096, Cores=4
[2018.07.12-14.59.50:740][  0]LogInit: High frequency timer resolution =3.613339 MHz
[2018.07.12-14.59.50:740][  0]LogMemory: Memory total: Physical=15.9GB (16GB approx)
[2018.07.12-14.59.50:740][  0]LogMemory: Platform Memory Stats for Windows
[2018.07.12-14.59.50:740][  0]LogMemory: Process Physical Memory: 280.39 MB used, 280.39 MB peak
[2018.07.12-14.59.50:740][  0]LogMemory: Process Virtual Memory: 277.24 MB used, 277.24 MB peak
[2018.07.12-14.59.50:740][  0]LogMemory: Physical Memory: 6170.53 MB used,  10091.21 MB free, 16261.73 MB total
[2018.07.12-14.59.50:740][  0]LogMemory: Virtual Memory: 657.11 MB used,  10091.21 MB free, 8388608.00 MB total
[2018.07.12-14.59.51:542][  0]LogInit: Using OS detected language (en-GB).
[2018.07.12-14.59.51:542][  0]LogInit: Using OS detected locale (en-GB).
[2018.07.12-14.59.51:705][  0]LogTextLocalizationManager: No specific localization for 'en-GB' exists, so the 'en' localization will be used.
[2018.07.12-14.59.59:640][  0]LogD3D11RHI: D3D11 adapters:
[2018.07.12-14.59.59:659][  0]LogD3D11RHI:    0. 'NVIDIA GeForce GTX 760' (Feature Level 11_0)
[2018.07.12-14.59.59:659][  0]LogD3D11RHI:       1990/0/2048 MB DedicatedVideo/DedicatedSystem/SharedSystem, Outputs:2, VendorId:0x10de
[2018.07.12-14.59.59:659][  0]LogD3D11RHI: Chosen D3D11 Adapter: 0
[2018.07.12-14.59.59:665][  0]LogD3D11RHI: Creating new Direct3DDevice
[2018.07.12-14.59.59:665][  0]LogD3D11RHI:     GPU DeviceId: 0x1187 (for the marketing name, search the web for "GPU Device Id")
[2018.07.12-14.59.59:665][  0]LogWindows: EnumDisplayDevices:
[2018.07.12-14.59.59:665][  0]LogWindows:    0. 'NVIDIA GeForce GTX 760' (P:1 D:1)
[2018.07.12-14.59.59:666][  0]LogWindows:    1. 'NVIDIA GeForce GTX 760' (P:0 D:1)
[2018.07.12-14.59.59:666][  0]LogWindows:    2. 'NVIDIA GeForce GTX 760' (P:0 D:0)
[2018.07.12-14.59.59:666][  0]LogWindows:    3. 'NVIDIA GeForce GTX 760' (P:0 D:0)
[2018.07.12-14.59.59:666][  0]LogWindows:    4. 'RDPDD Chained DD' (P:0 D:0)
[2018.07.12-14.59.59:666][  0]LogWindows:    5. 'RDP Encoder Mirror Driver' (P:0 D:0)
[2018.07.12-14.59.59:667][  0]LogWindows:    6. 'RDP Reflector Display Driver' (P:0 D:0)
[2018.07.12-14.59.59:667][  0]LogWindows: DebugString: GetVideoDriverDetailsInvalid PrimaryIsNotTheChoosenAdapter GetVideoDriverDetailsInvalid PrimaryIsNotTheChoosenAdapter GetVideoDriverDetailsInvalid PrimaryIsNotTheChoosenAdapter FoundDriverCount:4 
[2018.07.12-14.59.59:667][  0]LogD3D11RHI:     Adapter Name: NVIDIA GeForce GTX 760
[2018.07.12-14.59.59:667][  0]LogD3D11RHI:   Driver Version: 353.30 (internal:10.18.13.5330, unified:353.30)
[2018.07.12-14.59.59:667][  0]LogD3D11RHI:      Driver Date: 6-17-2015
[2018.07.12-14.59.59:667][  0]LogRHI: Texture pool is 1361 MB (70% of 1945 MB)
[2018.07.12-14.59.59:676][  0]LogD3D11RHI: NvAPI_D3D_GetCurrentSLIState failed: 0xfffffff7
[2018.07.12-14.59.59:676][  0]LogD3D11RHI: Async texture creation enabled
[2018.07.12-14.59.59:693][  0]LogD3D11RHI: GPU Timing Frequency: 1000.000000 (Debug: 2 2)
[2018.07.12-14.59.59:695][  0]LogShaderCompilers: Guid format shader working directory is -63 characters bigger than the processId version (../../../../../../Users/Games/Desktop/level-6-l6-group-9/Thomas Simmons Resubmission/Game Build/Ninja_Bunnies/Intermediate/Shaders/WorkingDirectory/6264/).
[2018.07.12-14.59.59:695][  0]LogShaderCompilers: Cleaned the shader compiler working directory 'C:/Users/Games/AppData/Local/Temp/UnrealShaderWorkingDir/EE4436AA45C1C1E20F5CCBA50CFC86C7/'.
[2018.07.12-14.59.59:695][  0]LogShaderCompilers: Display: Using Local Shader Compiler.
[2018.07.12-15.00.06:172][  0]LogTemp: Display: Loaded TP AllDesktopTargetPlatform
[2018.07.12-15.00.06:237][  0]LogTemp: Display: Loaded TP MacClientTargetPlatform
[2018.07.12-15.00.06:302][  0]LogTemp: Display: Loaded TP MacNoEditorTargetPlatform
[2018.07.12-15.00.06:377][  0]LogTemp: Display: Loaded TP MacServerTargetPlatform
[2018.07.12-15.00.06:490][  0]LogTemp: Display: Loaded TP MacTargetPlatform
[2018.07.12-15.00.06:572][  0]LogTemp: Display: Loaded TP WindowsClientTargetPlatform
[2018.07.12-15.00.06:660][  0]LogTemp: Display: Loaded TP WindowsNoEditorTargetPlatform
[2018.07.12-15.00.06:718][  0]LogTemp: Display: Loaded TP WindowsServerTargetPlatform
[2018.07.12-15.00.06:795][  0]LogTemp: Display: Loaded TP WindowsTargetPlatform
[2018.07.12-15.00.06:913][  0]LogTemp: Display: Loaded TP AndroidTargetPlatform
[2018.07.12-15.00.07:021][  0]LogTemp: Display: Loaded TP Android_ASTCTargetPlatform
[2018.07.12-15.00.07:103][  0]LogTemp: Display: Loaded TP Android_ATCTargetPlatform
[2018.07.12-15.00.07:166][  0]LogTemp: Display: Loaded TP Android_DXTTargetPlatform
[2018.07.12-15.00.07:310][  0]LogTemp: Display: Loaded TP Android_ETC1TargetPlatform
[2018.07.12-15.00.07:437][  0]LogTemp: Display: Loaded TP Android_ETC2TargetPlatform
[2018.07.12-15.00.07:591][  0]LogTemp: Display: Loaded TP Android_MultiTargetPlatform
[2018.07.12-15.00.07:591][  0]LogTemp: Display: Loaded TP Android_PVRTCTargetPlatform
[2018.07.12-15.00.07:643][  0]LogTemp: Display: Loaded TP HTML5TargetPlatform
[2018.07.12-15.00.07:851][  0]LogTemp: Display: Loaded TP IOSTargetPlatform
[2018.07.12-15.00.07:904][  0]LogTemp: Display: Loaded TP TVOSTargetPlatform
[2018.07.12-15.00.08:013][  0]LogTemp: Display: Loaded TP LinuxClientTargetPlatform
[2018.07.12-15.00.08:171][  0]LogTemp: Display: Loaded TP LinuxNoEditorTargetPlatform
[2018.07.12-15.00.08:268][  0]LogTemp: Display: Loaded TP LinuxServerTargetPlatform
[2018.07.12-15.00.08:371][  0]LogTemp: Display: Loaded TP LinuxTargetPlatform
[2018.07.12-15.00.08:371][  0]LogTargetPlatformManager: Display: Building Assets For Windows
[2018.07.12-15.00.09:392][  0]LogDerivedDataCache: Display: Max Cache Size: 512 MB
[2018.07.12-15.00.10:051][  0]LogDerivedDataCache: Loaded boot cache 0.66s 93MB C:/Users/Games/AppData/Local/UnrealEngine/4.17/DerivedDataCache/Boot.ddc.
[2018.07.12-15.00.10:052][  0]LogDerivedDataCache: Display: Loaded Boot cache: C:/Users/Games/AppData/Local/UnrealEngine/4.17/DerivedDataCache/Boot.ddc
[2018.07.12-15.00.10:052][  0]LogDerivedDataCache: FDerivedDataBackendGraph:  Pak pak cache file ../../../../../../Users/Games/Desktop/level-6-l6-group-9/Thomas Simmons Resubmission/Game Build/Ninja_Bunnies/DerivedDataCache/DDC.ddp not found, will not use a pak cache.
[2018.07.12-15.00.10:052][  0]LogDerivedDataCache: Unable to find inner node Pak for hierarchical cache Hierarchy.
[2018.07.12-15.00.10:052][  0]LogDerivedDataCache: FDerivedDataBackendGraph:  CompressedPak pak cache file ../../../../../../Users/Games/Desktop/level-6-l6-group-9/Thomas Simmons Resubmission/Game Build/Ninja_Bunnies/DerivedDataCache/Compressed.ddp not found, will not use a pak cache.
[2018.07.12-15.00.10:052][  0]LogDerivedDataCache: Unable to find inner node CompressedPak for hierarchical cache Hierarchy.
[2018.07.12-15.00.10:117][  0]LogDerivedDataCache: Display: Pak cache opened for reading ../../../Engine/DerivedDataCache/Compressed.ddp.
[2018.07.12-15.00.10:129][  0]LogDerivedDataCache: Using Local data cache path C:/Users/Games/AppData/Local/UnrealEngine/Common/DerivedDataCache: Writable
[2018.07.12-15.00.10:146][  0]LogMaterial: Verifying Global Shaders for PCD3D_SM5
[2018.07.12-15.00.10:146][  0]LogSlate: Using Freetype 2.6.0
[2018.07.12-15.00.10:175][  0]LogSlate: SlateFontCache - WITH_FREETYPE: 1, WITH_HARFBUZZ: 1
[2018.07.12-15.00.10:175][  0]LogSlate: SlateFontCache - WITH_FREETYPE: 1, WITH_HARFBUZZ: 1
[2018.07.12-15.00.14:881][  0]LogAssetRegistry: FAssetRegistry took 0.0259 seconds to start up
[2018.07.12-15.00.16:735][  0]LogInit: Selected Device Profile: [Windows]
[2018.07.12-15.00.16:747][  0]LogContentStreaming: Texture pool size is 0.00 MB
[2018.07.12-15.00.19:208][  0]LogSimplygon: Simplygon DLL not present - disabling.
[2018.07.12-15.00.19:298][  0]LogMeshReduction: Using SimplygonSwarm for distributed automatic mesh merging
[2018.07.12-15.00.19:298][  0]LogMeshReduction: Using QuadricMeshReduction for automatic static mesh reduction
[2018.07.12-15.00.19:298][  0]LogMeshReduction: No automatic skeletal mesh reduction module available
[2018.07.12-15.00.19:298][  0]LogMeshReduction: No automatic mesh merging module available
[2018.07.12-15.00.19:298][  0]LogMeshMerging: No automatic mesh merging module available
[2018.07.12-15.00.24:771][  0]LogNetVersion: Ninja_Bunnies , NetCL: 3573198, EngineNetVer: 2, GameNetVer: 0 (Checksum: 1886342967)
[2018.07.12-15.00.26:857][  0]LogPackageLocalizationCache: Processed 5 localized package path(s) for 2 prioritized culture(s) in 0.057490 seconds
[2018.07.12-15.00.26:863][  0]LogUObjectArray: 35825 objects as part of root set at end of initial load.
[2018.07.12-15.00.26:863][  0]LogUObjectAllocator: 7529112 out of 0 bytes used by permanent object pool.
[2018.07.12-15.00.26:863][  0]LogUObjectArray: CloseDisregardForGC: 0/0 objects in disregard for GC pool
[2018.07.12-15.00.26:949][  0]LogInit: WinSock: version 1.1 (2.2), MaxSocks=32767, MaxUdp=65467
[2018.07.12-15.01.34:991][  0]LogTcpMessaging: Initializing TcpMessaging bridge
[2018.07.12-15.01.35:040][  0]LogUdpMessaging: Initializing bridge on interface 0.0.0.0:0 to multicast group 230.0.0.1:6666.
[2018.07.12-15.01.37:264][  0]LogMaterial: Uniform references updated for custom material expression Custom.
[2018.07.12-15.01.38:359][  0]SourceControl: Source control is disabled
[2018.07.12-15.01.38:359][  0]SourceControl: Source control is disabled
[2018.07.12-15.01.38:444][  0]SourceControl: Source control is disabled
[2018.07.12-15.01.38:513][  0]SourceControl: Source control is disabled
[2018.07.12-15.01.40:166][  0]LogAndroidPermission: UAndroidPermissionCallbackProxy::GetInstance
[2018.07.12-15.01.40:457][  0]LogOcInput: OculusInput pre-init called
[2018.07.12-15.01.41:092][  0]LogEngine: Initializing Engine...
[2018.07.12-15.01.41:097][  0]LogHMD: Failed to initialize OpenVR with code 110
[2018.07.12-15.01.41:560][  0]LogStats: UGameplayTagsManager::ConstructGameplayTagTree: Construct from data asset -  0.000 s
[2018.07.12-15.01.41:560][  0]LogStats: UGameplayTagsManager::ConstructGameplayTagTree: GameplayTagTreeChangedEvent.Broadcast -  0.000 s
[2018.07.12-15.01.41:741][  0]LogAIModule: Creating AISystem for world Untitled
[2018.07.12-15.01.41:754][  0]LogInit: XAudio2 using 'Memes (Conexant HD Audio)' : 2 channels at 44.1 kHz using 16 bits per sample (channel mask 0x3)
[2018.07.12-15.01.41:802][  0]LogInit: FAudioDevice initialized.
[2018.07.12-15.01.43:792][  0]LogDerivedDataCache: Saved boot cache 1.99s 93MB C:/Users/Games/AppData/Local/UnrealEngine/4.17/DerivedDataCache/Boot.ddc.
[2018.07.12-15.01.43:829][  0]LogInit: Texture streaming: Enabled
[2018.07.12-15.01.44:051][  0]LogEngineSessionManager: EngineSessionManager initialized
[2018.07.12-15.01.48:722][  0]LogInit: Transaction tracking system initialized
[2018.07.12-15.01.49:274][  0]BlueprintLog: New page: Editor Load
[2018.07.12-15.01.51:320][  0]LocalizationService: Localization service is disabled
[2018.07.12-15.01.54:047][  0]LogConsoleResponse: Display: 
[2018.07.12-15.01.56:196][  0]LogCook: Display: Max memory allowance for cook 16384mb min free memory 0mb
[2018.07.12-15.01.56:196][  0]LogCook: Display: Mobile HDR setting 1
[2018.07.12-15.01.56:196][  0]LogGameplayTags: Display: UGameplayTagsManager::DoneAddingNativeTags. DelegateIsBound: 0
[2018.07.12-15.01.56:540][  0]LogFileCache: Scanning file cache for directory 'C:/Users/Games/Desktop/level-6-l6-group-9/Thomas Simmons Resubmission/Game Build/Ninja_Bunnies/Content/' took 0.02s
[2018.07.12-15.02.01:389][  0]SourceControl: Source control is disabled
[2018.07.12-15.02.01:390][  0]LightingResults: New page: Lighting Build
[2018.07.12-15.02.01:464][  0]MapCheck: New page: Map Check
[2018.07.12-15.02.01:464][  0]LightingResults: New page: Lighting Build
[2018.07.12-15.02.01:658][  0]LogLinker: Warning: Can't find file '/Game/2DSideScrollerBP/Sprites/objects/Ninja_Star_Sprite'
[2018.07.12-15.02.01:659][  0]LogLinker: Warning: Can't find file for asset '/Game/2DSideScrollerBP/Sprites/objects/Ninja_Star_Sprite' while loading ../../../../../../Users/Games/Desktop/level-6-l6-group-9/Thomas Simmons Resubmission/Game Build/Ninja_Bunnies/Content/2DSideScrollerBP/Blueprints/Collection.uasset.
[2018.07.12-15.02.01:659][  0]LoadErrors: Error: /Game/2DSideScrollerBP/Blueprints/Collection : Can't find file for asset. /Game/2DSideScrollerBP/Sprites/objects/Ninja_Star_Sprite
[2018.07.12-15.02.01:773][  0]LogLinker: Warning: Can't find file '/Game/2DSideScrollerBP/Sprites/objects/Ninja_Star_Sprite'
[2018.07.12-15.02.01:774][  0]LogLinker: Warning: Can't find file for asset '/Game/2DSideScrollerBP/Sprites/objects/Ninja_Star_Sprite' while loading ../../../../../../Users/Games/Desktop/level-6-l6-group-9/Thomas Simmons Resubmission/Game Build/Ninja_Bunnies/Content/2DSideScrollerBP/Blueprints/Collection.uasset.
[2018.07.12-15.02.01:774][  0]LoadErrors: Error: /Game/2DSideScrollerBP/Blueprints/Collection : Can't find file for asset. /Game/2DSideScrollerBP/Sprites/objects/Ninja_Star_Sprite
[2018.07.12-15.02.01:779][  0]LogLinker: Warning: Can't find file '/Game/2DSideScrollerBP/Sprites/objects/Ninja_Star_Sprite'
[2018.07.12-15.02.01:779][  0]LogLinker: Warning: Can't find file for asset '/Game/2DSideScrollerBP/Sprites/objects/Ninja_Star_Sprite' while loading ../../../../../../Users/Games/Desktop/level-6-l6-group-9/Thomas Simmons Resubmission/Game Build/Ninja_Bunnies/Content/2DSideScrollerBP/Maps/2DSideScrollerExampleMap.umap.
[2018.07.12-15.02.01:779][  0]LoadErrors: Error: /Game/2DSideScrollerBP/Maps/2DSideScrollerExampleMap : Can't find file for asset. /Game/2DSideScrollerBP/Sprites/objects/Ninja_Star_Sprite
[2018.07.12-15.02.01:780][  0]LogLinker: Warning: Can't find file '/Game/2DSideScrollerBP/Sprites/objects/Ninja_Star_Sprite'
[2018.07.12-15.02.01:780][  0]LogLinker: Warning: Can't find file for asset '/Game/2DSideScrollerBP/Sprites/objects/Ninja_Star_Sprite' while loading ../../../../../../Users/Games/Desktop/level-6-l6-group-9/Thomas Simmons Resubmission/Game Build/Ninja_Bunnies/Content/2DSideScrollerBP/Maps/2DSideScrollerExampleMap.umap.
[2018.07.12-15.02.01:780][  0]LoadErrors: Error: /Game/2DSideScrollerBP/Maps/2DSideScrollerExampleMap : Can't find file for asset. /Game/2DSideScrollerBP/Sprites/objects/Ninja_Star_Sprite
[2018.07.12-15.02.01:785][  0]LogLinker: Warning: Can't find file '/Game/2DSideScrollerBP/Sprites/objects/Ninja_Star_Sprite'
[2018.07.12-15.02.01:785][  0]LoadErrors: Failed to load /Game/2DSideScrollerBP/Sprites/objects/Ninja_Star_Sprite.Ninja_Star_Sprite Referenced by PaperSprite_GEN_VARIABLE
[2018.07.12-15.02.01:786][  0]LogLinker: Warning: Can't find file for asset '/Game/2DSideScrollerBP/Sprites/objects/Ninja_Star_Sprite' while loading ../../../../../../Users/Games/Desktop/level-6-l6-group-9/Thomas Simmons Resubmission/Game Build/Ninja_Bunnies/Content/2DSideScrollerBP/Maps/2DSideScrollerExampleMap.umap.
[2018.07.12-15.02.01:786][  0]LoadErrors: Failed to load /Game/2DSideScrollerBP/Sprites/objects/Ninja_Star_Sprite.Ninja_Star_Sprite Referenced by PaperSprite_GEN_VARIABLE
[2018.07.12-15.02.01:786][  0]LoadErrors: Error: /Game/2DSideScrollerBP/Maps/2DSideScrollerExampleMap : Can't find file for asset. /Game/2DSideScrollerBP/Sprites/objects/Ninja_Star_Sprite
[2018.07.12-15.02.02:584][  0]LogLinker: Warning: Can't find file '/Game/2DSideScrollerBP/Sprites/tileset/mountain-background_Sprite'
[2018.07.12-15.02.02:584][  0]LogLinker: Warning: Can't find file for asset '/Game/2DSideScrollerBP/Sprites/tileset/mountain-background_Sprite' while loading ../../../../../../Users/Games/Desktop/level-6-l6-group-9/Thomas Simmons Resubmission/Game Build/Ninja_Bunnies/Content/2DSideScrollerBP/Maps/2DSideScrollerExampleMap.umap.
[2018.07.12-15.02.02:584][  0]LoadErrors: Error: /Game/2DSideScrollerBP/Maps/2DSideScrollerExampleMap : Can't find file for asset. /Game/2DSideScrollerBP/Sprites/tileset/mountain-background_Sprite
[2018.07.12-15.02.02:631][  0]LogLinker: Warning: Can't find file '/Game/2DSideScrollerBP/Sprites/tileset/mountain-background_Sprite'
[2018.07.12-15.02.02:632][  0]LogLinker: Warning: Can't find file for asset '/Game/2DSideScrollerBP/Sprites/tileset/mountain-background_Sprite' while loading ../../../../../../Users/Games/Desktop/level-6-l6-group-9/Thomas Simmons Resubmission/Game Build/Ninja_Bunnies/Content/2DSideScrollerBP/Maps/2DSideScrollerExampleMap.umap.
[2018.07.12-15.02.02:632][  0]LoadErrors: Error: /Game/2DSideScrollerBP/Maps/2DSideScrollerExampleMap : Can't find file for asset. /Game/2DSideScrollerBP/Sprites/tileset/mountain-background_Sprite
[2018.07.12-15.02.02:639][  0]LogLinker: Warning: Can't find file '/Game/2DSideScrollerBP/Sprites/tileset/mountain-background_Sprite'
[2018.07.12-15.02.02:639][  0]LogLinker: Warning: Can't find file for asset '/Game/2DSideScrollerBP/Sprites/tileset/mountain-background_Sprite' while loading NULL.
[2018.07.12-15.02.02:639][  0]LogLinker: Warning: Can't find file '/Game/2DSideScrollerBP/Sprites/tileset/mountain-background_Sprite'
[2018.07.12-15.02.02:639][  0]LogLinker: Warning: Can't find file for asset '/Game/2DSideScrollerBP/Sprites/tileset/mountain-background_Sprite' while loading NULL.
[2018.07.12-15.02.02:735][  0]LogLinker: Warning: Can't find file '/Game/2DSideScrollerBP/Sprites/tileset/mountain-background_Sprite'
[2018.07.12-15.02.02:735][  0]LoadErrors: Failed to load /Game/2DSideScrollerBP/Sprites/tileset/mountain-background_Sprite.mountain-background_Sprite Referenced by RenderComponent
[2018.07.12-15.02.02:735][  0]LogLinker: Warning: Can't find file for asset '/Game/2DSideScrollerBP/Sprites/tileset/mountain-background_Sprite' while loading NULL.
[2018.07.12-15.02.02:735][  0]LoadErrors: Failed to load /Game/2DSideScrollerBP/Sprites/tileset/mountain-background_Sprite.mountain-background_Sprite Referenced by RenderComponent
[2018.07.12-15.02.04:146][  0]LogAIModule: Creating AISystem for world 2DSideScrollerExampleMap
[2018.07.12-15.02.04:211][  0]LogEditorServer: Finished looking for orphan Actors (0.000 secs)
[2018.07.12-15.02.04:252][  0]Cmd: MAP CHECKDEP NOCLEARLOG
[2018.07.12-15.02.04:310][  0]MapCheck: Map check complete: 0 Error(s), 0 Warning(s), took 57.586ms to complete.
[2018.07.12-15.02.04:310][  0]LogFileHelpers: Loading map '2DSideScrollerExampleMap' took 2.921
[2018.07.12-15.02.04:939][  0]LogCollectionManager: Loaded 0 collections in 0.004625 seconds
[2018.07.12-15.02.05:038][  0]LogFileCache: Scanning file cache for directory 'C:/Users/Games/Desktop/level-6-l6-group-9/Thomas Simmons Resubmission/Game Build/Ninja_Bunnies/Saved/Collections/' took 0.01s
[2018.07.12-15.02.05:038][  0]LogFileCache: Scanning file cache for directory 'C:/Users/Games/Desktop/level-6-l6-group-9/Thomas Simmons Resubmission/Game Build/Ninja_Bunnies/Content/Developers/Games/Collections/' took 0.01s
[2018.07.12-15.02.05:038][  0]LogFileCache: Scanning file cache for directory 'C:/Users/Games/Desktop/level-6-l6-group-9/Thomas Simmons Resubmission/Game Build/Ninja_Bunnies/Content/Collections/' took 0.01s
[2018.07.12-15.02.05:039][  0]LogCollectionManager: Rebuilt the GUID cache for 0 collections in 0.000001 seconds
[2018.07.12-15.02.05:049][  0]LogContentBrowser: Native class hierarchy populated in 0.0099 seconds. Added 2386 classes and 500 folders.
[2018.07.12-15.02.05:121][  0]LogContentBrowser: Native class hierarchy updated for 'WidgetCarousel' in 0.0007 seconds. Added 0 classes and 0 folders.
[2018.07.12-15.02.10:539][  0]LogContentBrowser: Native class hierarchy updated for 'AddContentDialog' in 0.0016 seconds. Added 0 classes and 0 folders.
[2018.07.12-15.02.10:667][  0]LogContentBrowser: Native class hierarchy updated for 'SceneOutliner' in 0.0015 seconds. Added 1 classes and 2 folders.
[2018.07.12-15.02.10:874][  0]LogSlate: Took 0.153487 seconds to synchronously load lazily loaded font '../../../Engine/Content/Slate/Fonts/Roboto-Regular.ttf' (155K)
[2018.07.12-15.02.10:921][  0]LogSlate: Took 0.041187 seconds to synchronously load lazily loaded font '../../../Engine/Content/Slate/Fonts/Roboto-Bold.ttf' (160K)
[2018.07.12-15.02.11:027][  0]LogSlate: Took 0.096893 seconds to synchronously load lazily loaded font '../../../Engine/Content/Editor/Slate/Fonts/FontAwesome.ttf' (139K)
[2018.07.12-15.02.11:578][  0]LogRenderer: Reallocating scene render targets to support 1208x580 Format 10 NumSamples 1 (Frame:1).
[2018.07.12-15.02.11:959][  0]LogContentBrowser: Native class hierarchy updated for 'HierarchicalLODOutliner' in 0.0009 seconds. Added 1 classes and 2 folders.
[2018.07.12-15.02.11:960][  0]LogLoad: (Engine Initialization) Total time: 146.81 seconds
[2018.07.12-15.02.11:960][  0]LogLoad: (Engine Initialization) Total Blueprint compile time: 0.00 seconds
[2018.07.12-15.02.11:960][  0]LogExternalProfiler: Found external profiler: VSPerf
[2018.07.12-15.02.11:960][  0]LogExternalProfiler: Using external profiler: VSPerf
[2018.07.12-15.02.12:320][  0]LogContentStreaming: Texture pool size now 1000 MB
[2018.07.12-15.02.12:489][  0]LogSlate: Took 0.022745 seconds to synchronously load lazily loaded font '../../../Engine/Content/Slate/Fonts/Roboto-Light.ttf' (159K)
[2018.07.12-15.02.12:647][  1]LogAssetRegistry: Asset discovery search completed in 117.7849 seconds
[2018.07.12-15.02.12:649][  1]LogCollectionManager: Rebuilt the object cache for 0 collections in 0.000001 seconds (found 0 objects)
[2018.07.12-15.02.12:649][  1]LogCollectionManager: Fixed up redirectors for 0 collections in 0.000048 seconds (updated 0 objects)
[2018.07.12-15.02.13:300][  3]LogSlate: Took 0.000226 seconds to synchronously load lazily loaded font '../../../Engine/Content/Slate/Fonts/Roboto-Light.ttf' (159K)
