Log file open, 07/13/18 17:38:55
LogWindows: Failed to load 'aqProf.dll' (GetLastError=126)
LogWindows: File 'aqProf.dll' does not exist
LogWindows: Failed to load 'VtuneApi.dll' (GetLastError=126)
LogWindows: File 'VtuneApi.dll' does not exist
LogWindows: Failed to load 'VtuneApi32e.dll' (GetLastError=126)
LogWindows: File 'VtuneApi32e.dll' does not exist
LogInit: Display: Running engine for game: Ninja_Bunnies
LogPlatformFile: Not using cached read wrapper
LogInit: Display: RandInit(-146508097) SRandInit(-146508097).
LogTaskGraph: Started task graph with 5 named threads and 14 total threads with 3 sets of task threads.
LogStats: Stats thread started at 0.183800
LogD3D11RHI: Aftermath initialized
LogPluginManager: Mounting plugin Paper2D
LogPluginManager: Mounting plugin LightPropagationVolume
LogPluginManager: Mounting plugin CodeLiteSourceCodeAccess
LogPluginManager: Mounting plugin GitSourceControl
LogPluginManager: Mounting plugin KDevelopSourceCodeAccess
LogPluginManager: Mounting plugin NullSourceCodeAccess
LogPluginManager: Mounting plugin PerforceSourceControl
LogPluginManager: Mounting plugin SubversionSourceControl
LogPluginManager: Mounting plugin UObjectPlugin
LogPluginManager: Mounting plugin VisualStudioSourceCodeAccess
LogPluginManager: Mounting plugin XCodeSourceCodeAccess
LogPluginManager: Mounting plugin AssetManagerEditor
LogPluginManager: Mounting plugin AudioCapture
LogPluginManager: Mounting plugin FacialAnimation
LogPluginManager: Mounting plugin GameplayTagsEditor
LogPluginManager: Mounting plugin MobileLauncherProfileWizard
LogPluginManager: Mounting plugin PluginBrowser
LogPluginManager: Mounting plugin SpeedTreeImporter
LogPluginManager: Mounting plugin AlembicImporter
LogPluginManager: Mounting plugin CharacterAI
LogPluginManager: Mounting plugin HTML5Networking
LogPluginManager: Mounting plugin AndroidMedia
LogPluginManager: Mounting plugin AvfMedia
LogPluginManager: Mounting plugin MediaPlayerEditor
LogPluginManager: Mounting plugin WmfMedia
LogPluginManager: Mounting plugin TcpMessaging
LogPluginManager: Mounting plugin UdpMessaging
LogPluginManager: Mounting plugin LevelSequenceEditor
LogPluginManager: Mounting plugin MatineeToLevelSequence
LogPluginManager: Mounting plugin OnlineSubsystemGooglePlay
LogPluginManager: Mounting plugin OnlineSubsystemIOS
LogPluginManager: Mounting plugin OnlineSubsystem
LogPluginManager: Mounting plugin OnlineSubsystemNull
LogPluginManager: Mounting plugin OnlineSubsystemUtils
LogPluginManager: Mounting plugin AndroidDeviceProfileSelector
LogPluginManager: Mounting plugin AndroidMoviePlayer
LogPluginManager: Mounting plugin AndroidPermission
LogPluginManager: Mounting plugin AppleMoviePlayer
LogPluginManager: Mounting plugin ArchVisCharacter
LogPluginManager: Mounting plugin CableComponent
LogPluginManager: Mounting plugin CustomMeshComponent
LogPluginManager: Mounting plugin ExampleDeviceProfileSelector
LogPluginManager: Mounting plugin GoogleCloudMessaging
LogPluginManager: Mounting plugin ImmediatePhysics
LogPluginManager: Mounting plugin IOSDeviceProfileSelector
LogPluginManager: Mounting plugin LinuxDeviceProfileSelector
LogPluginManager: Mounting plugin LocationServicesBPLibrary
LogPluginManager: Mounting plugin MobilePatchingUtils
LogPluginManager: Mounting plugin OculusVR
LogPluginManager: Mounting plugin PhysXVehicles
LogPluginManager: Mounting plugin ProceduralMeshComponent
LogPluginManager: Mounting plugin RuntimePhysXCooking
LogPluginManager: Mounting plugin SteamVR
LogPluginManager: Mounting plugin WindowsMoviePlayer
LogInit: Using libcurl 7.47.1
LogInit:  - built for x86_64-pc-win32
LogInit:  - supports SSL with OpenSSL/1.0.2g
LogInit:  - supports HTTP deflate (compression) using libz 1.2.8
LogInit:  - other features:
LogInit:      CURL_VERSION_SSL
LogInit:      CURL_VERSION_LIBZ
LogInit:      CURL_VERSION_IPV6
LogInit:      CURL_VERSION_ASYNCHDNS
LogInit:      CURL_VERSION_LARGEFILE
LogInit:      CURL_VERSION_IDN
LogInit:  CurlRequestOptions (configurable via config and command line):
LogInit:  - bVerifyPeer = false  - Libcurl will NOT verify peer certificate
LogInit:  - bUseHttpProxy = false  - Libcurl will NOT use HTTP proxy
LogInit:  - bDontReuseConnections = false  - Libcurl will reuse connections
LogInit:  - CertBundlePath = nullptr  - Libcurl will use whatever was configured at build time.
LogInit: Build: ++UE4+Release-4.17-CL-3658906
LogInit: Engine Version: 4.17.2-3658906+++UE4+Release-4.17
LogInit: Compatible Engine Version: 4.17.0-3573198+++UE4+Release-4.17
LogInit: Net CL: 3573198
LogDevObjectVersion: Number of dev versions registered: 16
LogDevObjectVersion:   Dev-Blueprints (B0D832E4-1F89-4F0D-ACCF-7EB736FD4AA2): 10
LogDevObjectVersion:   Dev-Build (E1C64328-A22C-4D53-A36C-8E866417BD8C): 0
LogDevObjectVersion:   Dev-Core (375EC13C-06E4-48FB-B500-84F0262A717E): 2
LogDevObjectVersion:   Dev-Editor (E4B068ED-F494-42E9-A231-DA0B2E46BB41): 20
LogDevObjectVersion:   Dev-Framework (CFFC743F-43B0-4480-9391-14DF171D2073): 28
LogDevObjectVersion:   Dev-Mobile (B02B49B5-BB20-44E9-A304-32B752E40360): 0
LogDevObjectVersion:   Dev-Networking (A4E4105C-59A1-49B5-A7C5-40C4547EDFEE): 0
LogDevObjectVersion:   Dev-Online (39C831C9-5AE6-47DC-9A44-9C173E1C8E7C): 0
LogDevObjectVersion:   Dev-Physics (78F01B33-EBEA-4F98-B9B4-84EACCB95AA2): 0
LogDevObjectVersion:   Dev-Platform (6631380F-2D4D-43E0-8009-CF276956A95A): 0
LogDevObjectVersion:   Dev-Rendering (12F88B9F-8875-4AFC-A67C-D90C383ABD29): 19
LogDevObjectVersion:   Dev-Sequencer (7B5AE74C-D270-4C10-A958-57980B212A5A): 4
LogDevObjectVersion:   Dev-VR (D7296918-1DD6-4BDD-9DE2-64A83CC13884): 0
LogDevObjectVersion:   Dev-LoadTimes (C2A15278-BFE7-4AFE-6C17-90FF531DF755): 1
LogDevObjectVersion:   Private-Geometry (6EACA3D4-40EC-4CC1-B786-8BED09428FC5): 1
LogDevObjectVersion:   Dev-AnimPhys (29E575DD-E0A3-4627-9D10-D276232CDCEA): 7
LogInit: Compiled (64-bit): Sep 22 2017 13:47:16
LogInit: Compiled with Visual C++: 19.00.24215.01
LogInit: Build Configuration: Development
LogInit: Branch Name: ++UE4+Release-4.17
LogInit: Command line:  
LogInit: Base directory: C:/Program Files/Epic Games/UE_4.17/Engine/Binaries/Win64/
LogInit: Installed Engine Build: 1
LogInit: Presizing for max 8388607 objects, including 0 objects not considered by GC, pre-allocating 0 bytes for permanent pool.
LogInit: Object subsystem initialized
[2018.07.13-16.38.55:900][  0]LogInit: Selected Device Profile: [Windows]
[2018.07.13-16.38.55:900][  0]LogInit: Applying CVar settings loaded from the selected device profile: [Windows]
[2018.07.13-16.38.55:936][  0]LogInit: Computer: GAMES-105-010
[2018.07.13-16.38.55:936][  0]LogInit: User: Games
[2018.07.13-16.38.55:936][  0]LogInit: CPU Page size=4096, Cores=4
[2018.07.13-16.38.55:936][  0]LogInit: High frequency timer resolution =3.613339 MHz
[2018.07.13-16.38.55:937][  0]LogMemory: Memory total: Physical=15.9GB (16GB approx)
[2018.07.13-16.38.55:937][  0]LogMemory: Platform Memory Stats for Windows
[2018.07.13-16.38.55:937][  0]LogMemory: Process Physical Memory: 280.41 MB used, 280.41 MB peak
[2018.07.13-16.38.55:937][  0]LogMemory: Process Virtual Memory: 277.28 MB used, 277.28 MB peak
[2018.07.13-16.38.55:937][  0]LogMemory: Physical Memory: 6618.40 MB used,  9643.33 MB free, 16261.73 MB total
[2018.07.13-16.38.55:937][  0]LogMemory: Virtual Memory: 657.11 MB used,  9643.33 MB free, 8388608.00 MB total
[2018.07.13-16.38.56:196][  0]LogInit: Using OS detected language (en-GB).
[2018.07.13-16.38.56:197][  0]LogInit: Using OS detected locale (en-GB).
[2018.07.13-16.38.56:202][  0]LogTextLocalizationManager: No specific localization for 'en-GB' exists, so the 'en' localization will be used.
[2018.07.13-16.38.56:997][  0]LogD3D11RHI: D3D11 adapters:
[2018.07.13-16.38.57:017][  0]LogD3D11RHI:    0. 'NVIDIA GeForce GTX 760' (Feature Level 11_0)
[2018.07.13-16.38.57:017][  0]LogD3D11RHI:       1990/0/2048 MB DedicatedVideo/DedicatedSystem/SharedSystem, Outputs:2, VendorId:0x10de
[2018.07.13-16.38.57:017][  0]LogD3D11RHI: Chosen D3D11 Adapter: 0
[2018.07.13-16.38.57:022][  0]LogD3D11RHI: Creating new Direct3DDevice
[2018.07.13-16.38.57:022][  0]LogD3D11RHI:     GPU DeviceId: 0x1187 (for the marketing name, search the web for "GPU Device Id")
[2018.07.13-16.38.57:023][  0]LogWindows: EnumDisplayDevices:
[2018.07.13-16.38.57:023][  0]LogWindows:    0. 'NVIDIA GeForce GTX 760' (P:1 D:1)
[2018.07.13-16.38.57:023][  0]LogWindows:    1. 'NVIDIA GeForce GTX 760' (P:0 D:1)
[2018.07.13-16.38.57:023][  0]LogWindows:    2. 'NVIDIA GeForce GTX 760' (P:0 D:0)
[2018.07.13-16.38.57:023][  0]LogWindows:    3. 'NVIDIA GeForce GTX 760' (P:0 D:0)
[2018.07.13-16.38.57:023][  0]LogWindows:    4. 'RDPDD Chained DD' (P:0 D:0)
[2018.07.13-16.38.57:024][  0]LogWindows:    5. 'RDP Encoder Mirror Driver' (P:0 D:0)
[2018.07.13-16.38.57:024][  0]LogWindows:    6. 'RDP Reflector Display Driver' (P:0 D:0)
[2018.07.13-16.38.57:024][  0]LogWindows: DebugString: GetVideoDriverDetailsInvalid PrimaryIsNotTheChoosenAdapter GetVideoDriverDetailsInvalid PrimaryIsNotTheChoosenAdapter GetVideoDriverDetailsInvalid PrimaryIsNotTheChoosenAdapter FoundDriverCount:4 
[2018.07.13-16.38.57:024][  0]LogD3D11RHI:     Adapter Name: NVIDIA GeForce GTX 760
[2018.07.13-16.38.57:024][  0]LogD3D11RHI:   Driver Version: 353.30 (internal:10.18.13.5330, unified:353.30)
[2018.07.13-16.38.57:024][  0]LogD3D11RHI:      Driver Date: 6-17-2015
[2018.07.13-16.38.57:024][  0]LogRHI: Texture pool is 1361 MB (70% of 1945 MB)
[2018.07.13-16.38.57:032][  0]LogD3D11RHI: NvAPI_D3D_GetCurrentSLIState failed: 0xfffffff7
[2018.07.13-16.38.57:032][  0]LogD3D11RHI: Async texture creation enabled
[2018.07.13-16.38.57:046][  0]LogD3D11RHI: GPU Timing Frequency: 1000.000000 (Debug: 2 2)
[2018.07.13-16.38.57:048][  0]LogShaderCompilers: Guid format shader working directory is -63 characters bigger than the processId version (../../../../../../Users/Games/Desktop/level-6-l6-group-9/Thomas Simmons Resubmission/Game Build/Ninja_Bunnies/Intermediate/Shaders/WorkingDirectory/8700/).
[2018.07.13-16.38.57:049][  0]LogShaderCompilers: Cleaned the shader compiler working directory 'C:/Users/Games/AppData/Local/Temp/UnrealShaderWorkingDir/FD29ACC0484A7719882A78BE00A96AFA/'.
[2018.07.13-16.38.57:049][  0]LogShaderCompilers: Display: Using Local Shader Compiler.
[2018.07.13-16.38.58:307][  0]LogTemp: Display: Loaded TP AllDesktopTargetPlatform
[2018.07.13-16.38.58:393][  0]LogTemp: Display: Loaded TP MacClientTargetPlatform
[2018.07.13-16.38.58:463][  0]LogTemp: Display: Loaded TP MacNoEditorTargetPlatform
[2018.07.13-16.38.58:547][  0]LogTemp: Display: Loaded TP MacServerTargetPlatform
[2018.07.13-16.38.58:628][  0]LogTemp: Display: Loaded TP MacTargetPlatform
[2018.07.13-16.38.58:715][  0]LogTemp: Display: Loaded TP WindowsClientTargetPlatform
[2018.07.13-16.38.58:793][  0]LogTemp: Display: Loaded TP WindowsNoEditorTargetPlatform
[2018.07.13-16.38.58:880][  0]LogTemp: Display: Loaded TP WindowsServerTargetPlatform
[2018.07.13-16.38.58:950][  0]LogTemp: Display: Loaded TP WindowsTargetPlatform
[2018.07.13-16.38.59:020][  0]LogTemp: Display: Loaded TP AndroidTargetPlatform
[2018.07.13-16.38.59:095][  0]LogTemp: Display: Loaded TP Android_ASTCTargetPlatform
[2018.07.13-16.38.59:174][  0]LogTemp: Display: Loaded TP Android_ATCTargetPlatform
[2018.07.13-16.38.59:258][  0]LogTemp: Display: Loaded TP Android_DXTTargetPlatform
[2018.07.13-16.38.59:329][  0]LogTemp: Display: Loaded TP Android_ETC1TargetPlatform
[2018.07.13-16.38.59:389][  0]LogTemp: Display: Loaded TP Android_ETC2TargetPlatform
[2018.07.13-16.38.59:566][  0]LogTemp: Display: Loaded TP Android_MultiTargetPlatform
[2018.07.13-16.38.59:566][  0]LogTemp: Display: Loaded TP Android_PVRTCTargetPlatform
[2018.07.13-16.38.59:631][  0]LogTemp: Display: Loaded TP HTML5TargetPlatform
[2018.07.13-16.38.59:741][  0]LogTemp: Display: Loaded TP IOSTargetPlatform
[2018.07.13-16.38.59:774][  0]LogTemp: Display: Loaded TP TVOSTargetPlatform
[2018.07.13-16.38.59:850][  0]LogTemp: Display: Loaded TP LinuxClientTargetPlatform
[2018.07.13-16.38.59:927][  0]LogTemp: Display: Loaded TP LinuxNoEditorTargetPlatform
[2018.07.13-16.38.59:997][  0]LogTemp: Display: Loaded TP LinuxServerTargetPlatform
[2018.07.13-16.39.00:062][  0]LogTemp: Display: Loaded TP LinuxTargetPlatform
[2018.07.13-16.39.00:063][  0]LogTargetPlatformManager: Display: Building Assets For Windows
[2018.07.13-16.39.00:791][  0]LogDerivedDataCache: Display: Max Cache Size: 512 MB
[2018.07.13-16.39.00:957][  0]LogDerivedDataCache: Loaded boot cache 0.17s 105MB C:/Users/Games/AppData/Local/UnrealEngine/4.17/DerivedDataCache/Boot.ddc.
[2018.07.13-16.39.00:957][  0]LogDerivedDataCache: Display: Loaded Boot cache: C:/Users/Games/AppData/Local/UnrealEngine/4.17/DerivedDataCache/Boot.ddc
[2018.07.13-16.39.00:958][  0]LogDerivedDataCache: FDerivedDataBackendGraph:  Pak pak cache file ../../../../../../Users/Games/Desktop/level-6-l6-group-9/Thomas Simmons Resubmission/Game Build/Ninja_Bunnies/DerivedDataCache/DDC.ddp not found, will not use a pak cache.
[2018.07.13-16.39.00:958][  0]LogDerivedDataCache: Unable to find inner node Pak for hierarchical cache Hierarchy.
[2018.07.13-16.39.00:958][  0]LogDerivedDataCache: FDerivedDataBackendGraph:  CompressedPak pak cache file ../../../../../../Users/Games/Desktop/level-6-l6-group-9/Thomas Simmons Resubmission/Game Build/Ninja_Bunnies/DerivedDataCache/Compressed.ddp not found, will not use a pak cache.
[2018.07.13-16.39.00:958][  0]LogDerivedDataCache: Unable to find inner node CompressedPak for hierarchical cache Hierarchy.
[2018.07.13-16.39.00:976][  0]LogDerivedDataCache: Display: Pak cache opened for reading ../../../Engine/DerivedDataCache/Compressed.ddp.
[2018.07.13-16.39.00:988][  0]LogDerivedDataCache: Using Local data cache path C:/Users/Games/AppData/Local/UnrealEngine/Common/DerivedDataCache: Writable
[2018.07.13-16.39.00:999][  0]LogMaterial: Verifying Global Shaders for PCD3D_SM5
[2018.07.13-16.39.01:000][  0]LogSlate: Using Freetype 2.6.0
[2018.07.13-16.39.01:000][  0]LogSlate: SlateFontCache - WITH_FREETYPE: 1, WITH_HARFBUZZ: 1
[2018.07.13-16.39.01:000][  0]LogSlate: SlateFontCache - WITH_FREETYPE: 1, WITH_HARFBUZZ: 1
[2018.07.13-16.39.01:364][  0]LogAssetRegistry: FAssetRegistry took 0.0262 seconds to start up
[2018.07.13-16.39.01:554][  0]LogInit: Selected Device Profile: [Windows]
[2018.07.13-16.39.01:564][  0]LogContentStreaming: Texture pool size is 0.00 MB
[2018.07.13-16.39.02:134][  0]LogSimplygon: Simplygon DLL not present - disabling.
[2018.07.13-16.39.02:194][  0]LogMeshReduction: Using SimplygonSwarm for distributed automatic mesh merging
[2018.07.13-16.39.02:194][  0]LogMeshReduction: Using QuadricMeshReduction for automatic static mesh reduction
[2018.07.13-16.39.02:194][  0]LogMeshReduction: No automatic skeletal mesh reduction module available
[2018.07.13-16.39.02:194][  0]LogMeshReduction: No automatic mesh merging module available
[2018.07.13-16.39.02:194][  0]LogMeshMerging: No automatic mesh merging module available
[2018.07.13-16.39.02:623][  0]LogNetVersion: Ninja_Bunnies , NetCL: 3573198, EngineNetVer: 2, GameNetVer: 0 (Checksum: 1886342967)
[2018.07.13-16.39.02:910][  0]LogPackageLocalizationCache: Processed 5 localized package path(s) for 2 prioritized culture(s) in 0.050642 seconds
[2018.07.13-16.39.02:916][  0]LogUObjectArray: 35825 objects as part of root set at end of initial load.
[2018.07.13-16.39.02:916][  0]LogUObjectAllocator: 7529112 out of 0 bytes used by permanent object pool.
[2018.07.13-16.39.02:916][  0]LogUObjectArray: CloseDisregardForGC: 0/0 objects in disregard for GC pool
[2018.07.13-16.39.02:985][  0]LogInit: WinSock: version 1.1 (2.2), MaxSocks=32767, MaxUdp=65467
[2018.07.13-16.39.06:363][  0]LogTcpMessaging: Initializing TcpMessaging bridge
[2018.07.13-16.39.06:419][  0]LogUdpMessaging: Initializing bridge on interface 0.0.0.0:0 to multicast group 230.0.0.1:6666.
[2018.07.13-16.39.07:380][  0]LogMaterial: Uniform references updated for custom material expression Custom.
[2018.07.13-16.39.07:958][  0]SourceControl: Source control is disabled
[2018.07.13-16.39.07:958][  0]SourceControl: Source control is disabled
[2018.07.13-16.39.08:023][  0]SourceControl: Source control is disabled
[2018.07.13-16.39.08:081][  0]SourceControl: Source control is disabled
[2018.07.13-16.39.08:974][  0]LogAndroidPermission: UAndroidPermissionCallbackProxy::GetInstance
[2018.07.13-16.39.09:318][  0]LogOcInput: OculusInput pre-init called
[2018.07.13-16.39.09:708][  0]LogEngine: Initializing Engine...
[2018.07.13-16.39.09:711][  0]LogHMD: Failed to initialize OpenVR with code 110
[2018.07.13-16.39.10:008][  0]LogStats: UGameplayTagsManager::ConstructGameplayTagTree: Construct from data asset -  0.000 s
[2018.07.13-16.39.10:008][  0]LogStats: UGameplayTagsManager::ConstructGameplayTagTree: GameplayTagTreeChangedEvent.Broadcast -  0.000 s
[2018.07.13-16.39.10:189][  0]LogAIModule: Creating AISystem for world Untitled
[2018.07.13-16.39.10:204][  0]LogInit: XAudio2 using 'Memes (Conexant HD Audio)' : 2 channels at 44.1 kHz using 16 bits per sample (channel mask 0x3)
[2018.07.13-16.39.10:225][  0]LogInit: FAudioDevice initialized.
[2018.07.13-16.39.10:960][  0]LogDerivedDataCache: Saved boot cache 0.73s 105MB C:/Users/Games/AppData/Local/UnrealEngine/4.17/DerivedDataCache/Boot.ddc.
[2018.07.13-16.39.11:000][  0]LogInit: Texture streaming: Enabled
[2018.07.13-16.39.11:187][  0]LogEngineSessionManager: EngineSessionManager initialized
[2018.07.13-16.39.11:474][  0]LogInit: Transaction tracking system initialized
[2018.07.13-16.39.11:908][  0]BlueprintLog: New page: Editor Load
[2018.07.13-16.39.13:146][  0]LocalizationService: Localization service is disabled
[2018.07.13-16.39.14:269][  0]LogConsoleResponse: Display: 
[2018.07.13-16.39.14:444][  0]LogCook: Display: Max memory allowance for cook 16384mb min free memory 0mb
[2018.07.13-16.39.14:444][  0]LogCook: Display: Mobile HDR setting 1
[2018.07.13-16.39.14:444][  0]LogGameplayTags: Display: UGameplayTagsManager::DoneAddingNativeTags. DelegateIsBound: 0
[2018.07.13-16.39.15:165][  0]LogFileCache: Scanning file cache for directory 'C:/Users/Games/Desktop/level-6-l6-group-9/Thomas Simmons Resubmission/Game Build/Ninja_Bunnies/Content/' took 0.01s
[2018.07.13-16.39.15:835][  0]SourceControl: Source control is disabled
[2018.07.13-16.39.15:836][  0]LightingResults: New page: Lighting Build
[2018.07.13-16.39.15:895][  0]MapCheck: New page: Map Check
[2018.07.13-16.39.15:895][  0]LightingResults: New page: Lighting Build
[2018.07.13-16.39.15:994][  0]LogLinker: Warning: Can't find file '/Game/2DSideScrollerBP/Sprites/objects/Ninja_Star_Sprite'
[2018.07.13-16.39.15:994][  0]LogLinker: Warning: Can't find file for asset '/Game/2DSideScrollerBP/Sprites/objects/Ninja_Star_Sprite' while loading ../../../../../../Users/Games/Desktop/level-6-l6-group-9/Thomas Simmons Resubmission/Game Build/Ninja_Bunnies/Content/2DSideScrollerBP/Blueprints/Collection.uasset.
[2018.07.13-16.39.15:994][  0]LoadErrors: Error: /Game/2DSideScrollerBP/Blueprints/Collection : Can't find file for asset. /Game/2DSideScrollerBP/Sprites/objects/Ninja_Star_Sprite
[2018.07.13-16.39.15:995][  0]LogLinker: Warning: Can't find file '/Game/2DSideScrollerBP/Sprites/objects/Ninja_Star_Sprite'
[2018.07.13-16.39.15:996][  0]LogLinker: Warning: Can't find file for asset '/Game/2DSideScrollerBP/Sprites/objects/Ninja_Star_Sprite' while loading ../../../../../../Users/Games/Desktop/level-6-l6-group-9/Thomas Simmons Resubmission/Game Build/Ninja_Bunnies/Content/2DSideScrollerBP/Blueprints/Collection.uasset.
[2018.07.13-16.39.15:996][  0]LoadErrors: Error: /Game/2DSideScrollerBP/Blueprints/Collection : Can't find file for asset. /Game/2DSideScrollerBP/Sprites/objects/Ninja_Star_Sprite
[2018.07.13-16.39.15:997][  0]LogLinker: Warning: Can't find file '/Game/2DSideScrollerBP/Sprites/objects/Ninja_Star_Sprite'
[2018.07.13-16.39.15:997][  0]LogLinker: Warning: Can't find file for asset '/Game/2DSideScrollerBP/Sprites/objects/Ninja_Star_Sprite' while loading ../../../../../../Users/Games/Desktop/level-6-l6-group-9/Thomas Simmons Resubmission/Game Build/Ninja_Bunnies/Content/2DSideScrollerBP/Maps/2DSideScrollerExampleMap.umap.
[2018.07.13-16.39.15:997][  0]LoadErrors: Error: /Game/2DSideScrollerBP/Maps/2DSideScrollerExampleMap : Can't find file for asset. /Game/2DSideScrollerBP/Sprites/objects/Ninja_Star_Sprite
[2018.07.13-16.39.15:997][  0]LogLinker: Warning: Can't find file '/Game/2DSideScrollerBP/Sprites/objects/Ninja_Star_Sprite'
[2018.07.13-16.39.15:997][  0]LogLinker: Warning: Can't find file for asset '/Game/2DSideScrollerBP/Sprites/objects/Ninja_Star_Sprite' while loading ../../../../../../Users/Games/Desktop/level-6-l6-group-9/Thomas Simmons Resubmission/Game Build/Ninja_Bunnies/Content/2DSideScrollerBP/Maps/2DSideScrollerExampleMap.umap.
[2018.07.13-16.39.15:997][  0]LoadErrors: Error: /Game/2DSideScrollerBP/Maps/2DSideScrollerExampleMap : Can't find file for asset. /Game/2DSideScrollerBP/Sprites/objects/Ninja_Star_Sprite
[2018.07.13-16.39.15:999][  0]LogLinker: Warning: Can't find file '/Game/2DSideScrollerBP/Sprites/objects/Ninja_Star_Sprite'
[2018.07.13-16.39.15:999][  0]LoadErrors: Failed to load /Game/2DSideScrollerBP/Sprites/objects/Ninja_Star_Sprite.Ninja_Star_Sprite Referenced by PaperSprite_GEN_VARIABLE
[2018.07.13-16.39.15:999][  0]LogLinker: Warning: Can't find file for asset '/Game/2DSideScrollerBP/Sprites/objects/Ninja_Star_Sprite' while loading ../../../../../../Users/Games/Desktop/level-6-l6-group-9/Thomas Simmons Resubmission/Game Build/Ninja_Bunnies/Content/2DSideScrollerBP/Maps/2DSideScrollerExampleMap.umap.
[2018.07.13-16.39.15:999][  0]LoadErrors: Failed to load /Game/2DSideScrollerBP/Sprites/objects/Ninja_Star_Sprite.Ninja_Star_Sprite Referenced by PaperSprite_GEN_VARIABLE
[2018.07.13-16.39.15:999][  0]LoadErrors: Error: /Game/2DSideScrollerBP/Maps/2DSideScrollerExampleMap : Can't find file for asset. /Game/2DSideScrollerBP/Sprites/objects/Ninja_Star_Sprite
[2018.07.13-16.39.16:150][  0]LogLinker: Warning: Can't find file '/Game/2DSideScrollerBP/Sprites/HUDAssets/New_Text/Avoid_Menu_Text'
[2018.07.13-16.39.16:150][  0]LogLinker: Warning: Can't find file for asset '/Game/2DSideScrollerBP/Sprites/HUDAssets/New_Text/Avoid_Menu_Text' while loading ../../../../../../Users/Games/Desktop/level-6-l6-group-9/Thomas Simmons Resubmission/Game Build/Ninja_Bunnies/Content/2DSideScrollerBP/Blueprints/Widgets/Instrcutions_Screen.uasset.
[2018.07.13-16.39.16:150][  0]LoadErrors: Error: /Game/2DSideScrollerBP/Blueprints/Widgets/Instrcutions_Screen : Can't find file for asset. /Game/2DSideScrollerBP/Sprites/HUDAssets/New_Text/Avoid_Menu_Text
[2018.07.13-16.39.16:160][  0]LogLinker: Warning: Can't find file '/Game/2DSideScrollerBP/Sprites/HUDAssets/New_Text/Avoid_Menu_Text'
[2018.07.13-16.39.16:160][  0]LogLinker: Warning: Can't find file for asset '/Game/2DSideScrollerBP/Sprites/HUDAssets/New_Text/Avoid_Menu_Text' while loading ../../../../../../Users/Games/Desktop/level-6-l6-group-9/Thomas Simmons Resubmission/Game Build/Ninja_Bunnies/Content/2DSideScrollerBP/Blueprints/Widgets/Instrcutions_Screen.uasset.
[2018.07.13-16.39.16:160][  0]LoadErrors: Error: /Game/2DSideScrollerBP/Blueprints/Widgets/Instrcutions_Screen : Can't find file for asset. /Game/2DSideScrollerBP/Sprites/HUDAssets/New_Text/Avoid_Menu_Text
[2018.07.13-16.39.16:163][  0]LogLinker: Warning: Can't find file '/Game/2DSideScrollerBP/Sprites/HUDAssets/New_Text/Avoid_Menu_Text'
[2018.07.13-16.39.16:163][  0]LogLinker: Warning: Can't find file for asset '/Game/2DSideScrollerBP/Sprites/HUDAssets/New_Text/Avoid_Menu_Text' while loading ../../../../../../Users/Games/Desktop/level-6-l6-group-9/Thomas Simmons Resubmission/Game Build/Ninja_Bunnies/Content/2DSideScrollerBP/Blueprints/Widgets/Pause_Screen.uasset.
[2018.07.13-16.39.16:163][  0]LoadErrors: Error: /Game/2DSideScrollerBP/Blueprints/Widgets/Pause_Screen : Can't find file for asset. /Game/2DSideScrollerBP/Sprites/HUDAssets/New_Text/Avoid_Menu_Text
[2018.07.13-16.39.16:163][  0]LogLinker: Warning: Can't find file '/Game/2DSideScrollerBP/Sprites/HUDAssets/New_Text/Avoid_Menu_Text'
[2018.07.13-16.39.16:163][  0]LogLinker: Warning: Can't find file for asset '/Game/2DSideScrollerBP/Sprites/HUDAssets/New_Text/Avoid_Menu_Text' while loading ../../../../../../Users/Games/Desktop/level-6-l6-group-9/Thomas Simmons Resubmission/Game Build/Ninja_Bunnies/Content/2DSideScrollerBP/Blueprints/Widgets/Pause_Screen.uasset.
[2018.07.13-16.39.16:164][  0]LoadErrors: Error: /Game/2DSideScrollerBP/Blueprints/Widgets/Pause_Screen : Can't find file for asset. /Game/2DSideScrollerBP/Sprites/HUDAssets/New_Text/Avoid_Menu_Text
[2018.07.13-16.39.16:167][  0]LogLinker: Warning: Can't find file '/Game/2DSideScrollerBP/Sprites/HUDAssets/New_Text/Avoid_Menu_Text'
[2018.07.13-16.39.16:167][  0]LoadErrors: Failed to load /Game/2DSideScrollerBP/Sprites/HUDAssets/New_Text/Avoid_Menu_Text.Avoid_Menu_Text Referenced by Image_308
[2018.07.13-16.39.16:167][  0]LogLinker: Warning: Can't find file for asset '/Game/2DSideScrollerBP/Sprites/HUDAssets/New_Text/Avoid_Menu_Text' while loading ../../../../../../Users/Games/Desktop/level-6-l6-group-9/Thomas Simmons Resubmission/Game Build/Ninja_Bunnies/Content/2DSideScrollerBP/Blueprints/Widgets/Pause_Screen.uasset.
[2018.07.13-16.39.16:167][  0]LoadErrors: Failed to load /Game/2DSideScrollerBP/Sprites/HUDAssets/New_Text/Avoid_Menu_Text.Avoid_Menu_Text Referenced by Image_308
[2018.07.13-16.39.16:167][  0]LoadErrors: Error: /Game/2DSideScrollerBP/Blueprints/Widgets/Pause_Screen : Can't find file for asset. /Game/2DSideScrollerBP/Sprites/HUDAssets/New_Text/Avoid_Menu_Text
[2018.07.13-16.39.16:167][  0]LogLinker: Warning: Can't find file '/Game/2DSideScrollerBP/Sprites/HUDAssets/New_Text/Avoid_Menu_Text'
[2018.07.13-16.39.16:167][  0]LoadErrors: Failed to load /Game/2DSideScrollerBP/Sprites/HUDAssets/New_Text/Avoid_Menu_Text.Avoid_Menu_Text Referenced by Image_390
[2018.07.13-16.39.16:167][  0]LogLinker: Warning: Can't find file for asset '/Game/2DSideScrollerBP/Sprites/HUDAssets/New_Text/Avoid_Menu_Text' while loading ../../../../../../Users/Games/Desktop/level-6-l6-group-9/Thomas Simmons Resubmission/Game Build/Ninja_Bunnies/Content/2DSideScrollerBP/Blueprints/Widgets/Pause_Screen.uasset.
[2018.07.13-16.39.16:168][  0]LoadErrors: Failed to load /Game/2DSideScrollerBP/Sprites/HUDAssets/New_Text/Avoid_Menu_Text.Avoid_Menu_Text Referenced by Image_390
[2018.07.13-16.39.16:168][  0]LoadErrors: Error: /Game/2DSideScrollerBP/Blueprints/Widgets/Pause_Screen : Can't find file for asset. /Game/2DSideScrollerBP/Sprites/HUDAssets/New_Text/Avoid_Menu_Text
[2018.07.13-16.39.16:423][  0]LogAIModule: Creating AISystem for world 2DSideScrollerExampleMap
[2018.07.13-16.39.16:443][  0]LogEditorServer: Finished looking for orphan Actors (0.000 secs)
[2018.07.13-16.39.16:459][  0]Cmd: MAP CHECKDEP NOCLEARLOG
[2018.07.13-16.39.16:527][  0]MapCheck: Map check complete: 0 Error(s), 0 Warning(s), took 67.481ms to complete.
[2018.07.13-16.39.16:527][  0]LogFileHelpers: Loading map '2DSideScrollerExampleMap' took 0.692
[2018.07.13-16.39.16:711][  0]LogCollectionManager: Loaded 0 collections in 0.003454 seconds
[2018.07.13-16.39.16:840][  0]LogFileCache: Scanning file cache for directory 'C:/Users/Games/Desktop/level-6-l6-group-9/Thomas Simmons Resubmission/Game Build/Ninja_Bunnies/Saved/Collections/' took 0.01s
[2018.07.13-16.39.16:841][  0]LogFileCache: Scanning file cache for directory 'C:/Users/Games/Desktop/level-6-l6-group-9/Thomas Simmons Resubmission/Game Build/Ninja_Bunnies/Content/Developers/Games/Collections/' took 0.01s
[2018.07.13-16.39.16:841][  0]LogFileCache: Scanning file cache for directory 'C:/Users/Games/Desktop/level-6-l6-group-9/Thomas Simmons Resubmission/Game Build/Ninja_Bunnies/Content/Collections/' took 0.01s
[2018.07.13-16.39.16:841][  0]LogCollectionManager: Rebuilt the GUID cache for 0 collections in 0.000001 seconds
[2018.07.13-16.39.16:854][  0]LogContentBrowser: Native class hierarchy populated in 0.0133 seconds. Added 2386 classes and 500 folders.
[2018.07.13-16.39.16:962][  0]LogContentBrowser: Native class hierarchy updated for 'WidgetCarousel' in 0.0009 seconds. Added 0 classes and 0 folders.
[2018.07.13-16.39.17:028][  0]LogContentBrowser: Native class hierarchy updated for 'AddContentDialog' in 0.0007 seconds. Added 0 classes and 0 folders.
[2018.07.13-16.39.17:102][  0]LogContentBrowser: Native class hierarchy updated for 'SceneOutliner' in 0.0007 seconds. Added 1 classes and 2 folders.
[2018.07.13-16.39.17:131][  0]LogSlate: Took 0.000174 seconds to synchronously load lazily loaded font '../../../Engine/Content/Slate/Fonts/Roboto-Regular.ttf' (155K)
[2018.07.13-16.39.17:134][  0]LogSlate: Took 0.000159 seconds to synchronously load lazily loaded font '../../../Engine/Content/Slate/Fonts/Roboto-Bold.ttf' (160K)
[2018.07.13-16.39.17:139][  0]LogSlate: Took 0.000212 seconds to synchronously load lazily loaded font '../../../Engine/Content/Editor/Slate/Fonts/FontAwesome.ttf' (139K)
[2018.07.13-16.39.17:249][  0]LogRenderer: Reallocating scene render targets to support 1208x580 Format 10 NumSamples 1 (Frame:1).
[2018.07.13-16.39.17:475][  0]LogContentBrowser: Native class hierarchy updated for 'HierarchicalLODOutliner' in 0.0007 seconds. Added 1 classes and 2 folders.
[2018.07.13-16.39.17:476][  0]LogLoad: (Engine Initialization) Total time: 23.40 seconds
[2018.07.13-16.39.17:476][  0]LogLoad: (Engine Initialization) Total Blueprint compile time: 0.00 seconds
[2018.07.13-16.39.17:476][  0]LogExternalProfiler: Found external profiler: VSPerf
[2018.07.13-16.39.17:476][  0]LogExternalProfiler: Using external profiler: VSPerf
[2018.07.13-16.39.17:507][  0]LogContentStreaming: Texture pool size now 1000 MB
[2018.07.13-16.39.17:570][  0]LogSlate: Took 0.000131 seconds to synchronously load lazily loaded font '../../../Engine/Content/Slate/Fonts/Roboto-Light.ttf' (159K)
[2018.07.13-16.39.17:605][  1]LogAssetRegistry: Asset discovery search completed in 16.2613 seconds
[2018.07.13-16.39.17:607][  1]LogCollectionManager: Rebuilt the object cache for 0 collections in 0.000001 seconds (found 0 objects)
[2018.07.13-16.39.17:607][  1]LogCollectionManager: Fixed up redirectors for 0 collections in 0.000040 seconds (updated 0 objects)
[2018.07.13-16.40.14:457][836]LogEditorViewport: Clicking on Actor (LMB): 2DSideScrollerCharacter_C (2DSideScrollerCharacter)
[2018.07.13-16.40.21:637][491]LogTemp: Repeating last play command: Selected Viewport
[2018.07.13-16.40.21:692][491]LogBlueprintUserMessages: Early PlayInEditor Detection: Level '/Game/2DSideScrollerBP/Maps/2DSideScrollerExampleMap.2DSideScrollerExampleMap:PersistentLevel' has LevelScriptBlueprint '/Game/2DSideScrollerBP/Maps/2DSideScrollerExampleMap.2DSideScrollerExampleMap:PersistentLevel.2DSideScrollerExampleMap' with GeneratedClass '/Game/2DSideScrollerBP/Maps/2DSideScrollerExampleMap.2DSideScrollerExampleMap_C' with ClassGeneratedBy '/Game/2DSideScrollerBP/Maps/2DSideScrollerExampleMap.2DSideScrollerExampleMap:PersistentLevel.2DSideScrollerExampleMap'
[2018.07.13-16.40.21:692][491]LogPlayLevel: PlayLevel: No blueprints needed recompiling
[2018.07.13-16.40.21:693][491]PIE: New page: PIE session: 2DSideScrollerExampleMap (13 Jul 2018 18:40:21)
[2018.07.13-16.40.21:693][491]LogPlayLevel: Creating play world package: /Game/2DSideScrollerBP/Maps/UEDPIE_0_2DSideScrollerExampleMap
[2018.07.13-16.40.21:700][491]LogPlayLevel: PIE: StaticDuplicateObject took: (0.006526s)
[2018.07.13-16.40.21:700][491]LogAIModule: Creating AISystem for world 2DSideScrollerExampleMap
[2018.07.13-16.40.21:701][491]LogPlayLevel: PIE: World Init took: (0.000901s)
[2018.07.13-16.40.21:701][491]LogPlayLevel: PIE: Created PIE world by copying editor world from /Game/2DSideScrollerBP/Maps/2DSideScrollerExampleMap.2DSideScrollerExampleMap to /Game/2DSideScrollerBP/Maps/UEDPIE_0_2DSideScrollerExampleMap.2DSideScrollerExampleMap (0.007784s)
[2018.07.13-16.40.21:737][491]LogInit: XAudio2 using 'Memes (Conexant HD Audio)' : 2 channels at 44.1 kHz using 16 bits per sample (channel mask 0x3)
[2018.07.13-16.40.21:753][491]LogInit: FAudioDevice initialized.
[2018.07.13-16.40.21:795][491]LogLoad: Game class is '2DSideScrollerMenuScreen_C'
[2018.07.13-16.40.21:800][491]LogWorld: Bringing World /Game/2DSideScrollerBP/Maps/UEDPIE_0_2DSideScrollerExampleMap.2DSideScrollerExampleMap up for play (max tick rate 0) at 2018.07.13-17.40.21
[2018.07.13-16.40.21:883][491]LogWorld: Bringing up level for play took: 0.086503
[2018.07.13-16.40.21:940][491]LogContentBrowser: Native class hierarchy updated for 'MovieSceneCapture' in 0.0008 seconds. Added 11 classes and 0 folders.
[2018.07.13-16.40.21:942][491]PIE: Play in editor start time for /Game/2DSideScrollerBP/Maps/UEDPIE_0_2DSideScrollerExampleMap 1.097
[2018.07.13-16.40.21:942][491]LogBlueprintUserMessages: Late PlayInEditor Detection: Level '/Game/2DSideScrollerBP/Maps/2DSideScrollerExampleMap.2DSideScrollerExampleMap:PersistentLevel' has LevelScriptBlueprint '/Game/2DSideScrollerBP/Maps/2DSideScrollerExampleMap.2DSideScrollerExampleMap:PersistentLevel.2DSideScrollerExampleMap' with GeneratedClass '/Game/2DSideScrollerBP/Maps/2DSideScrollerExampleMap.2DSideScrollerExampleMap_C' with ClassGeneratedBy '/Game/2DSideScrollerBP/Maps/2DSideScrollerExampleMap.2DSideScrollerExampleMap:PersistentLevel.2DSideScrollerExampleMap'
[2018.07.13-16.40.28:489][266]LogBlueprintUserMessages: Early EndPlayMap Detection: Level '/Game/2DSideScrollerBP/Maps/2DSideScrollerExampleMap.2DSideScrollerExampleMap:PersistentLevel' has LevelScriptBlueprint '/Game/2DSideScrollerBP/Maps/2DSideScrollerExampleMap.2DSideScrollerExampleMap:PersistentLevel.2DSideScrollerExampleMap' with GeneratedClass '/Game/2DSideScrollerBP/Maps/2DSideScrollerExampleMap.2DSideScrollerExampleMap_C' with ClassGeneratedBy '/Game/2DSideScrollerBP/Maps/2DSideScrollerExampleMap.2DSideScrollerExampleMap:PersistentLevel.2DSideScrollerExampleMap'
[2018.07.13-16.40.28:592][266]LogBlueprintUserMessages: Late EndPlayMap Detection: Level '/Game/2DSideScrollerBP/Maps/2DSideScrollerExampleMap.2DSideScrollerExampleMap:PersistentLevel' has LevelScriptBlueprint '/Game/2DSideScrollerBP/Maps/2DSideScrollerExampleMap.2DSideScrollerExampleMap:PersistentLevel.2DSideScrollerExampleMap' with GeneratedClass '/Game/2DSideScrollerBP/Maps/2DSideScrollerExampleMap.2DSideScrollerExampleMap_C' with ClassGeneratedBy '/Game/2DSideScrollerBP/Maps/2DSideScrollerExampleMap.2DSideScrollerExampleMap:PersistentLevel.2DSideScrollerExampleMap'
[2018.07.13-16.40.30:015][404]LogTemp: Repeating last play command: Selected Viewport
[2018.07.13-16.40.30:038][404]LogBlueprintUserMessages: Early PlayInEditor Detection: Level '/Game/2DSideScrollerBP/Maps/2DSideScrollerExampleMap.2DSideScrollerExampleMap:PersistentLevel' has LevelScriptBlueprint '/Game/2DSideScrollerBP/Maps/2DSideScrollerExampleMap.2DSideScrollerExampleMap:PersistentLevel.2DSideScrollerExampleMap' with GeneratedClass '/Game/2DSideScrollerBP/Maps/2DSideScrollerExampleMap.2DSideScrollerExampleMap_C' with ClassGeneratedBy '/Game/2DSideScrollerBP/Maps/2DSideScrollerExampleMap.2DSideScrollerExampleMap:PersistentLevel.2DSideScrollerExampleMap'
[2018.07.13-16.40.30:038][404]LogPlayLevel: PlayLevel: No blueprints needed recompiling
[2018.07.13-16.40.30:038][404]PIE: New page: PIE session: 2DSideScrollerExampleMap (13 Jul 2018 18:40:30)
[2018.07.13-16.40.30:038][404]LogPlayLevel: Creating play world package: /Game/2DSideScrollerBP/Maps/UEDPIE_0_2DSideScrollerExampleMap
[2018.07.13-16.40.30:044][404]LogPlayLevel: PIE: StaticDuplicateObject took: (0.006417s)
[2018.07.13-16.40.30:045][404]LogAIModule: Creating AISystem for world 2DSideScrollerExampleMap
[2018.07.13-16.40.30:045][404]LogPlayLevel: PIE: World Init took: (0.000686s)
[2018.07.13-16.40.30:045][404]LogPlayLevel: PIE: Created PIE world by copying editor world from /Game/2DSideScrollerBP/Maps/2DSideScrollerExampleMap.2DSideScrollerExampleMap to /Game/2DSideScrollerBP/Maps/UEDPIE_0_2DSideScrollerExampleMap.2DSideScrollerExampleMap (0.007341s)
[2018.07.13-16.40.30:085][404]LogInit: XAudio2 using 'Memes (Conexant HD Audio)' : 2 channels at 44.1 kHz using 16 bits per sample (channel mask 0x3)
[2018.07.13-16.40.30:103][404]LogInit: FAudioDevice initialized.
[2018.07.13-16.40.30:132][404]LogLoad: Game class is '2DSideScrollerMenuScreen_C'
[2018.07.13-16.40.30:136][404]LogWorld: Bringing World /Game/2DSideScrollerBP/Maps/UEDPIE_0_2DSideScrollerExampleMap.2DSideScrollerExampleMap up for play (max tick rate 0) at 2018.07.13-17.40.30
[2018.07.13-16.40.30:138][404]LogWorld: Bringing up level for play took: 0.004978
[2018.07.13-16.40.30:141][404]PIE: Play in editor start time for /Game/2DSideScrollerBP/Maps/UEDPIE_0_2DSideScrollerExampleMap -0.704
[2018.07.13-16.40.30:142][404]LogBlueprintUserMessages: Late PlayInEditor Detection: Level '/Game/2DSideScrollerBP/Maps/2DSideScrollerExampleMap.2DSideScrollerExampleMap:PersistentLevel' has LevelScriptBlueprint '/Game/2DSideScrollerBP/Maps/2DSideScrollerExampleMap.2DSideScrollerExampleMap:PersistentLevel.2DSideScrollerExampleMap' with GeneratedClass '/Game/2DSideScrollerBP/Maps/2DSideScrollerExampleMap.2DSideScrollerExampleMap_C' with ClassGeneratedBy '/Game/2DSideScrollerBP/Maps/2DSideScrollerExampleMap.2DSideScrollerExampleMap:PersistentLevel.2DSideScrollerExampleMap'
[2018.07.13-16.40.36:408][144]LogBlueprintUserMessages: Early EndPlayMap Detection: Level '/Game/2DSideScrollerBP/Maps/2DSideScrollerExampleMap.2DSideScrollerExampleMap:PersistentLevel' has LevelScriptBlueprint '/Game/2DSideScrollerBP/Maps/2DSideScrollerExampleMap.2DSideScrollerExampleMap:PersistentLevel.2DSideScrollerExampleMap' with GeneratedClass '/Game/2DSideScrollerBP/Maps/2DSideScrollerExampleMap.2DSideScrollerExampleMap_C' with ClassGeneratedBy '/Game/2DSideScrollerBP/Maps/2DSideScrollerExampleMap.2DSideScrollerExampleMap:PersistentLevel.2DSideScrollerExampleMap'
[2018.07.13-16.40.36:524][144]LogBlueprintUserMessages: Late EndPlayMap Detection: Level '/Game/2DSideScrollerBP/Maps/2DSideScrollerExampleMap.2DSideScrollerExampleMap:PersistentLevel' has LevelScriptBlueprint '/Game/2DSideScrollerBP/Maps/2DSideScrollerExampleMap.2DSideScrollerExampleMap:PersistentLevel.2DSideScrollerExampleMap' with GeneratedClass '/Game/2DSideScrollerBP/Maps/2DSideScrollerExampleMap.2DSideScrollerExampleMap_C' with ClassGeneratedBy '/Game/2DSideScrollerBP/Maps/2DSideScrollerExampleMap.2DSideScrollerExampleMap:PersistentLevel.2DSideScrollerExampleMap'
[2018.07.13-16.40.45:299][ 23]LogEditorViewport: Clicking on Actor (LMB): PostProcessVolume (GlobalPostProcessSettings)
[2018.07.13-16.40.46:539][140]LogEditorViewport: Clicking on Actor (LMB): PostProcessVolume (GlobalPostProcessSettings)
[2018.07.13-16.42.52:325][862]LogSlate: Took 0.000289 seconds to synchronously load lazily loaded font '../../../Engine/Content/Slate/Fonts/Roboto-Light.ttf' (159K)
[2018.07.13-16.42.52:357][862]LightingResults: New page: Lighting Build
[2018.07.13-16.42.52:359][862]LoadErrors: New page: Loading map: 2DSideScrollerExampleMap.umap
[2018.07.13-16.42.52:361][862]MapCheck: New page: Map Check
[2018.07.13-16.42.52:361][862]LightingResults: New page: Lighting Build
[2018.07.13-16.42.52:413][862]LogAIModule: Creating AISystem for world 2DSideScrollerExampleMap
[2018.07.13-16.42.52:430][862]LogEditorServer: Finished looking for orphan Actors (0.000 secs)
[2018.07.13-16.42.52:486][862]Cmd: MAP CHECKDEP NOCLEARLOG
[2018.07.13-16.42.52:552][862]MapCheck: Map check complete: 0 Error(s), 0 Warning(s), took 66.168ms to complete.
[2018.07.13-16.42.52:553][862]LogFileHelpers: Loading map '2DSideScrollerExampleMap' took 0.198
[2018.07.13-16.43.47:864][ 98]LogEditorViewport: Clicking on Actor (LMB): 2DSideScrollerCharacter_C (2DSideScrollerCharacter)
[2018.07.13-16.43.48:778][177]LogEditorViewport: Clicking on Actor (LMB): 2DSideScrollerCharacter_C (2DSideScrollerCharacter)
[2018.07.13-16.43.49:357][232]LogEditorViewport: Clicking on Actor (LMB): 2DSideScrollerCharacter_C (2DSideScrollerCharacter)
[2018.07.13-16.43.49:476][240]LogEditorViewport: Clicking on Component (LMB): CameraComponent (SideViewCameraComponent)
[2018.07.13-16.43.50:450][333]LogEditorViewport: Clicking on Component (LMB): CameraComponent (SideViewCameraComponent)
[2018.07.13-16.43.50:574][345]LogEditorViewport: Clicking on Actor (double click): 2DSideScrollerCharacter_C (2DSideScrollerCharacter)
[2018.07.13-16.43.52:719][555]LogSlate: Took 0.000234 seconds to synchronously load lazily loaded font '../../../Engine/Content/Editor/Slate/Fonts/Roboto-Italic.ttf' (157K)
[2018.07.13-16.43.55:058][800]LogEditorViewport: Clicking Background
[2018.07.13-16.45.26:182][581]LogTemp: Repeating last play command: Selected Viewport
[2018.07.13-16.45.26:203][581]LogBlueprintUserMessages: Early PlayInEditor Detection: Level '/Game/2DSideScrollerBP/Maps/2DSideScrollerExampleMap.2DSideScrollerExampleMap:PersistentLevel' has LevelScriptBlueprint '/Game/2DSideScrollerBP/Maps/2DSideScrollerExampleMap.2DSideScrollerExampleMap:PersistentLevel.2DSideScrollerExampleMap' with GeneratedClass '/Game/2DSideScrollerBP/Maps/2DSideScrollerExampleMap.2DSideScrollerExampleMap_C' with ClassGeneratedBy '/Game/2DSideScrollerBP/Maps/2DSideScrollerExampleMap.2DSideScrollerExampleMap:PersistentLevel.2DSideScrollerExampleMap'
[2018.07.13-16.45.26:203][581]LogPlayLevel: PlayLevel: No blueprints needed recompiling
[2018.07.13-16.45.26:204][581]PIE: New page: PIE session: 2DSideScrollerExampleMap (13 Jul 2018 18:45:26)
[2018.07.13-16.45.26:204][581]LogPlayLevel: Creating play world package: /Game/2DSideScrollerBP/Maps/UEDPIE_0_2DSideScrollerExampleMap
[2018.07.13-16.45.26:210][581]LogPlayLevel: PIE: StaticDuplicateObject took: (0.006581s)
[2018.07.13-16.45.26:211][581]LogAIModule: Creating AISystem for world 2DSideScrollerExampleMap
[2018.07.13-16.45.26:211][581]LogPlayLevel: PIE: World Init took: (0.000825s)
[2018.07.13-16.45.26:211][581]LogPlayLevel: PIE: Created PIE world by copying editor world from /Game/2DSideScrollerBP/Maps/2DSideScrollerExampleMap.2DSideScrollerExampleMap to /Game/2DSideScrollerBP/Maps/UEDPIE_0_2DSideScrollerExampleMap.2DSideScrollerExampleMap (0.007653s)
[2018.07.13-16.45.26:224][581]LogInit: XAudio2 using 'Memes (Conexant HD Audio)' : 2 channels at 44.1 kHz using 16 bits per sample (channel mask 0x3)
[2018.07.13-16.45.26:244][581]LogInit: FAudioDevice initialized.
[2018.07.13-16.45.26:277][581]LogLoad: Game class is '2DSideScrollerMenuScreen_C'
[2018.07.13-16.45.26:281][581]LogWorld: Bringing World /Game/2DSideScrollerBP/Maps/UEDPIE_0_2DSideScrollerExampleMap.2DSideScrollerExampleMap up for play (max tick rate 0) at 2018.07.13-17.45.26
[2018.07.13-16.45.26:284][581]LogWorld: Bringing up level for play took: 0.005783
[2018.07.13-16.45.26:286][581]PIE: Play in editor start time for /Game/2DSideScrollerBP/Maps/UEDPIE_0_2DSideScrollerExampleMap -0.564
[2018.07.13-16.45.26:287][581]LogBlueprintUserMessages: Late PlayInEditor Detection: Level '/Game/2DSideScrollerBP/Maps/2DSideScrollerExampleMap.2DSideScrollerExampleMap:PersistentLevel' has LevelScriptBlueprint '/Game/2DSideScrollerBP/Maps/2DSideScrollerExampleMap.2DSideScrollerExampleMap:PersistentLevel.2DSideScrollerExampleMap' with GeneratedClass '/Game/2DSideScrollerBP/Maps/2DSideScrollerExampleMap.2DSideScrollerExampleMap_C' with ClassGeneratedBy '/Game/2DSideScrollerBP/Maps/2DSideScrollerExampleMap.2DSideScrollerExampleMap:PersistentLevel.2DSideScrollerExampleMap'
[2018.07.13-16.45.46:724][ 24]LogBlueprintUserMessages: Early EndPlayMap Detection: Level '/Game/2DSideScrollerBP/Maps/2DSideScrollerExampleMap.2DSideScrollerExampleMap:PersistentLevel' has LevelScriptBlueprint '/Game/2DSideScrollerBP/Maps/2DSideScrollerExampleMap.2DSideScrollerExampleMap:PersistentLevel.2DSideScrollerExampleMap' with GeneratedClass '/Game/2DSideScrollerBP/Maps/2DSideScrollerExampleMap.2DSideScrollerExampleMap_C' with ClassGeneratedBy '/Game/2DSideScrollerBP/Maps/2DSideScrollerExampleMap.2DSideScrollerExampleMap:PersistentLevel.2DSideScrollerExampleMap'
[2018.07.13-16.45.46:752][ 24]LogBlueprintUserMessages: Late EndPlayMap Detection: Level '/Game/2DSideScrollerBP/Maps/2DSideScrollerExampleMap.2DSideScrollerExampleMap:PersistentLevel' has LevelScriptBlueprint '/Game/2DSideScrollerBP/Maps/2DSideScrollerExampleMap.2DSideScrollerExampleMap:PersistentLevel.2DSideScrollerExampleMap' with GeneratedClass '/Game/2DSideScrollerBP/Maps/2DSideScrollerExampleMap.2DSideScrollerExampleMap_C' with ClassGeneratedBy '/Game/2DSideScrollerBP/Maps/2DSideScrollerExampleMap.2DSideScrollerExampleMap:PersistentLevel.2DSideScrollerExampleMap'
[2018.07.13-16.45.55:969][123]LightingResults: New page: Lighting Build
[2018.07.13-16.45.55:969][123]LoadErrors: New page: Loading map: 2DSideScrollerExampleMap.umap
[2018.07.13-16.45.55:996][123]MapCheck: New page: Map Check
[2018.07.13-16.45.55:996][123]LightingResults: New page: Lighting Build
[2018.07.13-16.45.56:072][123]LogAIModule: Creating AISystem for world 2DSideScrollerExampleMap
[2018.07.13-16.45.56:095][123]LogEditorServer: Finished looking for orphan Actors (0.000 secs)
[2018.07.13-16.45.56:150][123]Cmd: MAP CHECKDEP NOCLEARLOG
[2018.07.13-16.45.56:219][123]MapCheck: Map check complete: 0 Error(s), 0 Warning(s), took 69.141ms to complete.
[2018.07.13-16.45.56:220][123]LogFileHelpers: Loading map '2DSideScrollerExampleMap' took 0.253
[2018.07.13-16.45.58:517][395]LogTemp: Repeating last play command: Selected Viewport
[2018.07.13-16.45.58:542][395]LogBlueprintUserMessages: Early PlayInEditor Detection: Level '/Game/2DSideScrollerBP/Maps/2DSideScrollerExampleMap.2DSideScrollerExampleMap:PersistentLevel' has LevelScriptBlueprint '/Game/2DSideScrollerBP/Maps/2DSideScrollerExampleMap.2DSideScrollerExampleMap:PersistentLevel.2DSideScrollerExampleMap' with GeneratedClass '/Game/2DSideScrollerBP/Maps/2DSideScrollerExampleMap.2DSideScrollerExampleMap_C' with ClassGeneratedBy '/Game/2DSideScrollerBP/Maps/2DSideScrollerExampleMap.2DSideScrollerExampleMap:PersistentLevel.2DSideScrollerExampleMap'
[2018.07.13-16.45.58:542][395]LogPlayLevel: PlayLevel: No blueprints needed recompiling
[2018.07.13-16.45.58:543][395]PIE: New page: PIE session: 2DSideScrollerExampleMap (13 Jul 2018 18:45:58)
[2018.07.13-16.45.58:543][395]LogPlayLevel: Creating play world package: /Game/2DSideScrollerBP/Maps/UEDPIE_0_2DSideScrollerExampleMap
[2018.07.13-16.45.58:549][395]LogPlayLevel: PIE: StaticDuplicateObject took: (0.006717s)
[2018.07.13-16.45.58:550][395]LogAIModule: Creating AISystem for world 2DSideScrollerExampleMap
[2018.07.13-16.45.58:550][395]LogPlayLevel: PIE: World Init took: (0.000690s)
[2018.07.13-16.45.58:550][395]LogPlayLevel: PIE: Created PIE world by copying editor world from /Game/2DSideScrollerBP/Maps/2DSideScrollerExampleMap.2DSideScrollerExampleMap to /Game/2DSideScrollerBP/Maps/UEDPIE_0_2DSideScrollerExampleMap.2DSideScrollerExampleMap (0.007716s)
[2018.07.13-16.45.58:563][395]LogInit: XAudio2 using 'Memes (Conexant HD Audio)' : 2 channels at 44.1 kHz using 16 bits per sample (channel mask 0x3)
[2018.07.13-16.45.58:577][395]LogInit: FAudioDevice initialized.
[2018.07.13-16.45.58:606][395]LogLoad: Game class is '2DSideScrollerMenuScreen_C'
[2018.07.13-16.45.58:609][395]LogWorld: Bringing World /Game/2DSideScrollerBP/Maps/UEDPIE_0_2DSideScrollerExampleMap.2DSideScrollerExampleMap up for play (max tick rate 0) at 2018.07.13-17.45.58
[2018.07.13-16.45.58:612][395]LogWorld: Bringing up level for play took: 0.004939
[2018.07.13-16.45.58:614][395]PIE: Play in editor start time for /Game/2DSideScrollerBP/Maps/UEDPIE_0_2DSideScrollerExampleMap -0.237
[2018.07.13-16.45.58:614][395]LogBlueprintUserMessages: Late PlayInEditor Detection: Level '/Game/2DSideScrollerBP/Maps/2DSideScrollerExampleMap.2DSideScrollerExampleMap:PersistentLevel' has LevelScriptBlueprint '/Game/2DSideScrollerBP/Maps/2DSideScrollerExampleMap.2DSideScrollerExampleMap:PersistentLevel.2DSideScrollerExampleMap' with GeneratedClass '/Game/2DSideScrollerBP/Maps/2DSideScrollerExampleMap.2DSideScrollerExampleMap_C' with ClassGeneratedBy '/Game/2DSideScrollerBP/Maps/2DSideScrollerExampleMap.2DSideScrollerExampleMap:PersistentLevel.2DSideScrollerExampleMap'
[2018.07.13-16.46.00:846][660]LogBlueprintUserMessages: Early EndPlayMap Detection: Level '/Game/2DSideScrollerBP/Maps/2DSideScrollerExampleMap.2DSideScrollerExampleMap:PersistentLevel' has LevelScriptBlueprint '/Game/2DSideScrollerBP/Maps/2DSideScrollerExampleMap.2DSideScrollerExampleMap:PersistentLevel.2DSideScrollerExampleMap' with GeneratedClass '/Game/2DSideScrollerBP/Maps/2DSideScrollerExampleMap.2DSideScrollerExampleMap_C' with ClassGeneratedBy '/Game/2DSideScrollerBP/Maps/2DSideScrollerExampleMap.2DSideScrollerExampleMap:PersistentLevel.2DSideScrollerExampleMap'
[2018.07.13-16.46.00:876][660]LogBlueprintUserMessages: Late EndPlayMap Detection: Level '/Game/2DSideScrollerBP/Maps/2DSideScrollerExampleMap.2DSideScrollerExampleMap:PersistentLevel' has LevelScriptBlueprint '/Game/2DSideScrollerBP/Maps/2DSideScrollerExampleMap.2DSideScrollerExampleMap:PersistentLevel.2DSideScrollerExampleMap' with GeneratedClass '/Game/2DSideScrollerBP/Maps/2DSideScrollerExampleMap.2DSideScrollerExampleMap_C' with ClassGeneratedBy '/Game/2DSideScrollerBP/Maps/2DSideScrollerExampleMap.2DSideScrollerExampleMap:PersistentLevel.2DSideScrollerExampleMap'
[2018.07.13-16.46.27:417][410]Cmd: CLOSE_SLATE_MAINFRAME
[2018.07.13-16.46.27:723][411]Cmd: QUIT_EDITOR
[2018.07.13-16.46.28:770][411]LogExit: Preparing to exit.
[2018.07.13-16.46.29:576][411]LogDirectoryWatcher: A directory notification for 'C:/Users/Games/Desktop/level-6-l6-group-9/Thomas Simmons Resubmission/Game Build/Ninja_Bunnies/Content/' was aborted.
[2018.07.13-16.46.29:602][411]LogExit: Editor shut down
[2018.07.13-16.46.29:608][411]LogExit: Transaction tracking system shut down
[2018.07.13-16.46.29:674][411]LogDirectoryWatcher: A directory notification for '../../../Engine/Content/' was aborted.
[2018.07.13-16.46.29:674][411]LogDirectoryWatcher: A directory notification for '../../../../../../Users/Games/Desktop/level-6-l6-group-9/Thomas Simmons Resubmission/Game Build/Ninja_Bunnies/Content/' was aborted.
[2018.07.13-16.46.29:674][411]LogDirectoryWatcher: A directory notification for '../../../Engine/Plugins/2D/Paper2D/Content/' was aborted.
[2018.07.13-16.46.29:674][411]LogDirectoryWatcher: A directory notification for '../../../Engine/Plugins/Runtime/Oculus/OculusVR/Content/' was aborted.
[2018.07.13-16.46.29:674][411]LogDirectoryWatcher: A directory notification for '../../../Engine/Plugins/Runtime/Steam/SteamVR/Content/' was aborted.
[2018.07.13-16.46.29:737][411]LogExit: Object subsystem successfully closed.
[2018.07.13-16.46.29:760][411]LogD3D11RHI: Shutdown
[2018.07.13-16.46.29:760][411]LogD3D11RHI: CleanupD3DDevice
[2018.07.13-16.46.29:813][411]LogD3D11RHI: ~FD3D11DynamicRHI
[2018.07.13-16.46.29:833][411]LogModuleManager: Shutting down and abandoning module MovieSceneCapture (532)
[2018.07.13-16.46.29:833][411]LogModuleManager: Shutting down and abandoning module HierarchicalLODOutliner (530)
[2018.07.13-16.46.29:833][411]LogModuleManager: Shutting down and abandoning module SceneOutliner (528)
[2018.07.13-16.46.29:833][411]LogModuleManager: Shutting down and abandoning module AddContentDialog (526)
[2018.07.13-16.46.29:833][411]LogDirectoryWatcher: A directory notification for 'C:/Program Files/Epic Games/UE_4.17/FeaturePacks/' was aborted.
[2018.07.13-16.46.29:834][411]LogModuleManager: Shutting down and abandoning module WidgetCarousel (525)
[2018.07.13-16.46.29:834][411]LogModuleManager: Shutting down and abandoning module EditorWidgets (522)
[2018.07.13-16.46.29:834][411]LogModuleManager: Shutting down and abandoning module CollectionManager (520)
[2018.07.13-16.46.29:834][411]LogDirectoryWatcher: A directory notification for 'C:/Users/Games/Desktop/level-6-l6-group-9/Thomas Simmons Resubmission/Game Build/Ninja_Bunnies/Content/Collections/' was aborted.
[2018.07.13-16.46.29:834][411]LogDirectoryWatcher: A directory notification for 'C:/Users/Games/Desktop/level-6-l6-group-9/Thomas Simmons Resubmission/Game Build/Ninja_Bunnies/Content/Developers/Games/Collections/' was aborted.
[2018.07.13-16.46.29:834][411]LogDirectoryWatcher: A directory notification for 'C:/Users/Games/Desktop/level-6-l6-group-9/Thomas Simmons Resubmission/Game Build/Ninja_Bunnies/Saved/Collections/' was aborted.
[2018.07.13-16.46.29:834][411]LogModuleManager: Shutting down and abandoning module StatsViewer (518)
[2018.07.13-16.46.29:834][411]LogModuleManager: Shutting down and abandoning module FoliageEdit (516)
[2018.07.13-16.46.29:834][411]LogModuleManager: Shutting down and abandoning module LandscapeEditor (514)
[2018.07.13-16.46.29:835][411]LogModuleManager: Shutting down and abandoning module MeshPaintMode (512)
[2018.07.13-16.46.29:835][411]LogModuleManager: Shutting down and abandoning module SceneDepthPickerMode (510)
[2018.07.13-16.46.29:835][411]LogModuleManager: Shutting down and abandoning module ActorPickerMode (508)
[2018.07.13-16.46.29:835][411]LogModuleManager: Shutting down and abandoning module GeometryMode (506)
[2018.07.13-16.46.29:835][411]LogModuleManager: Shutting down and abandoning module TextureAlignMode (504)
[2018.07.13-16.46.29:835][411]LogModuleManager: Shutting down and abandoning module BspMode (502)
[2018.07.13-16.46.29:835][411]LogModuleManager: Shutting down and abandoning module PIEPreviewDeviceProfileSelector (500)
[2018.07.13-16.46.29:835][411]LogModuleManager: Shutting down and abandoning module HardwareSurvey (498)
[2018.07.13-16.46.29:835][411]LogModuleManager: Shutting down and abandoning module SequenceRecorderSections (496)
[2018.07.13-16.46.29:835][411]LogModuleManager: Shutting down and abandoning module AutomationWorker (494)
[2018.07.13-16.46.29:835][411]LogModuleManager: Shutting down and abandoning module MatineeToLevelSequence (492)
[2018.07.13-16.46.29:835][411]LogModuleManager: Shutting down and abandoning module LevelSequenceEditor (490)
[2018.07.13-16.46.29:835][411]LogModuleManager: Shutting down and abandoning module PlacementMode (489)
[2018.07.13-16.46.29:835][411]LogModuleManager: Shutting down and abandoning module WmfMediaFactory (486)
[2018.07.13-16.46.29:835][411]LogModuleManager: Shutting down and abandoning module WmfMediaEditor (484)
[2018.07.13-16.46.29:835][411]LogModuleManager: Shutting down and abandoning module AvfMediaFactory (482)
[2018.07.13-16.46.29:835][411]LogModuleManager: Shutting down and abandoning module AvfMediaEditor (480)
[2018.07.13-16.46.29:835][411]LogModuleManager: Shutting down and abandoning module AndroidMediaFactory (478)
[2018.07.13-16.46.29:835][411]LogModuleManager: Shutting down and abandoning module Media (477)
[2018.07.13-16.46.29:835][411]LogModuleManager: Shutting down and abandoning module AndroidMediaEditor (474)
[2018.07.13-16.46.29:835][411]LogModuleManager: Shutting down and abandoning module CharacterAI (472)
[2018.07.13-16.46.29:835][411]LogModuleManager: Shutting down and abandoning module AudioCapture (470)
[2018.07.13-16.46.29:835][411]LogModuleManager: Shutting down and abandoning module SequenceRecorder (469)
[2018.07.13-16.46.29:835][411]LogModuleManager: Shutting down and abandoning module SmartSnapping (466)
[2018.07.13-16.46.29:835][411]LogModuleManager: Shutting down and abandoning module SessionServices (464)
[2018.07.13-16.46.29:835][411]LogModuleManager: Shutting down and abandoning module ViewportSnapping (462)
[2018.07.13-16.46.29:835][411]LogModuleManager: Shutting down and abandoning module ViewportInteraction (460)
[2018.07.13-16.46.29:835][411]LogModuleManager: Shutting down and abandoning module ClothPainter (458)
[2018.07.13-16.46.29:835][411]LogModuleManager: Shutting down and abandoning module LogVisualizer (456)
[2018.07.13-16.46.29:835][411]LogModuleManager: Shutting down and abandoning module IntroTutorials (454)
[2018.07.13-16.46.29:836][411]LogModuleManager: Shutting down and abandoning module GameProjectGeneration (453)
[2018.07.13-16.46.29:836][411]LogModuleManager: Shutting down and abandoning module IOSPlatformEditor (450)
[2018.07.13-16.46.29:836][411]LogModuleManager: Shutting down and abandoning module HTML5PlatformEditor (448)
[2018.07.13-16.46.29:836][411]LogModuleManager: Shutting down and abandoning module AndroidPlatformEditor (446)
[2018.07.13-16.46.29:836][411]LogModuleManager: Shutting down and abandoning module AndroidDeviceDetection (445)
[2018.07.13-16.46.30:824][411]LogModuleManager: Shutting down and abandoning module WindowsPlatformEditor (442)
[2018.07.13-16.46.30:824][411]LogModuleManager: Shutting down and abandoning module IOSRuntimeSettings (440)
[2018.07.13-16.46.30:824][411]LogModuleManager: Shutting down and abandoning module AndroidRuntimeSettings (438)
[2018.07.13-16.46.30:824][411]LogModuleManager: Shutting down and abandoning module InputBindingEditor (436)
[2018.07.13-16.46.30:824][411]LogModuleManager: Shutting down and abandoning module MergeActors (434)
[2018.07.13-16.46.30:824][411]LogModuleManager: Shutting down and abandoning module SizeMap (432)
[2018.07.13-16.46.30:824][411]LogModuleManager: Shutting down and abandoning module TreeMap (430)
[2018.07.13-16.46.30:824][411]LogModuleManager: Shutting down and abandoning module ReferenceViewer (428)
[2018.07.13-16.46.30:824][411]LogModuleManager: Shutting down and abandoning module LocalizationDashboard (426)
[2018.07.13-16.46.30:824][411]LogModuleManager: Shutting down and abandoning module LocalizationService (425)
[2018.07.13-16.46.30:824][411]LogModuleManager: Shutting down and abandoning module HardwareTargeting (422)
[2018.07.13-16.46.30:824][411]LogModuleManager: Shutting down and abandoning module DeviceProfileEditor (420)
[2018.07.13-16.46.30:824][411]LogModuleManager: Shutting down and abandoning module UndoHistory (418)
[2018.07.13-16.46.30:825][411]LogModuleManager: Shutting down and abandoning module XmlParser (416)
[2018.07.13-16.46.30:825][411]LogModuleManager: Shutting down and abandoning module Blutility (414)
[2018.07.13-16.46.30:825][411]LogModuleManager: Shutting down and abandoning module ProjectSettingsViewer (412)
[2018.07.13-16.46.30:825][411]LogModuleManager: Shutting down and abandoning module ProjectTargetPlatformEditor (411)
[2018.07.13-16.46.30:825][411]LogModuleManager: Shutting down and abandoning module EditorSettingsViewer (408)
[2018.07.13-16.46.30:825][411]LogModuleManager: Shutting down and abandoning module SettingsEditor (406)
[2018.07.13-16.46.30:825][411]LogModuleManager: Shutting down and abandoning module ProjectLauncher (404)
[2018.07.13-16.46.30:825][411]LogModuleManager: Shutting down and abandoning module SessionFrontend (402)
[2018.07.13-16.46.30:825][411]LogModuleManager: Shutting down and abandoning module ProfilerClient (400)
[2018.07.13-16.46.30:825][411]LogModuleManager: Shutting down and abandoning module DeviceManager (398)
[2018.07.13-16.46.30:825][411]LogModuleManager: Shutting down and abandoning module TargetDeviceServices (397)
[2018.07.13-16.46.30:865][411]LogModuleManager: Shutting down and abandoning module AutomationController (394)
[2018.07.13-16.46.30:865][411]LogModuleManager: Shutting down and abandoning module AutomationWindow (392)
[2018.07.13-16.46.30:865][411]LogModuleManager: Shutting down and abandoning module Layers (390)
[2018.07.13-16.46.30:865][411]LogModuleManager: Shutting down and abandoning module ComponentVisualizers (388)
[2018.07.13-16.46.30:865][411]LogModuleManager: Shutting down and abandoning module DetailCustomizations (386)
[2018.07.13-16.46.30:865][411]LogModuleManager: Shutting down and abandoning module PackagesDialog (384)
[2018.07.13-16.46.30:865][411]LogModuleManager: Shutting down and abandoning module Persona (382)
[2018.07.13-16.46.30:865][411]LogModuleManager: Shutting down and abandoning module AdvancedPreviewScene (381)
[2018.07.13-16.46.30:865][411]LogModuleManager: Shutting down and abandoning module AnimGraph (379)
[2018.07.13-16.46.30:865][411]LogModuleManager: Shutting down and abandoning module Kismet (376)
[2018.07.13-16.46.30:865][411]LogModuleManager: Shutting down and abandoning module ClassViewer (374)
[2018.07.13-16.46.30:865][411]LogModuleManager: Shutting down and abandoning module Toolbox (372)
[2018.07.13-16.46.30:865][411]LogModuleManager: Shutting down and abandoning module ModuleUI (370)
[2018.07.13-16.46.30:866][411]LogModuleManager: Shutting down and abandoning module MovieSceneTools (368)
[2018.07.13-16.46.30:866][411]LogModuleManager: Shutting down and abandoning module OutputLog (366)
[2018.07.13-16.46.30:866][411]LogModuleManager: Shutting down and abandoning module GammaUI (364)
[2018.07.13-16.46.30:866][411]LogModuleManager: Shutting down and abandoning module Documentation (362)
[2018.07.13-16.46.30:866][411]LogModuleManager: Shutting down and abandoning module MovieSceneTracks (360)
[2018.07.13-16.46.30:866][411]LogModuleManager: Shutting down and abandoning module MovieScene (358)
[2018.07.13-16.46.30:866][411]LogModuleManager: Shutting down and abandoning module Niagara (356)
[2018.07.13-16.46.30:866][411]LogModuleManager: Shutting down and abandoning module NiagaraEditor (355)
[2018.07.13-16.46.30:866][411]LogModuleManager: Shutting down and abandoning module StreamingPauseRendering (352)
[2018.07.13-16.46.30:866][411]LogModuleManager: Shutting down and abandoning module LauncherPlatform (350)
[2018.07.13-16.46.30:866][411]LogModuleManager: Shutting down and abandoning module AnalyticsET (348)
[2018.07.13-16.46.30:866][411]LogModuleManager: Shutting down and abandoning module PortalServices (346)
[2018.07.13-16.46.30:866][411]LogModuleManager: Shutting down and abandoning module PortalRpc (344)
[2018.07.13-16.46.30:866][411]LogModuleManager: Shutting down and abandoning module MessagingRpc (342)
[2018.07.13-16.46.30:866][411]LogModuleManager: Shutting down and abandoning module AIModule (340)
[2018.07.13-16.46.30:866][411]LogModuleManager: Shutting down and abandoning module GameplayDebugger (339)
[2018.07.13-16.46.30:866][411]LogModuleManager: Shutting down and abandoning module AITestSuite (337)
[2018.07.13-16.46.30:866][411]LogModuleManager: Shutting down and abandoning module ProfilerService (334)
[2018.07.13-16.46.30:931][411]LogModuleManager: Shutting down and abandoning module TaskGraph (332)
[2018.07.13-16.46.30:931][411]LogModuleManager: Shutting down and abandoning module SteamVRController (330)
[2018.07.13-16.46.30:931][411]LogModuleManager: Shutting down and abandoning module ProceduralMeshComponentEditor (328)
[2018.07.13-16.46.30:931][411]LogModuleManager: Shutting down and abandoning module ProceduralMeshComponent (326)
[2018.07.13-16.46.30:931][411]LogModuleManager: Shutting down and abandoning module OculusInput (324)
[2018.07.13-16.46.30:931][411]LogModuleManager: Shutting down and abandoning module MobilePatchingUtils (322)
[2018.07.13-16.46.30:931][411]LogModuleManager: Shutting down and abandoning module CustomMeshComponent (320)
[2018.07.13-16.46.30:931][411]LogModuleManager: Shutting down and abandoning module CableComponent (318)
[2018.07.13-16.46.30:931][411]LogModuleManager: Shutting down and abandoning module ArchVisCharacter (316)
[2018.07.13-16.46.30:931][411]LogModuleManager: Shutting down and abandoning module AndroidPermission (314)
[2018.07.13-16.46.30:931][411]LogModuleManager: Shutting down and abandoning module MediaPlayerEditor (310)
[2018.07.13-16.46.30:931][411]LogModuleManager: Shutting down and abandoning module HTML5Networking (308)
[2018.07.13-16.46.30:931][411]LogModuleManager: Shutting down and abandoning module AlembicImporter (306)
[2018.07.13-16.46.30:931][411]LogModuleManager: Shutting down and abandoning module AlembicLibrary (305)
[2018.07.13-16.46.30:931][411]LogModuleManager: Shutting down and abandoning module GeometryCache (304)
[2018.07.13-16.46.30:931][411]LogModuleManager: Shutting down and abandoning module GeometryCacheEd (303)
[2018.07.13-16.46.30:931][411]LogModuleManager: Shutting down and abandoning module SpeedTreeImporter (298)
[2018.07.13-16.46.30:932][411]LogModuleManager: Shutting down and abandoning module PluginBrowser (296)
[2018.07.13-16.46.30:932][411]LogModuleManager: Shutting down and abandoning module MobileLauncherProfileWizard (294)
[2018.07.13-16.46.30:932][411]LogModuleManager: Shutting down and abandoning module VisualStudioSourceCodeAccess (292)
[2018.07.13-16.46.30:932][411]LogModuleManager: Shutting down and abandoning module DesktopPlatform (291)
[2018.07.13-16.46.30:932][411]LogModuleManager: Shutting down and abandoning module UObjectPlugin (288)
[2018.07.13-16.46.30:932][411]LogModuleManager: Shutting down and abandoning module SubversionSourceControl (286)
[2018.07.13-16.46.30:932][411]LogModuleManager: Shutting down and abandoning module PerforceSourceControl (284)
[2018.07.13-16.46.30:932][411]LogModuleManager: Shutting down and abandoning module GitSourceControl (282)
[2018.07.13-16.46.30:932][411]LogModuleManager: Shutting down and abandoning module SourceControl (281)
[2018.07.13-16.46.30:932][411]LogModuleManager: Shutting down and abandoning module LightPropagationVolumeEditor (278)
[2018.07.13-16.46.30:932][411]LogModuleManager: Shutting down and abandoning module PaperTiledImporter (276)
[2018.07.13-16.46.30:932][411]LogModuleManager: Shutting down and abandoning module PaperSpriteSheetImporter (274)
[2018.07.13-16.46.30:932][411]LogModuleManager: Shutting down and abandoning module Paper2DEditor (272)
[2018.07.13-16.46.30:932][411]LogModuleManager: Shutting down and abandoning module MeshPaint (271)
[2018.07.13-16.46.30:932][411]LogModuleManager: Shutting down and abandoning module LevelEditor (269)
[2018.07.13-16.46.30:933][411]LogModuleManager: Shutting down and abandoning module PixelInspectorModule (268)
[2018.07.13-16.46.30:933][411]LogModuleManager: Shutting down and abandoning module MainFrame (266)
[2018.07.13-16.46.30:933][411]LogModuleManager: Shutting down and abandoning module HotReload (265)
[2018.07.13-16.46.30:933][411]LogModuleManager: Shutting down and abandoning module RuntimePhysXCooking (260)
[2018.07.13-16.46.30:933][411]LogModuleManager: Shutting down and abandoning module PhysXVehiclesEditor (258)
[2018.07.13-16.46.30:933][411]LogModuleManager: Shutting down and abandoning module PhysXVehicles (256)
[2018.07.13-16.46.30:933][411]LogModuleManager: Shutting down and abandoning module OculusEditor (254)
[2018.07.13-16.46.30:933][411]LogModuleManager: Shutting down and abandoning module LocationServicesBPLibrary (252)
[2018.07.13-16.46.30:933][411]LogModuleManager: Shutting down and abandoning module ImmediatePhysicsEditor (250)
[2018.07.13-16.46.30:933][411]LogModuleManager: Shutting down and abandoning module ImmediatePhysics (248)
[2018.07.13-16.46.30:933][411]LogModuleManager: Shutting down and abandoning module UdpMessaging (246)
[2018.07.13-16.46.31:033][411]LogModuleManager: Shutting down and abandoning module TcpMessaging (244)
[2018.07.13-16.46.31:133][411]LogModuleManager: Shutting down and abandoning module GameplayTagsEditor (242)
[2018.07.13-16.46.31:133][411]LogModuleManager: Shutting down and abandoning module FacialAnimationEditor (240)
[2018.07.13-16.46.31:133][411]LogModuleManager: Shutting down and abandoning module FacialAnimation (238)
[2018.07.13-16.46.31:133][411]LogModuleManager: Shutting down and abandoning module AssetManagerEditor (236)
[2018.07.13-16.46.31:133][411]LogModuleManager: Shutting down and abandoning module GraphEditor (235)
[2018.07.13-16.46.31:133][411]LogModuleManager: Shutting down and abandoning module ContentBrowser (233)
[2018.07.13-16.46.31:135][411]LogModuleManager: Shutting down and abandoning module LightPropagationVolumeRuntime (230)
[2018.07.13-16.46.31:135][411]LogModuleManager: Shutting down and abandoning module Paper2D (228)
[2018.07.13-16.46.31:135][411]LogModuleManager: Shutting down and abandoning module WindowsMoviePlayer (226)
[2018.07.13-16.46.31:135][411]LogModuleManager: Shutting down and abandoning module WmfMedia (224)
[2018.07.13-16.46.31:136][411]LogModuleManager: Shutting down and abandoning module PacketHandler (222)
[2018.07.13-16.46.31:136][411]LogModuleManager: Shutting down and abandoning module ClothingSystemEditor (220)
[2018.07.13-16.46.31:136][411]LogModuleManager: Shutting down and abandoning module ClothingSystemRuntime (218)
[2018.07.13-16.46.31:136][411]LogModuleManager: Shutting down and abandoning module Overlay (216)
[2018.07.13-16.46.31:136][411]LogModuleManager: Shutting down and abandoning module OverlayEditor (215)
[2018.07.13-16.46.31:136][411]LogModuleManager: Shutting down and abandoning module MediaAssets (212)
[2018.07.13-16.46.31:136][411]LogModuleManager: Shutting down and abandoning module VREditor (210)
[2018.07.13-16.46.31:136][411]LogModuleManager: Shutting down and abandoning module StringTableEditor (208)
[2018.07.13-16.46.31:136][411]LogModuleManager: Shutting down and abandoning module GameplayTasksEditor (206)
[2018.07.13-16.46.31:137][411]LogModuleManager: Shutting down and abandoning module BehaviorTreeEditor (204)
[2018.07.13-16.46.31:137][411]LogModuleManager: Shutting down and abandoning module FunctionalTesting (202)
[2018.07.13-16.46.31:137][411]LogModuleManager: Shutting down and abandoning module CollisionAnalyzer (200)
[2018.07.13-16.46.31:137][411]LogModuleManager: Shutting down and abandoning module WorkspaceMenuStructure (199)
[2018.07.13-16.46.31:137][411]LogModuleManager: Shutting down and abandoning module UMG (196)
[2018.07.13-16.46.31:137][411]LogModuleManager: Shutting down and abandoning module UMGEditor (195)
[2018.07.13-16.46.31:137][411]LogModuleManager: Shutting down and abandoning module Sequencer (194)
[2018.07.13-16.46.31:137][411]LogModuleManager: Shutting down and abandoning module MessageLog (191)
[2018.07.13-16.46.31:137][411]LogModuleManager: Shutting down and abandoning module SlateReflector (186)
[2018.07.13-16.46.31:137][411]LogModuleManager: Shutting down and abandoning module Slate (184)
[2018.07.13-16.46.31:137][411]LogModuleManager: Shutting down and abandoning module EditorStyle (182)
[2018.07.13-16.46.31:141][411]LogModuleManager: Shutting down and abandoning module MRMesh (180)
[2018.07.13-16.46.31:141][411]LogModuleManager: Shutting down and abandoning module SourceCodeAccess (178)
[2018.07.13-16.46.31:141][411]LogModuleManager: Shutting down and abandoning module HeadMountedDisplay (176)
[2018.07.13-16.46.31:141][411]LogModuleManager: Shutting down and abandoning module XAudio2 (174)
[2018.07.13-16.46.31:141][411]LogModuleManager: Shutting down and abandoning module Networking (172)
[2018.07.13-16.46.31:141][411]LogModuleManager: Shutting down and abandoning module Core (168)
[2018.07.13-16.46.31:141][411]LogModuleManager: Shutting down and abandoning module KismetCompiler (164)
[2018.07.13-16.46.31:141][411]LogModuleManager: Shutting down and abandoning module MeshUtilities (162)
[2018.07.13-16.46.31:141][411]LogModuleManager: Shutting down and abandoning module MeshMergeUtilities (161)
[2018.07.13-16.46.31:141][411]LogModuleManager: Shutting down and abandoning module MeshReductionInterface (160)
[2018.07.13-16.46.31:142][411]LogModuleManager: Shutting down and abandoning module SimplygonSwarm (159)
[2018.07.13-16.46.31:142][411]LogModuleManager: Shutting down and abandoning module SimplygonMeshReduction (157)
[2018.07.13-16.46.31:142][411]LogModuleManager: Shutting down and abandoning module QuadricMeshReduction (155)
[2018.07.13-16.46.31:142][411]LogModuleManager: Shutting down and abandoning module MaterialBaking (151)
[2018.07.13-16.46.31:142][411]LogModuleManager: Shutting down and abandoning module LevelSequence (148)
[2018.07.13-16.46.31:142][411]LogModuleManager: Shutting down and abandoning module DirectoryWatcher (146)
[2018.07.13-16.46.31:143][411]LogModuleManager: Shutting down and abandoning module DerivedDataCache (144)
[2018.07.13-16.46.31:161][411]LogDerivedDataCache: Shutdown
[2018.07.13-16.46.31:161][411]LogModuleManager: Shutting down and abandoning module TargetPlatform (142)
[2018.07.13-16.46.31:161][411]LogModuleManager: Shutting down and abandoning module VulkanShaderFormat (141)
[2018.07.13-16.46.31:162][411]LogModuleManager: Shutting down and abandoning module ShaderFormatVectorVM (139)
[2018.07.13-16.46.31:162][411]LogModuleManager: Shutting down and abandoning module ShaderFormatOpenGL (137)
[2018.07.13-16.46.31:162][411]LogModuleManager: Shutting down and abandoning module ShaderFormatD3D (135)
[2018.07.13-16.46.31:162][411]LogModuleManager: Shutting down and abandoning module MetalShaderFormat (133)
[2018.07.13-16.46.31:162][411]LogModuleManager: Shutting down and abandoning module TextureFormatUncompressed (131)
[2018.07.13-16.46.31:162][411]LogModuleManager: Shutting down and abandoning module TextureFormatPVR (129)
[2018.07.13-16.46.31:162][411]LogModuleManager: Shutting down and abandoning module TextureFormatDXT (127)
[2018.07.13-16.46.31:162][411]LogModuleManager: Shutting down and abandoning module TextureFormatIntelISPCTexComp (125)
[2018.07.13-16.46.31:162][411]LogModuleManager: Shutting down and abandoning module TextureFormatASTC (123)
[2018.07.13-16.46.31:162][411]LogModuleManager: Shutting down and abandoning module ImageWrapper (122)
[2018.07.13-16.46.31:162][411]LogModuleManager: Shutting down and abandoning module TextureFormatAndroid (119)
[2018.07.13-16.46.31:162][411]LogModuleManager: Shutting down and abandoning module AudioFormatOpus (117)
[2018.07.13-16.46.31:162][411]LogModuleManager: Shutting down and abandoning module AudioFormatOgg (115)
[2018.07.13-16.46.31:162][411]LogModuleManager: Shutting down and abandoning module AudioFormatADPCM (113)
[2018.07.13-16.46.31:162][411]LogModuleManager: Shutting down and abandoning module LinuxTargetPlatform (111)
[2018.07.13-16.46.31:162][411]LogModuleManager: Shutting down and abandoning module LinuxServerTargetPlatform (109)
[2018.07.13-16.46.31:162][411]LogModuleManager: Shutting down and abandoning module LinuxNoEditorTargetPlatform (107)
[2018.07.13-16.46.31:162][411]LogModuleManager: Shutting down and abandoning module LinuxClientTargetPlatform (105)
[2018.07.13-16.46.31:162][411]LogModuleManager: Shutting down and abandoning module TVOSTargetPlatform (103)
[2018.07.13-16.46.31:162][411]LogModuleManager: Shutting down and abandoning module Messaging (101)
[2018.07.13-16.46.31:162][411]LogModuleManager: Shutting down and abandoning module IOSTargetPlatform (99)
[2018.07.13-16.46.31:162][411]LogModuleManager: Shutting down and abandoning module HTML5TargetPlatform (97)
[2018.07.13-16.46.31:162][411]LogModuleManager: Shutting down and abandoning module Android_PVRTCTargetPlatform (95)
[2018.07.13-16.46.31:162][411]LogModuleManager: Shutting down and abandoning module Android_MultiTargetPlatform (93)
[2018.07.13-16.46.31:163][411]LogModuleManager: Shutting down and abandoning module Android_ETC2TargetPlatform (91)
[2018.07.13-16.46.31:163][411]LogModuleManager: Shutting down and abandoning module Android_ETC1TargetPlatform (89)
[2018.07.13-16.46.31:163][411]LogModuleManager: Shutting down and abandoning module Android_DXTTargetPlatform (87)
[2018.07.13-16.46.31:163][411]LogModuleManager: Shutting down and abandoning module Android_ATCTargetPlatform (85)
[2018.07.13-16.46.31:163][411]LogModuleManager: Shutting down and abandoning module Android_ASTCTargetPlatform (83)
[2018.07.13-16.46.31:163][411]LogModuleManager: Shutting down and abandoning module AndroidTargetPlatform (81)
[2018.07.13-16.46.31:163][411]LogModuleManager: Shutting down and abandoning module WindowsTargetPlatform (79)
[2018.07.13-16.46.31:163][411]LogModuleManager: Shutting down and abandoning module WindowsServerTargetPlatform (77)
[2018.07.13-16.46.31:163][411]LogModuleManager: Shutting down and abandoning module WindowsNoEditorTargetPlatform (75)
[2018.07.13-16.46.31:163][411]LogModuleManager: Shutting down and abandoning module WindowsClientTargetPlatform (73)
[2018.07.13-16.46.31:163][411]LogModuleManager: Shutting down and abandoning module MacTargetPlatform (71)
[2018.07.13-16.46.31:163][411]LogModuleManager: Shutting down and abandoning module MacServerTargetPlatform (69)
[2018.07.13-16.46.31:163][411]LogModuleManager: Shutting down and abandoning module MacNoEditorTargetPlatform (67)
[2018.07.13-16.46.31:163][411]LogModuleManager: Shutting down and abandoning module MacClientTargetPlatform (65)
[2018.07.13-16.46.31:163][411]LogModuleManager: Shutting down and abandoning module AllDesktopTargetPlatform (63)
[2018.07.13-16.46.31:163][411]LogModuleManager: Shutting down and abandoning module InputCore (60)
[2018.07.13-16.46.31:163][411]LogModuleManager: Shutting down and abandoning module Settings (58)
[2018.07.13-16.46.31:163][411]LogModuleManager: Shutting down and abandoning module PhysXCooking (56)
[2018.07.13-16.46.31:163][411]LogModuleManager: Shutting down and abandoning module SteamVR (54)
[2018.07.13-16.46.31:163][411]LogModuleManager: Shutting down and abandoning module OculusHMD (52)
[2018.07.13-16.46.31:163][411]LogModuleManager: Shutting down and abandoning module ExampleDeviceProfileSelector (50)
[2018.07.13-16.46.31:163][411]LogModuleManager: Shutting down and abandoning module OnlineBlueprintSupport (48)
[2018.07.13-16.46.31:163][411]LogModuleManager: Shutting down and abandoning module OnlineSubsystem (44)
[2018.07.13-16.46.31:163][411]LogOnline: Display: Unloading online subsystem: NULL
[2018.07.13-16.46.31:163][411]LogModuleManager: Shutting down and abandoning module XMPP (43)
[2018.07.13-16.46.31:164][411]LogModuleManager: Shutting down and abandoning module HTTP (41)
[2018.07.13-16.46.31:164][411]LogHttp: Display: Http module shutting down, but needs to wait on 1 outstanding Http requests:
[2018.07.13-16.46.31:164][411]LogHttp: Display: 	verb=[POST] url=[https://datarouter.ol.epicgames.com/datarouter/api/v1/public/data?SessionID=%7BADB26AAA-4585-90CC-072A-6D82655C7079%7D&AppID=UEEditor.Rocket.Release&AppVersion=4.17.2-3658906%2B%2B%2BUE4%2BRelease-4.17&UserID=88cc4adb46239083b492b79b2badbb26%7Ccb9ee9768053446fbfeea3ec97ac1edf%7Cf514bb93-42f2-4e2c-8b64-582213ce2c6c&AppEnvironment=datacollector-binary&UploadType=eteventstream] status=Processing
[2018.07.13-16.46.31:191][411]LogModuleManager: Shutting down and abandoning module SSL (40)
[2018.07.13-16.46.31:193][411]LogModuleManager: Shutting down and abandoning module AnimationModifiers (36)
[2018.07.13-16.46.31:193][411]LogModuleManager: Shutting down and abandoning module PropertyEditor (35)
[2018.07.13-16.46.31:193][411]LogModuleManager: Shutting down and abandoning module AudioEditor (32)
[2018.07.13-16.46.31:193][411]LogModuleManager: Shutting down and abandoning module TextureCompressor (30)
[2018.07.13-16.46.31:193][411]LogModuleManager: Shutting down and abandoning module ShaderCore (28)
[2018.07.13-16.46.31:193][411]LogModuleManager: Shutting down and abandoning module Landscape (26)
[2018.07.13-16.46.31:194][411]LogModuleManager: Shutting down and abandoning module SlateRHIRenderer (24)
[2018.07.13-16.46.31:194][411]LogModuleManager: Shutting down and abandoning module OpenGLDrv (22)
[2018.07.13-16.46.31:194][411]LogModuleManager: Shutting down and abandoning module D3D11RHI (20)
[2018.07.13-16.46.31:194][411]LogModuleManager: Shutting down and abandoning module AnimGraphRuntime (18)
[2018.07.13-16.46.31:194][411]LogModuleManager: Shutting down and abandoning module Renderer (16)
[2018.07.13-16.46.31:194][411]LogModuleManager: Shutting down and abandoning module Engine (14)
[2018.07.13-16.46.31:194][411]LogModuleManager: Shutting down and abandoning module CoreUObject (12)
[2018.07.13-16.46.31:194][411]LogModuleManager: Shutting down and abandoning module NetworkFile (10)
[2018.07.13-16.46.31:194][411]LogModuleManager: Shutting down and abandoning module CookedIterativeFile (8)
[2018.07.13-16.46.31:194][411]LogModuleManager: Shutting down and abandoning module StreamingFile (6)
[2018.07.13-16.46.31:194][411]LogModuleManager: Shutting down and abandoning module SandboxFile (4)
[2018.07.13-16.46.31:194][411]LogModuleManager: Shutting down and abandoning module PakFile (2)
[2018.07.13-16.46.31:197][411]LogExit: Exiting.
[2018.07.13-16.46.31:219][411]Log file closed, 07/13/18 17:46:31
