Log file open, 07/13/18 17:48:27
LogWindows: Failed to load 'aqProf.dll' (GetLastError=126)
LogWindows: File 'aqProf.dll' does not exist
LogWindows: Failed to load 'VtuneApi.dll' (GetLastError=126)
LogWindows: File 'VtuneApi.dll' does not exist
LogWindows: Failed to load 'VtuneApi32e.dll' (GetLastError=126)
LogWindows: File 'VtuneApi32e.dll' does not exist
LogInit: Display: Running engine for game: Ninja_Bunnies
LogPlatformFile: Not using cached read wrapper
LogInit: Display: RandInit(1921762406) SRandInit(1921762406).
LogTaskGraph: Started task graph with 5 named threads and 14 total threads with 3 sets of task threads.
LogStats: Stats thread started at 0.179755
LogD3D11RHI: Aftermath initialized
LogPluginManager: Mounting plugin Paper2D
LogPluginManager: Mounting plugin LightPropagationVolume
LogPluginManager: Mounting plugin CodeLiteSourceCodeAccess
LogPluginManager: Mounting plugin GitSourceControl
LogPluginManager: Mounting plugin KDevelopSourceCodeAccess
LogPluginManager: Mounting plugin NullSourceCodeAccess
LogPluginManager: Mounting plugin PerforceSourceControl
LogPluginManager: Mounting plugin SubversionSourceControl
LogPluginManager: Mounting plugin UObjectPlugin
LogPluginManager: Mounting plugin VisualStudioSourceCodeAccess
LogPluginManager: Mounting plugin XCodeSourceCodeAccess
LogPluginManager: Mounting plugin AssetManagerEditor
LogPluginManager: Mounting plugin AudioCapture
LogPluginManager: Mounting plugin FacialAnimation
LogPluginManager: Mounting plugin GameplayTagsEditor
LogPluginManager: Mounting plugin MobileLauncherProfileWizard
LogPluginManager: Mounting plugin PluginBrowser
LogPluginManager: Mounting plugin SpeedTreeImporter
LogPluginManager: Mounting plugin AlembicImporter
LogPluginManager: Mounting plugin CharacterAI
LogPluginManager: Mounting plugin HTML5Networking
LogPluginManager: Mounting plugin AndroidMedia
LogPluginManager: Mounting plugin AvfMedia
LogPluginManager: Mounting plugin MediaPlayerEditor
LogPluginManager: Mounting plugin WmfMedia
LogPluginManager: Mounting plugin TcpMessaging
LogPluginManager: Mounting plugin UdpMessaging
LogPluginManager: Mounting plugin LevelSequenceEditor
LogPluginManager: Mounting plugin MatineeToLevelSequence
LogPluginManager: Mounting plugin OnlineSubsystemGooglePlay
LogPluginManager: Mounting plugin OnlineSubsystemIOS
LogPluginManager: Mounting plugin OnlineSubsystem
LogPluginManager: Mounting plugin OnlineSubsystemNull
LogPluginManager: Mounting plugin OnlineSubsystemUtils
LogPluginManager: Mounting plugin AndroidDeviceProfileSelector
LogPluginManager: Mounting plugin AndroidMoviePlayer
LogPluginManager: Mounting plugin AndroidPermission
LogPluginManager: Mounting plugin AppleMoviePlayer
LogPluginManager: Mounting plugin ArchVisCharacter
LogPluginManager: Mounting plugin CableComponent
LogPluginManager: Mounting plugin CustomMeshComponent
LogPluginManager: Mounting plugin ExampleDeviceProfileSelector
LogPluginManager: Mounting plugin GoogleCloudMessaging
LogPluginManager: Mounting plugin ImmediatePhysics
LogPluginManager: Mounting plugin IOSDeviceProfileSelector
LogPluginManager: Mounting plugin LinuxDeviceProfileSelector
LogPluginManager: Mounting plugin LocationServicesBPLibrary
LogPluginManager: Mounting plugin MobilePatchingUtils
LogPluginManager: Mounting plugin OculusVR
LogPluginManager: Mounting plugin PhysXVehicles
LogPluginManager: Mounting plugin ProceduralMeshComponent
LogPluginManager: Mounting plugin RuntimePhysXCooking
LogPluginManager: Mounting plugin SteamVR
LogPluginManager: Mounting plugin WindowsMoviePlayer
LogInit: Using libcurl 7.47.1
LogInit:  - built for x86_64-pc-win32
LogInit:  - supports SSL with OpenSSL/1.0.2g
LogInit:  - supports HTTP deflate (compression) using libz 1.2.8
LogInit:  - other features:
LogInit:      CURL_VERSION_SSL
LogInit:      CURL_VERSION_LIBZ
LogInit:      CURL_VERSION_IPV6
LogInit:      CURL_VERSION_ASYNCHDNS
LogInit:      CURL_VERSION_LARGEFILE
LogInit:      CURL_VERSION_IDN
LogInit:  CurlRequestOptions (configurable via config and command line):
LogInit:  - bVerifyPeer = false  - Libcurl will NOT verify peer certificate
LogInit:  - bUseHttpProxy = false  - Libcurl will NOT use HTTP proxy
LogInit:  - bDontReuseConnections = false  - Libcurl will reuse connections
LogInit:  - CertBundlePath = nullptr  - Libcurl will use whatever was configured at build time.
LogInit: Build: ++UE4+Release-4.17-CL-3658906
LogInit: Engine Version: 4.17.2-3658906+++UE4+Release-4.17
LogInit: Compatible Engine Version: 4.17.0-3573198+++UE4+Release-4.17
LogInit: Net CL: 3573198
LogDevObjectVersion: Number of dev versions registered: 16
LogDevObjectVersion:   Dev-Blueprints (B0D832E4-1F89-4F0D-ACCF-7EB736FD4AA2): 10
LogDevObjectVersion:   Dev-Build (E1C64328-A22C-4D53-A36C-8E866417BD8C): 0
LogDevObjectVersion:   Dev-Core (375EC13C-06E4-48FB-B500-84F0262A717E): 2
LogDevObjectVersion:   Dev-Editor (E4B068ED-F494-42E9-A231-DA0B2E46BB41): 20
LogDevObjectVersion:   Dev-Framework (CFFC743F-43B0-4480-9391-14DF171D2073): 28
LogDevObjectVersion:   Dev-Mobile (B02B49B5-BB20-44E9-A304-32B752E40360): 0
LogDevObjectVersion:   Dev-Networking (A4E4105C-59A1-49B5-A7C5-40C4547EDFEE): 0
LogDevObjectVersion:   Dev-Online (39C831C9-5AE6-47DC-9A44-9C173E1C8E7C): 0
LogDevObjectVersion:   Dev-Physics (78F01B33-EBEA-4F98-B9B4-84EACCB95AA2): 0
LogDevObjectVersion:   Dev-Platform (6631380F-2D4D-43E0-8009-CF276956A95A): 0
LogDevObjectVersion:   Dev-Rendering (12F88B9F-8875-4AFC-A67C-D90C383ABD29): 19
LogDevObjectVersion:   Dev-Sequencer (7B5AE74C-D270-4C10-A958-57980B212A5A): 4
LogDevObjectVersion:   Dev-VR (D7296918-1DD6-4BDD-9DE2-64A83CC13884): 0
LogDevObjectVersion:   Dev-LoadTimes (C2A15278-BFE7-4AFE-6C17-90FF531DF755): 1
LogDevObjectVersion:   Private-Geometry (6EACA3D4-40EC-4CC1-B786-8BED09428FC5): 1
LogDevObjectVersion:   Dev-AnimPhys (29E575DD-E0A3-4627-9D10-D276232CDCEA): 7
LogInit: Compiled (64-bit): Sep 22 2017 13:47:16
LogInit: Compiled with Visual C++: 19.00.24215.01
LogInit: Build Configuration: Development
LogInit: Branch Name: ++UE4+Release-4.17
LogInit: Command line:  
LogInit: Base directory: C:/Program Files/Epic Games/UE_4.17/Engine/Binaries/Win64/
LogInit: Installed Engine Build: 1
LogInit: Presizing for max 8388607 objects, including 0 objects not considered by GC, pre-allocating 0 bytes for permanent pool.
LogInit: Object subsystem initialized
[2018.07.13-16.48.28:347][  0]LogInit: Selected Device Profile: [Windows]
[2018.07.13-16.48.28:347][  0]LogInit: Applying CVar settings loaded from the selected device profile: [Windows]
[2018.07.13-16.48.28:360][  0]LogInit: Computer: GAMES-105-010
[2018.07.13-16.48.28:360][  0]LogInit: User: Games
[2018.07.13-16.48.28:360][  0]LogInit: CPU Page size=4096, Cores=4
[2018.07.13-16.48.28:360][  0]LogInit: High frequency timer resolution =3.613339 MHz
[2018.07.13-16.48.28:360][  0]LogMemory: Memory total: Physical=15.9GB (16GB approx)
[2018.07.13-16.48.28:360][  0]LogMemory: Platform Memory Stats for Windows
[2018.07.13-16.48.28:360][  0]LogMemory: Process Physical Memory: 280.21 MB used, 280.21 MB peak
[2018.07.13-16.48.28:360][  0]LogMemory: Process Virtual Memory: 277.28 MB used, 277.28 MB peak
[2018.07.13-16.48.28:360][  0]LogMemory: Physical Memory: 6423.62 MB used,  9838.12 MB free, 16261.73 MB total
[2018.07.13-16.48.28:360][  0]LogMemory: Virtual Memory: 657.11 MB used,  9838.12 MB free, 8388608.00 MB total
[2018.07.13-16.48.28:534][  0]LogInit: Using OS detected language (en-GB).
[2018.07.13-16.48.28:534][  0]LogInit: Using OS detected locale (en-GB).
[2018.07.13-16.48.28:537][  0]LogTextLocalizationManager: No specific localization for 'en-GB' exists, so the 'en' localization will be used.
[2018.07.13-16.48.29:229][  0]LogD3D11RHI: D3D11 adapters:
[2018.07.13-16.48.29:245][  0]LogD3D11RHI:    0. 'NVIDIA GeForce GTX 760' (Feature Level 11_0)
[2018.07.13-16.48.29:245][  0]LogD3D11RHI:       1990/0/2048 MB DedicatedVideo/DedicatedSystem/SharedSystem, Outputs:2, VendorId:0x10de
[2018.07.13-16.48.29:245][  0]LogD3D11RHI: Chosen D3D11 Adapter: 0
[2018.07.13-16.48.29:250][  0]LogD3D11RHI: Creating new Direct3DDevice
[2018.07.13-16.48.29:250][  0]LogD3D11RHI:     GPU DeviceId: 0x1187 (for the marketing name, search the web for "GPU Device Id")
[2018.07.13-16.48.29:250][  0]LogWindows: EnumDisplayDevices:
[2018.07.13-16.48.29:251][  0]LogWindows:    0. 'NVIDIA GeForce GTX 760' (P:1 D:1)
[2018.07.13-16.48.29:251][  0]LogWindows:    1. 'NVIDIA GeForce GTX 760' (P:0 D:1)
[2018.07.13-16.48.29:251][  0]LogWindows:    2. 'NVIDIA GeForce GTX 760' (P:0 D:0)
[2018.07.13-16.48.29:251][  0]LogWindows:    3. 'NVIDIA GeForce GTX 760' (P:0 D:0)
[2018.07.13-16.48.29:251][  0]LogWindows:    4. 'RDPDD Chained DD' (P:0 D:0)
[2018.07.13-16.48.29:251][  0]LogWindows:    5. 'RDP Encoder Mirror Driver' (P:0 D:0)
[2018.07.13-16.48.29:251][  0]LogWindows:    6. 'RDP Reflector Display Driver' (P:0 D:0)
[2018.07.13-16.48.29:252][  0]LogWindows: DebugString: GetVideoDriverDetailsInvalid PrimaryIsNotTheChoosenAdapter GetVideoDriverDetailsInvalid PrimaryIsNotTheChoosenAdapter GetVideoDriverDetailsInvalid PrimaryIsNotTheChoosenAdapter FoundDriverCount:4 
[2018.07.13-16.48.29:252][  0]LogD3D11RHI:     Adapter Name: NVIDIA GeForce GTX 760
[2018.07.13-16.48.29:252][  0]LogD3D11RHI:   Driver Version: 353.30 (internal:10.18.13.5330, unified:353.30)
[2018.07.13-16.48.29:252][  0]LogD3D11RHI:      Driver Date: 6-17-2015
[2018.07.13-16.48.29:252][  0]LogRHI: Texture pool is 1361 MB (70% of 1945 MB)
[2018.07.13-16.48.29:259][  0]LogD3D11RHI: NvAPI_D3D_GetCurrentSLIState failed: 0xfffffff7
[2018.07.13-16.48.29:259][  0]LogD3D11RHI: Async texture creation enabled
[2018.07.13-16.48.29:275][  0]LogD3D11RHI: GPU Timing Frequency: 1000.000000 (Debug: 2 2)
[2018.07.13-16.48.29:277][  0]LogShaderCompilers: Guid format shader working directory is -63 characters bigger than the processId version (../../../../../../Users/Games/Desktop/level-6-l6-group-9/Thomas Simmons Resubmission/Game Build/Ninja_Bunnies/Intermediate/Shaders/WorkingDirectory/1688/).
[2018.07.13-16.48.29:277][  0]LogShaderCompilers: Cleaned the shader compiler working directory 'C:/Users/Games/AppData/Local/Temp/UnrealShaderWorkingDir/852CE12D4B7EAA9E6E9E8BB53B47B572/'.
[2018.07.13-16.48.29:277][  0]LogShaderCompilers: Display: Using Local Shader Compiler.
[2018.07.13-16.48.30:565][  0]LogTemp: Display: Loaded TP AllDesktopTargetPlatform
[2018.07.13-16.48.30:653][  0]LogTemp: Display: Loaded TP MacClientTargetPlatform
[2018.07.13-16.48.30:724][  0]LogTemp: Display: Loaded TP MacNoEditorTargetPlatform
[2018.07.13-16.48.30:787][  0]LogTemp: Display: Loaded TP MacServerTargetPlatform
[2018.07.13-16.48.30:854][  0]LogTemp: Display: Loaded TP MacTargetPlatform
[2018.07.13-16.48.30:931][  0]LogTemp: Display: Loaded TP WindowsClientTargetPlatform
[2018.07.13-16.48.31:003][  0]LogTemp: Display: Loaded TP WindowsNoEditorTargetPlatform
[2018.07.13-16.48.31:077][  0]LogTemp: Display: Loaded TP WindowsServerTargetPlatform
[2018.07.13-16.48.31:165][  0]LogTemp: Display: Loaded TP WindowsTargetPlatform
[2018.07.13-16.48.31:229][  0]LogTemp: Display: Loaded TP AndroidTargetPlatform
[2018.07.13-16.48.31:315][  0]LogTemp: Display: Loaded TP Android_ASTCTargetPlatform
[2018.07.13-16.48.31:381][  0]LogTemp: Display: Loaded TP Android_ATCTargetPlatform
[2018.07.13-16.48.31:466][  0]LogTemp: Display: Loaded TP Android_DXTTargetPlatform
[2018.07.13-16.48.31:539][  0]LogTemp: Display: Loaded TP Android_ETC1TargetPlatform
[2018.07.13-16.48.31:616][  0]LogTemp: Display: Loaded TP Android_ETC2TargetPlatform
[2018.07.13-16.48.31:798][  0]LogTemp: Display: Loaded TP Android_MultiTargetPlatform
[2018.07.13-16.48.31:798][  0]LogTemp: Display: Loaded TP Android_PVRTCTargetPlatform
[2018.07.13-16.48.31:869][  0]LogTemp: Display: Loaded TP HTML5TargetPlatform
[2018.07.13-16.48.31:969][  0]LogTemp: Display: Loaded TP IOSTargetPlatform
[2018.07.13-16.48.32:019][  0]LogTemp: Display: Loaded TP TVOSTargetPlatform
[2018.07.13-16.48.32:105][  0]LogTemp: Display: Loaded TP LinuxClientTargetPlatform
[2018.07.13-16.48.32:175][  0]LogTemp: Display: Loaded TP LinuxNoEditorTargetPlatform
[2018.07.13-16.48.32:252][  0]LogTemp: Display: Loaded TP LinuxServerTargetPlatform
[2018.07.13-16.48.32:331][  0]LogTemp: Display: Loaded TP LinuxTargetPlatform
[2018.07.13-16.48.32:331][  0]LogTargetPlatformManager: Display: Building Assets For Windows
[2018.07.13-16.48.33:062][  0]LogDerivedDataCache: Display: Max Cache Size: 512 MB
[2018.07.13-16.48.33:198][  0]LogDerivedDataCache: Loaded boot cache 0.14s 93MB C:/Users/Games/AppData/Local/UnrealEngine/4.17/DerivedDataCache/Boot.ddc.
[2018.07.13-16.48.33:198][  0]LogDerivedDataCache: Display: Loaded Boot cache: C:/Users/Games/AppData/Local/UnrealEngine/4.17/DerivedDataCache/Boot.ddc
[2018.07.13-16.48.33:198][  0]LogDerivedDataCache: FDerivedDataBackendGraph:  Pak pak cache file ../../../../../../Users/Games/Desktop/level-6-l6-group-9/Thomas Simmons Resubmission/Game Build/Ninja_Bunnies/DerivedDataCache/DDC.ddp not found, will not use a pak cache.
[2018.07.13-16.48.33:198][  0]LogDerivedDataCache: Unable to find inner node Pak for hierarchical cache Hierarchy.
[2018.07.13-16.48.33:198][  0]LogDerivedDataCache: FDerivedDataBackendGraph:  CompressedPak pak cache file ../../../../../../Users/Games/Desktop/level-6-l6-group-9/Thomas Simmons Resubmission/Game Build/Ninja_Bunnies/DerivedDataCache/Compressed.ddp not found, will not use a pak cache.
[2018.07.13-16.48.33:198][  0]LogDerivedDataCache: Unable to find inner node CompressedPak for hierarchical cache Hierarchy.
[2018.07.13-16.48.33:217][  0]LogDerivedDataCache: Display: Pak cache opened for reading ../../../Engine/DerivedDataCache/Compressed.ddp.
[2018.07.13-16.48.33:229][  0]LogDerivedDataCache: Using Local data cache path C:/Users/Games/AppData/Local/UnrealEngine/Common/DerivedDataCache: Writable
[2018.07.13-16.48.33:243][  0]LogMaterial: Verifying Global Shaders for PCD3D_SM5
[2018.07.13-16.48.33:243][  0]LogSlate: Using Freetype 2.6.0
[2018.07.13-16.48.33:244][  0]LogSlate: SlateFontCache - WITH_FREETYPE: 1, WITH_HARFBUZZ: 1
[2018.07.13-16.48.33:244][  0]LogSlate: SlateFontCache - WITH_FREETYPE: 1, WITH_HARFBUZZ: 1
[2018.07.13-16.48.33:627][  0]LogAssetRegistry: FAssetRegistry took 0.0270 seconds to start up
[2018.07.13-16.48.33:821][  0]LogInit: Selected Device Profile: [Windows]
[2018.07.13-16.48.33:825][  0]LogContentStreaming: Texture pool size is 0.00 MB
[2018.07.13-16.48.34:331][  0]LogSimplygon: Simplygon DLL not present - disabling.
[2018.07.13-16.48.34:398][  0]LogMeshReduction: Using SimplygonSwarm for distributed automatic mesh merging
[2018.07.13-16.48.34:398][  0]LogMeshReduction: Using QuadricMeshReduction for automatic static mesh reduction
[2018.07.13-16.48.34:398][  0]LogMeshReduction: No automatic skeletal mesh reduction module available
[2018.07.13-16.48.34:398][  0]LogMeshReduction: No automatic mesh merging module available
[2018.07.13-16.48.34:398][  0]LogMeshMerging: No automatic mesh merging module available
[2018.07.13-16.48.34:876][  0]LogNetVersion: Ninja_Bunnies , NetCL: 3573198, EngineNetVer: 2, GameNetVer: 0 (Checksum: 1886342967)
[2018.07.13-16.48.35:130][  0]LogPackageLocalizationCache: Processed 5 localized package path(s) for 2 prioritized culture(s) in 0.047857 seconds
[2018.07.13-16.48.35:136][  0]LogUObjectArray: 35825 objects as part of root set at end of initial load.
[2018.07.13-16.48.35:136][  0]LogUObjectAllocator: 7529112 out of 0 bytes used by permanent object pool.
[2018.07.13-16.48.35:136][  0]LogUObjectArray: CloseDisregardForGC: 0/0 objects in disregard for GC pool
[2018.07.13-16.48.35:214][  0]LogInit: WinSock: version 1.1 (2.2), MaxSocks=32767, MaxUdp=65467
[2018.07.13-16.48.38:688][  0]LogTcpMessaging: Initializing TcpMessaging bridge
[2018.07.13-16.48.38:763][  0]LogUdpMessaging: Initializing bridge on interface 0.0.0.0:0 to multicast group 230.0.0.1:6666.
[2018.07.13-16.48.39:622][  0]LogMaterial: Uniform references updated for custom material expression Custom.
[2018.07.13-16.48.40:254][  0]SourceControl: Source control is disabled
[2018.07.13-16.48.40:254][  0]SourceControl: Source control is disabled
[2018.07.13-16.48.40:321][  0]SourceControl: Source control is disabled
[2018.07.13-16.48.40:392][  0]SourceControl: Source control is disabled
[2018.07.13-16.48.41:184][  0]LogAndroidPermission: UAndroidPermissionCallbackProxy::GetInstance
[2018.07.13-16.48.41:493][  0]LogOcInput: OculusInput pre-init called
[2018.07.13-16.48.41:847][  0]LogEngine: Initializing Engine...
[2018.07.13-16.48.41:849][  0]LogHMD: Failed to initialize OpenVR with code 110
[2018.07.13-16.48.42:222][  0]LogStats: UGameplayTagsManager::ConstructGameplayTagTree: Construct from data asset -  0.000 s
[2018.07.13-16.48.42:223][  0]LogStats: UGameplayTagsManager::ConstructGameplayTagTree: GameplayTagTreeChangedEvent.Broadcast -  0.000 s
[2018.07.13-16.48.42:412][  0]LogAIModule: Creating AISystem for world Untitled
[2018.07.13-16.48.42:428][  0]LogInit: XAudio2 using 'Memes (Conexant HD Audio)' : 2 channels at 44.1 kHz using 16 bits per sample (channel mask 0x3)
[2018.07.13-16.48.42:451][  0]LogInit: FAudioDevice initialized.
[2018.07.13-16.48.43:173][  0]LogDerivedDataCache: Saved boot cache 0.72s 93MB C:/Users/Games/AppData/Local/UnrealEngine/4.17/DerivedDataCache/Boot.ddc.
[2018.07.13-16.48.43:221][  0]LogInit: Texture streaming: Enabled
[2018.07.13-16.48.43:390][  0]LogEngineSessionManager: EngineSessionManager initialized
[2018.07.13-16.48.43:707][  0]LogInit: Transaction tracking system initialized
[2018.07.13-16.48.44:137][  0]BlueprintLog: New page: Editor Load
[2018.07.13-16.48.45:427][  0]LocalizationService: Localization service is disabled
[2018.07.13-16.48.46:459][  0]LogConsoleResponse: Display: 
[2018.07.13-16.48.46:632][  0]LogCook: Display: Max memory allowance for cook 16384mb min free memory 0mb
[2018.07.13-16.48.46:632][  0]LogCook: Display: Mobile HDR setting 1
[2018.07.13-16.48.46:632][  0]LogGameplayTags: Display: UGameplayTagsManager::DoneAddingNativeTags. DelegateIsBound: 0
[2018.07.13-16.48.47:375][  0]LogFileCache: Scanning file cache for directory 'C:/Users/Games/Desktop/level-6-l6-group-9/Thomas Simmons Resubmission/Game Build/Ninja_Bunnies/Content/' took 0.01s
[2018.07.13-16.48.48:013][  0]SourceControl: Source control is disabled
[2018.07.13-16.48.48:014][  0]LightingResults: New page: Lighting Build
[2018.07.13-16.48.48:081][  0]MapCheck: New page: Map Check
[2018.07.13-16.48.48:081][  0]LightingResults: New page: Lighting Build
[2018.07.13-16.48.48:189][  0]LogLinker: Warning: Can't find file '/Game/2DSideScrollerBP/Sprites/objects/Ninja_Star_Sprite'
[2018.07.13-16.48.48:189][  0]LogLinker: Warning: Can't find file for asset '/Game/2DSideScrollerBP/Sprites/objects/Ninja_Star_Sprite' while loading ../../../../../../Users/Games/Desktop/level-6-l6-group-9/Thomas Simmons Resubmission/Game Build/Ninja_Bunnies/Content/2DSideScrollerBP/Blueprints/Collection.uasset.
[2018.07.13-16.48.48:189][  0]LoadErrors: Error: /Game/2DSideScrollerBP/Blueprints/Collection : Can't find file for asset. /Game/2DSideScrollerBP/Sprites/objects/Ninja_Star_Sprite
[2018.07.13-16.48.48:191][  0]LogLinker: Warning: Can't find file '/Game/2DSideScrollerBP/Sprites/objects/Ninja_Star_Sprite'
[2018.07.13-16.48.48:191][  0]LogLinker: Warning: Can't find file for asset '/Game/2DSideScrollerBP/Sprites/objects/Ninja_Star_Sprite' while loading ../../../../../../Users/Games/Desktop/level-6-l6-group-9/Thomas Simmons Resubmission/Game Build/Ninja_Bunnies/Content/2DSideScrollerBP/Blueprints/Collection.uasset.
[2018.07.13-16.48.48:191][  0]LoadErrors: Error: /Game/2DSideScrollerBP/Blueprints/Collection : Can't find file for asset. /Game/2DSideScrollerBP/Sprites/objects/Ninja_Star_Sprite
[2018.07.13-16.48.48:192][  0]LogLinker: Warning: Can't find file '/Game/2DSideScrollerBP/Sprites/objects/Ninja_Star_Sprite'
[2018.07.13-16.48.48:192][  0]LogLinker: Warning: Can't find file for asset '/Game/2DSideScrollerBP/Sprites/objects/Ninja_Star_Sprite' while loading ../../../../../../Users/Games/Desktop/level-6-l6-group-9/Thomas Simmons Resubmission/Game Build/Ninja_Bunnies/Content/2DSideScrollerBP/Maps/2DSideScrollerExampleMap.umap.
[2018.07.13-16.48.48:192][  0]LoadErrors: Error: /Game/2DSideScrollerBP/Maps/2DSideScrollerExampleMap : Can't find file for asset. /Game/2DSideScrollerBP/Sprites/objects/Ninja_Star_Sprite
[2018.07.13-16.48.48:193][  0]LogLinker: Warning: Can't find file '/Game/2DSideScrollerBP/Sprites/objects/Ninja_Star_Sprite'
[2018.07.13-16.48.48:193][  0]LogLinker: Warning: Can't find file for asset '/Game/2DSideScrollerBP/Sprites/objects/Ninja_Star_Sprite' while loading ../../../../../../Users/Games/Desktop/level-6-l6-group-9/Thomas Simmons Resubmission/Game Build/Ninja_Bunnies/Content/2DSideScrollerBP/Maps/2DSideScrollerExampleMap.umap.
[2018.07.13-16.48.48:193][  0]LoadErrors: Error: /Game/2DSideScrollerBP/Maps/2DSideScrollerExampleMap : Can't find file for asset. /Game/2DSideScrollerBP/Sprites/objects/Ninja_Star_Sprite
[2018.07.13-16.48.48:195][  0]LogLinker: Warning: Can't find file '/Game/2DSideScrollerBP/Sprites/objects/Ninja_Star_Sprite'
[2018.07.13-16.48.48:195][  0]LoadErrors: Failed to load /Game/2DSideScrollerBP/Sprites/objects/Ninja_Star_Sprite.Ninja_Star_Sprite Referenced by PaperSprite_GEN_VARIABLE
[2018.07.13-16.48.48:195][  0]LogLinker: Warning: Can't find file for asset '/Game/2DSideScrollerBP/Sprites/objects/Ninja_Star_Sprite' while loading ../../../../../../Users/Games/Desktop/level-6-l6-group-9/Thomas Simmons Resubmission/Game Build/Ninja_Bunnies/Content/2DSideScrollerBP/Maps/2DSideScrollerExampleMap.umap.
[2018.07.13-16.48.48:195][  0]LoadErrors: Failed to load /Game/2DSideScrollerBP/Sprites/objects/Ninja_Star_Sprite.Ninja_Star_Sprite Referenced by PaperSprite_GEN_VARIABLE
[2018.07.13-16.48.48:195][  0]LoadErrors: Error: /Game/2DSideScrollerBP/Maps/2DSideScrollerExampleMap : Can't find file for asset. /Game/2DSideScrollerBP/Sprites/objects/Ninja_Star_Sprite
[2018.07.13-16.48.48:334][  0]LogLinker: Warning: Can't find file '/Game/2DSideScrollerBP/Sprites/HUDAssets/New_Text/Avoid_Menu_Text'
[2018.07.13-16.48.48:334][  0]LogLinker: Warning: Can't find file for asset '/Game/2DSideScrollerBP/Sprites/HUDAssets/New_Text/Avoid_Menu_Text' while loading ../../../../../../Users/Games/Desktop/level-6-l6-group-9/Thomas Simmons Resubmission/Game Build/Ninja_Bunnies/Content/2DSideScrollerBP/Blueprints/Widgets/Instrcutions_Screen.uasset.
[2018.07.13-16.48.48:334][  0]LoadErrors: Error: /Game/2DSideScrollerBP/Blueprints/Widgets/Instrcutions_Screen : Can't find file for asset. /Game/2DSideScrollerBP/Sprites/HUDAssets/New_Text/Avoid_Menu_Text
[2018.07.13-16.48.48:348][  0]LogLinker: Warning: Can't find file '/Game/2DSideScrollerBP/Sprites/HUDAssets/New_Text/Avoid_Menu_Text'
[2018.07.13-16.48.48:349][  0]LogLinker: Warning: Can't find file for asset '/Game/2DSideScrollerBP/Sprites/HUDAssets/New_Text/Avoid_Menu_Text' while loading ../../../../../../Users/Games/Desktop/level-6-l6-group-9/Thomas Simmons Resubmission/Game Build/Ninja_Bunnies/Content/2DSideScrollerBP/Blueprints/Widgets/Instrcutions_Screen.uasset.
[2018.07.13-16.48.48:349][  0]LoadErrors: Error: /Game/2DSideScrollerBP/Blueprints/Widgets/Instrcutions_Screen : Can't find file for asset. /Game/2DSideScrollerBP/Sprites/HUDAssets/New_Text/Avoid_Menu_Text
[2018.07.13-16.48.48:352][  0]LogLinker: Warning: Can't find file '/Game/2DSideScrollerBP/Sprites/HUDAssets/New_Text/Avoid_Menu_Text'
[2018.07.13-16.48.48:352][  0]LogLinker: Warning: Can't find file for asset '/Game/2DSideScrollerBP/Sprites/HUDAssets/New_Text/Avoid_Menu_Text' while loading ../../../../../../Users/Games/Desktop/level-6-l6-group-9/Thomas Simmons Resubmission/Game Build/Ninja_Bunnies/Content/2DSideScrollerBP/Blueprints/Widgets/Pause_Screen.uasset.
[2018.07.13-16.48.48:353][  0]LoadErrors: Error: /Game/2DSideScrollerBP/Blueprints/Widgets/Pause_Screen : Can't find file for asset. /Game/2DSideScrollerBP/Sprites/HUDAssets/New_Text/Avoid_Menu_Text
[2018.07.13-16.48.48:353][  0]LogLinker: Warning: Can't find file '/Game/2DSideScrollerBP/Sprites/HUDAssets/New_Text/Avoid_Menu_Text'
[2018.07.13-16.48.48:353][  0]LogLinker: Warning: Can't find file for asset '/Game/2DSideScrollerBP/Sprites/HUDAssets/New_Text/Avoid_Menu_Text' while loading ../../../../../../Users/Games/Desktop/level-6-l6-group-9/Thomas Simmons Resubmission/Game Build/Ninja_Bunnies/Content/2DSideScrollerBP/Blueprints/Widgets/Pause_Screen.uasset.
[2018.07.13-16.48.48:353][  0]LoadErrors: Error: /Game/2DSideScrollerBP/Blueprints/Widgets/Pause_Screen : Can't find file for asset. /Game/2DSideScrollerBP/Sprites/HUDAssets/New_Text/Avoid_Menu_Text
[2018.07.13-16.48.48:357][  0]LogLinker: Warning: Can't find file '/Game/2DSideScrollerBP/Sprites/HUDAssets/New_Text/Avoid_Menu_Text'
[2018.07.13-16.48.48:357][  0]LoadErrors: Failed to load /Game/2DSideScrollerBP/Sprites/HUDAssets/New_Text/Avoid_Menu_Text.Avoid_Menu_Text Referenced by Image_308
[2018.07.13-16.48.48:357][  0]LogLinker: Warning: Can't find file for asset '/Game/2DSideScrollerBP/Sprites/HUDAssets/New_Text/Avoid_Menu_Text' while loading ../../../../../../Users/Games/Desktop/level-6-l6-group-9/Thomas Simmons Resubmission/Game Build/Ninja_Bunnies/Content/2DSideScrollerBP/Blueprints/Widgets/Pause_Screen.uasset.
[2018.07.13-16.48.48:357][  0]LoadErrors: Failed to load /Game/2DSideScrollerBP/Sprites/HUDAssets/New_Text/Avoid_Menu_Text.Avoid_Menu_Text Referenced by Image_308
[2018.07.13-16.48.48:357][  0]LoadErrors: Error: /Game/2DSideScrollerBP/Blueprints/Widgets/Pause_Screen : Can't find file for asset. /Game/2DSideScrollerBP/Sprites/HUDAssets/New_Text/Avoid_Menu_Text
[2018.07.13-16.48.48:358][  0]LogLinker: Warning: Can't find file '/Game/2DSideScrollerBP/Sprites/HUDAssets/New_Text/Avoid_Menu_Text'
[2018.07.13-16.48.48:358][  0]LoadErrors: Failed to load /Game/2DSideScrollerBP/Sprites/HUDAssets/New_Text/Avoid_Menu_Text.Avoid_Menu_Text Referenced by Image_390
[2018.07.13-16.48.48:358][  0]LogLinker: Warning: Can't find file for asset '/Game/2DSideScrollerBP/Sprites/HUDAssets/New_Text/Avoid_Menu_Text' while loading ../../../../../../Users/Games/Desktop/level-6-l6-group-9/Thomas Simmons Resubmission/Game Build/Ninja_Bunnies/Content/2DSideScrollerBP/Blueprints/Widgets/Pause_Screen.uasset.
[2018.07.13-16.48.48:358][  0]LoadErrors: Failed to load /Game/2DSideScrollerBP/Sprites/HUDAssets/New_Text/Avoid_Menu_Text.Avoid_Menu_Text Referenced by Image_390
[2018.07.13-16.48.48:358][  0]LoadErrors: Error: /Game/2DSideScrollerBP/Blueprints/Widgets/Pause_Screen : Can't find file for asset. /Game/2DSideScrollerBP/Sprites/HUDAssets/New_Text/Avoid_Menu_Text
[2018.07.13-16.48.48:655][  0]LogAIModule: Creating AISystem for world 2DSideScrollerExampleMap
[2018.07.13-16.48.48:680][  0]LogEditorServer: Finished looking for orphan Actors (0.000 secs)
[2018.07.13-16.48.48:693][  0]Cmd: MAP CHECKDEP NOCLEARLOG
[2018.07.13-16.48.48:769][  0]MapCheck: Map check complete: 0 Error(s), 0 Warning(s), took 76.446ms to complete.
[2018.07.13-16.48.48:769][  0]LogFileHelpers: Loading map '2DSideScrollerExampleMap' took 0.756
[2018.07.13-16.48.48:973][  0]LogCollectionManager: Loaded 0 collections in 0.001528 seconds
[2018.07.13-16.48.49:122][  0]LogFileCache: Scanning file cache for directory 'C:/Users/Games/Desktop/level-6-l6-group-9/Thomas Simmons Resubmission/Game Build/Ninja_Bunnies/Saved/Collections/' took 0.01s
[2018.07.13-16.48.49:122][  0]LogFileCache: Scanning file cache for directory 'C:/Users/Games/Desktop/level-6-l6-group-9/Thomas Simmons Resubmission/Game Build/Ninja_Bunnies/Content/Developers/Games/Collections/' took 0.01s
[2018.07.13-16.48.49:122][  0]LogFileCache: Scanning file cache for directory 'C:/Users/Games/Desktop/level-6-l6-group-9/Thomas Simmons Resubmission/Game Build/Ninja_Bunnies/Content/Collections/' took 0.01s
[2018.07.13-16.48.49:122][  0]LogCollectionManager: Rebuilt the GUID cache for 0 collections in 0.000001 seconds
[2018.07.13-16.48.49:140][  0]LogContentBrowser: Native class hierarchy populated in 0.0178 seconds. Added 2386 classes and 500 folders.
[2018.07.13-16.48.49:254][  0]LogContentBrowser: Native class hierarchy updated for 'WidgetCarousel' in 0.0018 seconds. Added 0 classes and 0 folders.
[2018.07.13-16.48.49:301][  0]LogContentBrowser: Native class hierarchy updated for 'AddContentDialog' in 0.0006 seconds. Added 0 classes and 0 folders.
[2018.07.13-16.48.49:388][  0]LogContentBrowser: Native class hierarchy updated for 'SceneOutliner' in 0.0010 seconds. Added 1 classes and 2 folders.
[2018.07.13-16.48.49:432][  0]LogSlate: Took 0.000304 seconds to synchronously load lazily loaded font '../../../Engine/Content/Slate/Fonts/Roboto-Regular.ttf' (155K)
[2018.07.13-16.48.49:436][  0]LogSlate: Took 0.000257 seconds to synchronously load lazily loaded font '../../../Engine/Content/Slate/Fonts/Roboto-Bold.ttf' (160K)
[2018.07.13-16.48.49:446][  0]LogSlate: Took 0.000255 seconds to synchronously load lazily loaded font '../../../Engine/Content/Editor/Slate/Fonts/FontAwesome.ttf' (139K)
[2018.07.13-16.48.49:557][  0]LogRenderer: Reallocating scene render targets to support 1208x580 Format 10 NumSamples 1 (Frame:1).
[2018.07.13-16.48.49:782][  0]LogContentBrowser: Native class hierarchy updated for 'HierarchicalLODOutliner' in 0.0014 seconds. Added 1 classes and 2 folders.
[2018.07.13-16.48.49:783][  0]LogLoad: (Engine Initialization) Total time: 23.30 seconds
[2018.07.13-16.48.49:783][  0]LogLoad: (Engine Initialization) Total Blueprint compile time: 0.00 seconds
[2018.07.13-16.48.49:783][  0]LogExternalProfiler: Found external profiler: VSPerf
[2018.07.13-16.48.49:783][  0]LogExternalProfiler: Using external profiler: VSPerf
[2018.07.13-16.48.49:815][  0]LogContentStreaming: Texture pool size now 1000 MB
[2018.07.13-16.48.49:899][  0]LogSlate: Took 0.000249 seconds to synchronously load lazily loaded font '../../../Engine/Content/Slate/Fonts/Roboto-Light.ttf' (159K)
[2018.07.13-16.48.49:959][  2]LogAssetRegistry: Asset discovery search completed in 16.3517 seconds
[2018.07.13-16.48.49:960][  2]LogCollectionManager: Rebuilt the object cache for 0 collections in 0.000001 seconds (found 0 objects)
[2018.07.13-16.48.49:961][  2]LogCollectionManager: Fixed up redirectors for 0 collections in 0.000041 seconds (updated 0 objects)
[2018.07.13-16.49.25:321][ 28]LogSlate: Took 0.000407 seconds to synchronously load lazily loaded font '../../../Engine/Content/Slate/Fonts/Roboto-Light.ttf' (159K)
[2018.07.13-16.50.24:243][ 49]LogTemp: Repeating last play command: Selected Viewport
[2018.07.13-16.50.24:302][ 49]LogBlueprintUserMessages: Early PlayInEditor Detection: Level '/Game/2DSideScrollerBP/Maps/2DSideScrollerExampleMap.2DSideScrollerExampleMap:PersistentLevel' has LevelScriptBlueprint '/Game/2DSideScrollerBP/Maps/2DSideScrollerExampleMap.2DSideScrollerExampleMap:PersistentLevel.2DSideScrollerExampleMap' with GeneratedClass '/Game/2DSideScrollerBP/Maps/2DSideScrollerExampleMap.2DSideScrollerExampleMap_C' with ClassGeneratedBy '/Game/2DSideScrollerBP/Maps/2DSideScrollerExampleMap.2DSideScrollerExampleMap:PersistentLevel.2DSideScrollerExampleMap'
[2018.07.13-16.50.24:302][ 49]LogPlayLevel: PlayLevel: No blueprints needed recompiling
[2018.07.13-16.50.24:303][ 49]PIE: New page: PIE session: 2DSideScrollerExampleMap (13 Jul 2018 18:50:24)
[2018.07.13-16.50.24:303][ 49]LogPlayLevel: Creating play world package: /Game/2DSideScrollerBP/Maps/UEDPIE_0_2DSideScrollerExampleMap
[2018.07.13-16.50.24:310][ 49]LogPlayLevel: PIE: StaticDuplicateObject took: (0.007013s)
[2018.07.13-16.50.24:310][ 49]LogAIModule: Creating AISystem for world 2DSideScrollerExampleMap
[2018.07.13-16.50.24:311][ 49]LogPlayLevel: PIE: World Init took: (0.000752s)
[2018.07.13-16.50.24:311][ 49]LogPlayLevel: PIE: Created PIE world by copying editor world from /Game/2DSideScrollerBP/Maps/2DSideScrollerExampleMap.2DSideScrollerExampleMap to /Game/2DSideScrollerBP/Maps/UEDPIE_0_2DSideScrollerExampleMap.2DSideScrollerExampleMap (0.008053s)
[2018.07.13-16.50.24:324][ 49]LogInit: XAudio2 using 'Memes (Conexant HD Audio)' : 2 channels at 44.1 kHz using 16 bits per sample (channel mask 0x3)
[2018.07.13-16.50.24:340][ 49]LogInit: FAudioDevice initialized.
[2018.07.13-16.50.24:382][ 49]LogLoad: Game class is '2DSideScrollerMenuScreen_C'
[2018.07.13-16.50.24:386][ 49]LogWorld: Bringing World /Game/2DSideScrollerBP/Maps/UEDPIE_0_2DSideScrollerExampleMap.2DSideScrollerExampleMap up for play (max tick rate 0) at 2018.07.13-17.50.24
[2018.07.13-16.50.24:485][ 49]LogWorld: Bringing up level for play took: 0.101047
[2018.07.13-16.50.24:541][ 49]LogContentBrowser: Native class hierarchy updated for 'MovieSceneCapture' in 0.0007 seconds. Added 11 classes and 0 folders.
[2018.07.13-16.50.24:543][ 49]PIE: Play in editor start time for /Game/2DSideScrollerBP/Maps/UEDPIE_0_2DSideScrollerExampleMap -0.312
[2018.07.13-16.50.24:543][ 49]LogBlueprintUserMessages: Late PlayInEditor Detection: Level '/Game/2DSideScrollerBP/Maps/2DSideScrollerExampleMap.2DSideScrollerExampleMap:PersistentLevel' has LevelScriptBlueprint '/Game/2DSideScrollerBP/Maps/2DSideScrollerExampleMap.2DSideScrollerExampleMap:PersistentLevel.2DSideScrollerExampleMap' with GeneratedClass '/Game/2DSideScrollerBP/Maps/2DSideScrollerExampleMap.2DSideScrollerExampleMap_C' with ClassGeneratedBy '/Game/2DSideScrollerBP/Maps/2DSideScrollerExampleMap.2DSideScrollerExampleMap:PersistentLevel.2DSideScrollerExampleMap'
[2018.07.13-16.50.30:956][807]LogBlueprintUserMessages: Early EndPlayMap Detection: Level '/Game/2DSideScrollerBP/Maps/2DSideScrollerExampleMap.2DSideScrollerExampleMap:PersistentLevel' has LevelScriptBlueprint '/Game/2DSideScrollerBP/Maps/2DSideScrollerExampleMap.2DSideScrollerExampleMap:PersistentLevel.2DSideScrollerExampleMap' with GeneratedClass '/Game/2DSideScrollerBP/Maps/2DSideScrollerExampleMap.2DSideScrollerExampleMap_C' with ClassGeneratedBy '/Game/2DSideScrollerBP/Maps/2DSideScrollerExampleMap.2DSideScrollerExampleMap:PersistentLevel.2DSideScrollerExampleMap'
[2018.07.13-16.50.30:992][807]LogBlueprintUserMessages: Late EndPlayMap Detection: Level '/Game/2DSideScrollerBP/Maps/2DSideScrollerExampleMap.2DSideScrollerExampleMap:PersistentLevel' has LevelScriptBlueprint '/Game/2DSideScrollerBP/Maps/2DSideScrollerExampleMap.2DSideScrollerExampleMap:PersistentLevel.2DSideScrollerExampleMap' with GeneratedClass '/Game/2DSideScrollerBP/Maps/2DSideScrollerExampleMap.2DSideScrollerExampleMap_C' with ClassGeneratedBy '/Game/2DSideScrollerBP/Maps/2DSideScrollerExampleMap.2DSideScrollerExampleMap:PersistentLevel.2DSideScrollerExampleMap'
[2018.07.13-16.50.53:779][529]LogTemp: Repeating last play command: Selected Viewport
[2018.07.13-16.50.53:806][529]LogBlueprintUserMessages: Early PlayInEditor Detection: Level '/Game/2DSideScrollerBP/Maps/2DSideScrollerExampleMap.2DSideScrollerExampleMap:PersistentLevel' has LevelScriptBlueprint '/Game/2DSideScrollerBP/Maps/2DSideScrollerExampleMap.2DSideScrollerExampleMap:PersistentLevel.2DSideScrollerExampleMap' with GeneratedClass '/Game/2DSideScrollerBP/Maps/2DSideScrollerExampleMap.2DSideScrollerExampleMap_C' with ClassGeneratedBy '/Game/2DSideScrollerBP/Maps/2DSideScrollerExampleMap.2DSideScrollerExampleMap:PersistentLevel.2DSideScrollerExampleMap'
[2018.07.13-16.50.53:806][529]LogPlayLevel: PlayLevel: No blueprints needed recompiling
[2018.07.13-16.50.53:806][529]PIE: New page: PIE session: 2DSideScrollerExampleMap (13 Jul 2018 18:50:53)
[2018.07.13-16.50.53:806][529]LogPlayLevel: Creating play world package: /Game/2DSideScrollerBP/Maps/UEDPIE_0_2DSideScrollerExampleMap
[2018.07.13-16.50.53:813][529]LogPlayLevel: PIE: StaticDuplicateObject took: (0.006496s)
[2018.07.13-16.50.53:814][529]LogAIModule: Creating AISystem for world 2DSideScrollerExampleMap
[2018.07.13-16.50.53:814][529]LogPlayLevel: PIE: World Init took: (0.000741s)
[2018.07.13-16.50.53:814][529]LogPlayLevel: PIE: Created PIE world by copying editor world from /Game/2DSideScrollerBP/Maps/2DSideScrollerExampleMap.2DSideScrollerExampleMap to /Game/2DSideScrollerBP/Maps/UEDPIE_0_2DSideScrollerExampleMap.2DSideScrollerExampleMap (0.007582s)
[2018.07.13-16.50.53:828][529]LogInit: XAudio2 using 'Memes (Conexant HD Audio)' : 2 channels at 44.1 kHz using 16 bits per sample (channel mask 0x3)
[2018.07.13-16.50.53:845][529]LogInit: FAudioDevice initialized.
[2018.07.13-16.50.53:874][529]LogLoad: Game class is '2DSideScrollerMenuScreen_C'
[2018.07.13-16.50.53:877][529]LogWorld: Bringing World /Game/2DSideScrollerBP/Maps/UEDPIE_0_2DSideScrollerExampleMap.2DSideScrollerExampleMap up for play (max tick rate 0) at 2018.07.13-17.50.53
[2018.07.13-16.50.53:880][529]LogWorld: Bringing up level for play took: 0.005034
[2018.07.13-16.50.53:882][529]PIE: Play in editor start time for /Game/2DSideScrollerBP/Maps/UEDPIE_0_2DSideScrollerExampleMap 1.027
[2018.07.13-16.50.53:882][529]LogBlueprintUserMessages: Late PlayInEditor Detection: Level '/Game/2DSideScrollerBP/Maps/2DSideScrollerExampleMap.2DSideScrollerExampleMap:PersistentLevel' has LevelScriptBlueprint '/Game/2DSideScrollerBP/Maps/2DSideScrollerExampleMap.2DSideScrollerExampleMap:PersistentLevel.2DSideScrollerExampleMap' with GeneratedClass '/Game/2DSideScrollerBP/Maps/2DSideScrollerExampleMap.2DSideScrollerExampleMap_C' with ClassGeneratedBy '/Game/2DSideScrollerBP/Maps/2DSideScrollerExampleMap.2DSideScrollerExampleMap:PersistentLevel.2DSideScrollerExampleMap'
[2018.07.13-16.51.02:158][507]LogBlueprintUserMessages: Early EndPlayMap Detection: Level '/Game/2DSideScrollerBP/Maps/2DSideScrollerExampleMap.2DSideScrollerExampleMap:PersistentLevel' has LevelScriptBlueprint '/Game/2DSideScrollerBP/Maps/2DSideScrollerExampleMap.2DSideScrollerExampleMap:PersistentLevel.2DSideScrollerExampleMap' with GeneratedClass '/Game/2DSideScrollerBP/Maps/2DSideScrollerExampleMap.2DSideScrollerExampleMap_C' with ClassGeneratedBy '/Game/2DSideScrollerBP/Maps/2DSideScrollerExampleMap.2DSideScrollerExampleMap:PersistentLevel.2DSideScrollerExampleMap'
[2018.07.13-16.51.02:193][507]LogBlueprintUserMessages: Late EndPlayMap Detection: Level '/Game/2DSideScrollerBP/Maps/2DSideScrollerExampleMap.2DSideScrollerExampleMap:PersistentLevel' has LevelScriptBlueprint '/Game/2DSideScrollerBP/Maps/2DSideScrollerExampleMap.2DSideScrollerExampleMap:PersistentLevel.2DSideScrollerExampleMap' with GeneratedClass '/Game/2DSideScrollerBP/Maps/2DSideScrollerExampleMap.2DSideScrollerExampleMap_C' with ClassGeneratedBy '/Game/2DSideScrollerBP/Maps/2DSideScrollerExampleMap.2DSideScrollerExampleMap:PersistentLevel.2DSideScrollerExampleMap'
[2018.07.13-16.51.10:918][542]LogEditorViewport: Clicking on Actor (LMB): PaperTileMapActor (New_Map)
[2018.07.13-16.51.35:594][456]LogEditorViewport: Clicking Background
[2018.07.13-16.51.48:733][ 20]LogEditorViewport: Clicking Background
[2018.07.13-16.52.31:008][  7]LogSlate: Took 0.000525 seconds to synchronously load lazily loaded font '../../../Engine/Content/Editor/Slate/Fonts/Roboto-BoldCondensed.ttf' (158K)
[2018.07.13-16.52.40:010][849]LogRenderer: Reallocating scene render targets to support 1208x932 Format 10 NumSamples 1 (Frame:832).
[2018.07.13-16.53.03:931][ 71]LogSavePackage: Save=55.08ms
[2018.07.13-16.53.03:931][ 71]LogSavePackage: Moving '../../../../../../Users/Games/Desktop/level-6-l6-group-9/Thomas Simmons Resubmission/Game Build/Ninja_Bunnies/Saved/New_MapCCC52F2543E517C934407182A19FE9C8.tmp' to '../../../../../../Users/Games/Desktop/level-6-l6-group-9/Thomas Simmons Resubmission/Game Build/Ninja_Bunnies/Content/2DSideScrollerBP/Sprites/tileset/Tileset_Map/New_Map.uasset'
[2018.07.13-16.53.03:936][ 71]LogSavePackage: Display: Finished SavePackage ../../../../../../Users/Games/Desktop/level-6-l6-group-9/Thomas Simmons Resubmission/Game Build/Ninja_Bunnies/Content/2DSideScrollerBP/Sprites/tileset/Tileset_Map/New_Map.uasset
[2018.07.13-16.53.06:413][332]LogEditorViewport: Clicking Background
[2018.07.13-16.53.07:189][423]LogTemp: Repeating last play command: Selected Viewport
[2018.07.13-16.53.07:213][423]LogBlueprintUserMessages: Early PlayInEditor Detection: Level '/Game/2DSideScrollerBP/Maps/2DSideScrollerExampleMap.2DSideScrollerExampleMap:PersistentLevel' has LevelScriptBlueprint '/Game/2DSideScrollerBP/Maps/2DSideScrollerExampleMap.2DSideScrollerExampleMap:PersistentLevel.2DSideScrollerExampleMap' with GeneratedClass '/Game/2DSideScrollerBP/Maps/2DSideScrollerExampleMap.2DSideScrollerExampleMap_C' with ClassGeneratedBy '/Game/2DSideScrollerBP/Maps/2DSideScrollerExampleMap.2DSideScrollerExampleMap:PersistentLevel.2DSideScrollerExampleMap'
[2018.07.13-16.53.07:214][423]LogPlayLevel: PlayLevel: No blueprints needed recompiling
[2018.07.13-16.53.07:214][423]PIE: New page: PIE session: 2DSideScrollerExampleMap (13 Jul 2018 18:53:07)
[2018.07.13-16.53.07:214][423]LogPlayLevel: Creating play world package: /Game/2DSideScrollerBP/Maps/UEDPIE_0_2DSideScrollerExampleMap
[2018.07.13-16.53.07:221][423]LogPlayLevel: PIE: StaticDuplicateObject took: (0.006853s)
[2018.07.13-16.53.07:221][423]LogAIModule: Creating AISystem for world 2DSideScrollerExampleMap
[2018.07.13-16.53.07:222][423]LogPlayLevel: PIE: World Init took: (0.000779s)
[2018.07.13-16.53.07:222][423]LogPlayLevel: PIE: Created PIE world by copying editor world from /Game/2DSideScrollerBP/Maps/2DSideScrollerExampleMap.2DSideScrollerExampleMap to /Game/2DSideScrollerBP/Maps/UEDPIE_0_2DSideScrollerExampleMap.2DSideScrollerExampleMap (0.007901s)
[2018.07.13-16.53.07:235][423]LogInit: XAudio2 using 'Memes (Conexant HD Audio)' : 2 channels at 44.1 kHz using 16 bits per sample (channel mask 0x3)
[2018.07.13-16.53.07:249][423]LogInit: FAudioDevice initialized.
[2018.07.13-16.53.07:280][423]LogLoad: Game class is '2DSideScrollerMenuScreen_C'
[2018.07.13-16.53.07:283][423]LogWorld: Bringing World /Game/2DSideScrollerBP/Maps/UEDPIE_0_2DSideScrollerExampleMap.2DSideScrollerExampleMap up for play (max tick rate 0) at 2018.07.13-17.53.07
[2018.07.13-16.53.07:286][423]LogWorld: Bringing up level for play took: 0.005508
[2018.07.13-16.53.07:288][423]PIE: Play in editor start time for /Game/2DSideScrollerBP/Maps/UEDPIE_0_2DSideScrollerExampleMap 0.431
[2018.07.13-16.53.07:288][423]LogBlueprintUserMessages: Late PlayInEditor Detection: Level '/Game/2DSideScrollerBP/Maps/2DSideScrollerExampleMap.2DSideScrollerExampleMap:PersistentLevel' has LevelScriptBlueprint '/Game/2DSideScrollerBP/Maps/2DSideScrollerExampleMap.2DSideScrollerExampleMap:PersistentLevel.2DSideScrollerExampleMap' with GeneratedClass '/Game/2DSideScrollerBP/Maps/2DSideScrollerExampleMap.2DSideScrollerExampleMap_C' with ClassGeneratedBy '/Game/2DSideScrollerBP/Maps/2DSideScrollerExampleMap.2DSideScrollerExampleMap:PersistentLevel.2DSideScrollerExampleMap'
[2018.07.13-16.53.12:764][ 67]LogBlueprintUserMessages: Early EndPlayMap Detection: Level '/Game/2DSideScrollerBP/Maps/2DSideScrollerExampleMap.2DSideScrollerExampleMap:PersistentLevel' has LevelScriptBlueprint '/Game/2DSideScrollerBP/Maps/2DSideScrollerExampleMap.2DSideScrollerExampleMap:PersistentLevel.2DSideScrollerExampleMap' with GeneratedClass '/Game/2DSideScrollerBP/Maps/2DSideScrollerExampleMap.2DSideScrollerExampleMap_C' with ClassGeneratedBy '/Game/2DSideScrollerBP/Maps/2DSideScrollerExampleMap.2DSideScrollerExampleMap:PersistentLevel.2DSideScrollerExampleMap'
[2018.07.13-16.53.12:793][ 67]LogBlueprintUserMessages: Late EndPlayMap Detection: Level '/Game/2DSideScrollerBP/Maps/2DSideScrollerExampleMap.2DSideScrollerExampleMap:PersistentLevel' has LevelScriptBlueprint '/Game/2DSideScrollerBP/Maps/2DSideScrollerExampleMap.2DSideScrollerExampleMap:PersistentLevel.2DSideScrollerExampleMap' with GeneratedClass '/Game/2DSideScrollerBP/Maps/2DSideScrollerExampleMap.2DSideScrollerExampleMap_C' with ClassGeneratedBy '/Game/2DSideScrollerBP/Maps/2DSideScrollerExampleMap.2DSideScrollerExampleMap:PersistentLevel.2DSideScrollerExampleMap'
[2018.07.13-16.53.33:915][574]LogEditorViewport: Clicking Background
[2018.07.13-16.53.35:478][747]LogEditorViewport: Clicking on Actor (LMB): 2DSideScrollerCharacter_C (2DSideScrollerCharacter)
[2018.07.13-16.53.40:285][228]LogSlate: Took 0.000232 seconds to synchronously load lazily loaded font '../../../Engine/Content/Editor/Slate/Fonts/Roboto-Italic.ttf' (157K)
[2018.07.13-16.54.54:581][724]LogEditorViewport: Clicking Background
[2018.07.13-16.55.33:017][ 31]LogEditorViewport: Clicking on Actor (LMB): PaperTileMapActor (New_Map)
[2018.07.13-16.55.34:660][214]LogEditorViewport: Clicking Background
[2018.07.13-16.55.35:511][314]LogEditorViewport: Clicking on Actor (LMB): Collection_C (Collection)
[2018.07.13-16.55.39:202][743]LogEditorViewport: Clicking on Actor (LMB): Collection_C (Collection5)
[2018.07.13-16.56.03:101][570]LogEditorViewport: Clicking on Actor (LMB): PaperTileMapActor (New_Map)
[2018.07.13-16.56.41:184][868]LogTemp: Repeating last play command: Selected Viewport
[2018.07.13-16.56.41:212][868]LogBlueprintUserMessages: Early PlayInEditor Detection: Level '/Game/2DSideScrollerBP/Maps/2DSideScrollerExampleMap.2DSideScrollerExampleMap:PersistentLevel' has LevelScriptBlueprint '/Game/2DSideScrollerBP/Maps/2DSideScrollerExampleMap.2DSideScrollerExampleMap:PersistentLevel.2DSideScrollerExampleMap' with GeneratedClass '/Game/2DSideScrollerBP/Maps/2DSideScrollerExampleMap.2DSideScrollerExampleMap_C' with ClassGeneratedBy '/Game/2DSideScrollerBP/Maps/2DSideScrollerExampleMap.2DSideScrollerExampleMap:PersistentLevel.2DSideScrollerExampleMap'
[2018.07.13-16.56.41:212][868]LogPlayLevel: PlayLevel: No blueprints needed recompiling
[2018.07.13-16.56.41:212][868]PIE: New page: PIE session: 2DSideScrollerExampleMap (13 Jul 2018 18:56:41)
[2018.07.13-16.56.41:212][868]LogPlayLevel: Creating play world package: /Game/2DSideScrollerBP/Maps/UEDPIE_0_2DSideScrollerExampleMap
[2018.07.13-16.56.41:219][868]LogPlayLevel: PIE: StaticDuplicateObject took: (0.007013s)
[2018.07.13-16.56.41:220][868]LogAIModule: Creating AISystem for world 2DSideScrollerExampleMap
[2018.07.13-16.56.41:220][868]LogPlayLevel: PIE: World Init took: (0.000864s)
[2018.07.13-16.56.41:220][868]LogPlayLevel: PIE: Created PIE world by copying editor world from /Game/2DSideScrollerBP/Maps/2DSideScrollerExampleMap.2DSideScrollerExampleMap to /Game/2DSideScrollerBP/Maps/UEDPIE_0_2DSideScrollerExampleMap.2DSideScrollerExampleMap (0.008182s)
[2018.07.13-16.56.41:234][868]LogInit: XAudio2 using 'Memes (Conexant HD Audio)' : 2 channels at 44.1 kHz using 16 bits per sample (channel mask 0x3)
[2018.07.13-16.56.41:248][868]LogInit: FAudioDevice initialized.
[2018.07.13-16.56.41:278][868]LogLoad: Game class is '2DSideScrollerMenuScreen_C'
[2018.07.13-16.56.41:281][868]LogWorld: Bringing World /Game/2DSideScrollerBP/Maps/UEDPIE_0_2DSideScrollerExampleMap.2DSideScrollerExampleMap up for play (max tick rate 0) at 2018.07.13-17.56.41
[2018.07.13-16.56.41:283][868]LogWorld: Bringing up level for play took: 0.005041
[2018.07.13-16.56.41:285][868]PIE: Play in editor start time for /Game/2DSideScrollerBP/Maps/UEDPIE_0_2DSideScrollerExampleMap 0.425
[2018.07.13-16.56.41:286][868]LogBlueprintUserMessages: Late PlayInEditor Detection: Level '/Game/2DSideScrollerBP/Maps/2DSideScrollerExampleMap.2DSideScrollerExampleMap:PersistentLevel' has LevelScriptBlueprint '/Game/2DSideScrollerBP/Maps/2DSideScrollerExampleMap.2DSideScrollerExampleMap:PersistentLevel.2DSideScrollerExampleMap' with GeneratedClass '/Game/2DSideScrollerBP/Maps/2DSideScrollerExampleMap.2DSideScrollerExampleMap_C' with ClassGeneratedBy '/Game/2DSideScrollerBP/Maps/2DSideScrollerExampleMap.2DSideScrollerExampleMap:PersistentLevel.2DSideScrollerExampleMap'
[2018.07.13-16.56.43:886][176]LogBlueprintUserMessages: Early EndPlayMap Detection: Level '/Game/2DSideScrollerBP/Maps/2DSideScrollerExampleMap.2DSideScrollerExampleMap:PersistentLevel' has LevelScriptBlueprint '/Game/2DSideScrollerBP/Maps/2DSideScrollerExampleMap.2DSideScrollerExampleMap:PersistentLevel.2DSideScrollerExampleMap' with GeneratedClass '/Game/2DSideScrollerBP/Maps/2DSideScrollerExampleMap.2DSideScrollerExampleMap_C' with ClassGeneratedBy '/Game/2DSideScrollerBP/Maps/2DSideScrollerExampleMap.2DSideScrollerExampleMap:PersistentLevel.2DSideScrollerExampleMap'
[2018.07.13-16.56.43:957][176]LogBlueprintUserMessages: Late EndPlayMap Detection: Level '/Game/2DSideScrollerBP/Maps/2DSideScrollerExampleMap.2DSideScrollerExampleMap:PersistentLevel' has LevelScriptBlueprint '/Game/2DSideScrollerBP/Maps/2DSideScrollerExampleMap.2DSideScrollerExampleMap:PersistentLevel.2DSideScrollerExampleMap' with GeneratedClass '/Game/2DSideScrollerBP/Maps/2DSideScrollerExampleMap.2DSideScrollerExampleMap_C' with ClassGeneratedBy '/Game/2DSideScrollerBP/Maps/2DSideScrollerExampleMap.2DSideScrollerExampleMap:PersistentLevel.2DSideScrollerExampleMap'
[2018.07.13-16.56.46:345][444]LogEditorViewport: Clicking Background
[2018.07.13-16.56.47:779][607]LogEditorViewport: Clicking on Actor (LMB): PaperTileMapActor (New_Map)
[2018.07.13-16.56.55:431][473]LogEditorViewport: Clicking on Actor (LMB): PaperTileMapActor (New_Map)
[2018.07.13-16.56.56:043][540]LogEditorViewport: Clicking on Actor (LMB): PaperTileMapActor (New_Map)
[2018.07.13-16.56.56:480][588]LogEditorViewport: Clicking on Actor (LMB): PaperTileMapActor (New_Map)
[2018.07.13-16.56.57:049][652]LogEditorViewport: Clicking Background
[2018.07.13-16.56.57:958][756]LogEditorViewport: Clicking on Actor (LMB): PaperTileMapActor (New_Map)
[2018.07.13-16.56.58:510][809]LogEditorViewport: Clicking on Actor (LMB): PaperTileMapActor (New_Map)
[2018.07.13-16.56.58:620][819]LogEditorViewport: Clicking on Component (LMB): CameraComponent (Camera)
[2018.07.13-16.56.58:863][834]LogEditorViewport: Clicking on Component (LMB): CameraComponent (Camera)
[2018.07.13-16.57.10:328][131]LogEditorViewport: Clicking on Component (LMB): PaperTileMapComponent (RenderComponent)
[2018.07.13-16.57.28:013][193]LogEditorViewport: Clicking on Actor (LMB): 2DSideScrollerCharacter_C (2DSideScrollerCharacter)
[2018.07.13-16.57.28:134][193]LogEditorViewport: Clicking on Component (LMB): CapsuleComponent (CollisionCylinder)
[2018.07.13-16.57.34:180][856]LogEditorViewport: Clicking on Actor (LMB): PaperTileMapActor (New_Map)
[2018.07.13-16.57.34:992][933]LogEditorViewport: Clicking on Actor (LMB): PaperTileMapActor (New_Map)
[2018.07.13-16.57.35:078][940]LogEditorViewport: Clicking on Component (LMB): CameraComponent (Camera)
[2018.07.13-16.57.35:630][994]LogEditorViewport: Clicking on Component (LMB): CameraComponent (Camera)
[2018.07.13-16.57.35:757][  6]LogEditorViewport: Clicking on Actor (double click): PaperTileMapActor (New_Map)
[2018.07.13-16.57.36:705][110]LogEditorViewport: Clicking on Actor (LMB): 2DSideScrollerCharacter_C (2DSideScrollerCharacter)
[2018.07.13-16.57.37:468][168]LogEditorViewport: Clicking on Actor (LMB): 2DSideScrollerCharacter_C (2DSideScrollerCharacter)
[2018.07.13-16.57.37:569][176]LogEditorViewport: Clicking on Component (LMB): CameraComponent (SideViewCameraComponent)
[2018.07.13-16.57.37:818][193]LogEditorViewport: Clicking on Component (LMB): CameraComponent (SideViewCameraComponent)
[2018.07.13-16.57.38:412][259]LogEditorViewport: Clicking on Component (LMB): CameraComponent (SideViewCameraComponent)
[2018.07.13-16.57.38:968][321]LogEditorViewport: Clicking on Actor (LMB): PaperTileMapActor (New_Map)
[2018.07.13-16.57.39:123][322]LogEditorViewport: Clicking on Component (LMB): CameraComponent (Camera)
[2018.07.13-16.59.02:693][785]LogEditorViewport: Clicking Background
[2018.07.13-16.59.03:515][879]LogTemp: Repeating last play command: Selected Viewport
[2018.07.13-16.59.03:537][879]LogBlueprintUserMessages: Early PlayInEditor Detection: Level '/Game/2DSideScrollerBP/Maps/2DSideScrollerExampleMap.2DSideScrollerExampleMap:PersistentLevel' has LevelScriptBlueprint '/Game/2DSideScrollerBP/Maps/2DSideScrollerExampleMap.2DSideScrollerExampleMap:PersistentLevel.2DSideScrollerExampleMap' with GeneratedClass '/Game/2DSideScrollerBP/Maps/2DSideScrollerExampleMap.2DSideScrollerExampleMap_C' with ClassGeneratedBy '/Game/2DSideScrollerBP/Maps/2DSideScrollerExampleMap.2DSideScrollerExampleMap:PersistentLevel.2DSideScrollerExampleMap'
[2018.07.13-16.59.03:537][879]LogPlayLevel: PlayLevel: No blueprints needed recompiling
[2018.07.13-16.59.03:537][879]PIE: New page: PIE session: 2DSideScrollerExampleMap (13 Jul 2018 18:59:03)
[2018.07.13-16.59.03:537][879]LogPlayLevel: Creating play world package: /Game/2DSideScrollerBP/Maps/UEDPIE_0_2DSideScrollerExampleMap
[2018.07.13-16.59.03:544][879]LogPlayLevel: PIE: StaticDuplicateObject took: (0.006769s)
[2018.07.13-16.59.03:545][879]LogAIModule: Creating AISystem for world 2DSideScrollerExampleMap
[2018.07.13-16.59.03:545][879]LogPlayLevel: PIE: World Init took: (0.000812s)
[2018.07.13-16.59.03:545][879]LogPlayLevel: PIE: Created PIE world by copying editor world from /Game/2DSideScrollerBP/Maps/2DSideScrollerExampleMap.2DSideScrollerExampleMap to /Game/2DSideScrollerBP/Maps/UEDPIE_0_2DSideScrollerExampleMap.2DSideScrollerExampleMap (0.007820s)
[2018.07.13-16.59.03:557][879]LogInit: XAudio2 using 'Memes (Conexant HD Audio)' : 2 channels at 44.1 kHz using 16 bits per sample (channel mask 0x3)
[2018.07.13-16.59.03:572][879]LogInit: FAudioDevice initialized.
[2018.07.13-16.59.03:601][879]LogLoad: Game class is '2DSideScrollerMenuScreen_C'
[2018.07.13-16.59.03:605][879]LogWorld: Bringing World /Game/2DSideScrollerBP/Maps/UEDPIE_0_2DSideScrollerExampleMap.2DSideScrollerExampleMap up for play (max tick rate 0) at 2018.07.13-17.59.03
[2018.07.13-16.59.03:607][879]LogWorld: Bringing up level for play took: 0.005258
[2018.07.13-16.59.03:609][879]PIE: Play in editor start time for /Game/2DSideScrollerBP/Maps/UEDPIE_0_2DSideScrollerExampleMap 0.747
[2018.07.13-16.59.03:610][879]LogBlueprintUserMessages: Late PlayInEditor Detection: Level '/Game/2DSideScrollerBP/Maps/2DSideScrollerExampleMap.2DSideScrollerExampleMap:PersistentLevel' has LevelScriptBlueprint '/Game/2DSideScrollerBP/Maps/2DSideScrollerExampleMap.2DSideScrollerExampleMap:PersistentLevel.2DSideScrollerExampleMap' with GeneratedClass '/Game/2DSideScrollerBP/Maps/2DSideScrollerExampleMap.2DSideScrollerExampleMap_C' with ClassGeneratedBy '/Game/2DSideScrollerBP/Maps/2DSideScrollerExampleMap.2DSideScrollerExampleMap:PersistentLevel.2DSideScrollerExampleMap'
[2018.07.13-16.59.10:539][697]LogBlueprintUserMessages: Early EndPlayMap Detection: Level '/Game/2DSideScrollerBP/Maps/2DSideScrollerExampleMap.2DSideScrollerExampleMap:PersistentLevel' has LevelScriptBlueprint '/Game/2DSideScrollerBP/Maps/2DSideScrollerExampleMap.2DSideScrollerExampleMap:PersistentLevel.2DSideScrollerExampleMap' with GeneratedClass '/Game/2DSideScrollerBP/Maps/2DSideScrollerExampleMap.2DSideScrollerExampleMap_C' with ClassGeneratedBy '/Game/2DSideScrollerBP/Maps/2DSideScrollerExampleMap.2DSideScrollerExampleMap:PersistentLevel.2DSideScrollerExampleMap'
[2018.07.13-16.59.10:570][697]LogBlueprintUserMessages: Late EndPlayMap Detection: Level '/Game/2DSideScrollerBP/Maps/2DSideScrollerExampleMap.2DSideScrollerExampleMap:PersistentLevel' has LevelScriptBlueprint '/Game/2DSideScrollerBP/Maps/2DSideScrollerExampleMap.2DSideScrollerExampleMap:PersistentLevel.2DSideScrollerExampleMap' with GeneratedClass '/Game/2DSideScrollerBP/Maps/2DSideScrollerExampleMap.2DSideScrollerExampleMap_C' with ClassGeneratedBy '/Game/2DSideScrollerBP/Maps/2DSideScrollerExampleMap.2DSideScrollerExampleMap:PersistentLevel.2DSideScrollerExampleMap'
[2018.07.13-16.59.11:396][793]LogEditorViewport: Clicking Background
[2018.07.13-16.59.50:212][842]LogSlate: Took 0.000278 seconds to synchronously load lazily loaded font '../../../Engine/Content/Slate/Fonts/Roboto-Light.ttf' (159K)
[2018.07.13-16.59.59:458][869]LogSavePackage: Save=157.47ms
[2018.07.13-16.59.59:458][869]LogSavePackage: Moving '../../../../../../Users/Games/Desktop/level-6-l6-group-9/Thomas Simmons Resubmission/Game Build/Ninja_Bunnies/Saved/2DSideScrollerExampleMap_Auto1F16FD3E840110DE6989BFCB53739397D.tmp' to '../../../../../../Users/Games/Desktop/level-6-l6-group-9/Thomas Simmons Resubmission/Game Build/Ninja_Bunnies/Saved/Autosaves/Game/2DSideScrollerBP/Maps/2DSideScrollerExampleMap_Auto1.umap'
[2018.07.13-16.59.59:461][869]LogSavePackage: Display: Finished SavePackage ../../../../../../Users/Games/Desktop/level-6-l6-group-9/Thomas Simmons Resubmission/Game Build/Ninja_Bunnies/Saved/Autosaves/Game/2DSideScrollerBP/Maps/2DSideScrollerExampleMap_Auto1.umap
[2018.07.13-16.59.59:464][869]LogFileHelpers: Editor autosave (incl. sublevels) for '/Game/2DSideScrollerBP/Maps/2DSideScrollerExampleMap' took 0.230
[2018.07.13-16.59.59:464][869]LogFileHelpers: Editor autosave (incl. sublevels) for all levels took 0.230
[2018.07.13-17.00.10:855][904]LogEditorViewport: Clicking on Actor (LMB): PaperTileMapActor (New_Map)
[2018.07.13-17.00.12:611][ 73]LogEditorViewport: Clicking on Actor (LMB): 2DSideScrollerCharacter_C (2DSideScrollerCharacter)
[2018.07.13-17.00.12:800][ 76]LogEditorViewport: Clicking on Component (LMB): CameraComponent (SideViewCameraComponent)
[2018.07.13-17.00.13:048][ 93]LogEditorViewport: Clicking on Component (LMB): CameraComponent (SideViewCameraComponent)
[2018.07.13-17.00.13:849][184]LogEditorViewport: Clicking on Actor (LMB): PaperTileMapActor (New_Map)
[2018.07.13-17.00.15:840][398]LogEditorViewport: Clicking on Actor (LMB): 2DSideScrollerCharacter_C (2DSideScrollerCharacter)
[2018.07.13-17.00.15:922][398]LogEditorViewport: Clicking on Component (LMB): CameraComponent (SideViewCameraComponent)
[2018.07.13-17.00.21:308][978]LogEditorViewport: Clicking on Actor (LMB): PaperTileMapActor (New_Map)
[2018.07.13-17.00.21:547][986]LogEditorViewport: Clicking on Component (LMB): CameraComponent (Camera)
[2018.07.13-17.00.23:746][232]Cmd: DELETE
[2018.07.13-17.00.23:746][232]Cmd: ACTOR DELETE
[2018.07.13-17.00.23:790][232]LogEditorActor: Deleted 1 Components (0.043 secs)
[2018.07.13-17.00.24:680][333]LogEditorViewport: Clicking on Actor (LMB): 2DSideScrollerCharacter_C (2DSideScrollerCharacter)
[2018.07.13-17.00.28:452][689]LogEditorViewport: Clicking on Actor (LMB): 2DSideScrollerCharacter_C (2DSideScrollerCharacter)
[2018.07.13-17.00.28:733][715]LogEditorViewport: Clicking on Component (LMB): CameraComponent (SideViewCameraComponent)
[2018.07.13-17.00.29:006][734]LogEditorViewport: Clicking on Component (LMB): CameraComponent (SideViewCameraComponent)
[2018.07.13-17.00.40:308][  1]LogTemp: Repeating last play command: Selected Viewport
[2018.07.13-17.00.40:359][  1]LogBlueprintUserMessages: Early PlayInEditor Detection: Level '/Game/2DSideScrollerBP/Maps/2DSideScrollerExampleMap.2DSideScrollerExampleMap:PersistentLevel' has LevelScriptBlueprint '/Game/2DSideScrollerBP/Maps/2DSideScrollerExampleMap.2DSideScrollerExampleMap:PersistentLevel.2DSideScrollerExampleMap' with GeneratedClass '/Game/2DSideScrollerBP/Maps/2DSideScrollerExampleMap.2DSideScrollerExampleMap_C' with ClassGeneratedBy '/Game/2DSideScrollerBP/Maps/2DSideScrollerExampleMap.2DSideScrollerExampleMap:PersistentLevel.2DSideScrollerExampleMap'
[2018.07.13-17.00.40:359][  1]LogPlayLevel: PlayLevel: No blueprints needed recompiling
[2018.07.13-17.00.40:359][  1]PIE: New page: PIE session: 2DSideScrollerExampleMap (13 Jul 2018 19:00:40)
[2018.07.13-17.00.40:359][  1]LogPlayLevel: Creating play world package: /Game/2DSideScrollerBP/Maps/UEDPIE_0_2DSideScrollerExampleMap
[2018.07.13-17.00.40:371][  1]LogPlayLevel: PIE: StaticDuplicateObject took: (0.011349s)
[2018.07.13-17.00.40:371][  1]LogAIModule: Creating AISystem for world 2DSideScrollerExampleMap
[2018.07.13-17.00.40:372][  1]LogPlayLevel: PIE: World Init took: (0.000869s)
[2018.07.13-17.00.40:372][  1]LogPlayLevel: PIE: Created PIE world by copying editor world from /Game/2DSideScrollerBP/Maps/2DSideScrollerExampleMap.2DSideScrollerExampleMap to /Game/2DSideScrollerBP/Maps/UEDPIE_0_2DSideScrollerExampleMap.2DSideScrollerExampleMap (0.012584s)
[2018.07.13-17.00.40:412][  1]LogInit: XAudio2 using 'Memes (Conexant HD Audio)' : 2 channels at 44.1 kHz using 16 bits per sample (channel mask 0x3)
[2018.07.13-17.00.40:426][  1]LogInit: FAudioDevice initialized.
[2018.07.13-17.00.40:453][  1]LogLoad: Game class is '2DSideScrollerMenuScreen_C'
[2018.07.13-17.00.40:456][  1]LogWorld: Bringing World /Game/2DSideScrollerBP/Maps/UEDPIE_0_2DSideScrollerExampleMap.2DSideScrollerExampleMap up for play (max tick rate 0) at 2018.07.13-18.00.40
[2018.07.13-17.00.40:458][  1]LogWorld: Bringing up level for play took: 0.005181
[2018.07.13-17.00.40:460][  1]PIE: Play in editor start time for /Game/2DSideScrollerBP/Maps/UEDPIE_0_2DSideScrollerExampleMap -0.404
[2018.07.13-17.00.40:461][  1]LogBlueprintUserMessages: Late PlayInEditor Detection: Level '/Game/2DSideScrollerBP/Maps/2DSideScrollerExampleMap.2DSideScrollerExampleMap:PersistentLevel' has LevelScriptBlueprint '/Game/2DSideScrollerBP/Maps/2DSideScrollerExampleMap.2DSideScrollerExampleMap:PersistentLevel.2DSideScrollerExampleMap' with GeneratedClass '/Game/2DSideScrollerBP/Maps/2DSideScrollerExampleMap.2DSideScrollerExampleMap_C' with ClassGeneratedBy '/Game/2DSideScrollerBP/Maps/2DSideScrollerExampleMap.2DSideScrollerExampleMap:PersistentLevel.2DSideScrollerExampleMap'
[2018.07.13-17.02.22:106][716]LogAIModule: Creating AISystem for world 2DSideScrollerExampleMap1
[2018.07.13-17.02.42:550][981]LogContentBrowser: Native class hierarchy updated for 'BlueprintGraph' in 0.0010 seconds. Added 113 classes and 0 folders.
[2018.07.13-17.02.47:430][191]LogBlueprintUserMessages: Early EndPlayMap Detection: Level '/Game/2DSideScrollerBP/Maps/2DSideScrollerExampleMap.2DSideScrollerExampleMap:PersistentLevel' has LevelScriptBlueprint '/Game/2DSideScrollerBP/Maps/2DSideScrollerExampleMap.2DSideScrollerExampleMap:PersistentLevel.2DSideScrollerExampleMap' with GeneratedClass '/Game/2DSideScrollerBP/Maps/2DSideScrollerExampleMap.2DSideScrollerExampleMap_C' with ClassGeneratedBy '/Game/2DSideScrollerBP/Maps/2DSideScrollerExampleMap.2DSideScrollerExampleMap:PersistentLevel.2DSideScrollerExampleMap'
[2018.07.13-17.02.47:529][191]LogBlueprintUserMessages: Late EndPlayMap Detection: Level '/Game/2DSideScrollerBP/Maps/2DSideScrollerExampleMap.2DSideScrollerExampleMap:PersistentLevel' has LevelScriptBlueprint '/Game/2DSideScrollerBP/Maps/2DSideScrollerExampleMap.2DSideScrollerExampleMap:PersistentLevel.2DSideScrollerExampleMap' with GeneratedClass '/Game/2DSideScrollerBP/Maps/2DSideScrollerExampleMap.2DSideScrollerExampleMap_C' with ClassGeneratedBy '/Game/2DSideScrollerBP/Maps/2DSideScrollerExampleMap.2DSideScrollerExampleMap:PersistentLevel.2DSideScrollerExampleMap'
[2018.07.13-17.03.25:198][377]LogEditor: Attempting to add actor of class 'CineCameraActor' to level at -22153.00,100.00,21902.00
[2018.07.13-17.03.26:335][493]LogEditor: Attempting to add actor of class 'CineCameraActor' to level at -21700.00,100.00,21692.00
[2018.07.13-17.03.31:391][ 77]Cmd: DELETE
[2018.07.13-17.03.31:391][ 77]Cmd: ACTOR DELETE
[2018.07.13-17.03.31:392][ 77]LogEditorActor: Deleted Actor: CineCameraActor
[2018.07.13-17.03.31:429][ 77]LogEditorActor: Deleted 1 Actors (0.038 secs)
[2018.07.13-17.03.35:498][544]LogMaterial: Missing cached shader map for material LayerVisMaterial, compiling. 
[2018.07.13-17.03.35:596][544]LogMaterial: Missing cached shader map for material SelectBrushMaterial, compiling. 
[2018.07.13-17.03.35:656][544]LogMaterial: Missing cached shader map for material SelectBrushMaterial, compiling. 
[2018.07.13-17.03.35:762][544]LogMaterial: Missing cached shader map for material MaskBrushMaterial, compiling. 
[2018.07.13-17.03.35:950][544]LogMaterial: Missing cached shader map for material LandscapeLayerUsageMaterial, compiling. 
[2018.07.13-17.03.36:171][544]LogMaterial: Missing cached shader map for material CircleBrushMaterial, compiling. 
[2018.07.13-17.03.36:196][544]LogMaterial: Missing cached shader map for material CircleBrushMaterial, compiling. 
[2018.07.13-17.03.36:233][544]LogMaterial: Missing cached shader map for material CircleBrushMaterial, compiling. 
[2018.07.13-17.03.36:275][544]LogMaterial: Missing cached shader map for material CircleBrushMaterial, compiling. 
[2018.07.13-17.03.36:370][544]LogMaterial: Missing cached shader map for material AlphaBrushMaterial, compiling. 
[2018.07.13-17.03.36:418][544]LogMaterial: Missing cached shader map for material CircleBrushMaterial, compiling. 
[2018.07.13-17.03.36:479][544]LogMaterial: Missing cached shader map for material MaskBrushMaterial, compiling. 
[2018.07.13-17.03.36:560][544]LogTexture: Display: Building textures: Texture2D_2 (G8, 128X128)
[2018.07.13-17.04.34:658][956]LogEditorViewport: Clicking Background
[2018.07.13-17.04.35:323][ 35]LogEditorViewport: Clicking Background
[2018.07.13-17.04.35:678][ 77]LogEditorViewport: Clicking on Actor (LMB): PostProcessVolume (GlobalPostProcessSettings)
[2018.07.13-17.04.40:591][635]LogEditorViewport: Clicking Background
[2018.07.13-17.04.40:707][647]LogEditorViewport: Clicking Background
[2018.07.13-17.06.19:947][134]Cmd: QUIT_EDITOR
[2018.07.13-17.06.19:985][134]LogExit: Preparing to exit.
[2018.07.13-17.06.20:958][134]LogDirectoryWatcher: A directory notification for 'C:/Users/Games/Desktop/level-6-l6-group-9/Thomas Simmons Resubmission/Game Build/Ninja_Bunnies/Content/' was aborted.
[2018.07.13-17.06.21:004][134]LogExit: Editor shut down
[2018.07.13-17.06.21:009][134]LogExit: Transaction tracking system shut down
[2018.07.13-17.06.21:197][134]LogDirectoryWatcher: A directory notification for '../../../Engine/Content/' was aborted.
[2018.07.13-17.06.21:197][134]LogDirectoryWatcher: A directory notification for '../../../../../../Users/Games/Desktop/level-6-l6-group-9/Thomas Simmons Resubmission/Game Build/Ninja_Bunnies/Content/' was aborted.
[2018.07.13-17.06.21:197][134]LogDirectoryWatcher: A directory notification for '../../../Engine/Plugins/2D/Paper2D/Content/' was aborted.
[2018.07.13-17.06.21:198][134]LogDirectoryWatcher: A directory notification for '../../../Engine/Plugins/Runtime/Oculus/OculusVR/Content/' was aborted.
[2018.07.13-17.06.21:198][134]LogDirectoryWatcher: A directory notification for '../../../Engine/Plugins/Runtime/Steam/SteamVR/Content/' was aborted.
[2018.07.13-17.06.21:300][134]LogExit: Object subsystem successfully closed.
[2018.07.13-17.06.21:323][134]LogD3D11RHI: Shutdown
[2018.07.13-17.06.21:323][134]LogD3D11RHI: CleanupD3DDevice
[2018.07.13-17.06.21:385][134]LogD3D11RHI: ~FD3D11DynamicRHI
[2018.07.13-17.06.21:403][134]LogModuleManager: Shutting down and abandoning module SequencerWidgets (538)
[2018.07.13-17.06.21:403][134]LogModuleManager: Shutting down and abandoning module BlueprintGraph (536)
[2018.07.13-17.06.21:403][134]LogModuleManager: Shutting down and abandoning module BlueprintProfiler (534)
[2018.07.13-17.06.21:403][134]LogModuleManager: Shutting down and abandoning module MovieSceneCapture (532)
[2018.07.13-17.06.21:403][134]LogModuleManager: Shutting down and abandoning module HierarchicalLODOutliner (530)
[2018.07.13-17.06.21:403][134]LogModuleManager: Shutting down and abandoning module SceneOutliner (528)
[2018.07.13-17.06.21:403][134]LogModuleManager: Shutting down and abandoning module AddContentDialog (526)
[2018.07.13-17.06.21:404][134]LogDirectoryWatcher: A directory notification for 'C:/Program Files/Epic Games/UE_4.17/FeaturePacks/' was aborted.
[2018.07.13-17.06.21:405][134]LogModuleManager: Shutting down and abandoning module WidgetCarousel (525)
[2018.07.13-17.06.21:405][134]LogModuleManager: Shutting down and abandoning module EditorWidgets (522)
[2018.07.13-17.06.21:405][134]LogModuleManager: Shutting down and abandoning module CollectionManager (520)
[2018.07.13-17.06.21:405][134]LogDirectoryWatcher: A directory notification for 'C:/Users/Games/Desktop/level-6-l6-group-9/Thomas Simmons Resubmission/Game Build/Ninja_Bunnies/Content/Collections/' was aborted.
[2018.07.13-17.06.21:405][134]LogDirectoryWatcher: A directory notification for 'C:/Users/Games/Desktop/level-6-l6-group-9/Thomas Simmons Resubmission/Game Build/Ninja_Bunnies/Content/Developers/Games/Collections/' was aborted.
[2018.07.13-17.06.21:405][134]LogDirectoryWatcher: A directory notification for 'C:/Users/Games/Desktop/level-6-l6-group-9/Thomas Simmons Resubmission/Game Build/Ninja_Bunnies/Saved/Collections/' was aborted.
[2018.07.13-17.06.21:405][134]LogModuleManager: Shutting down and abandoning module StatsViewer (518)
[2018.07.13-17.06.21:405][134]LogModuleManager: Shutting down and abandoning module FoliageEdit (516)
[2018.07.13-17.06.21:406][134]LogModuleManager: Shutting down and abandoning module LandscapeEditor (514)
[2018.07.13-17.06.21:406][134]LogModuleManager: Shutting down and abandoning module MeshPaintMode (512)
[2018.07.13-17.06.21:406][134]LogModuleManager: Shutting down and abandoning module SceneDepthPickerMode (510)
[2018.07.13-17.06.21:406][134]LogModuleManager: Shutting down and abandoning module ActorPickerMode (508)
[2018.07.13-17.06.21:406][134]LogModuleManager: Shutting down and abandoning module GeometryMode (506)
[2018.07.13-17.06.21:406][134]LogModuleManager: Shutting down and abandoning module TextureAlignMode (504)
[2018.07.13-17.06.21:406][134]LogModuleManager: Shutting down and abandoning module BspMode (502)
[2018.07.13-17.06.21:406][134]LogModuleManager: Shutting down and abandoning module PIEPreviewDeviceProfileSelector (500)
[2018.07.13-17.06.21:406][134]LogModuleManager: Shutting down and abandoning module HardwareSurvey (498)
[2018.07.13-17.06.21:406][134]LogModuleManager: Shutting down and abandoning module SequenceRecorderSections (496)
[2018.07.13-17.06.21:406][134]LogModuleManager: Shutting down and abandoning module AutomationWorker (494)
[2018.07.13-17.06.21:406][134]LogModuleManager: Shutting down and abandoning module MatineeToLevelSequence (492)
[2018.07.13-17.06.21:406][134]LogModuleManager: Shutting down and abandoning module LevelSequenceEditor (490)
[2018.07.13-17.06.21:406][134]LogModuleManager: Shutting down and abandoning module PlacementMode (489)
[2018.07.13-17.06.21:406][134]LogModuleManager: Shutting down and abandoning module WmfMediaFactory (486)
[2018.07.13-17.06.21:406][134]LogModuleManager: Shutting down and abandoning module WmfMediaEditor (484)
[2018.07.13-17.06.21:407][134]LogModuleManager: Shutting down and abandoning module AvfMediaFactory (482)
[2018.07.13-17.06.21:407][134]LogModuleManager: Shutting down and abandoning module AvfMediaEditor (480)
[2018.07.13-17.06.21:407][134]LogModuleManager: Shutting down and abandoning module AndroidMediaFactory (478)
[2018.07.13-17.06.21:407][134]LogModuleManager: Shutting down and abandoning module Media (477)
[2018.07.13-17.06.21:407][134]LogModuleManager: Shutting down and abandoning module AndroidMediaEditor (474)
[2018.07.13-17.06.21:407][134]LogModuleManager: Shutting down and abandoning module CharacterAI (472)
[2018.07.13-17.06.21:407][134]LogModuleManager: Shutting down and abandoning module AudioCapture (470)
[2018.07.13-17.06.21:407][134]LogModuleManager: Shutting down and abandoning module SequenceRecorder (469)
[2018.07.13-17.06.21:407][134]LogModuleManager: Shutting down and abandoning module SmartSnapping (466)
[2018.07.13-17.06.21:407][134]LogModuleManager: Shutting down and abandoning module SessionServices (464)
[2018.07.13-17.06.21:407][134]LogModuleManager: Shutting down and abandoning module ViewportSnapping (462)
[2018.07.13-17.06.21:407][134]LogModuleManager: Shutting down and abandoning module ViewportInteraction (460)
[2018.07.13-17.06.21:407][134]LogModuleManager: Shutting down and abandoning module ClothPainter (458)
[2018.07.13-17.06.21:407][134]LogModuleManager: Shutting down and abandoning module LogVisualizer (456)
[2018.07.13-17.06.21:407][134]LogModuleManager: Shutting down and abandoning module IntroTutorials (454)
[2018.07.13-17.06.21:407][134]LogModuleManager: Shutting down and abandoning module GameProjectGeneration (453)
[2018.07.13-17.06.21:407][134]LogModuleManager: Shutting down and abandoning module IOSPlatformEditor (450)
[2018.07.13-17.06.21:407][134]LogModuleManager: Shutting down and abandoning module HTML5PlatformEditor (448)
[2018.07.13-17.06.21:407][134]LogModuleManager: Shutting down and abandoning module AndroidPlatformEditor (446)
[2018.07.13-17.06.21:407][134]LogModuleManager: Shutting down and abandoning module AndroidDeviceDetection (445)
[2018.07.13-17.06.22:057][134]LogModuleManager: Shutting down and abandoning module WindowsPlatformEditor (442)
[2018.07.13-17.06.22:057][134]LogModuleManager: Shutting down and abandoning module IOSRuntimeSettings (440)
[2018.07.13-17.06.22:057][134]LogModuleManager: Shutting down and abandoning module AndroidRuntimeSettings (438)
[2018.07.13-17.06.22:057][134]LogModuleManager: Shutting down and abandoning module InputBindingEditor (436)
[2018.07.13-17.06.22:057][134]LogModuleManager: Shutting down and abandoning module MergeActors (434)
[2018.07.13-17.06.22:057][134]LogModuleManager: Shutting down and abandoning module SizeMap (432)
[2018.07.13-17.06.22:057][134]LogModuleManager: Shutting down and abandoning module TreeMap (430)
[2018.07.13-17.06.22:057][134]LogModuleManager: Shutting down and abandoning module ReferenceViewer (428)
[2018.07.13-17.06.22:057][134]LogModuleManager: Shutting down and abandoning module LocalizationDashboard (426)
[2018.07.13-17.06.22:057][134]LogModuleManager: Shutting down and abandoning module LocalizationService (425)
[2018.07.13-17.06.22:057][134]LogModuleManager: Shutting down and abandoning module HardwareTargeting (422)
[2018.07.13-17.06.22:058][134]LogModuleManager: Shutting down and abandoning module DeviceProfileEditor (420)
[2018.07.13-17.06.22:058][134]LogModuleManager: Shutting down and abandoning module UndoHistory (418)
[2018.07.13-17.06.22:058][134]LogModuleManager: Shutting down and abandoning module XmlParser (416)
[2018.07.13-17.06.22:058][134]LogModuleManager: Shutting down and abandoning module Blutility (414)
[2018.07.13-17.06.22:058][134]LogModuleManager: Shutting down and abandoning module ProjectSettingsViewer (412)
[2018.07.13-17.06.22:058][134]LogModuleManager: Shutting down and abandoning module ProjectTargetPlatformEditor (411)
[2018.07.13-17.06.22:058][134]LogModuleManager: Shutting down and abandoning module EditorSettingsViewer (408)
[2018.07.13-17.06.22:058][134]LogModuleManager: Shutting down and abandoning module SettingsEditor (406)
[2018.07.13-17.06.22:058][134]LogModuleManager: Shutting down and abandoning module ProjectLauncher (404)
[2018.07.13-17.06.22:058][134]LogModuleManager: Shutting down and abandoning module SessionFrontend (402)
[2018.07.13-17.06.22:058][134]LogModuleManager: Shutting down and abandoning module ProfilerClient (400)
[2018.07.13-17.06.22:058][134]LogModuleManager: Shutting down and abandoning module DeviceManager (398)
[2018.07.13-17.06.22:058][134]LogModuleManager: Shutting down and abandoning module TargetDeviceServices (397)
[2018.07.13-17.06.22:098][134]LogModuleManager: Shutting down and abandoning module AutomationController (394)
[2018.07.13-17.06.22:098][134]LogModuleManager: Shutting down and abandoning module AutomationWindow (392)
[2018.07.13-17.06.22:098][134]LogModuleManager: Shutting down and abandoning module Layers (390)
[2018.07.13-17.06.22:098][134]LogModuleManager: Shutting down and abandoning module ComponentVisualizers (388)
[2018.07.13-17.06.22:098][134]LogModuleManager: Shutting down and abandoning module DetailCustomizations (386)
[2018.07.13-17.06.22:098][134]LogModuleManager: Shutting down and abandoning module PackagesDialog (384)
[2018.07.13-17.06.22:098][134]LogModuleManager: Shutting down and abandoning module Persona (382)
[2018.07.13-17.06.22:098][134]LogModuleManager: Shutting down and abandoning module AdvancedPreviewScene (381)
[2018.07.13-17.06.22:098][134]LogModuleManager: Shutting down and abandoning module AnimGraph (379)
[2018.07.13-17.06.22:098][134]LogModuleManager: Shutting down and abandoning module Kismet (376)
[2018.07.13-17.06.22:106][134]LogModuleManager: Shutting down and abandoning module ClassViewer (374)
[2018.07.13-17.06.22:106][134]LogModuleManager: Shutting down and abandoning module Toolbox (372)
[2018.07.13-17.06.22:106][134]LogModuleManager: Shutting down and abandoning module ModuleUI (370)
[2018.07.13-17.06.22:106][134]LogModuleManager: Shutting down and abandoning module MovieSceneTools (368)
[2018.07.13-17.06.22:106][134]LogModuleManager: Shutting down and abandoning module OutputLog (366)
[2018.07.13-17.06.22:106][134]LogModuleManager: Shutting down and abandoning module GammaUI (364)
[2018.07.13-17.06.22:106][134]LogModuleManager: Shutting down and abandoning module Documentation (362)
[2018.07.13-17.06.22:106][134]LogModuleManager: Shutting down and abandoning module MovieSceneTracks (360)
[2018.07.13-17.06.22:106][134]LogModuleManager: Shutting down and abandoning module MovieScene (358)
[2018.07.13-17.06.22:106][134]LogModuleManager: Shutting down and abandoning module Niagara (356)
[2018.07.13-17.06.22:106][134]LogModuleManager: Shutting down and abandoning module NiagaraEditor (355)
[2018.07.13-17.06.22:106][134]LogModuleManager: Shutting down and abandoning module StreamingPauseRendering (352)
[2018.07.13-17.06.22:106][134]LogModuleManager: Shutting down and abandoning module LauncherPlatform (350)
[2018.07.13-17.06.22:106][134]LogModuleManager: Shutting down and abandoning module AnalyticsET (348)
[2018.07.13-17.06.22:106][134]LogModuleManager: Shutting down and abandoning module PortalServices (346)
[2018.07.13-17.06.22:107][134]LogModuleManager: Shutting down and abandoning module PortalRpc (344)
[2018.07.13-17.06.22:107][134]LogModuleManager: Shutting down and abandoning module MessagingRpc (342)
[2018.07.13-17.06.22:107][134]LogModuleManager: Shutting down and abandoning module AIModule (340)
[2018.07.13-17.06.22:107][134]LogModuleManager: Shutting down and abandoning module GameplayDebugger (339)
[2018.07.13-17.06.22:107][134]LogModuleManager: Shutting down and abandoning module AITestSuite (337)
[2018.07.13-17.06.22:107][134]LogModuleManager: Shutting down and abandoning module ProfilerService (334)
[2018.07.13-17.06.22:355][134]LogModuleManager: Shutting down and abandoning module TaskGraph (332)
[2018.07.13-17.06.22:355][134]LogModuleManager: Shutting down and abandoning module SteamVRController (330)
[2018.07.13-17.06.22:355][134]LogModuleManager: Shutting down and abandoning module ProceduralMeshComponentEditor (328)
[2018.07.13-17.06.22:355][134]LogModuleManager: Shutting down and abandoning module ProceduralMeshComponent (326)
[2018.07.13-17.06.22:355][134]LogModuleManager: Shutting down and abandoning module OculusInput (324)
[2018.07.13-17.06.22:355][134]LogModuleManager: Shutting down and abandoning module MobilePatchingUtils (322)
[2018.07.13-17.06.22:355][134]LogModuleManager: Shutting down and abandoning module CustomMeshComponent (320)
[2018.07.13-17.06.22:355][134]LogModuleManager: Shutting down and abandoning module CableComponent (318)
[2018.07.13-17.06.22:355][134]LogModuleManager: Shutting down and abandoning module ArchVisCharacter (316)
[2018.07.13-17.06.22:355][134]LogModuleManager: Shutting down and abandoning module AndroidPermission (314)
[2018.07.13-17.06.22:355][134]LogModuleManager: Shutting down and abandoning module MediaPlayerEditor (310)
[2018.07.13-17.06.22:355][134]LogModuleManager: Shutting down and abandoning module HTML5Networking (308)
[2018.07.13-17.06.22:355][134]LogModuleManager: Shutting down and abandoning module AlembicImporter (306)
[2018.07.13-17.06.22:355][134]LogModuleManager: Shutting down and abandoning module AlembicLibrary (305)
[2018.07.13-17.06.22:356][134]LogModuleManager: Shutting down and abandoning module GeometryCache (304)
[2018.07.13-17.06.22:356][134]LogModuleManager: Shutting down and abandoning module GeometryCacheEd (303)
[2018.07.13-17.06.22:356][134]LogModuleManager: Shutting down and abandoning module SpeedTreeImporter (298)
[2018.07.13-17.06.22:356][134]LogModuleManager: Shutting down and abandoning module PluginBrowser (296)
[2018.07.13-17.06.22:356][134]LogModuleManager: Shutting down and abandoning module MobileLauncherProfileWizard (294)
[2018.07.13-17.06.22:356][134]LogModuleManager: Shutting down and abandoning module VisualStudioSourceCodeAccess (292)
[2018.07.13-17.06.22:356][134]LogModuleManager: Shutting down and abandoning module DesktopPlatform (291)
[2018.07.13-17.06.22:356][134]LogModuleManager: Shutting down and abandoning module UObjectPlugin (288)
[2018.07.13-17.06.22:356][134]LogModuleManager: Shutting down and abandoning module SubversionSourceControl (286)
[2018.07.13-17.06.22:356][134]LogModuleManager: Shutting down and abandoning module PerforceSourceControl (284)
[2018.07.13-17.06.22:356][134]LogModuleManager: Shutting down and abandoning module GitSourceControl (282)
[2018.07.13-17.06.22:356][134]LogModuleManager: Shutting down and abandoning module SourceControl (281)
[2018.07.13-17.06.22:356][134]LogModuleManager: Shutting down and abandoning module LightPropagationVolumeEditor (278)
[2018.07.13-17.06.22:356][134]LogModuleManager: Shutting down and abandoning module PaperTiledImporter (276)
[2018.07.13-17.06.22:356][134]LogModuleManager: Shutting down and abandoning module PaperSpriteSheetImporter (274)
[2018.07.13-17.06.22:356][134]LogModuleManager: Shutting down and abandoning module Paper2DEditor (272)
[2018.07.13-17.06.22:356][134]LogModuleManager: Shutting down and abandoning module MeshPaint (271)
[2018.07.13-17.06.22:356][134]LogModuleManager: Shutting down and abandoning module LevelEditor (269)
[2018.07.13-17.06.22:357][134]LogModuleManager: Shutting down and abandoning module PixelInspectorModule (268)
[2018.07.13-17.06.22:357][134]LogModuleManager: Shutting down and abandoning module MainFrame (266)
[2018.07.13-17.06.22:357][134]LogModuleManager: Shutting down and abandoning module HotReload (265)
[2018.07.13-17.06.22:357][134]LogModuleManager: Shutting down and abandoning module RuntimePhysXCooking (260)
[2018.07.13-17.06.22:357][134]LogModuleManager: Shutting down and abandoning module PhysXVehiclesEditor (258)
[2018.07.13-17.06.22:357][134]LogModuleManager: Shutting down and abandoning module PhysXVehicles (256)
[2018.07.13-17.06.22:357][134]LogModuleManager: Shutting down and abandoning module OculusEditor (254)
[2018.07.13-17.06.22:357][134]LogModuleManager: Shutting down and abandoning module LocationServicesBPLibrary (252)
[2018.07.13-17.06.22:357][134]LogModuleManager: Shutting down and abandoning module ImmediatePhysicsEditor (250)
[2018.07.13-17.06.22:357][134]LogModuleManager: Shutting down and abandoning module ImmediatePhysics (248)
[2018.07.13-17.06.22:357][134]LogModuleManager: Shutting down and abandoning module UdpMessaging (246)
[2018.07.13-17.06.22:457][134]LogModuleManager: Shutting down and abandoning module TcpMessaging (244)
[2018.07.13-17.06.22:557][134]LogModuleManager: Shutting down and abandoning module GameplayTagsEditor (242)
[2018.07.13-17.06.22:557][134]LogModuleManager: Shutting down and abandoning module FacialAnimationEditor (240)
[2018.07.13-17.06.22:557][134]LogModuleManager: Shutting down and abandoning module FacialAnimation (238)
[2018.07.13-17.06.22:557][134]LogModuleManager: Shutting down and abandoning module AssetManagerEditor (236)
[2018.07.13-17.06.22:557][134]LogModuleManager: Shutting down and abandoning module GraphEditor (235)
[2018.07.13-17.06.22:557][134]LogModuleManager: Shutting down and abandoning module ContentBrowser (233)
[2018.07.13-17.06.22:558][134]LogModuleManager: Shutting down and abandoning module LightPropagationVolumeRuntime (230)
[2018.07.13-17.06.22:558][134]LogModuleManager: Shutting down and abandoning module Paper2D (228)
[2018.07.13-17.06.22:558][134]LogModuleManager: Shutting down and abandoning module WindowsMoviePlayer (226)
[2018.07.13-17.06.22:558][134]LogModuleManager: Shutting down and abandoning module WmfMedia (224)
[2018.07.13-17.06.22:559][134]LogModuleManager: Shutting down and abandoning module PacketHandler (222)
[2018.07.13-17.06.22:559][134]LogModuleManager: Shutting down and abandoning module ClothingSystemEditor (220)
[2018.07.13-17.06.22:559][134]LogModuleManager: Shutting down and abandoning module ClothingSystemRuntime (218)
[2018.07.13-17.06.22:559][134]LogModuleManager: Shutting down and abandoning module Overlay (216)
[2018.07.13-17.06.22:559][134]LogModuleManager: Shutting down and abandoning module OverlayEditor (215)
[2018.07.13-17.06.22:559][134]LogModuleManager: Shutting down and abandoning module MediaAssets (212)
[2018.07.13-17.06.22:559][134]LogModuleManager: Shutting down and abandoning module VREditor (210)
[2018.07.13-17.06.22:559][134]LogModuleManager: Shutting down and abandoning module StringTableEditor (208)
[2018.07.13-17.06.22:559][134]LogModuleManager: Shutting down and abandoning module GameplayTasksEditor (206)
[2018.07.13-17.06.22:559][134]LogModuleManager: Shutting down and abandoning module BehaviorTreeEditor (204)
[2018.07.13-17.06.22:559][134]LogModuleManager: Shutting down and abandoning module FunctionalTesting (202)
[2018.07.13-17.06.22:559][134]LogModuleManager: Shutting down and abandoning module CollisionAnalyzer (200)
[2018.07.13-17.06.22:559][134]LogModuleManager: Shutting down and abandoning module WorkspaceMenuStructure (199)
[2018.07.13-17.06.22:559][134]LogModuleManager: Shutting down and abandoning module UMG (196)
[2018.07.13-17.06.22:559][134]LogModuleManager: Shutting down and abandoning module UMGEditor (195)
[2018.07.13-17.06.22:559][134]LogModuleManager: Shutting down and abandoning module Sequencer (194)
[2018.07.13-17.06.22:559][134]LogModuleManager: Shutting down and abandoning module MessageLog (191)
[2018.07.13-17.06.22:559][134]LogModuleManager: Shutting down and abandoning module SlateReflector (186)
[2018.07.13-17.06.22:559][134]LogModuleManager: Shutting down and abandoning module Slate (184)
[2018.07.13-17.06.22:560][134]LogModuleManager: Shutting down and abandoning module EditorStyle (182)
[2018.07.13-17.06.22:563][134]LogModuleManager: Shutting down and abandoning module MRMesh (180)
[2018.07.13-17.06.22:563][134]LogModuleManager: Shutting down and abandoning module SourceCodeAccess (178)
[2018.07.13-17.06.22:563][134]LogModuleManager: Shutting down and abandoning module HeadMountedDisplay (176)
[2018.07.13-17.06.22:563][134]LogModuleManager: Shutting down and abandoning module XAudio2 (174)
[2018.07.13-17.06.22:563][134]LogModuleManager: Shutting down and abandoning module Networking (172)
[2018.07.13-17.06.22:563][134]LogModuleManager: Shutting down and abandoning module Core (168)
[2018.07.13-17.06.22:563][134]LogModuleManager: Shutting down and abandoning module KismetCompiler (164)
[2018.07.13-17.06.22:563][134]LogModuleManager: Shutting down and abandoning module MeshUtilities (162)
[2018.07.13-17.06.22:563][134]LogModuleManager: Shutting down and abandoning module MeshMergeUtilities (161)
[2018.07.13-17.06.22:563][134]LogModuleManager: Shutting down and abandoning module MeshReductionInterface (160)
[2018.07.13-17.06.22:563][134]LogModuleManager: Shutting down and abandoning module SimplygonSwarm (159)
[2018.07.13-17.06.22:563][134]LogModuleManager: Shutting down and abandoning module SimplygonMeshReduction (157)
[2018.07.13-17.06.22:564][134]LogModuleManager: Shutting down and abandoning module QuadricMeshReduction (155)
[2018.07.13-17.06.22:564][134]LogModuleManager: Shutting down and abandoning module MaterialBaking (151)
[2018.07.13-17.06.22:564][134]LogModuleManager: Shutting down and abandoning module LevelSequence (148)
[2018.07.13-17.06.22:564][134]LogModuleManager: Shutting down and abandoning module DirectoryWatcher (146)
[2018.07.13-17.06.22:565][134]LogModuleManager: Shutting down and abandoning module DerivedDataCache (144)
[2018.07.13-17.06.22:592][134]LogDerivedDataCache: Shutdown
[2018.07.13-17.06.22:592][134]LogModuleManager: Shutting down and abandoning module TargetPlatform (142)
[2018.07.13-17.06.22:592][134]LogModuleManager: Shutting down and abandoning module VulkanShaderFormat (141)
[2018.07.13-17.06.22:592][134]LogModuleManager: Shutting down and abandoning module ShaderFormatVectorVM (139)
[2018.07.13-17.06.22:592][134]LogModuleManager: Shutting down and abandoning module ShaderFormatOpenGL (137)
[2018.07.13-17.06.22:592][134]LogModuleManager: Shutting down and abandoning module ShaderFormatD3D (135)
[2018.07.13-17.06.22:592][134]LogModuleManager: Shutting down and abandoning module MetalShaderFormat (133)
[2018.07.13-17.06.22:592][134]LogModuleManager: Shutting down and abandoning module TextureFormatUncompressed (131)
[2018.07.13-17.06.22:592][134]LogModuleManager: Shutting down and abandoning module TextureFormatPVR (129)
[2018.07.13-17.06.22:592][134]LogModuleManager: Shutting down and abandoning module TextureFormatDXT (127)
[2018.07.13-17.06.22:592][134]LogModuleManager: Shutting down and abandoning module TextureFormatIntelISPCTexComp (125)
[2018.07.13-17.06.22:592][134]LogModuleManager: Shutting down and abandoning module TextureFormatASTC (123)
[2018.07.13-17.06.22:592][134]LogModuleManager: Shutting down and abandoning module ImageWrapper (122)
[2018.07.13-17.06.22:593][134]LogModuleManager: Shutting down and abandoning module TextureFormatAndroid (119)
[2018.07.13-17.06.22:593][134]LogModuleManager: Shutting down and abandoning module AudioFormatOpus (117)
[2018.07.13-17.06.22:593][134]LogModuleManager: Shutting down and abandoning module AudioFormatOgg (115)
[2018.07.13-17.06.22:593][134]LogModuleManager: Shutting down and abandoning module AudioFormatADPCM (113)
[2018.07.13-17.06.22:593][134]LogModuleManager: Shutting down and abandoning module LinuxTargetPlatform (111)
[2018.07.13-17.06.22:593][134]LogModuleManager: Shutting down and abandoning module LinuxServerTargetPlatform (109)
[2018.07.13-17.06.22:593][134]LogModuleManager: Shutting down and abandoning module LinuxNoEditorTargetPlatform (107)
[2018.07.13-17.06.22:593][134]LogModuleManager: Shutting down and abandoning module LinuxClientTargetPlatform (105)
[2018.07.13-17.06.22:593][134]LogModuleManager: Shutting down and abandoning module TVOSTargetPlatform (103)
[2018.07.13-17.06.22:593][134]LogModuleManager: Shutting down and abandoning module Messaging (101)
[2018.07.13-17.06.22:593][134]LogModuleManager: Shutting down and abandoning module IOSTargetPlatform (99)
[2018.07.13-17.06.22:593][134]LogModuleManager: Shutting down and abandoning module HTML5TargetPlatform (97)
[2018.07.13-17.06.22:593][134]LogModuleManager: Shutting down and abandoning module Android_PVRTCTargetPlatform (95)
[2018.07.13-17.06.22:593][134]LogModuleManager: Shutting down and abandoning module Android_MultiTargetPlatform (93)
[2018.07.13-17.06.22:593][134]LogModuleManager: Shutting down and abandoning module Android_ETC2TargetPlatform (91)
[2018.07.13-17.06.22:593][134]LogModuleManager: Shutting down and abandoning module Android_ETC1TargetPlatform (89)
[2018.07.13-17.06.22:593][134]LogModuleManager: Shutting down and abandoning module Android_DXTTargetPlatform (87)
[2018.07.13-17.06.22:593][134]LogModuleManager: Shutting down and abandoning module Android_ATCTargetPlatform (85)
[2018.07.13-17.06.22:593][134]LogModuleManager: Shutting down and abandoning module Android_ASTCTargetPlatform (83)
[2018.07.13-17.06.22:593][134]LogModuleManager: Shutting down and abandoning module AndroidTargetPlatform (81)
[2018.07.13-17.06.22:593][134]LogModuleManager: Shutting down and abandoning module WindowsTargetPlatform (79)
[2018.07.13-17.06.22:593][134]LogModuleManager: Shutting down and abandoning module WindowsServerTargetPlatform (77)
[2018.07.13-17.06.22:593][134]LogModuleManager: Shutting down and abandoning module WindowsNoEditorTargetPlatform (75)
[2018.07.13-17.06.22:593][134]LogModuleManager: Shutting down and abandoning module WindowsClientTargetPlatform (73)
[2018.07.13-17.06.22:593][134]LogModuleManager: Shutting down and abandoning module MacTargetPlatform (71)
[2018.07.13-17.06.22:593][134]LogModuleManager: Shutting down and abandoning module MacServerTargetPlatform (69)
[2018.07.13-17.06.22:593][134]LogModuleManager: Shutting down and abandoning module MacNoEditorTargetPlatform (67)
[2018.07.13-17.06.22:593][134]LogModuleManager: Shutting down and abandoning module MacClientTargetPlatform (65)
[2018.07.13-17.06.22:593][134]LogModuleManager: Shutting down and abandoning module AllDesktopTargetPlatform (63)
[2018.07.13-17.06.22:593][134]LogModuleManager: Shutting down and abandoning module InputCore (60)
[2018.07.13-17.06.22:593][134]LogModuleManager: Shutting down and abandoning module Settings (58)
[2018.07.13-17.06.22:593][134]LogModuleManager: Shutting down and abandoning module PhysXCooking (56)
[2018.07.13-17.06.22:593][134]LogModuleManager: Shutting down and abandoning module SteamVR (54)
[2018.07.13-17.06.22:593][134]LogModuleManager: Shutting down and abandoning module OculusHMD (52)
[2018.07.13-17.06.22:593][134]LogModuleManager: Shutting down and abandoning module ExampleDeviceProfileSelector (50)
[2018.07.13-17.06.22:593][134]LogModuleManager: Shutting down and abandoning module OnlineBlueprintSupport (48)
[2018.07.13-17.06.22:593][134]LogModuleManager: Shutting down and abandoning module OnlineSubsystem (44)
[2018.07.13-17.06.22:593][134]LogOnline: Display: Unloading online subsystem: NULL
[2018.07.13-17.06.22:593][134]LogModuleManager: Shutting down and abandoning module XMPP (43)
[2018.07.13-17.06.22:593][134]LogModuleManager: Shutting down and abandoning module HTTP (41)
[2018.07.13-17.06.22:593][134]LogHttp: Display: Http module shutting down, but needs to wait on 1 outstanding Http requests:
[2018.07.13-17.06.22:593][134]LogHttp: Display: 	verb=[POST] url=[https://datarouter.ol.epicgames.com/datarouter/api/v1/public/data?SessionID=%7BD71556DF-4DFC-8257-11EC-B081ABCD0AE6%7D&AppID=UEEditor.Rocket.Release&AppVersion=4.17.2-3658906%2B%2B%2BUE4%2BRelease-4.17&UserID=88cc4adb46239083b492b79b2badbb26%7Ccb9ee9768053446fbfeea3ec97ac1edf%7Cf514bb93-42f2-4e2c-8b64-582213ce2c6c&AppEnvironment=datacollector-binary&UploadType=eteventstream] status=Processing
[2018.07.13-17.06.22:625][134]LogModuleManager: Shutting down and abandoning module SSL (40)
[2018.07.13-17.06.22:626][134]LogModuleManager: Shutting down and abandoning module AnimationModifiers (36)
[2018.07.13-17.06.22:626][134]LogModuleManager: Shutting down and abandoning module PropertyEditor (35)
[2018.07.13-17.06.22:626][134]LogModuleManager: Shutting down and abandoning module AudioEditor (32)
[2018.07.13-17.06.22:627][134]LogModuleManager: Shutting down and abandoning module TextureCompressor (30)
[2018.07.13-17.06.22:627][134]LogModuleManager: Shutting down and abandoning module ShaderCore (28)
[2018.07.13-17.06.22:627][134]LogModuleManager: Shutting down and abandoning module Landscape (26)
[2018.07.13-17.06.22:627][134]LogModuleManager: Shutting down and abandoning module SlateRHIRenderer (24)
[2018.07.13-17.06.22:628][134]LogModuleManager: Shutting down and abandoning module OpenGLDrv (22)
[2018.07.13-17.06.22:628][134]LogModuleManager: Shutting down and abandoning module D3D11RHI (20)
[2018.07.13-17.06.22:628][134]LogModuleManager: Shutting down and abandoning module AnimGraphRuntime (18)
[2018.07.13-17.06.22:628][134]LogModuleManager: Shutting down and abandoning module Renderer (16)
[2018.07.13-17.06.22:628][134]LogModuleManager: Shutting down and abandoning module Engine (14)
[2018.07.13-17.06.22:628][134]LogModuleManager: Shutting down and abandoning module CoreUObject (12)
[2018.07.13-17.06.22:628][134]LogModuleManager: Shutting down and abandoning module NetworkFile (10)
[2018.07.13-17.06.22:628][134]LogModuleManager: Shutting down and abandoning module CookedIterativeFile (8)
[2018.07.13-17.06.22:628][134]LogModuleManager: Shutting down and abandoning module StreamingFile (6)
[2018.07.13-17.06.22:628][134]LogModuleManager: Shutting down and abandoning module SandboxFile (4)
[2018.07.13-17.06.22:628][134]LogModuleManager: Shutting down and abandoning module PakFile (2)
[2018.07.13-17.06.22:630][134]LogExit: Exiting.
[2018.07.13-17.06.22:653][134]Log file closed, 07/13/18 18:06:22
