Log file open, 11/24/17 12:24:49
LogWindows: Failed to load 'aqProf.dll' (GetLastError=126)
LogWindows: File 'aqProf.dll' does not exist
LogWindows: Failed to load 'VtuneApi.dll' (GetLastError=126)
LogWindows: File 'VtuneApi.dll' does not exist
LogWindows: Failed to load 'VtuneApi32e.dll' (GetLastError=126)
LogWindows: File 'VtuneApi32e.dll' does not exist
LogInit: Display: Running engine for game: MyProject
LogPlatformFile: Not using cached read wrapper
LogInit: Display: RandInit(-1540536704) SRandInit(-1540536704).
LogInit: Read version file with build ID '3709383'
LogInit: Overriding engine version to CL 3709383, compatible CL 3709383
LogInit: Registered custom module enumerator with build ID '3709383'
LogTaskGraph: Started task graph with 5 named threads and 14 total threads with 3 sets of task threads.
LogStats: Stats thread started at 4.600368
LogD3D11RHI: Aftermath initialized
LogModuleManager: Display: Found up-to-date module file ../../../Engine/Plugins/2D/Paper2D/Binaries/Win64/UE4Editor-Paper2D.dll (API version 3709383).
LogModuleManager: Display: Found up-to-date module file ../../../Engine/Plugins/2D/Paper2D/Binaries/Win64/UE4Editor-Paper2DEditor.dll (API version 3709383).
LogModuleManager: Display: Found up-to-date module file ../../../Engine/Plugins/2D/Paper2D/Binaries/Win64/UE4Editor-PaperSpriteSheetImporter.dll (API version 3709383).
LogModuleManager: Display: Found up-to-date module file ../../../Engine/Plugins/2D/Paper2D/Binaries/Win64/UE4Editor-PaperTiledImporter.dll (API version 3709383).
LogModuleManager: Display: Found up-to-date module file ../../../Engine/Plugins/2D/Paper2D/Binaries/Win64/UE4Editor-SmartSnapping.dll (API version 3709383).
LogModuleManager: Display: Found up-to-date module file ../../../Engine/Plugins/Blendables/LightPropagationVolume/Binaries/Win64/UE4Editor-LightPropagationVolumeRuntime.dll (API version 3709383).
LogModuleManager: Display: Found up-to-date module file ../../../Engine/Plugins/Blendables/LightPropagationVolume/Binaries/Win64/UE4Editor-LightPropagationVolumeEditor.dll (API version 3709383).
LogModuleManager: Display: Found up-to-date module file ../../../Engine/Plugins/Developer/GitSourceControl/Binaries/Win64/UE4Editor-GitSourceControl.dll (API version 3709383).
LogModuleManager: Display: Found up-to-date module file ../../../Engine/Plugins/Developer/PerforceSourceControl/Binaries/Win64/UE4Editor-PerforceSourceControl.dll (API version 3709383).
LogModuleManager: Display: Found up-to-date module file ../../../Engine/Plugins/Developer/SubversionSourceControl/Binaries/Win64/UE4Editor-SubversionSourceControl.dll (API version 3709383).
LogModuleManager: Display: Found up-to-date module file ../../../Engine/Plugins/Developer/UObjectPlugin/Binaries/Win64/UE4Editor-UObjectPlugin.dll (API version 3709383).
LogModuleManager: Display: Found up-to-date module file ../../../Engine/Plugins/Developer/VisualStudioCodeSourceCodeAccess/Binaries/Win64/UE4Editor-VisualStudioCodeSourceCodeAccess.dll (API version 3709383).
LogModuleManager: Display: Found up-to-date module file ../../../Engine/Plugins/Developer/VisualStudioSourceCodeAccess/Binaries/Win64/UE4Editor-VisualStudioSourceCodeAccess.dll (API version 3709383).
LogModuleManager: Display: Found up-to-date module file ../../../Engine/Plugins/Editor/AssetManagerEditor/Binaries/Win64/UE4Editor-AssetManagerEditor.dll (API version 3709383).
LogModuleManager: Display: Found up-to-date module file ../../../Engine/Plugins/Editor/AudioCapture/Binaries/Win64/UE4Editor-AudioCapture.dll (API version 3709383).
LogModuleManager: Display: Found up-to-date module file ../../../Engine/Plugins/Editor/FacialAnimation/Binaries/Win64/UE4Editor-FacialAnimation.dll (API version 3709383).
LogModuleManager: Display: Found up-to-date module file ../../../Engine/Plugins/Editor/FacialAnimation/Binaries/Win64/UE4Editor-FacialAnimationEditor.dll (API version 3709383).
LogModuleManager: Display: Found up-to-date module file ../../../Engine/Plugins/Editor/GameplayTagsEditor/Binaries/Win64/UE4Editor-GameplayTagsEditor.dll (API version 3709383).
LogModuleManager: Display: Found up-to-date module file ../../../Engine/Plugins/Editor/MobileLauncherProfileWizard/Binaries/Win64/UE4Editor-MobileLauncherProfileWizard.dll (API version 3709383).
LogModuleManager: Display: Found up-to-date module file ../../../Engine/Plugins/Editor/PluginBrowser/Binaries/Win64/UE4Editor-PluginBrowser.dll (API version 3709383).
LogModuleManager: Display: Found up-to-date module file ../../../Engine/Plugins/Editor/SpeedTreeImporter/Binaries/Win64/UE4Editor-SpeedTreeImporter.dll (API version 3709383).
LogModuleManager: Display: Found up-to-date module file ../../../Engine/Plugins/Experimental/AlembicImporter/Binaries/Win64/UE4Editor-AlembicImporter.dll (API version 3709383).
LogModuleManager: Display: Found up-to-date module file ../../../Engine/Plugins/Experimental/AlembicImporter/Binaries/Win64/UE4Editor-AlembicLibrary.dll (API version 3709383).
LogModuleManager: Display: Found up-to-date module file ../../../Engine/Plugins/Experimental/CharacterAI/Binaries/Win64/UE4Editor-CharacterAI.dll (API version 3709383).
LogModuleManager: Display: Found up-to-date module file ../../../Engine/Plugins/Experimental/HTML5Networking/Binaries/Win64/UE4Editor-HTML5Networking.dll (API version 3709383).
LogModuleManager: Display: Found up-to-date module file ../../../Engine/Plugins/Media/AndroidMedia/Binaries/Win64/UE4Editor-AndroidMediaEditor.dll (API version 3709383).
LogModuleManager: Display: Found up-to-date module file ../../../Engine/Plugins/Media/AndroidMedia/Binaries/Win64/UE4Editor-AndroidMediaFactory.dll (API version 3709383).
LogModuleManager: Display: Found up-to-date module file ../../../Engine/Plugins/Media/AvfMedia/Binaries/Win64/UE4Editor-AvfMediaEditor.dll (API version 3709383).
LogModuleManager: Display: Found up-to-date module file ../../../Engine/Plugins/Media/AvfMedia/Binaries/Win64/UE4Editor-AvfMediaFactory.dll (API version 3709383).
LogModuleManager: Display: Found up-to-date module file ../../../Engine/Plugins/Media/AvfMedia/Binaries/Win64/UE4Editor-AvfMediaFactory.dll (API version 3709383).
LogModuleManager: Display: Found up-to-date module file ../../../Engine/Plugins/Media/ImgMedia/Binaries/Win64/UE4Editor-ImgMedia.dll (API version 3709383).
LogModuleManager: Display: Found up-to-date module file ../../../Engine/Plugins/Media/ImgMedia/Binaries/Win64/UE4Editor-ImgMediaEditor.dll (API version 3709383).
LogModuleManager: Display: Found up-to-date module file ../../../Engine/Plugins/Media/ImgMedia/Binaries/Win64/UE4Editor-ImgMediaFactory.dll (API version 3709383).
LogModuleManager: Display: Found up-to-date module file ../../../Engine/Plugins/Media/ImgMedia/Binaries/Win64/UE4Editor-ImgMediaFactory.dll (API version 3709383).
LogModuleManager: Display: Found up-to-date module file ../../../Engine/Plugins/Media/ImgMedia/Binaries/Win64/UE4Editor-OpenExrWrapper.dll (API version 3709383).
LogModuleManager: Display: Found up-to-date module file ../../../Engine/Plugins/Media/MediaCompositing/Binaries/Win64/UE4Editor-MediaCompositing.dll (API version 3709383).
LogModuleManager: Display: Found up-to-date module file ../../../Engine/Plugins/Media/MediaCompositing/Binaries/Win64/UE4Editor-MediaCompositingEditor.dll (API version 3709383).
LogModuleManager: Display: Found up-to-date module file ../../../Engine/Plugins/Media/MediaPlayerEditor/Binaries/Win64/UE4Editor-MediaPlayerEditor.dll (API version 3709383).
LogModuleManager: Display: Found up-to-date module file ../../../Engine/Plugins/Media/WmfMedia/Binaries/Win64/UE4Editor-WmfMedia.dll (API version 3709383).
LogModuleManager: Display: Found up-to-date module file ../../../Engine/Plugins/Media/WmfMedia/Binaries/Win64/UE4Editor-WmfMediaEditor.dll (API version 3709383).
LogModuleManager: Display: Found up-to-date module file ../../../Engine/Plugins/Media/WmfMedia/Binaries/Win64/UE4Editor-WmfMediaFactory.dll (API version 3709383).
LogModuleManager: Display: Found up-to-date module file ../../../Engine/Plugins/Media/WmfMedia/Binaries/Win64/UE4Editor-WmfMediaFactory.dll (API version 3709383).
LogModuleManager: Display: Found up-to-date module file ../../../Engine/Plugins/Messaging/TcpMessaging/Binaries/Win64/UE4Editor-TcpMessaging.dll (API version 3709383).
LogModuleManager: Display: Found up-to-date module file ../../../Engine/Plugins/Messaging/UdpMessaging/Binaries/Win64/UE4Editor-UdpMessaging.dll (API version 3709383).
LogModuleManager: Display: Found up-to-date module file ../../../Engine/Plugins/MovieScene/ActorSequence/Binaries/Win64/UE4Editor-ActorSequence.dll (API version 3709383).
LogModuleManager: Display: Found up-to-date module file ../../../Engine/Plugins/MovieScene/LevelSequenceEditor/Binaries/Win64/UE4Editor-LevelSequenceEditor.dll (API version 3709383).
LogModuleManager: Display: Found up-to-date module file ../../../Engine/Plugins/MovieScene/MatineeToLevelSequence/Binaries/Win64/UE4Editor-MatineeToLevelSequence.dll (API version 3709383).
LogModuleManager: Display: Found up-to-date module file ../../../Engine/Plugins/Online/OnlineSubsystem/Binaries/Win64/UE4Editor-OnlineSubsystem.dll (API version 3709383).
LogModuleManager: Display: Found up-to-date module file ../../../Engine/Plugins/Runtime/AndroidPermission/Binaries/Win64/UE4Editor-AndroidPermission.dll (API version 3709383).
LogModuleManager: Display: Found up-to-date module file ../../../Engine/Plugins/Online/OnlineSubsystemNull/Binaries/Win64/UE4Editor-OnlineSubsystemNull.dll (API version 3709383).
LogModuleManager: Display: Found up-to-date module file ../../../Engine/Plugins/Online/OnlineSubsystemUtils/Binaries/Win64/UE4Editor-OnlineSubsystemUtils.dll (API version 3709383).
LogModuleManager: Display: Found up-to-date module file ../../../Engine/Plugins/Online/OnlineSubsystemUtils/Binaries/Win64/UE4Editor-OnlineBlueprintSupport.dll (API version 3709383).
LogModuleManager: Display: Found up-to-date module file ../../../Engine/Plugins/Runtime/AndroidDeviceProfileSelector/Binaries/Win64/UE4Editor-AndroidDeviceProfileSelector.dll (API version 3709383).
LogModuleManager: Display: Found up-to-date module file ../../../Engine/Plugins/Runtime/AppleARKit/Binaries/Win64/UE4Editor-AppleARKit.dll (API version 3709383).
LogModuleManager: Display: Found up-to-date module file ../../../Engine/Plugins/Runtime/ArchVisCharacter/Binaries/Win64/UE4Editor-ArchVisCharacter.dll (API version 3709383).
LogModuleManager: Display: Found up-to-date module file ../../../Engine/Plugins/Runtime/CableComponent/Binaries/Win64/UE4Editor-CableComponent.dll (API version 3709383).
LogModuleManager: Display: Found up-to-date module file ../../../Engine/Plugins/Runtime/CustomMeshComponent/Binaries/Win64/UE4Editor-CustomMeshComponent.dll (API version 3709383).
LogModuleManager: Display: Found up-to-date module file ../../../Engine/Plugins/Runtime/ExampleDeviceProfileSelector/Binaries/Win64/UE4Editor-ExampleDeviceProfileSelector.dll (API version 3709383).
LogModuleManager: Display: Found up-to-date module file ../../../Engine/Plugins/Runtime/ImmediatePhysics/Binaries/Win64/UE4Editor-ImmediatePhysics.dll (API version 3709383).
LogModuleManager: Display: Found up-to-date module file ../../../Engine/Plugins/Runtime/ImmediatePhysics/Binaries/Win64/UE4Editor-ImmediatePhysicsEditor.dll (API version 3709383).
LogModuleManager: Display: Found up-to-date module file ../../../Engine/Plugins/Runtime/LocationServicesBPLibrary/Binaries/Win64/UE4Editor-LocationServicesBPLibrary.dll (API version 3709383).
LogModuleManager: Display: Found up-to-date module file ../../../Engine/Plugins/Runtime/MobilePatchingUtils/Binaries/Win64/UE4Editor-MobilePatchingUtils.dll (API version 3709383).
LogModuleManager: Display: Found up-to-date module file ../../../Engine/Plugins/Runtime/Oculus/OculusVR/Binaries/Win64/UE4Editor-OculusHMD.dll (API version 3709383).
LogModuleManager: Display: Found up-to-date module file ../../../Engine/Plugins/Runtime/Oculus/OculusVR/Binaries/Win64/UE4Editor-OculusInput.dll (API version 3709383).
LogModuleManager: Display: Found up-to-date module file ../../../Engine/Plugins/Runtime/Oculus/OculusVR/Binaries/Win64/UE4Editor-OculusEditor.dll (API version 3709383).
LogModuleManager: Display: Found up-to-date module file ../../../Engine/Plugins/Runtime/PhysXVehicles/Binaries/Win64/UE4Editor-PhysXVehicles.dll (API version 3709383).
LogModuleManager: Display: Found up-to-date module file ../../../Engine/Plugins/Runtime/PhysXVehicles/Binaries/Win64/UE4Editor-PhysXVehiclesEditor.dll (API version 3709383).
LogModuleManager: Display: Found up-to-date module file ../../../Engine/Plugins/Runtime/ProceduralMeshComponent/Binaries/Win64/UE4Editor-ProceduralMeshComponent.dll (API version 3709383).
LogModuleManager: Display: Found up-to-date module file ../../../Engine/Plugins/Runtime/ProceduralMeshComponent/Binaries/Win64/UE4Editor-ProceduralMeshComponentEditor.dll (API version 3709383).
LogModuleManager: Display: Found up-to-date module file ../../../Engine/Plugins/Runtime/RuntimePhysXCooking/Binaries/Win64/UE4Editor-RuntimePhysXCooking.dll (API version 3709383).
LogModuleManager: Display: Found up-to-date module file ../../../Engine/Plugins/Runtime/Steam/SteamVR/Binaries/Win64/UE4Editor-SteamVR.dll (API version 3709383).
LogModuleManager: Display: Found up-to-date module file ../../../Engine/Plugins/Runtime/Steam/SteamVR/Binaries/Win64/UE4Editor-SteamVRController.dll (API version 3709383).
LogModuleManager: Display: Found up-to-date module file ../../../Engine/Plugins/Runtime/WindowsMoviePlayer/Binaries/Win64/UE4Editor-WindowsMoviePlayer.dll (API version 3709383).
LogPluginManager: Mounting plugin Paper2D
LogPluginManager: Mounting plugin LightPropagationVolume
LogPluginManager: Mounting plugin CodeLiteSourceCodeAccess
LogPluginManager: Mounting plugin GitSourceControl
LogPluginManager: Mounting plugin KDevelopSourceCodeAccess
LogPluginManager: Mounting plugin NullSourceCodeAccess
LogPluginManager: Mounting plugin PerforceSourceControl
LogPluginManager: Mounting plugin SubversionSourceControl
LogPluginManager: Mounting plugin UObjectPlugin
LogPluginManager: Mounting plugin VisualStudioCodeSourceCodeAccess
LogPluginManager: Mounting plugin VisualStudioSourceCodeAccess
LogPluginManager: Mounting plugin XCodeSourceCodeAccess
LogPluginManager: Mounting plugin AssetManagerEditor
LogPluginManager: Mounting plugin AudioCapture
LogPluginManager: Mounting plugin FacialAnimation
LogPluginManager: Mounting plugin GameplayTagsEditor
LogPluginManager: Mounting plugin MobileLauncherProfileWizard
LogPluginManager: Mounting plugin PluginBrowser
LogPluginManager: Mounting plugin SpeedTreeImporter
LogPluginManager: Mounting plugin AlembicImporter
LogPluginManager: Mounting plugin CharacterAI
LogPluginManager: Mounting plugin HTML5Networking
LogPluginManager: Mounting plugin AndroidMedia
LogPluginManager: Mounting plugin AvfMedia
LogPluginManager: Mounting plugin ImgMedia
LogPluginManager: Mounting plugin MediaCompositing
LogPluginManager: Mounting plugin MediaPlayerEditor
LogPluginManager: Mounting plugin WmfMedia
LogPluginManager: Mounting plugin TcpMessaging
LogPluginManager: Mounting plugin UdpMessaging
LogPluginManager: Mounting plugin ActorSequence
LogPluginManager: Mounting plugin LevelSequenceEditor
LogPluginManager: Mounting plugin MatineeToLevelSequence
LogPluginManager: Mounting plugin OnlineSubsystemGooglePlay
LogPluginManager: Mounting plugin OnlineSubsystemIOS
LogPluginManager: Mounting plugin OnlineSubsystem
LogPluginManager: Mounting plugin OnlineSubsystemNull
LogPluginManager: Mounting plugin OnlineSubsystemUtils
LogPluginManager: Mounting plugin AndroidDeviceProfileSelector
LogPluginManager: Mounting plugin AndroidMoviePlayer
LogPluginManager: Mounting plugin AndroidPermission
LogPluginManager: Mounting plugin AppleARKit
LogPluginManager: Mounting plugin AppleMoviePlayer
LogPluginManager: Mounting plugin ArchVisCharacter
LogPluginManager: Mounting plugin CableComponent
LogPluginManager: Mounting plugin CustomMeshComponent
LogPluginManager: Mounting plugin ExampleDeviceProfileSelector
LogPluginManager: Mounting plugin GoogleCloudMessaging
LogPluginManager: Mounting plugin ImmediatePhysics
LogPluginManager: Mounting plugin IOSDeviceProfileSelector
LogPluginManager: Mounting plugin LinuxDeviceProfileSelector
LogPluginManager: Mounting plugin LocationServicesBPLibrary
LogPluginManager: Mounting plugin MobilePatchingUtils
LogPluginManager: Mounting plugin OculusVR
LogPluginManager: Plugin shader directory ../../../Engine/Plugins/Runtime/Oculus/OculusVR/Shaders found
LogPluginManager: Mapping shader source directory ../../../Engine/Plugins/Runtime/Oculus/OculusVR/Shaders to virtual directory /Plugin/OculusVR
LogPluginManager: Mounting plugin PhysXVehicles
LogPluginManager: Mounting plugin ProceduralMeshComponent
LogPluginManager: Mounting plugin RuntimePhysXCooking
LogPluginManager: Mounting plugin SteamVR
LogPluginManager: Mounting plugin WindowsMoviePlayer
LogInit: Using libcurl 7.47.1
LogInit:  - built for x86_64-pc-win32
LogInit:  - supports SSL with OpenSSL/1.0.2g
LogInit:  - supports HTTP deflate (compression) using libz 1.2.8
LogInit:  - other features:
LogInit:      CURL_VERSION_SSL
LogInit:      CURL_VERSION_LIBZ
LogInit:      CURL_VERSION_IPV6
LogInit:      CURL_VERSION_ASYNCHDNS
LogInit:      CURL_VERSION_LARGEFILE
LogInit:      CURL_VERSION_IDN
LogInit:  CurlRequestOptions (configurable via config and command line):
LogInit:  - bVerifyPeer = false  - Libcurl will NOT verify peer certificate
LogInit:  - bUseHttpProxy = false  - Libcurl will NOT use HTTP proxy
LogInit:  - bDontReuseConnections = false  - Libcurl will reuse connections
LogInit:  - CertBundlePath = nullptr  - Libcurl will use whatever was configured at build time.
LogInit: Build: ++UE4+Release-4.18-CL-3709383
LogInit: Engine Version: 4.18.0-3709383+++UE4+Release-4.18
LogInit: Compatible Engine Version: 4.18.0-3709383+++UE4+Release-4.18
LogInit: Net CL: 3709383
LogDevObjectVersion: Number of dev versions registered: 16
LogDevObjectVersion:   Dev-Blueprints (B0D832E4-1F89-4F0D-ACCF-7EB736FD4AA2): 10
LogDevObjectVersion:   Dev-Build (E1C64328-A22C-4D53-A36C-8E866417BD8C): 0
LogDevObjectVersion:   Dev-Core (375EC13C-06E4-48FB-B500-84F0262A717E): 2
LogDevObjectVersion:   Dev-Editor (E4B068ED-F494-42E9-A231-DA0B2E46BB41): 20
LogDevObjectVersion:   Dev-Framework (CFFC743F-43B0-4480-9391-14DF171D2073): 30
LogDevObjectVersion:   Dev-Mobile (B02B49B5-BB20-44E9-A304-32B752E40360): 0
LogDevObjectVersion:   Dev-Networking (A4E4105C-59A1-49B5-A7C5-40C4547EDFEE): 0
LogDevObjectVersion:   Dev-Online (39C831C9-5AE6-47DC-9A44-9C173E1C8E7C): 0
LogDevObjectVersion:   Dev-Physics (78F01B33-EBEA-4F98-B9B4-84EACCB95AA2): 0
LogDevObjectVersion:   Dev-Platform (6631380F-2D4D-43E0-8009-CF276956A95A): 0
LogDevObjectVersion:   Dev-Rendering (12F88B9F-8875-4AFC-A67C-D90C383ABD29): 20
LogDevObjectVersion:   Dev-Sequencer (7B5AE74C-D270-4C10-A958-57980B212A5A): 4
LogDevObjectVersion:   Dev-VR (D7296918-1DD6-4BDD-9DE2-64A83CC13884): 0
LogDevObjectVersion:   Dev-LoadTimes (C2A15278-BFE7-4AFE-6C17-90FF531DF755): 1
LogDevObjectVersion:   Private-Geometry (6EACA3D4-40EC-4CC1-B786-8BED09428FC5): 1
LogDevObjectVersion:   Dev-AnimPhys (29E575DD-E0A3-4627-9D10-D276232CDCEA): 12
LogInit: Compiled (64-bit): Oct 20 2017 10:39:19
LogInit: Compiled with Visual C++: 19.00.24215.01
LogInit: Build Configuration: Development
LogInit: Branch Name: ++UE4+Release-4.18
LogInit: Command line:  
LogInit: Base directory: C:/Program Files/Epic Games/UE_4.18/Engine/Binaries/Win64/
LogInit: Installed Engine Build: 1
LogInit: Presizing for max 8388607 objects, including 0 objects not considered by GC, pre-allocating 0 bytes for permanent pool.
LogInit: Object subsystem initialized
[2017.11.24-12.24.56:988][  0]LogInit: Selected Device Profile: [Windows]
[2017.11.24-12.24.56:988][  0]LogInit: Applying CVar settings loaded from the selected device profile: [Windows]
[2017.11.24-12.24.57:073][  0]LogInit: Computer: QUWAINES-LAPTOP
[2017.11.24-12.24.57:073][  0]LogInit: User: Quwaine
[2017.11.24-12.24.57:073][  0]LogInit: CPU Page size=4096, Cores=4
[2017.11.24-12.24.57:073][  0]LogInit: High frequency timer resolution =2.435766 MHz
[2017.11.24-12.24.57:073][  0]LogMemory: Memory total: Physical=15.9GB (16GB approx)
[2017.11.24-12.24.57:073][  0]LogMemory: Platform Memory Stats for Windows
[2017.11.24-12.24.57:073][  0]LogMemory: Process Physical Memory: 274.87 MB used, 274.87 MB peak
[2017.11.24-12.24.57:073][  0]LogMemory: Process Virtual Memory: 269.56 MB used, 269.56 MB peak
[2017.11.24-12.24.57:073][  0]LogMemory: Physical Memory: 7929.68 MB used,  8366.59 MB free, 16296.27 MB total
[2017.11.24-12.24.57:073][  0]LogMemory: Virtual Memory: 644.46 MB used,  8366.59 MB free, 134217728.00 MB total
[2017.11.24-12.24.58:928][  0]LogInit: Using OS detected language (en-GB).
[2017.11.24-12.24.58:928][  0]LogInit: Using OS detected locale (en-GB).
[2017.11.24-12.24.59:071][  0]LogTextLocalizationManager: No specific localization for 'en-GB' exists, so the 'en' localization will be used.
[2017.11.24-12.24.59:772][  0]LogInit: Setting process to per monitor DPI aware
[2017.11.24-12.25.03:923][  0]LogD3D11RHI: D3D11 adapters:
[2017.11.24-12.25.04:742][  0]LogD3D11RHI:    0. 'NVIDIA GeForce GTX 860M' (Feature Level 11_0)
[2017.11.24-12.25.04:742][  0]LogD3D11RHI:       4065/0/8148 MB DedicatedVideo/DedicatedSystem/SharedSystem, Outputs:1, VendorId:0x10de
[2017.11.24-12.25.04:759][  0]LogD3D11RHI:    1. 'Intel(R) HD Graphics 4600' (Feature Level 11_0)
[2017.11.24-12.25.04:759][  0]LogD3D11RHI:       112/0/2048 MB DedicatedVideo/DedicatedSystem/SharedSystem, Outputs:0, VendorId:0x8086
[2017.11.24-12.25.04:761][  0]LogD3D11RHI:    2. 'Microsoft Basic Render Driver' (Feature Level 11_0)
[2017.11.24-12.25.04:761][  0]LogD3D11RHI:       0/0/8148 MB DedicatedVideo/DedicatedSystem/SharedSystem, Outputs:0, VendorId:0x1414
[2017.11.24-12.25.04:761][  0]LogD3D11RHI: Chosen D3D11 Adapter: 0
[2017.11.24-12.25.04:772][  0]LogD3D11RHI: Creating new Direct3DDevice
[2017.11.24-12.25.04:780][  0]LogD3D11RHI:     GPU DeviceId: 0x1392 (for the marketing name, search the web for "GPU Device Id")
[2017.11.24-12.25.04:780][  0]LogWindows: EnumDisplayDevices:
[2017.11.24-12.25.04:781][  0]LogWindows:    0. 'Intel(R) HD Graphics 4600' (P:1 D:1)
[2017.11.24-12.25.04:781][  0]LogWindows:    1. 'Intel(R) HD Graphics 4600' (P:0 D:0)
[2017.11.24-12.25.04:781][  0]LogWindows:    2. 'Intel(R) HD Graphics 4600' (P:0 D:0)
[2017.11.24-12.25.04:782][  0]LogWindows: DebugString: PrimaryIsNotTheChoosenAdapter PrimaryIsNotTheChoosenAdapter PrimaryIsNotTheChoosenAdapter FoundDriverCount:0 
[2017.11.24-12.25.04:782][  0]LogD3D11RHI:     Adapter Name: NVIDIA GeForce GTX 860M
[2017.11.24-12.25.04:782][  0]LogD3D11RHI:   Driver Version: Unknown (internal:Unknown, unified:Unknown)
[2017.11.24-12.25.04:782][  0]LogD3D11RHI:      Driver Date: Unknown
[2017.11.24-12.25.04:782][  0]LogRHI: Texture pool is 2846 MB (70% of 4065 MB)
[2017.11.24-12.25.05:472][  0]LogD3D11RHI: Async texture creation enabled
[2017.11.24-12.25.05:684][  0]LogD3D11RHI: GPU Timing Frequency: 1000.000000 (Debug: 2 1)
[2017.11.24-12.25.05:834][  0]LogShaderCompilers: Guid format shader working directory is -41 characters bigger than the processId version (../../../../../../Users/Quwaine/Documents/GitHub/level-6-l6-group-9/Prototypes/MyProject/Intermediate/Shaders/WorkingDirectory/16132/).
[2017.11.24-12.25.05:834][  0]LogShaderCompilers: Cleaned the shader compiler working directory 'C:/Users/Quwaine/AppData/Local/Temp/UnrealShaderWorkingDir/3AA4807A4F1E1F801E991399342D175D/'.
[2017.11.24-12.25.05:838][  0]LogShaderCompilers: Display: Using Local Shader Compiler.
[2017.11.24-12.25.12:938][  0]LogTemp: Display: Loaded TP AllDesktopTargetPlatform
[2017.11.24-12.25.13:182][  0]LogTemp: Display: Loaded TP MacClientTargetPlatform
[2017.11.24-12.25.13:428][  0]LogTemp: Display: Loaded TP MacNoEditorTargetPlatform
[2017.11.24-12.25.13:649][  0]LogTemp: Display: Loaded TP MacServerTargetPlatform
[2017.11.24-12.25.13:918][  0]LogTemp: Display: Loaded TP MacTargetPlatform
[2017.11.24-12.25.14:181][  0]LogTemp: Display: Loaded TP WindowsClientTargetPlatform
[2017.11.24-12.25.14:401][  0]LogTemp: Display: Loaded TP WindowsNoEditorTargetPlatform
[2017.11.24-12.25.14:624][  0]LogTemp: Display: Loaded TP WindowsServerTargetPlatform
[2017.11.24-12.25.14:934][  0]LogTemp: Display: Loaded TP WindowsTargetPlatform
[2017.11.24-12.25.15:162][  0]LogTemp: Display: Loaded TP Android_ASTCTargetPlatform
[2017.11.24-12.25.15:385][  0]LogTemp: Display: Loaded TP Android_ATCTargetPlatform
[2017.11.24-12.25.15:621][  0]LogTemp: Display: Loaded TP Android_DXTTargetPlatform
[2017.11.24-12.25.15:861][  0]LogTemp: Display: Loaded TP Android_ETC1TargetPlatform
[2017.11.24-12.25.16:090][  0]LogTemp: Display: Loaded TP Android_ETC2TargetPlatform
[2017.11.24-12.25.16:621][  0]LogTemp: Display: Loaded TP Android_MultiTargetPlatform
[2017.11.24-12.25.16:621][  0]LogTemp: Display: Loaded TP Android_PVRTCTargetPlatform
[2017.11.24-12.25.16:900][  0]LogTemp: Display: Loaded TP AndroidTargetPlatform
[2017.11.24-12.25.17:111][  0]LogTemp: Display: Loaded TP HTML5TargetPlatform
[2017.11.24-12.25.17:529][  0]LogTemp: Display: Loaded TP IOSTargetPlatform
[2017.11.24-12.25.17:661][  0]LogTemp: Display: Loaded TP TVOSTargetPlatform
[2017.11.24-12.25.17:883][  0]LogTemp: Display: Loaded TP LinuxClientTargetPlatform
[2017.11.24-12.25.18:103][  0]LogTemp: Display: Loaded TP LinuxNoEditorTargetPlatform
[2017.11.24-12.25.18:322][  0]LogTemp: Display: Loaded TP LinuxServerTargetPlatform
[2017.11.24-12.25.18:599][  0]LogTemp: Display: Loaded TP LinuxTargetPlatform
[2017.11.24-12.25.18:599][  0]LogTargetPlatformManager: Display: Building Assets For Windows
[2017.11.24-12.25.21:821][  0]LogDerivedDataCache: Display: Max Cache Size: 512 MB
[2017.11.24-12.25.23:205][  0]LogDerivedDataCache: Loaded boot cache 1.29s 78MB C:/Users/Quwaine/AppData/Local/UnrealEngine/4.18/DerivedDataCache/Boot.ddc.
[2017.11.24-12.25.23:205][  0]LogDerivedDataCache: Display: Loaded Boot cache: C:/Users/Quwaine/AppData/Local/UnrealEngine/4.18/DerivedDataCache/Boot.ddc
[2017.11.24-12.25.23:205][  0]LogDerivedDataCache: FDerivedDataBackendGraph:  Pak pak cache file ../../../../../../Users/Quwaine/Documents/GitHub/level-6-l6-group-9/Prototypes/MyProject/DerivedDataCache/DDC.ddp not found, will not use a pak cache.
[2017.11.24-12.25.23:205][  0]LogDerivedDataCache: Unable to find inner node Pak for hierarchical cache Hierarchy.
[2017.11.24-12.25.23:205][  0]LogDerivedDataCache: FDerivedDataBackendGraph:  CompressedPak pak cache file ../../../../../../Users/Quwaine/Documents/GitHub/level-6-l6-group-9/Prototypes/MyProject/DerivedDataCache/Compressed.ddp not found, will not use a pak cache.
[2017.11.24-12.25.23:205][  0]LogDerivedDataCache: Unable to find inner node CompressedPak for hierarchical cache Hierarchy.
[2017.11.24-12.25.23:285][  0]LogDerivedDataCache: Display: Pak cache opened for reading ../../../Engine/DerivedDataCache/Compressed.ddp.
[2017.11.24-12.25.23:298][  0]LogDerivedDataCache: Using Local data cache path C:/Users/Quwaine/AppData/Local/UnrealEngine/Common/DerivedDataCache: Writable
[2017.11.24-12.25.23:337][  0]LogMaterial: Verifying Global Shaders for PCD3D_SM5
[2017.11.24-12.25.23:385][  0]LogSlate: Using Freetype 2.6.0
[2017.11.24-12.25.23:434][  0]LogSlate: SlateFontCache - WITH_FREETYPE: 1, WITH_HARFBUZZ: 1
[2017.11.24-12.25.23:434][  0]LogSlate: SlateFontCache - WITH_FREETYPE: 1, WITH_HARFBUZZ: 1
[2017.11.24-12.25.32:369][  0]LogInit: Selected Device Profile: [Windows]
[2017.11.24-12.25.35:141][  0]LogSimplygon: Simplygon DLL not present - disabling.
[2017.11.24-12.25.35:460][  0]LogMeshReduction: Using SimplygonSwarm for distributed automatic mesh merging
[2017.11.24-12.25.35:476][  0]LogMeshReduction: Using QuadricMeshReduction for automatic static mesh reduction
[2017.11.24-12.25.35:476][  0]LogMeshReduction: No automatic skeletal mesh reduction module available
[2017.11.24-12.25.35:476][  0]LogMeshReduction: No automatic mesh merging module available
[2017.11.24-12.25.35:476][  0]LogMeshMerging: No automatic mesh merging module available
[2017.11.24-12.25.35:865][  0]LogNetVersion: MyProject , NetCL: 3709383, EngineNetVer: 2, GameNetVer: 0 (Checksum: 1490074681)
[2017.11.24-12.25.37:721][  0]LogAssetRegistry: FAssetRegistry took 0.0280 seconds to start up
[2017.11.24-12.25.41:677][  0]LogPackageLocalizationCache: Processed 7 localized package path(s) for 2 prioritized culture(s) in 0.101882 seconds
[2017.11.24-12.25.41:683][  0]LogUObjectArray: 35900 objects as part of root set at end of initial load.
[2017.11.24-12.25.41:683][  0]LogUObjectAllocator: 7372024 out of 0 bytes used by permanent object pool.
[2017.11.24-12.25.41:683][  0]LogUObjectArray: CloseDisregardForGC: 0/0 objects in disregard for GC pool
[2017.11.24-12.25.42:076][  0]LogInit: WinSock: version 1.1 (2.2), MaxSocks=32767, MaxUdp=65467
[2017.11.24-12.26.15:735][  0]LogTcpMessaging: Initializing TcpMessaging bridge
[2017.11.24-12.26.15:900][  0]LogUdpMessaging: Initializing bridge on interface 0.0.0.0:0 to multicast group 230.0.0.1:6666.
[2017.11.24-12.26.19:939][  0]LogMaterial: Uniform references updated for custom material expression Custom.
[2017.11.24-12.26.22:166][  0]SourceControl: Source control is disabled
[2017.11.24-12.26.22:166][  0]SourceControl: Source control is disabled
[2017.11.24-12.26.22:442][  0]SourceControl: Source control is disabled
[2017.11.24-12.26.22:725][  0]SourceControl: Source control is disabled
[2017.11.24-12.26.27:199][  0]LogAndroidPermission: UAndroidPermissionCallbackProxy::GetInstance
[2017.11.24-12.26.28:461][  0]LogOcInput: OculusInput pre-init called
[2017.11.24-12.26.30:374][  0]LogEngine: Initializing Engine...
[2017.11.24-12.26.30:457][  0]LogHMD: Failed to initialize OpenVR with code 110
[2017.11.24-12.26.31:631][  0]LogStats: UGameplayTagsManager::ConstructGameplayTagTree: Construct from data asset -  0.000 s
[2017.11.24-12.26.31:632][  0]LogStats: UGameplayTagsManager::ConstructGameplayTagTree: GameplayTagTreeChangedEvent.Broadcast -  0.000 s
[2017.11.24-12.26.32:427][  0]LogAIModule: Creating AISystem for world Untitled
[2017.11.24-12.26.32:514][  0]LogInit: XAudio2 using 'Speakers (Realtek High Definition Audio)' : 2 channels at 48 kHz using 32 bits per sample (channel mask 0x3)
[2017.11.24-12.26.32:559][  0]LogInit: FAudioDevice initialized.
[2017.11.24-12.26.32:733][  0]LogDerivedDataCache: Saved boot cache 0.17s 78MB C:/Users/Quwaine/AppData/Local/UnrealEngine/4.18/DerivedDataCache/Boot.ddc.
[2017.11.24-12.26.32:745][  0]LogInit: Texture streaming: Enabled
[2017.11.24-12.26.33:728][  0]LogEngineSessionManager: EngineSessionManager initialized
[2017.11.24-12.26.33:728][  0]LogEngineSessionManager: EngineSessionManager sent abnormal shutdown report. Type=AbnormalShutdown, SessionId={C27D7ADF-4050-2D3D-0D44-A6A72955FCBF}
[2017.11.24-12.26.34:724][  0]LogInit: Transaction tracking system initialized
[2017.11.24-12.26.36:720][  0]BlueprintLog: New page: Editor Load
[2017.11.24-12.26.42:726][  0]LocalizationService: Localization service is disabled
[2017.11.24-12.26.47:707][  0]LogConsoleResponse: Display: 
[2017.11.24-12.26.50:126][  0]LogFileCache: Scanning file cache for directory 'C:/Users/Quwaine/Documents/GitHub/level-6-l6-group-9/Prototypes/MyProject/Content/' took 0.02s
[2017.11.24-12.26.50:126][  0]LogCook: Display: Max memory allowance for cook 16384mb min free memory 0mb
[2017.11.24-12.26.50:126][  0]LogCook: Display: Mobile HDR setting 1
[2017.11.24-12.26.50:129][  0]LogGameplayTags: Display: UGameplayTagsManager::DoneAddingNativeTags. DelegateIsBound: 0
[2017.11.24-12.26.57:646][  0]SourceControl: Source control is disabled
[2017.11.24-12.26.57:687][  0]Cmd: MAP LOAD FILE="../../../../../../Users/Quwaine/Documents/GitHub/level-6-l6-group-9/Prototypes/MyProject/Content/ThirdPersonBP/Maps/ThirdPersonExampleMap.umap" TEMPLATE=0 SHOWPROGRESS=1 FEATURELEVEL=3
[2017.11.24-12.26.57:716][  0]LightingResults: New page: Lighting Build
[2017.11.24-12.26.58:118][  0]MapCheck: New page: Map Check
[2017.11.24-12.26.58:118][  0]LightingResults: New page: Lighting Build
[2017.11.24-12.27.03:195][  0]LogAIModule: Creating AISystem for world ThirdPersonExampleMap
[2017.11.24-12.27.03:483][  0]LogEditorServer: Finished looking for orphan Actors (0.000 secs)
[2017.11.24-12.27.03:701][  0]Cmd: MAP CHECKDEP NOCLEARLOG
[2017.11.24-12.27.03:883][  0]MapCheck: Map check complete: 0 Error(s), 0 Warning(s), took 181.684ms to complete.
[2017.11.24-12.27.03:883][  0]LogFileHelpers: Loading map 'ThirdPersonExampleMap' took 6.195
[2017.11.24-12.27.05:201][  0]LogCollectionManager: Loaded 0 collections in 0.001874 seconds
[2017.11.24-12.27.05:564][  0]LogFileCache: Scanning file cache for directory 'C:/Users/Quwaine/Documents/GitHub/level-6-l6-group-9/Prototypes/MyProject/Saved/Collections/' took 0.01s
[2017.11.24-12.27.05:564][  0]LogFileCache: Scanning file cache for directory 'C:/Users/Quwaine/Documents/GitHub/level-6-l6-group-9/Prototypes/MyProject/Content/Developers/Quwaine/Collections/' took 0.01s
[2017.11.24-12.27.05:565][  0]LogFileCache: Scanning file cache for directory 'C:/Users/Quwaine/Documents/GitHub/level-6-l6-group-9/Prototypes/MyProject/Content/Collections/' took 0.01s
[2017.11.24-12.27.05:565][  0]LogCollectionManager: Rebuilt the GUID cache for 0 collections in 0.000001 seconds
[2017.11.24-12.27.05:582][  0]LogContentBrowser: Native class hierarchy populated in 0.0166 seconds. Added 2363 classes and 519 folders.
[2017.11.24-12.27.05:971][  0]LogContentBrowser: Native class hierarchy updated for 'WidgetCarousel' in 0.0003 seconds. Added 0 classes and 0 folders.
[2017.11.24-12.27.07:264][  0]LogContentBrowser: Native class hierarchy updated for 'AddContentDialog' in 0.0003 seconds. Added 0 classes and 0 folders.
[2017.11.24-12.27.07:546][  0]LogContentBrowser: Native class hierarchy updated for 'SceneOutliner' in 0.0008 seconds. Added 1 classes and 2 folders.
[2017.11.24-12.27.07:894][  0]LogSlate: Took 0.015264 seconds to synchronously load lazily loaded font '../../../Engine/Content/Slate/Fonts/Roboto-Regular.ttf' (155K)
[2017.11.24-12.27.07:904][  0]LogSlate: Took 0.009083 seconds to synchronously load lazily loaded font '../../../Engine/Content/Slate/Fonts/Roboto-Bold.ttf' (160K)
[2017.11.24-12.27.07:917][  0]LogSlate: Took 0.007996 seconds to synchronously load lazily loaded font '../../../Engine/Content/Editor/Slate/Fonts/FontAwesome.ttf' (139K)
[2017.11.24-12.27.08:286][  0]LogRenderer: Reallocating scene render targets to support 964x400 Format 10 NumSamples 1 (Frame:1).
[2017.11.24-12.27.08:616][  0]LogSlate: Took 0.024079 seconds to synchronously load lazily loaded font '../../../Engine/Content/Slate/Fonts/Roboto-Light.ttf' (159K)
[2017.11.24-12.27.09:288][  0]LogContentBrowser: Native class hierarchy updated for 'HierarchicalLODOutliner' in 0.0004 seconds. Added 1 classes and 2 folders.
[2017.11.24-12.27.09:288][  0]LogLoad: (Engine Initialization) Total time: 151.17 seconds
[2017.11.24-12.27.09:288][  0]LogLoad: (Engine Initialization) Total Blueprint compile time: 0.00 seconds
[2017.11.24-12.27.09:288][  0]LogExternalProfiler: No external profilers were discovered.  External profiling features will not be available.
[2017.11.24-12.27.11:745][  0]LogContentStreaming: Texture pool size now 1000 MB
[2017.11.24-12.27.12:212][  1]LogFileCache: Retrieving MD5 hashes for directory 'C:/Users/Quwaine/Documents/GitHub/level-6-l6-group-9/Prototypes/MyProject/Content/' took 2.55s
[2017.11.24-12.27.12:561][  2]LogAssetRegistry: Asset discovery search completed in 94.8624 seconds
[2017.11.24-12.27.12:563][  2]LogCollectionManager: Rebuilt the object cache for 0 collections in 0.000002 seconds (found 0 objects)
[2017.11.24-12.27.12:563][  2]LogCollectionManager: Fixed up redirectors for 0 collections in 0.000111 seconds (updated 0 objects)
[2017.11.24-12.27.12:728][  2]LogSlate: Took 0.000353 seconds to synchronously load lazily loaded font '../../../Engine/Content/Slate/Fonts/Roboto-Light.ttf' (159K)
[2017.11.24-12.28.02:600][152]LogSlate: Took 0.000225 seconds to synchronously load lazily loaded font '../../../Engine/Content/Slate/Fonts/Roboto-Light.ttf' (159K)
[2017.11.24-12.28.03:877][152]LogSlate: Took 0.000196 seconds to synchronously load lazily loaded font '../../../Engine/Content/Slate/Fonts/Roboto-Regular.ttf' (155K)
[2017.11.24-12.28.04:206][152]LogContentBrowser: Native class hierarchy updated for 'BlueprintGraph' in 0.0060 seconds. Added 116 classes and 0 folders.
[2017.11.24-12.28.07:274][152]LogSlate: Took 0.107505 seconds to synchronously load lazily loaded font '../../../Engine/Content/Editor/Slate/Fonts/Roboto-BoldCondensed.ttf' (158K)
[2017.11.24-12.28.14:731][523]LogTemp: Repeating last play command: Selected Viewport
[2017.11.24-12.28.14:862][523]LogBlueprintUserMessages: Early PlayInEditor Detection: Level '/Game/ThirdPersonBP/Maps/ThirdPersonExampleMap.ThirdPersonExampleMap:PersistentLevel' has LevelScriptBlueprint '/Game/ThirdPersonBP/Maps/ThirdPersonExampleMap.ThirdPersonExampleMap:PersistentLevel.ThirdPersonExampleMap' with GeneratedClass '/Game/ThirdPersonBP/Maps/ThirdPersonExampleMap.ThirdPersonExampleMap_C' with ClassGeneratedBy '/Game/ThirdPersonBP/Maps/ThirdPersonExampleMap.ThirdPersonExampleMap:PersistentLevel.ThirdPersonExampleMap'
[2017.11.24-12.28.14:863][523]LogPlayLevel: PlayLevel: No blueprints needed recompiling
[2017.11.24-12.28.14:891][523]PIE: New page: PIE session: ThirdPersonExampleMap (24 Nov 2017 12:28:14)
[2017.11.24-12.28.14:891][523]LogPlayLevel: Creating play world package: /Game/ThirdPersonBP/Maps/UEDPIE_0_ThirdPersonExampleMap
[2017.11.24-12.28.14:941][523]LogPlayLevel: PIE: StaticDuplicateObject took: (0.049860s)
[2017.11.24-12.28.14:942][523]LogAIModule: Creating AISystem for world ThirdPersonExampleMap
[2017.11.24-12.28.14:942][523]LogPlayLevel: PIE: World Init took: (0.001079s)
[2017.11.24-12.28.14:942][523]LogPlayLevel: PIE: Created PIE world by copying editor world from /Game/ThirdPersonBP/Maps/ThirdPersonExampleMap.ThirdPersonExampleMap to /Game/ThirdPersonBP/Maps/UEDPIE_0_ThirdPersonExampleMap.ThirdPersonExampleMap (0.051274s)
[2017.11.24-12.28.14:989][523]LogInit: XAudio2 using 'Speakers (Realtek High Definition Audio)' : 2 channels at 48 kHz using 32 bits per sample (channel mask 0x3)
[2017.11.24-12.28.15:004][523]LogInit: FAudioDevice initialized.
[2017.11.24-12.28.15:080][523]LogLoad: Game class is 'ThirdPersonGameMode_C'
[2017.11.24-12.28.15:083][523]LogWorld: Bringing World /Game/ThirdPersonBP/Maps/UEDPIE_0_ThirdPersonExampleMap.ThirdPersonExampleMap up for play (max tick rate 60) at 2017.11.24-12.28.15
[2017.11.24-12.28.15:083][523]LogWorld: Bringing up level for play took: 0.001708
[2017.11.24-12.28.15:327][523]LogContentBrowser: Native class hierarchy updated for 'MovieSceneCapture' in 0.0004 seconds. Added 11 classes and 0 folders.
[2017.11.24-12.28.15:328][523]PIE: Play in editor start time for /Game/ThirdPersonBP/Maps/UEDPIE_0_ThirdPersonExampleMap 1.334
[2017.11.24-12.28.15:329][523]LogBlueprintUserMessages: Late PlayInEditor Detection: Level '/Game/ThirdPersonBP/Maps/ThirdPersonExampleMap.ThirdPersonExampleMap:PersistentLevel' has LevelScriptBlueprint '/Game/ThirdPersonBP/Maps/ThirdPersonExampleMap.ThirdPersonExampleMap:PersistentLevel.ThirdPersonExampleMap' with GeneratedClass '/Game/ThirdPersonBP/Maps/ThirdPersonExampleMap.ThirdPersonExampleMap_C' with ClassGeneratedBy '/Game/ThirdPersonBP/Maps/ThirdPersonExampleMap.ThirdPersonExampleMap:PersistentLevel.ThirdPersonExampleMap'
[2017.11.24-12.28.26:496][157]LogBlueprintUserMessages: Early EndPlayMap Detection: Level '/Game/ThirdPersonBP/Maps/ThirdPersonExampleMap.ThirdPersonExampleMap:PersistentLevel' has LevelScriptBlueprint '/Game/ThirdPersonBP/Maps/ThirdPersonExampleMap.ThirdPersonExampleMap:PersistentLevel.ThirdPersonExampleMap' with GeneratedClass '/Game/ThirdPersonBP/Maps/ThirdPersonExampleMap.ThirdPersonExampleMap_C' with ClassGeneratedBy '/Game/ThirdPersonBP/Maps/ThirdPersonExampleMap.ThirdPersonExampleMap:PersistentLevel.ThirdPersonExampleMap'
[2017.11.24-12.28.26:534][157]LogBlueprintUserMessages: Late EndPlayMap Detection: Level '/Game/ThirdPersonBP/Maps/ThirdPersonExampleMap.ThirdPersonExampleMap:PersistentLevel' has LevelScriptBlueprint '/Game/ThirdPersonBP/Maps/ThirdPersonExampleMap.ThirdPersonExampleMap:PersistentLevel.ThirdPersonExampleMap' with GeneratedClass '/Game/ThirdPersonBP/Maps/ThirdPersonExampleMap.ThirdPersonExampleMap_C' with ClassGeneratedBy '/Game/ThirdPersonBP/Maps/ThirdPersonExampleMap.ThirdPersonExampleMap:PersistentLevel.ThirdPersonExampleMap'
[2017.11.24-12.28.43:105][862]BlueprintLog: New page: Compile UI_GameHUD
[2017.11.24-12.28.44:392][896]Cmd: OBJ SAVEPACKAGE PACKAGE="/Game/UI/UI_GameHUD" FILE="../../../../../../Users/Quwaine/Documents/GitHub/level-6-l6-group-9/Prototypes/MyProject/Content/UI/UI_GameHUD.uasset" SILENT=true
[2017.11.24-12.28.44:662][896]LogSavePackage: Save=184.59ms
[2017.11.24-12.28.44:662][896]LogSavePackage: Moving '../../../../../../Users/Quwaine/Documents/GitHub/level-6-l6-group-9/Prototypes/MyProject/Saved/UI_GameHUDC5E09B9C472F01F575F45B9DC6F13BE4.tmp' to '../../../../../../Users/Quwaine/Documents/GitHub/level-6-l6-group-9/Prototypes/MyProject/Content/UI/UI_GameHUD.uasset'
[2017.11.24-12.28.44:669][896]LogSavePackage: Display: Finished SavePackage ../../../../../../Users/Quwaine/Documents/GitHub/level-6-l6-group-9/Prototypes/MyProject/Content/UI/UI_GameHUD.uasset
[2017.11.24-12.28.46:369][943]LogSavePackage: Save=197.50ms
[2017.11.24-12.28.46:369][943]LogSavePackage: Moving '../../../../../../Users/Quwaine/Documents/GitHub/level-6-l6-group-9/Prototypes/MyProject/Saved/ThirdPersonExampleMap7460959C4ADD359257ABBEBEB74ECC26.tmp' to '../../../../../../Users/Quwaine/Documents/GitHub/level-6-l6-group-9/Prototypes/MyProject/Content/ThirdPersonBP/Maps/ThirdPersonExampleMap.umap'
[2017.11.24-12.28.46:378][943]LogSavePackage: Display: Finished SavePackage ../../../../../../Users/Quwaine/Documents/GitHub/level-6-l6-group-9/Prototypes/MyProject/Content/ThirdPersonBP/Maps/ThirdPersonExampleMap.umap
[2017.11.24-12.28.46:743][943]LogSavePackage: Save=248.59ms
[2017.11.24-12.28.46:743][943]LogSavePackage: Moving '../../../../../../Users/Quwaine/Documents/GitHub/level-6-l6-group-9/Prototypes/MyProject/Saved/ThirdPersonExampleMap_BuiltDataF44AC8D5428E8C57211068BE726520AA.tmp' to '../../../../../../Users/Quwaine/Documents/GitHub/level-6-l6-group-9/Prototypes/MyProject/Content/ThirdPersonBP/Maps/ThirdPersonExampleMap_BuiltData.uasset'
[2017.11.24-12.28.46:746][943]LogSavePackage: Display: Finished SavePackage ../../../../../../Users/Quwaine/Documents/GitHub/level-6-l6-group-9/Prototypes/MyProject/Content/ThirdPersonBP/Maps/ThirdPersonExampleMap_BuiltData.uasset
[2017.11.24-12.28.50:009][106]LogTemp: Repeating last play command: Selected Viewport
[2017.11.24-12.28.50:038][106]LogBlueprintUserMessages: Early PlayInEditor Detection: Level '/Game/ThirdPersonBP/Maps/ThirdPersonExampleMap.ThirdPersonExampleMap:PersistentLevel' has LevelScriptBlueprint '/Game/ThirdPersonBP/Maps/ThirdPersonExampleMap.ThirdPersonExampleMap:PersistentLevel.ThirdPersonExampleMap' with GeneratedClass '/Game/ThirdPersonBP/Maps/ThirdPersonExampleMap.ThirdPersonExampleMap_C' with ClassGeneratedBy '/Game/ThirdPersonBP/Maps/ThirdPersonExampleMap.ThirdPersonExampleMap:PersistentLevel.ThirdPersonExampleMap'
[2017.11.24-12.28.50:038][106]LogPlayLevel: PlayLevel: No blueprints needed recompiling
[2017.11.24-12.28.50:039][106]PIE: New page: PIE session: ThirdPersonExampleMap (24 Nov 2017 12:28:50)
[2017.11.24-12.28.50:039][106]LogPlayLevel: Creating play world package: /Game/ThirdPersonBP/Maps/UEDPIE_0_ThirdPersonExampleMap
[2017.11.24-12.28.50:067][106]LogPlayLevel: PIE: StaticDuplicateObject took: (0.028591s)
[2017.11.24-12.28.50:068][106]LogAIModule: Creating AISystem for world ThirdPersonExampleMap
[2017.11.24-12.28.50:069][106]LogPlayLevel: PIE: World Init took: (0.001184s)
[2017.11.24-12.28.50:069][106]LogPlayLevel: PIE: Created PIE world by copying editor world from /Game/ThirdPersonBP/Maps/ThirdPersonExampleMap.ThirdPersonExampleMap to /Game/ThirdPersonBP/Maps/UEDPIE_0_ThirdPersonExampleMap.ThirdPersonExampleMap (0.030190s)
[2017.11.24-12.28.50:187][106]LogInit: XAudio2 using 'Speakers (Realtek High Definition Audio)' : 2 channels at 48 kHz using 32 bits per sample (channel mask 0x3)
[2017.11.24-12.28.50:206][106]LogInit: FAudioDevice initialized.
[2017.11.24-12.28.50:240][106]LogLoad: Game class is 'ThirdPersonGameMode_C'
[2017.11.24-12.28.50:243][106]LogWorld: Bringing World /Game/ThirdPersonBP/Maps/UEDPIE_0_ThirdPersonExampleMap.ThirdPersonExampleMap up for play (max tick rate 60) at 2017.11.24-12.28.50
[2017.11.24-12.28.50:243][106]LogWorld: Bringing up level for play took: 0.002018
[2017.11.24-12.28.50:245][106]PIE: Play in editor start time for /Game/ThirdPersonBP/Maps/UEDPIE_0_ThirdPersonExampleMap 0.251
[2017.11.24-12.28.50:246][106]LogBlueprintUserMessages: Late PlayInEditor Detection: Level '/Game/ThirdPersonBP/Maps/ThirdPersonExampleMap.ThirdPersonExampleMap:PersistentLevel' has LevelScriptBlueprint '/Game/ThirdPersonBP/Maps/ThirdPersonExampleMap.ThirdPersonExampleMap:PersistentLevel.ThirdPersonExampleMap' with GeneratedClass '/Game/ThirdPersonBP/Maps/ThirdPersonExampleMap.ThirdPersonExampleMap_C' with ClassGeneratedBy '/Game/ThirdPersonBP/Maps/ThirdPersonExampleMap.ThirdPersonExampleMap:PersistentLevel.ThirdPersonExampleMap'
[2017.11.24-12.28.56:660][480]LogBlueprintUserMessages: Early EndPlayMap Detection: Level '/Game/ThirdPersonBP/Maps/ThirdPersonExampleMap.ThirdPersonExampleMap:PersistentLevel' has LevelScriptBlueprint '/Game/ThirdPersonBP/Maps/ThirdPersonExampleMap.ThirdPersonExampleMap:PersistentLevel.ThirdPersonExampleMap' with GeneratedClass '/Game/ThirdPersonBP/Maps/ThirdPersonExampleMap.ThirdPersonExampleMap_C' with ClassGeneratedBy '/Game/ThirdPersonBP/Maps/ThirdPersonExampleMap.ThirdPersonExampleMap:PersistentLevel.ThirdPersonExampleMap'
[2017.11.24-12.28.56:703][480]LogBlueprintUserMessages: Late EndPlayMap Detection: Level '/Game/ThirdPersonBP/Maps/ThirdPersonExampleMap.ThirdPersonExampleMap:PersistentLevel' has LevelScriptBlueprint '/Game/ThirdPersonBP/Maps/ThirdPersonExampleMap.ThirdPersonExampleMap:PersistentLevel.ThirdPersonExampleMap' with GeneratedClass '/Game/ThirdPersonBP/Maps/ThirdPersonExampleMap.ThirdPersonExampleMap_C' with ClassGeneratedBy '/Game/ThirdPersonBP/Maps/ThirdPersonExampleMap.ThirdPersonExampleMap:PersistentLevel.ThirdPersonExampleMap'
[2017.11.24-12.29.01:190][740]LogEditorViewport: Clicking on Actor (LMB): CameraActor (CameraActor)
[2017.11.24-12.29.20:604][800]LogTemp: Repeating last play command: Selected Viewport
[2017.11.24-12.29.20:643][800]LogBlueprintUserMessages: Early PlayInEditor Detection: Level '/Game/ThirdPersonBP/Maps/ThirdPersonExampleMap.ThirdPersonExampleMap:PersistentLevel' has LevelScriptBlueprint '/Game/ThirdPersonBP/Maps/ThirdPersonExampleMap.ThirdPersonExampleMap:PersistentLevel.ThirdPersonExampleMap' with GeneratedClass '/Game/ThirdPersonBP/Maps/ThirdPersonExampleMap.ThirdPersonExampleMap_C' with ClassGeneratedBy '/Game/ThirdPersonBP/Maps/ThirdPersonExampleMap.ThirdPersonExampleMap:PersistentLevel.ThirdPersonExampleMap'
[2017.11.24-12.29.20:643][800]LogPlayLevel: PlayLevel: No blueprints needed recompiling
[2017.11.24-12.29.20:643][800]PIE: New page: PIE session: ThirdPersonExampleMap (24 Nov 2017 12:29:20)
[2017.11.24-12.29.20:643][800]LogPlayLevel: Creating play world package: /Game/ThirdPersonBP/Maps/UEDPIE_0_ThirdPersonExampleMap
[2017.11.24-12.29.20:672][800]LogPlayLevel: PIE: StaticDuplicateObject took: (0.029147s)
[2017.11.24-12.29.20:673][800]LogAIModule: Creating AISystem for world ThirdPersonExampleMap
[2017.11.24-12.29.20:674][800]LogPlayLevel: PIE: World Init took: (0.001339s)
[2017.11.24-12.29.20:674][800]LogPlayLevel: PIE: Created PIE world by copying editor world from /Game/ThirdPersonBP/Maps/ThirdPersonExampleMap.ThirdPersonExampleMap to /Game/ThirdPersonBP/Maps/UEDPIE_0_ThirdPersonExampleMap.ThirdPersonExampleMap (0.030994s)
[2017.11.24-12.29.20:800][800]LogInit: XAudio2 using 'Speakers (Realtek High Definition Audio)' : 2 channels at 48 kHz using 32 bits per sample (channel mask 0x3)
[2017.11.24-12.29.20:819][800]LogInit: FAudioDevice initialized.
[2017.11.24-12.29.20:852][800]LogLoad: Game class is 'ThirdPersonGameMode_C'
[2017.11.24-12.29.20:855][800]LogWorld: Bringing World /Game/ThirdPersonBP/Maps/UEDPIE_0_ThirdPersonExampleMap.ThirdPersonExampleMap up for play (max tick rate 60) at 2017.11.24-12.29.20
[2017.11.24-12.29.20:855][800]LogWorld: Bringing up level for play took: 0.002629
[2017.11.24-12.29.20:858][800]PIE: Play in editor start time for /Game/ThirdPersonBP/Maps/UEDPIE_0_ThirdPersonExampleMap 0.864
[2017.11.24-12.29.20:859][800]LogBlueprintUserMessages: Late PlayInEditor Detection: Level '/Game/ThirdPersonBP/Maps/ThirdPersonExampleMap.ThirdPersonExampleMap:PersistentLevel' has LevelScriptBlueprint '/Game/ThirdPersonBP/Maps/ThirdPersonExampleMap.ThirdPersonExampleMap:PersistentLevel.ThirdPersonExampleMap' with GeneratedClass '/Game/ThirdPersonBP/Maps/ThirdPersonExampleMap.ThirdPersonExampleMap_C' with ClassGeneratedBy '/Game/ThirdPersonBP/Maps/ThirdPersonExampleMap.ThirdPersonExampleMap:PersistentLevel.ThirdPersonExampleMap'
[2017.11.24-12.29.26:734][145]LogBlueprintUserMessages: Early EndPlayMap Detection: Level '/Game/ThirdPersonBP/Maps/ThirdPersonExampleMap.ThirdPersonExampleMap:PersistentLevel' has LevelScriptBlueprint '/Game/ThirdPersonBP/Maps/ThirdPersonExampleMap.ThirdPersonExampleMap:PersistentLevel.ThirdPersonExampleMap' with GeneratedClass '/Game/ThirdPersonBP/Maps/ThirdPersonExampleMap.ThirdPersonExampleMap_C' with ClassGeneratedBy '/Game/ThirdPersonBP/Maps/ThirdPersonExampleMap.ThirdPersonExampleMap:PersistentLevel.ThirdPersonExampleMap'
[2017.11.24-12.29.26:771][145]LogBlueprintUserMessages: Late EndPlayMap Detection: Level '/Game/ThirdPersonBP/Maps/ThirdPersonExampleMap.ThirdPersonExampleMap:PersistentLevel' has LevelScriptBlueprint '/Game/ThirdPersonBP/Maps/ThirdPersonExampleMap.ThirdPersonExampleMap:PersistentLevel.ThirdPersonExampleMap' with GeneratedClass '/Game/ThirdPersonBP/Maps/ThirdPersonExampleMap.ThirdPersonExampleMap_C' with ClassGeneratedBy '/Game/ThirdPersonBP/Maps/ThirdPersonExampleMap.ThirdPersonExampleMap:PersistentLevel.ThirdPersonExampleMap'
[2017.11.24-12.32.29:119][937]LogHttp: Warning: 000001F787125900: request failed, libcurl error: 6 (Couldn't resolve host name)
[2017.11.24-12.32.29:119][937]LogHttp: Warning: 000001F787125900: libcurl info message cache 0 (Found bundle for host datarouter.ol.epicgames.com: 0x1f785ee3fb8 [can pipeline])
[2017.11.24-12.32.29:119][937]LogHttp: Warning: 000001F787125900: libcurl info message cache 1 (Re-using existing connection! (#1) with host datarouter.ol.epicgames.com)
[2017.11.24-12.32.29:119][937]LogHttp: Warning: 000001F787125900: libcurl info message cache 2 (Connected to datarouter.ol.epicgames.com (52.71.106.149) port 443 (#1))
[2017.11.24-12.32.29:119][937]LogHttp: Warning: 000001F787125900: libcurl info message cache 3 (upload completely sent off: 734 out of 734 bytes)
[2017.11.24-12.32.29:119][937]LogHttp: Warning: 000001F787125900: libcurl info message cache 4 (SSL read: error:00000000:lib(0):func(0):reason(0), errno 10054)
[2017.11.24-12.32.29:119][937]LogHttp: Warning: 000001F787125900: libcurl info message cache 5 (Connection died, retrying a fresh connect)
[2017.11.24-12.32.29:119][937]LogHttp: Warning: 000001F787125900: libcurl info message cache 6 (Closing connection 1)
[2017.11.24-12.32.29:119][937]LogHttp: Warning: 000001F787125900: libcurl info message cache 7 (Issue another request to this URL: 'https://datarouter.ol.epicgames.com/datarouter/api/v1/public/data?SessionID=%7BF550BCDB-44E8-6CC8-94E4-109D9FC70469%7D&AppID=UEEditor.Rocket.Release&AppVersion=4.18.0-3709383%2B%2B%2BUE4%2BRelease-4.18&UserID=2ba027674298d1d89f44efbd3f7bfd1b%7Cdac078262b654195b72eb187434c019b%7C78bda70f-a84b-463c-a418-7b09ca8944fe&AppEnvironment=datacollector-binary&UploadType=eteventstream')
[2017.11.24-12.32.29:119][937]LogHttp: Warning: 000001F787125900: libcurl info message cache 8 (Could not resolve host: datarouter.ol.epicgames.com)
[2017.11.24-12.32.29:119][937]LogHttp: Warning: 000001F787125900: libcurl info message cache 9 (Closing connection 2)
[2017.11.24-12.38.59:234][983]LogSavePackage: Save=200.33ms
[2017.11.24-12.38.59:234][983]LogSavePackage: Moving '../../../../../../Users/Quwaine/Documents/GitHub/level-6-l6-group-9/Prototypes/MyProject/Saved/ThirdPersonExampleMap_Auto197487320468D25892A85B6B72224517A.tmp' to '../../../../../../Users/Quwaine/Documents/GitHub/level-6-l6-group-9/Prototypes/MyProject/Saved/Autosaves/Game/ThirdPersonBP/Maps/ThirdPersonExampleMap_Auto1.umap'
[2017.11.24-12.38.59:240][983]LogSavePackage: Display: Finished SavePackage ../../../../../../Users/Quwaine/Documents/GitHub/level-6-l6-group-9/Prototypes/MyProject/Saved/Autosaves/Game/ThirdPersonBP/Maps/ThirdPersonExampleMap_Auto1.umap
[2017.11.24-12.38.59:244][983]LogFileHelpers: Editor autosave (incl. sublevels) for '/Game/ThirdPersonBP/Maps/ThirdPersonExampleMap' took 0.282
[2017.11.24-12.38.59:244][983]LogFileHelpers: Editor autosave (incl. sublevels) for all levels took 0.282
[2017.11.24-12.42.29:072][412]LogHttp: Warning: 000001F787127400: request failed, libcurl error: 6 (Couldn't resolve host name)
[2017.11.24-12.42.29:072][412]LogHttp: Warning: 000001F787127400: libcurl info message cache 0 (Found bundle for host datarouter.ol.epicgames.com: 0x1f785ee3fd0 [can pipeline])
[2017.11.24-12.42.29:072][412]LogHttp: Warning: 000001F787127400: libcurl info message cache 1 (Re-using existing connection! (#6) with host datarouter.ol.epicgames.com)
[2017.11.24-12.42.29:072][412]LogHttp: Warning: 000001F787127400: libcurl info message cache 2 (Connected to datarouter.ol.epicgames.com (52.71.106.149) port 443 (#6))
[2017.11.24-12.42.29:072][412]LogHttp: Warning: 000001F787127400: libcurl info message cache 3 (upload completely sent off: 733 out of 733 bytes)
[2017.11.24-12.42.29:072][412]LogHttp: Warning: 000001F787127400: libcurl info message cache 4 (SSL read: error:00000000:lib(0):func(0):reason(0), errno 10054)
[2017.11.24-12.42.29:072][412]LogHttp: Warning: 000001F787127400: libcurl info message cache 5 (Connection died, retrying a fresh connect)
[2017.11.24-12.42.29:072][412]LogHttp: Warning: 000001F787127400: libcurl info message cache 6 (Closing connection 6)
[2017.11.24-12.42.29:072][412]LogHttp: Warning: 000001F787127400: libcurl info message cache 7 (Issue another request to this URL: 'https://datarouter.ol.epicgames.com/datarouter/api/v1/public/data?SessionID=%7BF550BCDB-44E8-6CC8-94E4-109D9FC70469%7D&AppID=UEEditor.Rocket.Release&AppVersion=4.18.0-3709383%2B%2B%2BUE4%2BRelease-4.18&UserID=2ba027674298d1d89f44efbd3f7bfd1b%7Cdac078262b654195b72eb187434c019b%7C78bda70f-a84b-463c-a418-7b09ca8944fe&AppEnvironment=datacollector-binary&UploadType=eteventstream')
[2017.11.24-12.42.29:072][412]LogHttp: Warning: 000001F787127400: libcurl info message cache 8 (Could not resolve host: datarouter.ol.epicgames.com)
[2017.11.24-12.42.29:072][412]LogHttp: Warning: 000001F787127400: libcurl info message cache 9 (Closing connection 7)
[2017.11.24-12.44.29:126][523]LogHttp: Warning: 000001F787125480: request failed, libcurl error: 6 (Couldn't resolve host name)
[2017.11.24-12.44.29:126][523]LogHttp: Warning: 000001F787125480: libcurl info message cache 0 (Could not resolve host: datarouter.ol.epicgames.com)
[2017.11.24-12.44.29:126][523]LogHttp: Warning: 000001F787125480: libcurl info message cache 1 (Closing connection 8)
[2017.11.24-12.46.29:159][552]LogHttp: Warning: 000001F787124E80: request failed, libcurl error: 6 (Couldn't resolve host name)
[2017.11.24-12.46.29:159][552]LogHttp: Warning: 000001F787124E80: libcurl info message cache 0 (Could not resolve host: datarouter.ol.epicgames.com)
[2017.11.24-12.46.29:159][552]LogHttp: Warning: 000001F787124E80: libcurl info message cache 1 (Closing connection 9)
[2017.11.24-12.48.29:176][668]LogHttp: Warning: 000001F787126380: request failed, libcurl error: 6 (Couldn't resolve host name)
[2017.11.24-12.48.29:176][668]LogHttp: Warning: 000001F787126380: libcurl info message cache 0 (Could not resolve host: datarouter.ol.epicgames.com)
[2017.11.24-12.48.29:176][668]LogHttp: Warning: 000001F787126380: libcurl info message cache 1 (Closing connection 10)
[2017.11.24-12.50.29:205][791]LogHttp: Warning: 000001F787126F80: request failed, libcurl error: 6 (Couldn't resolve host name)
[2017.11.24-12.50.29:205][791]LogHttp: Warning: 000001F787126F80: libcurl info message cache 0 (Could not resolve host: datarouter.ol.epicgames.com)
[2017.11.24-12.50.29:205][791]LogHttp: Warning: 000001F787126F80: libcurl info message cache 1 (Closing connection 11)
[2017.11.24-12.52.29:230][901]LogHttp: Warning: 000001F787126500: request failed, libcurl error: 6 (Couldn't resolve host name)
[2017.11.24-12.52.29:230][901]LogHttp: Warning: 000001F787126500: libcurl info message cache 0 (Could not resolve host: datarouter.ol.epicgames.com)
[2017.11.24-12.52.29:230][901]LogHttp: Warning: 000001F787126500: libcurl info message cache 1 (Closing connection 12)
[2017.11.24-12.54.29:267][ 21]LogHttp: Warning: 000001F787125600: request failed, libcurl error: 6 (Couldn't resolve host name)
[2017.11.24-12.54.29:267][ 21]LogHttp: Warning: 000001F787125600: libcurl info message cache 0 (Could not resolve host: datarouter.ol.epicgames.com)
[2017.11.24-12.54.29:267][ 21]LogHttp: Warning: 000001F787125600: libcurl info message cache 1 (Closing connection 13)
[2017.11.24-15.59.52:032][876]LogHttp: Warning: 000001F787125300: request failed, libcurl error: 6 (Couldn't resolve host name)
[2017.11.24-15.59.52:032][876]LogHttp: Warning: 000001F787125300: libcurl info message cache 0 (Could not resolve host: datarouter.ol.epicgames.com)
[2017.11.24-15.59.52:032][876]LogHttp: Warning: 000001F787125300: libcurl info message cache 1 (Closing connection 14)
[2017.11.24-16.01.29:919][282]LogSavePackage: Save=225.81ms
[2017.11.24-16.01.29:919][282]LogSavePackage: Moving '../../../../../../Users/Quwaine/Documents/GitHub/level-6-l6-group-9/Prototypes/MyProject/Saved/ThirdPersonExampleMapCA4784E143CC6D0575D576A620294BE1.tmp' to '../../../../../../Users/Quwaine/Documents/GitHub/level-6-l6-group-9/Prototypes/MyProject/Content/ThirdPersonBP/Maps/ThirdPersonExampleMap.umap'
[2017.11.24-16.01.29:926][282]LogSavePackage: Display: Finished SavePackage ../../../../../../Users/Quwaine/Documents/GitHub/level-6-l6-group-9/Prototypes/MyProject/Content/ThirdPersonBP/Maps/ThirdPersonExampleMap.umap
[2017.11.24-16.01.30:063][282]LogFileHelpers: Saving map 'ThirdPersonExampleMap' took 0.640
[2017.11.24-16.01.30:623][282]LogActorComponent: UnregisterComponent: (/Engine/Transient.EditorFloorComp) Not registered. Aborting.
[2017.11.24-16.01.31:017][282]LogWindowsTextInputMethodSystem: Display: IME system now deactivated.
[2017.11.24-16.01.31:655][283]Cmd: QUIT_EDITOR
[2017.11.24-16.01.32:565][283]LogExit: Preparing to exit.
[2017.11.24-16.01.33:503][283]LogDirectoryWatcher: A directory notification for 'C:/Users/Quwaine/Documents/GitHub/level-6-l6-group-9/Prototypes/MyProject/Content/' was aborted.
[2017.11.24-16.01.33:600][283]LogExit: Editor shut down
[2017.11.24-16.01.33:645][283]LogExit: Transaction tracking system shut down
[2017.11.24-16.01.33:924][283]LogDirectoryWatcher: A directory notification for '../../../Engine/Content/' was aborted.
[2017.11.24-16.01.33:925][283]LogDirectoryWatcher: A directory notification for '../../../../../../Users/Quwaine/Documents/GitHub/level-6-l6-group-9/Prototypes/MyProject/Content/' was aborted.
[2017.11.24-16.01.33:925][283]LogDirectoryWatcher: A directory notification for '../../../Engine/Plugins/2D/Paper2D/Content/' was aborted.
[2017.11.24-16.01.33:925][283]LogDirectoryWatcher: A directory notification for '../../../Engine/Plugins/Media/MediaCompositing/Content/' was aborted.
[2017.11.24-16.01.33:925][283]LogDirectoryWatcher: A directory notification for '../../../Engine/Plugins/Runtime/AppleARKit/Content/' was aborted.
[2017.11.24-16.01.33:925][283]LogDirectoryWatcher: A directory notification for '../../../Engine/Plugins/Runtime/Oculus/OculusVR/Content/' was aborted.
[2017.11.24-16.01.33:925][283]LogDirectoryWatcher: A directory notification for '../../../Engine/Plugins/Runtime/Steam/SteamVR/Content/' was aborted.
[2017.11.24-16.01.34:490][283]LogExit: Object subsystem successfully closed.
[2017.11.24-16.01.34:675][283]LogD3D11RHI: Shutdown
[2017.11.24-16.01.34:675][283]LogD3D11RHI: CleanupD3DDevice
[2017.11.24-16.01.34:725][283]LogD3D11RHI: ~FD3D11DynamicRHI
[2017.11.24-16.01.35:216][283]LogModuleManager: Shutting down and abandoning module MovieSceneCapture (554)
[2017.11.24-16.01.35:216][283]LogModuleManager: Shutting down and abandoning module SequencerWidgets (552)
[2017.11.24-16.01.35:216][283]LogModuleManager: Shutting down and abandoning module BlueprintGraph (550)
[2017.11.24-16.01.35:216][283]LogModuleManager: Shutting down and abandoning module HierarchicalLODOutliner (548)
[2017.11.24-16.01.35:216][283]LogModuleManager: Shutting down and abandoning module SceneOutliner (546)
[2017.11.24-16.01.35:225][283]LogModuleManager: Shutting down and abandoning module AddContentDialog (544)
[2017.11.24-16.01.35:235][283]LogDirectoryWatcher: A directory notification for 'C:/Program Files/Epic Games/UE_4.18/FeaturePacks/' was aborted.
[2017.11.24-16.01.35:240][283]LogModuleManager: Shutting down and abandoning module WidgetCarousel (543)
[2017.11.24-16.01.35:240][283]LogModuleManager: Shutting down and abandoning module EditorWidgets (540)
[2017.11.24-16.01.35:240][283]LogModuleManager: Shutting down and abandoning module CollectionManager (538)
[2017.11.24-16.01.35:243][283]LogDirectoryWatcher: A directory notification for 'C:/Users/Quwaine/Documents/GitHub/level-6-l6-group-9/Prototypes/MyProject/Content/Collections/' was aborted.
[2017.11.24-16.01.35:243][283]LogDirectoryWatcher: A directory notification for 'C:/Users/Quwaine/Documents/GitHub/level-6-l6-group-9/Prototypes/MyProject/Content/Developers/Quwaine/Collections/' was aborted.
[2017.11.24-16.01.35:243][283]LogDirectoryWatcher: A directory notification for 'C:/Users/Quwaine/Documents/GitHub/level-6-l6-group-9/Prototypes/MyProject/Saved/Collections/' was aborted.
[2017.11.24-16.01.35:243][283]LogModuleManager: Shutting down and abandoning module StatsViewer (536)
[2017.11.24-16.01.35:243][283]LogModuleManager: Shutting down and abandoning module FoliageEdit (534)
[2017.11.24-16.01.35:243][283]LogModuleManager: Shutting down and abandoning module LandscapeEditor (532)
[2017.11.24-16.01.35:255][283]LogModuleManager: Shutting down and abandoning module MeshPaintMode (530)
[2017.11.24-16.01.35:255][283]LogModuleManager: Shutting down and abandoning module SceneDepthPickerMode (528)
[2017.11.24-16.01.35:255][283]LogModuleManager: Shutting down and abandoning module ActorPickerMode (526)
[2017.11.24-16.01.35:255][283]LogModuleManager: Shutting down and abandoning module GeometryMode (524)
[2017.11.24-16.01.35:255][283]LogModuleManager: Shutting down and abandoning module TextureAlignMode (522)
[2017.11.24-16.01.35:255][283]LogModuleManager: Shutting down and abandoning module BspMode (520)
[2017.11.24-16.01.35:255][283]LogModuleManager: Shutting down and abandoning module PIEPreviewDeviceProfileSelector (518)
[2017.11.24-16.01.35:255][283]LogModuleManager: Shutting down and abandoning module HardwareSurvey (516)
[2017.11.24-16.01.35:255][283]LogModuleManager: Shutting down and abandoning module SequenceRecorderSections (514)
[2017.11.24-16.01.35:255][283]LogModuleManager: Shutting down and abandoning module AutomationWorker (512)
[2017.11.24-16.01.35:255][283]LogModuleManager: Shutting down and abandoning module MatineeToLevelSequence (510)
[2017.11.24-16.01.35:255][283]LogModuleManager: Shutting down and abandoning module LevelSequenceEditor (508)
[2017.11.24-16.01.35:260][283]LogModuleManager: Shutting down and abandoning module PlacementMode (507)
[2017.11.24-16.01.35:260][283]LogModuleManager: Shutting down and abandoning module WmfMediaFactory (504)
[2017.11.24-16.01.35:260][283]LogModuleManager: Shutting down and abandoning module WmfMediaEditor (502)
[2017.11.24-16.01.35:260][283]LogModuleManager: Shutting down and abandoning module OpenExrWrapper (500)
[2017.11.24-16.01.35:260][283]LogModuleManager: Shutting down and abandoning module ImgMediaFactory (498)
[2017.11.24-16.01.35:260][283]LogModuleManager: Shutting down and abandoning module ImgMediaEditor (496)
[2017.11.24-16.01.35:260][283]LogModuleManager: Shutting down and abandoning module AvfMediaFactory (494)
[2017.11.24-16.01.35:260][283]LogModuleManager: Shutting down and abandoning module AvfMediaEditor (492)
[2017.11.24-16.01.35:260][283]LogModuleManager: Shutting down and abandoning module AndroidMediaFactory (490)
[2017.11.24-16.01.35:260][283]LogModuleManager: Shutting down and abandoning module AndroidMediaEditor (488)
[2017.11.24-16.01.35:260][283]LogModuleManager: Shutting down and abandoning module CharacterAI (486)
[2017.11.24-16.01.35:260][283]LogModuleManager: Shutting down and abandoning module AudioCapture (484)
[2017.11.24-16.01.35:260][283]LogModuleManager: Shutting down and abandoning module SequenceRecorder (483)
[2017.11.24-16.01.35:260][283]LogModuleManager: Shutting down and abandoning module SmartSnapping (480)
[2017.11.24-16.01.35:260][283]LogModuleManager: Shutting down and abandoning module SessionServices (478)
[2017.11.24-16.01.35:260][283]LogModuleManager: Shutting down and abandoning module ViewportSnapping (476)
[2017.11.24-16.01.35:260][283]LogModuleManager: Shutting down and abandoning module ViewportInteraction (474)
[2017.11.24-16.01.35:260][283]LogModuleManager: Shutting down and abandoning module ClothPainter (472)
[2017.11.24-16.01.35:260][283]LogModuleManager: Shutting down and abandoning module SkeletalMeshEditor (471)
[2017.11.24-16.01.35:260][283]LogModuleManager: Shutting down and abandoning module LogVisualizer (468)
[2017.11.24-16.01.35:260][283]LogModuleManager: Shutting down and abandoning module IntroTutorials (466)
[2017.11.24-16.01.35:265][283]LogModuleManager: Shutting down and abandoning module GameProjectGeneration (465)
[2017.11.24-16.01.35:299][283]LogModuleManager: Shutting down and abandoning module IOSPlatformEditor (462)
[2017.11.24-16.01.35:299][283]LogModuleManager: Shutting down and abandoning module HTML5PlatformEditor (460)
[2017.11.24-16.01.35:299][283]LogModuleManager: Shutting down and abandoning module AndroidPlatformEditor (458)
[2017.11.24-16.01.35:299][283]LogModuleManager: Shutting down and abandoning module AndroidDeviceDetection (457)
[2017.11.24-16.01.35:645][283]LogModuleManager: Shutting down and abandoning module WindowsPlatformEditor (454)
[2017.11.24-16.01.35:645][283]LogModuleManager: Shutting down and abandoning module IOSRuntimeSettings (452)
[2017.11.24-16.01.35:645][283]LogModuleManager: Shutting down and abandoning module AndroidRuntimeSettings (450)
[2017.11.24-16.01.35:645][283]LogModuleManager: Shutting down and abandoning module InputBindingEditor (448)
[2017.11.24-16.01.35:645][283]LogModuleManager: Shutting down and abandoning module MergeActors (446)
[2017.11.24-16.01.35:649][283]LogModuleManager: Shutting down and abandoning module SizeMap (444)
[2017.11.24-16.01.35:649][283]LogModuleManager: Shutting down and abandoning module TreeMap (442)
[2017.11.24-16.01.35:649][283]LogModuleManager: Shutting down and abandoning module ReferenceViewer (440)
[2017.11.24-16.01.35:649][283]LogModuleManager: Shutting down and abandoning module LocalizationDashboard (438)
[2017.11.24-16.01.35:657][283]LogModuleManager: Shutting down and abandoning module LocalizationService (437)
[2017.11.24-16.01.35:657][283]LogModuleManager: Shutting down and abandoning module HardwareTargeting (434)
[2017.11.24-16.01.35:657][283]LogModuleManager: Shutting down and abandoning module DeviceProfileEditor (432)
[2017.11.24-16.01.35:657][283]LogModuleManager: Shutting down and abandoning module UndoHistory (430)
[2017.11.24-16.01.35:657][283]LogModuleManager: Shutting down and abandoning module XmlParser (428)
[2017.11.24-16.01.35:657][283]LogModuleManager: Shutting down and abandoning module Blutility (426)
[2017.11.24-16.01.35:657][283]LogModuleManager: Shutting down and abandoning module ProjectSettingsViewer (424)
[2017.11.24-16.01.35:657][283]LogModuleManager: Shutting down and abandoning module ProjectTargetPlatformEditor (423)
[2017.11.24-16.01.35:657][283]LogModuleManager: Shutting down and abandoning module EditorSettingsViewer (420)
[2017.11.24-16.01.35:657][283]LogModuleManager: Shutting down and abandoning module SettingsEditor (418)
[2017.11.24-16.01.35:663][283]LogModuleManager: Shutting down and abandoning module ProjectLauncher (416)
[2017.11.24-16.01.35:722][283]LogModuleManager: Shutting down and abandoning module SessionFrontend (414)
[2017.11.24-16.01.35:722][283]LogModuleManager: Shutting down and abandoning module ProfilerClient (412)
[2017.11.24-16.01.35:739][283]LogModuleManager: Shutting down and abandoning module DeviceManager (410)
[2017.11.24-16.01.35:739][283]LogModuleManager: Shutting down and abandoning module TargetDeviceServices (409)
[2017.11.24-16.01.35:805][283]LogModuleManager: Shutting down and abandoning module AutomationController (406)
[2017.11.24-16.01.35:805][283]LogModuleManager: Shutting down and abandoning module AutomationWindow (404)
[2017.11.24-16.01.35:857][283]LogModuleManager: Shutting down and abandoning module Layers (402)
[2017.11.24-16.01.35:869][283]LogModuleManager: Shutting down and abandoning module ComponentVisualizers (400)
[2017.11.24-16.01.35:869][283]LogModuleManager: Shutting down and abandoning module DetailCustomizations (398)
[2017.11.24-16.01.35:875][283]LogModuleManager: Shutting down and abandoning module PackagesDialog (396)
[2017.11.24-16.01.35:875][283]LogModuleManager: Shutting down and abandoning module Persona (394)
[2017.11.24-16.01.35:900][283]LogModuleManager: Shutting down and abandoning module AdvancedPreviewScene (393)
[2017.11.24-16.01.35:900][283]LogModuleManager: Shutting down and abandoning module AnimGraph (391)
[2017.11.24-16.01.35:900][283]LogModuleManager: Shutting down and abandoning module Kismet (388)
[2017.11.24-16.01.35:921][283]LogModuleManager: Shutting down and abandoning module ClassViewer (386)
[2017.11.24-16.01.35:921][283]LogModuleManager: Shutting down and abandoning module Toolbox (384)
[2017.11.24-16.01.35:921][283]LogModuleManager: Shutting down and abandoning module ModuleUI (382)
[2017.11.24-16.01.35:967][283]LogModuleManager: Shutting down and abandoning module MovieSceneTools (380)
[2017.11.24-16.01.35:980][283]LogModuleManager: Shutting down and abandoning module OutputLog (378)
[2017.11.24-16.01.35:980][283]LogModuleManager: Shutting down and abandoning module GammaUI (376)
[2017.11.24-16.01.35:984][283]LogModuleManager: Shutting down and abandoning module Documentation (374)
[2017.11.24-16.01.35:985][283]LogModuleManager: Shutting down and abandoning module MovieSceneTracks (372)
[2017.11.24-16.01.35:997][283]LogModuleManager: Shutting down and abandoning module MovieScene (370)
[2017.11.24-16.01.35:997][283]LogModuleManager: Shutting down and abandoning module StreamingPauseRendering (368)
[2017.11.24-16.01.35:998][283]LogModuleManager: Shutting down and abandoning module LauncherPlatform (366)
[2017.11.24-16.01.35:998][283]LogModuleManager: Shutting down and abandoning module AnalyticsET (364)
[2017.11.24-16.01.35:998][283]LogModuleManager: Shutting down and abandoning module PortalServices (362)
[2017.11.24-16.01.35:998][283]LogModuleManager: Shutting down and abandoning module PortalRpc (360)
[2017.11.24-16.01.35:998][283]LogModuleManager: Shutting down and abandoning module MessagingRpc (358)
[2017.11.24-16.01.35:998][283]LogModuleManager: Shutting down and abandoning module AIModule (356)
[2017.11.24-16.01.35:998][283]LogModuleManager: Shutting down and abandoning module GameplayDebugger (355)
[2017.11.24-16.01.35:998][283]LogModuleManager: Shutting down and abandoning module AITestSuite (353)
[2017.11.24-16.01.35:998][283]LogModuleManager: Shutting down and abandoning module DesktopPlatform (350)
[2017.11.24-16.01.35:998][283]LogModuleManager: Shutting down and abandoning module ProfilerService (348)
[2017.11.24-16.01.36:130][283]LogModuleManager: Shutting down and abandoning module TaskGraph (346)
[2017.11.24-16.01.36:130][283]LogModuleManager: Shutting down and abandoning module SteamVRController (344)
[2017.11.24-16.01.36:130][283]LogModuleManager: Shutting down and abandoning module ProceduralMeshComponentEditor (342)
[2017.11.24-16.01.36:130][283]LogModuleManager: Shutting down and abandoning module ProceduralMeshComponent (340)
[2017.11.24-16.01.36:130][283]LogModuleManager: Shutting down and abandoning module OculusInput (338)
[2017.11.24-16.01.36:130][283]LogModuleManager: Shutting down and abandoning module MobilePatchingUtils (336)
[2017.11.24-16.01.36:130][283]LogModuleManager: Shutting down and abandoning module CustomMeshComponent (334)
[2017.11.24-16.01.36:130][283]LogModuleManager: Shutting down and abandoning module CableComponent (332)
[2017.11.24-16.01.36:130][283]LogModuleManager: Shutting down and abandoning module ArchVisCharacter (330)
[2017.11.24-16.01.36:130][283]LogModuleManager: Shutting down and abandoning module AndroidPermission (328)
[2017.11.24-16.01.36:130][283]LogModuleManager: Shutting down and abandoning module ActorSequence (324)
[2017.11.24-16.01.36:130][283]LogModuleManager: Shutting down and abandoning module MediaPlayerEditor (322)
[2017.11.24-16.01.36:190][283]LogModuleManager: Shutting down and abandoning module MediaCompositingEditor (320)
[2017.11.24-16.01.36:191][283]LogModuleManager: Shutting down and abandoning module MediaCompositing (318)
[2017.11.24-16.01.36:191][283]LogModuleManager: Shutting down and abandoning module HTML5Networking (316)
[2017.11.24-16.01.36:191][283]LogModuleManager: Shutting down and abandoning module AlembicImporter (314)
[2017.11.24-16.01.36:204][283]LogModuleManager: Shutting down and abandoning module AlembicLibrary (313)
[2017.11.24-16.01.36:204][283]LogModuleManager: Shutting down and abandoning module GeometryCache (312)
[2017.11.24-16.01.36:204][283]LogModuleManager: Shutting down and abandoning module GeometryCacheEd (311)
[2017.11.24-16.01.36:204][283]LogModuleManager: Shutting down and abandoning module SpeedTreeImporter (306)
[2017.11.24-16.01.36:204][283]LogModuleManager: Shutting down and abandoning module PluginBrowser (304)
[2017.11.24-16.01.36:222][283]LogModuleManager: Shutting down and abandoning module MobileLauncherProfileWizard (302)
[2017.11.24-16.01.36:234][283]LogModuleManager: Shutting down and abandoning module VisualStudioSourceCodeAccess (300)
[2017.11.24-16.01.36:234][283]LogModuleManager: Shutting down and abandoning module VisualStudioCodeSourceCodeAccess (298)
[2017.11.24-16.01.36:234][283]LogModuleManager: Shutting down and abandoning module UObjectPlugin (296)
[2017.11.24-16.01.36:234][283]LogModuleManager: Shutting down and abandoning module SubversionSourceControl (294)
[2017.11.24-16.01.36:234][283]LogModuleManager: Shutting down and abandoning module PerforceSourceControl (292)
[2017.11.24-16.01.36:239][283]LogModuleManager: Shutting down and abandoning module GitSourceControl (290)
[2017.11.24-16.01.36:239][283]LogModuleManager: Shutting down and abandoning module SourceControl (289)
[2017.11.24-16.01.36:239][283]LogModuleManager: Shutting down and abandoning module LightPropagationVolumeEditor (286)
[2017.11.24-16.01.36:239][283]LogModuleManager: Shutting down and abandoning module PaperTiledImporter (284)
[2017.11.24-16.01.36:239][283]LogModuleManager: Shutting down and abandoning module PaperSpriteSheetImporter (282)
[2017.11.24-16.01.36:239][283]LogModuleManager: Shutting down and abandoning module Paper2DEditor (280)
[2017.11.24-16.01.36:240][283]LogModuleManager: Shutting down and abandoning module MeshPaint (279)
[2017.11.24-16.01.36:240][283]LogModuleManager: Shutting down and abandoning module LevelEditor (277)
[2017.11.24-16.01.36:241][283]LogModuleManager: Shutting down and abandoning module PixelInspectorModule (276)
[2017.11.24-16.01.36:241][283]LogModuleManager: Shutting down and abandoning module MainFrame (274)
[2017.11.24-16.01.36:241][283]LogModuleManager: Shutting down and abandoning module HotReload (273)
[2017.11.24-16.01.36:242][283]LogModuleManager: Shutting down and abandoning module RuntimePhysXCooking (268)
[2017.11.24-16.01.36:242][283]LogModuleManager: Shutting down and abandoning module PhysXVehiclesEditor (266)
[2017.11.24-16.01.36:242][283]LogModuleManager: Shutting down and abandoning module PhysXVehicles (264)
[2017.11.24-16.01.36:242][283]LogModuleManager: Shutting down and abandoning module OculusEditor (262)
[2017.11.24-16.01.36:242][283]LogModuleManager: Shutting down and abandoning module LocationServicesBPLibrary (260)
[2017.11.24-16.01.36:242][283]LogModuleManager: Shutting down and abandoning module ImmediatePhysicsEditor (258)
[2017.11.24-16.01.36:242][283]LogModuleManager: Shutting down and abandoning module ImmediatePhysics (256)
[2017.11.24-16.01.36:242][283]LogModuleManager: Shutting down and abandoning module UdpMessaging (254)
[2017.11.24-16.01.36:343][283]LogModuleManager: Shutting down and abandoning module TcpMessaging (252)
[2017.11.24-16.01.36:443][283]LogModuleManager: Shutting down and abandoning module GameplayTagsEditor (250)
[2017.11.24-16.01.36:490][283]LogModuleManager: Shutting down and abandoning module FacialAnimationEditor (248)
[2017.11.24-16.01.36:490][283]LogModuleManager: Shutting down and abandoning module FacialAnimation (246)
[2017.11.24-16.01.36:490][283]LogModuleManager: Shutting down and abandoning module AssetManagerEditor (244)
[2017.11.24-16.01.36:490][283]LogModuleManager: Shutting down and abandoning module GraphEditor (243)
[2017.11.24-16.01.36:491][283]LogModuleManager: Shutting down and abandoning module ContentBrowser (241)
[2017.11.24-16.01.36:492][283]LogModuleManager: Shutting down and abandoning module LightPropagationVolumeRuntime (238)
[2017.11.24-16.01.36:492][283]LogModuleManager: Shutting down and abandoning module Paper2D (236)
[2017.11.24-16.01.36:492][283]LogModuleManager: Shutting down and abandoning module WindowsMoviePlayer (234)
[2017.11.24-16.01.36:492][283]LogModuleManager: Shutting down and abandoning module WmfMedia (232)
[2017.11.24-16.01.36:497][283]LogModuleManager: Shutting down and abandoning module ImgMedia (230)
[2017.11.24-16.01.36:497][283]LogModuleManager: Shutting down and abandoning module PacketHandler (228)
[2017.11.24-16.01.36:497][283]LogModuleManager: Shutting down and abandoning module ClothingSystemEditor (226)
[2017.11.24-16.01.36:497][283]LogModuleManager: Shutting down and abandoning module ClothingSystemRuntime (224)
[2017.11.24-16.01.36:503][283]LogModuleManager: Shutting down and abandoning module MediaAssets (222)
[2017.11.24-16.01.36:503][283]LogModuleManager: Shutting down and abandoning module Media (221)
[2017.11.24-16.01.36:509][283]LogModuleManager: Shutting down and abandoning module Overlay (218)
[2017.11.24-16.01.36:509][283]LogModuleManager: Shutting down and abandoning module OverlayEditor (217)
[2017.11.24-16.01.36:509][283]LogModuleManager: Shutting down and abandoning module VREditor (214)
[2017.11.24-16.01.36:515][283]LogModuleManager: Shutting down and abandoning module StringTableEditor (212)
[2017.11.24-16.01.36:518][283]LogModuleManager: Shutting down and abandoning module GameplayTasksEditor (210)
[2017.11.24-16.01.36:518][283]LogModuleManager: Shutting down and abandoning module BehaviorTreeEditor (208)
[2017.11.24-16.01.36:537][283]LogModuleManager: Shutting down and abandoning module FunctionalTesting (206)
[2017.11.24-16.01.36:537][283]LogModuleManager: Shutting down and abandoning module CollisionAnalyzer (204)
[2017.11.24-16.01.36:537][283]LogModuleManager: Shutting down and abandoning module WorkspaceMenuStructure (203)
[2017.11.24-16.01.36:537][283]LogModuleManager: Shutting down and abandoning module UMG (200)
[2017.11.24-16.01.36:537][283]LogModuleManager: Shutting down and abandoning module UMGEditor (199)
[2017.11.24-16.01.36:537][283]LogModuleManager: Shutting down and abandoning module Sequencer (198)
[2017.11.24-16.01.36:537][283]LogModuleManager: Shutting down and abandoning module MessageLog (195)
[2017.11.24-16.01.36:537][283]LogModuleManager: Shutting down and abandoning module SlateReflector (190)
[2017.11.24-16.01.36:562][283]LogModuleManager: Shutting down and abandoning module Slate (188)
[2017.11.24-16.01.36:562][283]LogModuleManager: Shutting down and abandoning module EditorStyle (186)
[2017.11.24-16.01.36:568][283]LogModuleManager: Shutting down and abandoning module MRMesh (184)
[2017.11.24-16.01.36:568][283]LogModuleManager: Shutting down and abandoning module SourceCodeAccess (182)
[2017.11.24-16.01.36:568][283]LogModuleManager: Shutting down and abandoning module HeadMountedDisplay (180)
[2017.11.24-16.01.36:568][283]LogModuleManager: Shutting down and abandoning module XAudio2 (178)
[2017.11.24-16.01.36:568][283]LogModuleManager: Shutting down and abandoning module Networking (176)
[2017.11.24-16.01.36:568][283]LogModuleManager: Shutting down and abandoning module Core (172)
[2017.11.24-16.01.36:568][283]LogModuleManager: Shutting down and abandoning module LevelSequence (168)
[2017.11.24-16.01.36:568][283]LogModuleManager: Shutting down and abandoning module DirectoryWatcher (166)
[2017.11.24-16.01.36:579][283]LogModuleManager: Shutting down and abandoning module KismetCompiler (164)
[2017.11.24-16.01.36:579][283]LogModuleManager: Shutting down and abandoning module MeshUtilities (162)
[2017.11.24-16.01.36:629][283]LogModuleManager: Shutting down and abandoning module MeshMergeUtilities (161)
[2017.11.24-16.01.36:629][283]LogModuleManager: Shutting down and abandoning module MeshReductionInterface (160)
[2017.11.24-16.01.36:629][283]LogModuleManager: Shutting down and abandoning module SimplygonSwarm (159)
[2017.11.24-16.01.36:640][283]LogModuleManager: Shutting down and abandoning module SimplygonMeshReduction (157)
[2017.11.24-16.01.36:640][283]LogModuleManager: Shutting down and abandoning module QuadricMeshReduction (155)
[2017.11.24-16.01.36:640][283]LogModuleManager: Shutting down and abandoning module MaterialBaking (151)
[2017.11.24-16.01.36:640][283]LogModuleManager: Shutting down and abandoning module DerivedDataCache (148)
[2017.11.24-16.01.36:711][283]LogDerivedDataCache: Shutdown
[2017.11.24-16.01.36:711][283]LogModuleManager: Shutting down and abandoning module TargetPlatform (146)
[2017.11.24-16.01.36:712][283]LogModuleManager: Shutting down and abandoning module VulkanShaderFormat (145)
[2017.11.24-16.01.36:712][283]LogModuleManager: Shutting down and abandoning module ShaderFormatVectorVM (143)
[2017.11.24-16.01.36:732][283]LogModuleManager: Shutting down and abandoning module ShaderFormatOpenGL (141)
[2017.11.24-16.01.36:744][283]LogModuleManager: Shutting down and abandoning module ShaderFormatD3D (139)
[2017.11.24-16.01.36:744][283]LogModuleManager: Shutting down and abandoning module MetalShaderFormat (137)
[2017.11.24-16.01.36:747][283]LogModuleManager: Shutting down and abandoning module TextureFormatUncompressed (135)
[2017.11.24-16.01.36:747][283]LogModuleManager: Shutting down and abandoning module TextureFormatPVR (133)
[2017.11.24-16.01.36:747][283]LogModuleManager: Shutting down and abandoning module TextureFormatDXT (131)
[2017.11.24-16.01.36:747][283]LogModuleManager: Shutting down and abandoning module TextureFormatIntelISPCTexComp (129)
[2017.11.24-16.01.36:747][283]LogModuleManager: Shutting down and abandoning module TextureFormatASTC (127)
[2017.11.24-16.01.36:747][283]LogModuleManager: Shutting down and abandoning module ImageWrapper (126)
[2017.11.24-16.01.36:747][283]LogModuleManager: Shutting down and abandoning module TextureFormatAndroid (123)
[2017.11.24-16.01.36:747][283]LogModuleManager: Shutting down and abandoning module AudioFormatOpus (121)
[2017.11.24-16.01.36:747][283]LogModuleManager: Shutting down and abandoning module AudioFormatOgg (119)
[2017.11.24-16.01.36:747][283]LogModuleManager: Shutting down and abandoning module AudioFormatADPCM (117)
[2017.11.24-16.01.36:747][283]LogModuleManager: Shutting down and abandoning module LinuxTargetPlatform (115)
[2017.11.24-16.01.36:747][283]LogModuleManager: Shutting down and abandoning module LinuxServerTargetPlatform (113)
[2017.11.24-16.01.36:747][283]LogModuleManager: Shutting down and abandoning module LinuxNoEditorTargetPlatform (111)
[2017.11.24-16.01.36:747][283]LogModuleManager: Shutting down and abandoning module LinuxClientTargetPlatform (109)
[2017.11.24-16.01.36:747][283]LogModuleManager: Shutting down and abandoning module TVOSTargetPlatform (107)
[2017.11.24-16.01.36:747][283]LogModuleManager: Shutting down and abandoning module Messaging (105)
[2017.11.24-16.01.36:747][283]LogModuleManager: Shutting down and abandoning module IOSTargetPlatform (103)
[2017.11.24-16.01.36:747][283]LogModuleManager: Shutting down and abandoning module HTML5TargetPlatform (101)
[2017.11.24-16.01.36:747][283]LogModuleManager: Shutting down and abandoning module AndroidTargetPlatform (99)
[2017.11.24-16.01.36:747][283]LogModuleManager: Shutting down and abandoning module Android_PVRTCTargetPlatform (97)
[2017.11.24-16.01.36:747][283]LogModuleManager: Shutting down and abandoning module Android_MultiTargetPlatform (95)
[2017.11.24-16.01.36:747][283]LogModuleManager: Shutting down and abandoning module Android_ETC2TargetPlatform (93)
[2017.11.24-16.01.36:747][283]LogModuleManager: Shutting down and abandoning module Android_ETC1TargetPlatform (91)
[2017.11.24-16.01.36:748][283]LogModuleManager: Shutting down and abandoning module Android_DXTTargetPlatform (89)
[2017.11.24-16.01.36:748][283]LogModuleManager: Shutting down and abandoning module Android_ATCTargetPlatform (87)
[2017.11.24-16.01.36:748][283]LogModuleManager: Shutting down and abandoning module Android_ASTCTargetPlatform (85)
[2017.11.24-16.01.36:748][283]LogModuleManager: Shutting down and abandoning module WindowsTargetPlatform (83)
[2017.11.24-16.01.36:748][283]LogModuleManager: Shutting down and abandoning module WindowsServerTargetPlatform (81)
[2017.11.24-16.01.36:748][283]LogModuleManager: Shutting down and abandoning module WindowsNoEditorTargetPlatform (79)
[2017.11.24-16.01.36:748][283]LogModuleManager: Shutting down and abandoning module WindowsClientTargetPlatform (77)
[2017.11.24-16.01.36:748][283]LogModuleManager: Shutting down and abandoning module MacTargetPlatform (75)
[2017.11.24-16.01.36:748][283]LogModuleManager: Shutting down and abandoning module MacServerTargetPlatform (73)
[2017.11.24-16.01.36:748][283]LogModuleManager: Shutting down and abandoning module MacNoEditorTargetPlatform (71)
[2017.11.24-16.01.36:748][283]LogModuleManager: Shutting down and abandoning module MacClientTargetPlatform (69)
[2017.11.24-16.01.36:748][283]LogModuleManager: Shutting down and abandoning module AllDesktopTargetPlatform (67)
[2017.11.24-16.01.36:748][283]LogModuleManager: Shutting down and abandoning module InputCore (64)
[2017.11.24-16.01.36:748][283]LogModuleManager: Shutting down and abandoning module Settings (62)
[2017.11.24-16.01.36:748][283]LogModuleManager: Shutting down and abandoning module PhysXCooking (60)
[2017.11.24-16.01.36:748][283]LogModuleManager: Shutting down and abandoning module SteamVR (58)
[2017.11.24-16.01.36:748][283]LogModuleManager: Shutting down and abandoning module OculusHMD (56)
[2017.11.24-16.01.36:748][283]LogModuleManager: Shutting down and abandoning module ExampleDeviceProfileSelector (54)
[2017.11.24-16.01.36:748][283]LogModuleManager: Shutting down and abandoning module AppleARKit (52)
[2017.11.24-16.01.36:748][283]LogModuleManager: Shutting down and abandoning module AugmentedReality (51)
[2017.11.24-16.01.36:748][283]LogModuleManager: Shutting down and abandoning module OnlineBlueprintSupport (48)
[2017.11.24-16.01.36:748][283]LogModuleManager: Shutting down and abandoning module OnlineSubsystem (44)
[2017.11.24-16.01.36:775][283]LogModuleManager: Shutting down and abandoning module XMPP (43)
[2017.11.24-16.01.36:793][283]LogModuleManager: Shutting down and abandoning module HTTP (41)
[2017.11.24-16.01.36:793][283]LogHttp: Display: Http module shutting down, but needs to wait on 1 outstanding Http requests:
[2017.11.24-16.01.36:793][283]LogHttp: Display: 	verb=[POST] url=[https://datarouter.ol.epicgames.com/datarouter/api/v1/public/data?SessionID=%7BF550BCDB-44E8-6CC8-94E4-109D9FC70469%7D&AppID=UEEditor.Rocket.Release&AppVersion=4.18.0-3709383%2B%2B%2BUE4%2BRelease-4.18&UserID=2ba027674298d1d89f44efbd3f7bfd1b%7Cdac078262b654195b72eb187434c019b%7C78bda70f-a84b-463c-a418-7b09ca8944fe&AppEnvironment=datacollector-binary&UploadType=eteventstream] status=Processing
[2017.11.24-16.01.36:814][283]LogModuleManager: Shutting down and abandoning module SSL (40)
[2017.11.24-16.01.36:816][283]LogModuleManager: Shutting down and abandoning module AnimationModifiers (36)
[2017.11.24-16.01.36:816][283]LogModuleManager: Shutting down and abandoning module PropertyEditor (35)
[2017.11.24-16.01.36:816][283]LogModuleManager: Shutting down and abandoning module AudioEditor (32)
[2017.11.24-16.01.36:816][283]LogModuleManager: Shutting down and abandoning module TextureCompressor (30)
[2017.11.24-16.01.36:827][283]LogModuleManager: Shutting down and abandoning module ShaderCore (28)
[2017.11.24-16.01.36:827][283]LogModuleManager: Shutting down and abandoning module Landscape (26)
[2017.11.24-16.01.36:827][283]LogModuleManager: Shutting down and abandoning module SlateRHIRenderer (24)
[2017.11.24-16.01.36:849][283]LogModuleManager: Shutting down and abandoning module OpenGLDrv (22)
[2017.11.24-16.01.36:856][283]LogModuleManager: Shutting down and abandoning module D3D11RHI (20)
[2017.11.24-16.01.36:856][283]LogModuleManager: Shutting down and abandoning module AnimGraphRuntime (18)
[2017.11.24-16.01.36:856][283]LogModuleManager: Shutting down and abandoning module Renderer (16)
[2017.11.24-16.01.36:856][283]LogModuleManager: Shutting down and abandoning module Engine (14)
[2017.11.24-16.01.36:856][283]LogModuleManager: Shutting down and abandoning module CoreUObject (12)
[2017.11.24-16.01.36:856][283]LogModuleManager: Shutting down and abandoning module NetworkFile (10)
[2017.11.24-16.01.36:856][283]LogModuleManager: Shutting down and abandoning module CookedIterativeFile (8)
[2017.11.24-16.01.36:856][283]LogModuleManager: Shutting down and abandoning module StreamingFile (6)
[2017.11.24-16.01.36:856][283]LogModuleManager: Shutting down and abandoning module SandboxFile (4)
[2017.11.24-16.01.36:856][283]LogModuleManager: Shutting down and abandoning module PakFile (2)
[2017.11.24-16.01.36:859][283]LogExit: Exiting.
[2017.11.24-16.01.36:876][283]Log file closed, 11/24/17 16:01:36
