Log file open, 08/26/18 14:31:10
LogWindows: Failed to load 'aqProf.dll' (GetLastError=126)
LogWindows: File 'aqProf.dll' does not exist
LogWindows: Failed to load 'VSPerf140.dll' (GetLastError=126)
LogWindows: File 'VSPerf140.dll' does not exist
LogWindows: Failed to load 'VtuneApi.dll' (GetLastError=126)
LogWindows: File 'VtuneApi.dll' does not exist
LogWindows: Failed to load 'VtuneApi32e.dll' (GetLastError=126)
LogWindows: File 'VtuneApi32e.dll' does not exist
LogInit: Display: Running engine for game: Ninja_Bunnies
LogPlatformFile: Not using cached read wrapper
LogInit: Display: RandInit(-1513086615) SRandInit(-1513086615).
LogTaskGraph: Started task graph with 5 named threads and 14 total threads with 3 sets of task threads.
LogStats: Stats thread started at 0.781600
LogD3D11RHI: Aftermath initialized
LogPluginManager: Mounting plugin Paper2D
LogPluginManager: Mounting plugin LightPropagationVolume
LogPluginManager: Mounting plugin CodeLiteSourceCodeAccess
LogPluginManager: Mounting plugin GitSourceControl
LogPluginManager: Mounting plugin KDevelopSourceCodeAccess
LogPluginManager: Mounting plugin NullSourceCodeAccess
LogPluginManager: Mounting plugin PerforceSourceControl
LogPluginManager: Mounting plugin SubversionSourceControl
LogPluginManager: Mounting plugin UObjectPlugin
LogPluginManager: Mounting plugin VisualStudioSourceCodeAccess
LogPluginManager: Mounting plugin XCodeSourceCodeAccess
LogPluginManager: Mounting plugin AssetManagerEditor
LogPluginManager: Mounting plugin AudioCapture
LogPluginManager: Mounting plugin FacialAnimation
LogPluginManager: Mounting plugin GameplayTagsEditor
LogPluginManager: Mounting plugin MobileLauncherProfileWizard
LogPluginManager: Mounting plugin PluginBrowser
LogPluginManager: Mounting plugin SpeedTreeImporter
LogPluginManager: Mounting plugin AlembicImporter
LogPluginManager: Mounting plugin CharacterAI
LogPluginManager: Mounting plugin HTML5Networking
LogPluginManager: Mounting plugin AndroidMedia
LogPluginManager: Mounting plugin AvfMedia
LogPluginManager: Mounting plugin MediaPlayerEditor
LogPluginManager: Mounting plugin WmfMedia
LogPluginManager: Mounting plugin TcpMessaging
LogPluginManager: Mounting plugin UdpMessaging
LogPluginManager: Mounting plugin LevelSequenceEditor
LogPluginManager: Mounting plugin MatineeToLevelSequence
LogPluginManager: Mounting plugin OnlineSubsystemGooglePlay
LogPluginManager: Mounting plugin OnlineSubsystemIOS
LogPluginManager: Mounting plugin OnlineSubsystem
LogPluginManager: Mounting plugin OnlineSubsystemNull
LogPluginManager: Mounting plugin OnlineSubsystemUtils
LogPluginManager: Mounting plugin AndroidDeviceProfileSelector
LogPluginManager: Mounting plugin AndroidMoviePlayer
LogPluginManager: Mounting plugin AndroidPermission
LogPluginManager: Mounting plugin AppleMoviePlayer
LogPluginManager: Mounting plugin ArchVisCharacter
LogPluginManager: Mounting plugin CableComponent
LogPluginManager: Mounting plugin CustomMeshComponent
LogPluginManager: Mounting plugin ExampleDeviceProfileSelector
LogPluginManager: Mounting plugin GoogleCloudMessaging
LogPluginManager: Mounting plugin ImmediatePhysics
LogPluginManager: Mounting plugin IOSDeviceProfileSelector
LogPluginManager: Mounting plugin LinuxDeviceProfileSelector
LogPluginManager: Mounting plugin LocationServicesBPLibrary
LogPluginManager: Mounting plugin MobilePatchingUtils
LogPluginManager: Mounting plugin OculusVR
LogPluginManager: Mounting plugin PhysXVehicles
LogPluginManager: Mounting plugin ProceduralMeshComponent
LogPluginManager: Mounting plugin RuntimePhysXCooking
LogPluginManager: Mounting plugin SteamVR
LogPluginManager: Mounting plugin WindowsMoviePlayer
LogInit: Using libcurl 7.47.1
LogInit:  - built for x86_64-pc-win32
LogInit:  - supports SSL with OpenSSL/1.0.2g
LogInit:  - supports HTTP deflate (compression) using libz 1.2.8
LogInit:  - other features:
LogInit:      CURL_VERSION_SSL
LogInit:      CURL_VERSION_LIBZ
LogInit:      CURL_VERSION_IPV6
LogInit:      CURL_VERSION_ASYNCHDNS
LogInit:      CURL_VERSION_LARGEFILE
LogInit:      CURL_VERSION_IDN
LogInit:  CurlRequestOptions (configurable via config and command line):
LogInit:  - bVerifyPeer = false  - Libcurl will NOT verify peer certificate
LogInit:  - bUseHttpProxy = false  - Libcurl will NOT use HTTP proxy
LogInit:  - bDontReuseConnections = false  - Libcurl will reuse connections
LogInit:  - CertBundlePath = nullptr  - Libcurl will use whatever was configured at build time.
LogInit: Build: ++UE4+Release-4.17-CL-3658906
LogInit: Engine Version: 4.17.2-3658906+++UE4+Release-4.17
LogInit: Compatible Engine Version: 4.17.0-3573198+++UE4+Release-4.17
LogInit: Net CL: 3573198
LogDevObjectVersion: Number of dev versions registered: 16
LogDevObjectVersion:   Dev-Blueprints (B0D832E4-1F89-4F0D-ACCF-7EB736FD4AA2): 10
LogDevObjectVersion:   Dev-Build (E1C64328-A22C-4D53-A36C-8E866417BD8C): 0
LogDevObjectVersion:   Dev-Core (375EC13C-06E4-48FB-B500-84F0262A717E): 2
LogDevObjectVersion:   Dev-Editor (E4B068ED-F494-42E9-A231-DA0B2E46BB41): 20
LogDevObjectVersion:   Dev-Framework (CFFC743F-43B0-4480-9391-14DF171D2073): 28
LogDevObjectVersion:   Dev-Mobile (B02B49B5-BB20-44E9-A304-32B752E40360): 0
LogDevObjectVersion:   Dev-Networking (A4E4105C-59A1-49B5-A7C5-40C4547EDFEE): 0
LogDevObjectVersion:   Dev-Online (39C831C9-5AE6-47DC-9A44-9C173E1C8E7C): 0
LogDevObjectVersion:   Dev-Physics (78F01B33-EBEA-4F98-B9B4-84EACCB95AA2): 0
LogDevObjectVersion:   Dev-Platform (6631380F-2D4D-43E0-8009-CF276956A95A): 0
LogDevObjectVersion:   Dev-Rendering (12F88B9F-8875-4AFC-A67C-D90C383ABD29): 19
LogDevObjectVersion:   Dev-Sequencer (7B5AE74C-D270-4C10-A958-57980B212A5A): 4
LogDevObjectVersion:   Dev-VR (D7296918-1DD6-4BDD-9DE2-64A83CC13884): 0
LogDevObjectVersion:   Dev-LoadTimes (C2A15278-BFE7-4AFE-6C17-90FF531DF755): 1
LogDevObjectVersion:   Private-Geometry (6EACA3D4-40EC-4CC1-B786-8BED09428FC5): 1
LogDevObjectVersion:   Dev-AnimPhys (29E575DD-E0A3-4627-9D10-D276232CDCEA): 7
LogInit: Compiled (64-bit): Sep 22 2017 13:47:16
LogInit: Compiled with Visual C++: 19.00.24215.01
LogInit: Build Configuration: Development
LogInit: Branch Name: ++UE4+Release-4.17
LogInit: Command line:  
LogInit: Base directory: C:/Program Files/Epic Games/UE_4.17/Engine/Binaries/Win64/
LogInit: Installed Engine Build: 1
LogInit: Presizing for max 8388607 objects, including 0 objects not considered by GC, pre-allocating 0 bytes for permanent pool.
LogInit: Object subsystem initialized
[2018.08.26-13.31.10:647][  0]LogInit: Selected Device Profile: [Windows]
[2018.08.26-13.31.10:647][  0]LogInit: Applying CVar settings loaded from the selected device profile: [Windows]
[2018.08.26-13.31.10:674][  0]LogInit: Computer: DESKTOP-D09G9HJ
[2018.08.26-13.31.10:674][  0]LogInit: User: hopet
[2018.08.26-13.31.10:674][  0]LogInit: CPU Page size=4096, Cores=4
[2018.08.26-13.31.10:674][  0]LogInit: High frequency timer resolution =3.415993 MHz
[2018.08.26-13.31.10:674][  0]LogMemory: Memory total: Physical=11.9GB (12GB approx)
[2018.08.26-13.31.10:674][  0]LogMemory: Platform Memory Stats for Windows
[2018.08.26-13.31.10:674][  0]LogMemory: Process Physical Memory: 280.19 MB used, 280.19 MB peak
[2018.08.26-13.31.10:674][  0]LogMemory: Process Virtual Memory: 274.32 MB used, 274.32 MB peak
[2018.08.26-13.31.10:674][  0]LogMemory: Physical Memory: 3744.31 MB used,  8486.20 MB free, 12230.51 MB total
[2018.08.26-13.31.10:674][  0]LogMemory: Virtual Memory: 4800.33 MB used,  8486.20 MB free, 134217728.00 MB total
[2018.08.26-13.31.11:028][  0]LogInit: Using OS detected language (en-GB).
[2018.08.26-13.31.11:028][  0]LogInit: Using OS detected locale (en-GB).
[2018.08.26-13.31.11:077][  0]LogTextLocalizationManager: No specific localization for 'en-GB' exists, so the 'en' localization will be used.
[2018.08.26-13.31.13:395][  0]LogD3D11RHI: D3D11 adapters:
[2018.08.26-13.31.13:454][  0]LogD3D11RHI:    0. 'NVIDIA GeForce GTX 970' (Feature Level 11_0)
[2018.08.26-13.31.13:454][  0]LogD3D11RHI:       4043/0/6115 MB DedicatedVideo/DedicatedSystem/SharedSystem, Outputs:2, VendorId:0x10de
[2018.08.26-13.31.13:456][  0]LogD3D11RHI:    1. 'Microsoft Basic Render Driver' (Feature Level 11_0)
[2018.08.26-13.31.13:456][  0]LogD3D11RHI:       0/0/6115 MB DedicatedVideo/DedicatedSystem/SharedSystem, Outputs:0, VendorId:0x1414
[2018.08.26-13.31.13:456][  0]LogD3D11RHI: Chosen D3D11 Adapter: 0
[2018.08.26-13.31.13:461][  0]LogD3D11RHI: Creating new Direct3DDevice
[2018.08.26-13.31.13:461][  0]LogD3D11RHI:     GPU DeviceId: 0x13c2 (for the marketing name, search the web for "GPU Device Id")
[2018.08.26-13.31.13:461][  0]LogWindows: EnumDisplayDevices:
[2018.08.26-13.31.13:461][  0]LogWindows:    0. 'NVIDIA GeForce GTX 970' (P:1 D:1)
[2018.08.26-13.31.13:461][  0]LogWindows:    1. 'NVIDIA GeForce GTX 970' (P:0 D:1)
[2018.08.26-13.31.13:461][  0]LogWindows:    2. 'NVIDIA GeForce GTX 970' (P:0 D:0)
[2018.08.26-13.31.13:462][  0]LogWindows:    3. 'NVIDIA GeForce GTX 970' (P:0 D:0)
[2018.08.26-13.31.13:462][  0]LogWindows: DebugString: GetVideoDriverDetailsInvalid PrimaryIsNotTheChoosenAdapter GetVideoDriverDetailsInvalid PrimaryIsNotTheChoosenAdapter GetVideoDriverDetailsInvalid PrimaryIsNotTheChoosenAdapter GetVideoDriverDetailsInvalid PrimaryIsNotTheChoosenAdapter FoundDriverCount:0 
[2018.08.26-13.31.13:462][  0]LogD3D11RHI:     Adapter Name: NVIDIA GeForce GTX 970
[2018.08.26-13.31.13:462][  0]LogD3D11RHI:   Driver Version: Unknown (internal:Unknown, unified:Unknown)
[2018.08.26-13.31.13:462][  0]LogD3D11RHI:      Driver Date: Unknown
[2018.08.26-13.31.13:462][  0]LogRHI: Texture pool is 1361 MB (70% of 1945 MB)
[2018.08.26-13.31.13:494][  0]LogD3D11RHI: Async texture creation enabled
[2018.08.26-13.31.13:546][  0]LogD3D11RHI: GPU Timing Frequency: 1000.000000 (Debug: 2 2)
[2018.08.26-13.31.13:594][  0]LogShaderCompilers: Guid format shader working directory is -87 characters bigger than the processId version (../../../../../../Users/hopet/Documents/GitHub/lvl6/level-6-l6-group-9/Quwaine Dantes Resubmission/Prototypes/New Idea/Ninja_Bunnies/Intermediate/Shaders/WorkingDirectory/12020/).
[2018.08.26-13.31.13:595][  0]LogShaderCompilers: Cleaned the shader compiler working directory 'C:/Users/hopet/AppData/Local/Temp/UnrealShaderWorkingDir/92F1D9D84CE6B2A6CAEA65BD3FE5D231/'.
[2018.08.26-13.31.13:595][  0]LogShaderCompilers: Display: Using Local Shader Compiler.
[2018.08.26-13.31.15:785][  0]LogTemp: Display: Loaded TP AllDesktopTargetPlatform
[2018.08.26-13.31.15:829][  0]LogTemp: Display: Loaded TP MacClientTargetPlatform
[2018.08.26-13.31.15:874][  0]LogTemp: Display: Loaded TP MacNoEditorTargetPlatform
[2018.08.26-13.31.15:918][  0]LogTemp: Display: Loaded TP MacServerTargetPlatform
[2018.08.26-13.31.15:968][  0]LogTemp: Display: Loaded TP MacTargetPlatform
[2018.08.26-13.31.16:014][  0]LogTemp: Display: Loaded TP WindowsClientTargetPlatform
[2018.08.26-13.31.16:058][  0]LogTemp: Display: Loaded TP WindowsNoEditorTargetPlatform
[2018.08.26-13.31.16:103][  0]LogTemp: Display: Loaded TP WindowsServerTargetPlatform
[2018.08.26-13.31.16:142][  0]LogTemp: Display: Loaded TP WindowsTargetPlatform
[2018.08.26-13.31.16:191][  0]LogTemp: Display: Loaded TP AndroidTargetPlatform
[2018.08.26-13.31.16:235][  0]LogTemp: Display: Loaded TP Android_ASTCTargetPlatform
[2018.08.26-13.31.16:280][  0]LogTemp: Display: Loaded TP Android_ATCTargetPlatform
[2018.08.26-13.31.16:323][  0]LogTemp: Display: Loaded TP Android_DXTTargetPlatform
[2018.08.26-13.31.16:367][  0]LogTemp: Display: Loaded TP Android_ETC1TargetPlatform
[2018.08.26-13.31.16:410][  0]LogTemp: Display: Loaded TP Android_ETC2TargetPlatform
[2018.08.26-13.31.16:504][  0]LogTemp: Display: Loaded TP Android_MultiTargetPlatform
[2018.08.26-13.31.16:504][  0]LogTemp: Display: Loaded TP Android_PVRTCTargetPlatform
[2018.08.26-13.31.16:539][  0]LogTemp: Display: Loaded TP HTML5TargetPlatform
[2018.08.26-13.31.16:633][  0]LogTemp: Display: Loaded TP IOSTargetPlatform
[2018.08.26-13.31.16:660][  0]LogTemp: Display: Loaded TP TVOSTargetPlatform
[2018.08.26-13.31.16:705][  0]LogTemp: Display: Loaded TP LinuxClientTargetPlatform
[2018.08.26-13.31.16:748][  0]LogTemp: Display: Loaded TP LinuxNoEditorTargetPlatform
[2018.08.26-13.31.16:792][  0]LogTemp: Display: Loaded TP LinuxServerTargetPlatform
[2018.08.26-13.31.16:841][  0]LogTemp: Display: Loaded TP LinuxTargetPlatform
[2018.08.26-13.31.16:841][  0]LogTargetPlatformManager: Display: Building Assets For Windows
[2018.08.26-13.31.17:374][  0]LogDerivedDataCache: Display: Max Cache Size: 512 MB
[2018.08.26-13.31.17:374][  0]LogDerivedDataCache: Display: Starting with empty Boot cache
[2018.08.26-13.31.17:374][  0]LogDerivedDataCache: FDerivedDataBackendGraph:  Pak pak cache file ../../../../../../Users/hopet/Documents/GitHub/lvl6/level-6-l6-group-9/Quwaine Dantes Resubmission/Prototypes/New Idea/Ninja_Bunnies/DerivedDataCache/DDC.ddp not found, will not use a pak cache.
[2018.08.26-13.31.17:374][  0]LogDerivedDataCache: Unable to find inner node Pak for hierarchical cache Hierarchy.
[2018.08.26-13.31.17:374][  0]LogDerivedDataCache: FDerivedDataBackendGraph:  CompressedPak pak cache file ../../../../../../Users/hopet/Documents/GitHub/lvl6/level-6-l6-group-9/Quwaine Dantes Resubmission/Prototypes/New Idea/Ninja_Bunnies/DerivedDataCache/Compressed.ddp not found, will not use a pak cache.
[2018.08.26-13.31.17:374][  0]LogDerivedDataCache: Unable to find inner node CompressedPak for hierarchical cache Hierarchy.
[2018.08.26-13.31.17:397][  0]LogDerivedDataCache: Display: Pak cache opened for reading ../../../Engine/DerivedDataCache/Compressed.ddp.
[2018.08.26-13.31.17:410][  0]LogDerivedDataCache: Using Local data cache path C:/Users/hopet/AppData/Local/UnrealEngine/Common/DerivedDataCache: Writable
[2018.08.26-13.31.17:434][  0]LogMaterial: Verifying Global Shaders for PCD3D_SM5
[2018.08.26-13.31.17:439][  0]LogSlate: Using Freetype 2.6.0
[2018.08.26-13.31.17:451][  0]LogSlate: SlateFontCache - WITH_FREETYPE: 1, WITH_HARFBUZZ: 1
[2018.08.26-13.31.17:451][  0]LogSlate: SlateFontCache - WITH_FREETYPE: 1, WITH_HARFBUZZ: 1
[2018.08.26-13.31.18:158][  0]LogAssetRegistry: FAssetRegistry took 0.0278 seconds to start up
[2018.08.26-13.31.18:297][  0]LogInit: Selected Device Profile: [Windows]
[2018.08.26-13.31.18:744][  0]LogContentStreaming: Texture pool size is 0.00 MB
[2018.08.26-13.31.19:110][  0]LogSimplygon: Simplygon DLL not present - disabling.
[2018.08.26-13.31.19:153][  0]LogMeshReduction: Using SimplygonSwarm for distributed automatic mesh merging
[2018.08.26-13.31.19:153][  0]LogMeshReduction: Using QuadricMeshReduction for automatic static mesh reduction
[2018.08.26-13.31.19:153][  0]LogMeshReduction: No automatic skeletal mesh reduction module available
[2018.08.26-13.31.19:153][  0]LogMeshReduction: No automatic mesh merging module available
[2018.08.26-13.31.19:153][  0]LogMeshMerging: No automatic mesh merging module available
[2018.08.26-13.31.19:894][  0]LogNetVersion: Ninja_Bunnies , NetCL: 3573198, EngineNetVer: 2, GameNetVer: 0 (Checksum: 1886342967)
[2018.08.26-13.31.20:214][  0]LogPackageLocalizationCache: Processed 5 localized package path(s) for 2 prioritized culture(s) in 0.049436 seconds
[2018.08.26-13.31.20:219][  0]LogUObjectArray: 35825 objects as part of root set at end of initial load.
[2018.08.26-13.31.20:220][  0]LogUObjectAllocator: 7529112 out of 0 bytes used by permanent object pool.
[2018.08.26-13.31.20:220][  0]LogUObjectArray: CloseDisregardForGC: 0/0 objects in disregard for GC pool
[2018.08.26-13.31.20:272][  0]LogInit: WinSock: version 1.1 (2.2), MaxSocks=32767, MaxUdp=65467
[2018.08.26-13.31.24:664][  0]LogTcpMessaging: Initializing TcpMessaging bridge
[2018.08.26-13.31.24:704][  0]LogUdpMessaging: Initializing bridge on interface 0.0.0.0:0 to multicast group 230.0.0.1:6666.
[2018.08.26-13.31.25:388][  0]LogMaterial: Uniform references updated for custom material expression Custom.
[2018.08.26-13.31.25:781][  0]SourceControl: Source control is disabled
[2018.08.26-13.31.25:781][  0]SourceControl: Source control is disabled
[2018.08.26-13.31.25:830][  0]SourceControl: Source control is disabled
[2018.08.26-13.31.25:875][  0]SourceControl: Source control is disabled
[2018.08.26-13.31.26:459][  0]LogAndroidPermission: UAndroidPermissionCallbackProxy::GetInstance
[2018.08.26-13.31.26:680][  0]LogOcInput: OculusInput pre-init called
[2018.08.26-13.31.26:929][  0]LogEngine: Initializing Engine...
[2018.08.26-13.31.26:932][  0]LogHMD: Failed to initialize OpenVR with code 110
[2018.08.26-13.31.27:284][  0]LogStats: UGameplayTagsManager::ConstructGameplayTagTree: Construct from data asset -  0.000 s
[2018.08.26-13.31.27:285][  0]LogStats: UGameplayTagsManager::ConstructGameplayTagTree: GameplayTagTreeChangedEvent.Broadcast -  0.000 s
[2018.08.26-13.31.27:447][  0]LogAIModule: Creating AISystem for world Untitled
[2018.08.26-13.31.27:498][  0]LogInit: XAudio2 using 'Speakers (Mixing Driver 2 for US-2x2 & US-4x4)' : 2 channels at 44.1 kHz using 16 bits per sample (channel mask 0x3)
[2018.08.26-13.31.27:537][  0]LogInit: FAudioDevice initialized.
[2018.08.26-13.31.27:615][  0]LogDerivedDataCache: Saved boot cache 0.08s 93MB C:/Users/hopet/AppData/Local/UnrealEngine/4.17/DerivedDataCache/Boot.ddc.
[2018.08.26-13.31.27:635][  0]LogInit: Texture streaming: Enabled
[2018.08.26-13.31.27:752][  0]LogEngineSessionManager: EngineSessionManager initialized
[2018.08.26-13.31.28:019][  0]LogInit: Transaction tracking system initialized
[2018.08.26-13.31.28:354][  0]BlueprintLog: New page: Editor Load
[2018.08.26-13.31.29:350][  0]LocalizationService: Localization service is disabled
[2018.08.26-13.31.30:030][  0]LogConsoleResponse: Display: 
[2018.08.26-13.31.30:238][  0]LogCook: Display: Max memory allowance for cook 16384mb min free memory 0mb
[2018.08.26-13.31.30:239][  0]LogCook: Display: Mobile HDR setting 1
[2018.08.26-13.31.30:241][  0]LogFileCache: Scanning file cache for directory 'C:/Users/hopet/Documents/GitHub/lvl6/level-6-l6-group-9/Quwaine Dantes Resubmission/Prototypes/New Idea/Ninja_Bunnies/Content/' took 0.02s
[2018.08.26-13.31.30:241][  0]LogGameplayTags: Display: UGameplayTagsManager::DoneAddingNativeTags. DelegateIsBound: 0
[2018.08.26-13.31.31:286][  0]SourceControl: Source control is disabled
[2018.08.26-13.31.31:292][  0]LightingResults: New page: Lighting Build
[2018.08.26-13.31.31:352][  0]MapCheck: New page: Map Check
[2018.08.26-13.31.31:352][  0]LightingResults: New page: Lighting Build
[2018.08.26-13.31.33:400][  0]LogTexture: Display: Building textures: Samurai_Spider_Colour_sprite_sheet (AutoDXT, 900X512)
[2018.08.26-13.31.33:400][  0]LogTexture: Display: Building textures: Tileset_For_Tutorial_Level (AutoDXT, 416X160)
[2018.08.26-13.31.33:400][  0]LogTexture: Display: Building textures: Cat_Ninja_Idle (BGRA8, 3930X948)
[2018.08.26-13.31.33:400][  0]LogTexture: Display: Building textures: Samurai_Colour_sprite_sheet__Fixed_ (AutoDXT, 4500X700)
[2018.08.26-13.31.33:400][  0]LogTexture: Display: Building textures: PandaMouse_Ninja_Idle (AutoDXT, 2760X772)
[2018.08.26-13.31.33:400][  0]LogTexture: Display: Building textures: Ninja_Rabbit_colour_sprite_sheet__Fixed_ (BGRA8, 2500X478)
[2018.08.26-13.31.33:504][  0]LogAIModule: Creating AISystem for world Tutorial_Level
[2018.08.26-13.31.33:546][  0]LogEditorServer: Finished looking for orphan Actors (0.000 secs)
[2018.08.26-13.31.33:570][  0]Cmd: MAP CHECKDEP NOCLEARLOG
[2018.08.26-13.31.33:623][  0]MapCheck: Map check complete: 0 Error(s), 0 Warning(s), took 52.204ms to complete.
[2018.08.26-13.31.33:623][  0]LogFileHelpers: Loading map 'Tutorial_Level' took 2.336
[2018.08.26-13.31.33:926][  0]LogCollectionManager: Loaded 0 collections in 0.001323 seconds
[2018.08.26-13.31.34:027][  0]LogFileCache: Scanning file cache for directory 'C:/Users/hopet/Documents/GitHub/lvl6/level-6-l6-group-9/Quwaine Dantes Resubmission/Prototypes/New Idea/Ninja_Bunnies/Saved/Collections/' took 0.01s
[2018.08.26-13.31.34:027][  0]LogFileCache: Scanning file cache for directory 'C:/Users/hopet/Documents/GitHub/lvl6/level-6-l6-group-9/Quwaine Dantes Resubmission/Prototypes/New Idea/Ninja_Bunnies/Content/Developers/hopet/Collections/' took 0.01s
[2018.08.26-13.31.34:027][  0]LogFileCache: Scanning file cache for directory 'C:/Users/hopet/Documents/GitHub/lvl6/level-6-l6-group-9/Quwaine Dantes Resubmission/Prototypes/New Idea/Ninja_Bunnies/Content/Collections/' took 0.01s
[2018.08.26-13.31.34:027][  0]LogCollectionManager: Rebuilt the GUID cache for 0 collections in 0.000001 seconds
[2018.08.26-13.31.34:037][  0]LogContentBrowser: Native class hierarchy populated in 0.0085 seconds. Added 2386 classes and 500 folders.
[2018.08.26-13.31.34:101][  0]LogContentBrowser: Native class hierarchy updated for 'WidgetCarousel' in 0.0006 seconds. Added 0 classes and 0 folders.
[2018.08.26-13.31.34:431][  0]LogContentBrowser: Native class hierarchy updated for 'AddContentDialog' in 0.0006 seconds. Added 0 classes and 0 folders.
[2018.08.26-13.31.34:478][  0]LogContentBrowser: Native class hierarchy updated for 'SceneOutliner' in 0.0007 seconds. Added 1 classes and 2 folders.
[2018.08.26-13.31.34:575][  0]LogSlate: Took 0.009565 seconds to synchronously load lazily loaded font '../../../Engine/Content/Slate/Fonts/Roboto-Regular.ttf' (155K)
[2018.08.26-13.31.34:583][  0]LogSlate: Took 0.005346 seconds to synchronously load lazily loaded font '../../../Engine/Content/Slate/Fonts/Roboto-Bold.ttf' (160K)
[2018.08.26-13.31.34:594][  0]LogSlate: Took 0.004581 seconds to synchronously load lazily loaded font '../../../Engine/Content/Editor/Slate/Fonts/FontAwesome.ttf' (139K)
[2018.08.26-13.31.34:714][  0]LogRenderer: Reallocating scene render targets to support 1208x576 Format 10 NumSamples 1 (Frame:1).
[2018.08.26-13.31.34:948][  0]LogContentBrowser: Native class hierarchy updated for 'HierarchicalLODOutliner' in 0.0006 seconds. Added 1 classes and 2 folders.
[2018.08.26-13.31.34:948][  0]LogLoad: (Engine Initialization) Total time: 27.32 seconds
[2018.08.26-13.31.34:948][  0]LogLoad: (Engine Initialization) Total Blueprint compile time: 0.00 seconds
[2018.08.26-13.31.34:949][  0]LogExternalProfiler: No external profilers were discovered.  External profiling features will not be available.
[2018.08.26-13.31.34:988][  0]LogContentStreaming: Texture pool size now 1000 MB
[2018.08.26-13.31.35:047][  0]LogSlate: Took 0.006744 seconds to synchronously load lazily loaded font '../../../Engine/Content/Slate/Fonts/Roboto-Light.ttf' (159K)
[2018.08.26-13.31.35:068][  1]LogAssetRegistry: Asset discovery search completed in 16.9322 seconds
[2018.08.26-13.31.35:070][  1]LogCollectionManager: Rebuilt the object cache for 0 collections in 0.000001 seconds (found 0 objects)
[2018.08.26-13.31.35:070][  1]LogCollectionManager: Fixed up redirectors for 0 collections in 0.000050 seconds (updated 0 objects)
[2018.08.26-13.31.35:985][102]LogSlate: Took 0.000204 seconds to synchronously load lazily loaded font '../../../Engine/Content/Slate/Fonts/Roboto-Light.ttf' (159K)
[2018.08.26-13.33.11:981][405]LogTemp: Repeating last play command: Selected Viewport
[2018.08.26-13.33.12:100][405]LogBlueprintUserMessages: Early PlayInEditor Detection: Level '/Game/2DSideScrollerBP/Maps/Tutorial_Level.Tutorial_Level:PersistentLevel' has LevelScriptBlueprint '/Game/2DSideScrollerBP/Maps/Tutorial_Level.Tutorial_Level:PersistentLevel.Tutorial_Level' with GeneratedClass '/Game/2DSideScrollerBP/Maps/Tutorial_Level.Tutorial_Level_C' with ClassGeneratedBy '/Game/2DSideScrollerBP/Maps/Tutorial_Level.Tutorial_Level:PersistentLevel.Tutorial_Level'
[2018.08.26-13.33.12:100][405]LogPlayLevel: PlayLevel: No blueprints needed recompiling
[2018.08.26-13.33.12:106][405]PIE: New page: PIE session: Tutorial_Level (26 Aug 2018 15:33:12)
[2018.08.26-13.33.12:107][405]LogPlayLevel: Creating play world package: /Game/2DSideScrollerBP/Maps/UEDPIE_0_Tutorial_Level
[2018.08.26-13.33.12:111][405]LogPlayLevel: PIE: StaticDuplicateObject took: (0.004282s)
[2018.08.26-13.33.12:111][405]LogAIModule: Creating AISystem for world Tutorial_Level
[2018.08.26-13.33.12:112][405]LogPlayLevel: PIE: World Init took: (0.000543s)
[2018.08.26-13.33.12:112][405]LogPlayLevel: PIE: Created PIE world by copying editor world from /Game/2DSideScrollerBP/Maps/Tutorial_Level.Tutorial_Level to /Game/2DSideScrollerBP/Maps/UEDPIE_0_Tutorial_Level.Tutorial_Level (0.005508s)
[2018.08.26-13.33.12:146][405]LogInit: XAudio2 using 'Speakers (Mixing Driver 2 for US-2x2 & US-4x4)' : 2 channels at 44.1 kHz using 16 bits per sample (channel mask 0x3)
[2018.08.26-13.33.12:156][405]LogInit: FAudioDevice initialized.
[2018.08.26-13.33.12:207][405]LogLoad: Game class is '2DSideScroller_C'
[2018.08.26-13.33.12:216][405]LogWorld: Bringing World /Game/2DSideScrollerBP/Maps/UEDPIE_0_Tutorial_Level.Tutorial_Level up for play (max tick rate 0) at 2018.08.26-14.33.12
[2018.08.26-13.33.12:243][405]LogWorld: Bringing up level for play took: 0.028634
[2018.08.26-13.33.12:287][405]LogContentBrowser: Native class hierarchy updated for 'MovieSceneCapture' in 0.0006 seconds. Added 11 classes and 0 folders.
[2018.08.26-13.33.12:295][405]PIE: Play in editor start time for /Game/2DSideScrollerBP/Maps/UEDPIE_0_Tutorial_Level 1.031
[2018.08.26-13.33.12:295][405]LogBlueprintUserMessages: Late PlayInEditor Detection: Level '/Game/2DSideScrollerBP/Maps/Tutorial_Level.Tutorial_Level:PersistentLevel' has LevelScriptBlueprint '/Game/2DSideScrollerBP/Maps/Tutorial_Level.Tutorial_Level:PersistentLevel.Tutorial_Level' with GeneratedClass '/Game/2DSideScrollerBP/Maps/Tutorial_Level.Tutorial_Level_C' with ClassGeneratedBy '/Game/2DSideScrollerBP/Maps/Tutorial_Level.Tutorial_Level:PersistentLevel.Tutorial_Level'
[2018.08.26-13.33.39:456][632]LogNet: Browse: /Game/2DSideScrollerBP/Maps/Level_1
[2018.08.26-13.33.39:456][632]LogLoad: LoadMap: /Game/2DSideScrollerBP/Maps/Level_1
[2018.08.26-13.33.39:470][632]Cmd: MEM
[2018.08.26-13.33.39:482][632]LogMemory: Platform Memory Stats for Windows
[2018.08.26-13.33.39:482][632]LogMemory: Process Physical Memory: 1106.77 MB used, 1368.43 MB peak
[2018.08.26-13.33.39:482][632]LogMemory: Process Virtual Memory: 1499.05 MB used, 1665.34 MB peak
[2018.08.26-13.33.39:482][632]LogMemory: Physical Memory: 4721.82 MB used,  7508.69 MB free, 12230.51 MB total
[2018.08.26-13.33.39:482][632]LogMemory: Virtual Memory: 6542.15 MB used,  7508.69 MB free, 134217728.00 MB total
[2018.08.26-13.33.39:482][632]LogMemory: 
[2018.08.26-13.33.39:482][632]Allocator Stats for TBB: (not implemented)
[2018.08.26-13.33.39:626][632]LogTexture: Display: Building textures: Tileset_ver_05 (AutoDXT, 416X160)
[2018.08.26-13.33.39:626][632]LogTexture: Display: Building textures: Quit_Button_colour (AutoDXT, 512X256)
[2018.08.26-13.33.39:626][632]LogTexture: Display: Building textures: Bunnies_Title_colour (BGRA8, 750X256)
[2018.08.26-13.33.39:626][632]LogTexture: Display: Building textures: Tileset_Sheet_Ver2_0Padded (AutoDXT, 256X128)
[2018.08.26-13.33.39:626][632]LogTexture: Display: Building textures: Level_Key (AutoDXT, 512X512)
[2018.08.26-13.33.40:750][632]LogTexture: Display: Building textures: Controls_Button_colour (BGRA8, 750X256)
[2018.08.26-13.33.40:750][632]LogTexture: Display: Building textures: Controls_Menu (AutoDXT, 1920X1080)
[2018.08.26-13.33.40:750][632]LogTexture: Display: Building textures: Back_Button_colour_ (AutoDXT, 512X256)
[2018.08.26-13.33.40:750][632]LogTexture: Display: Building textures: Ninja_Title_colour (BGRA8, 650X256)
[2018.08.26-13.33.40:750][632]LogTexture: Display: Building textures: Tileset_ver_04 (AutoDXT, 416X160)
[2018.08.26-13.33.40:750][632]LogTexture: Display: Building textures: Tileset_Sheet_Ver2_0 (AutoDXT, 160X96)
[2018.08.26-13.33.40:750][632]LogTexture: Display: Building textures: Play_Button_Colour_ (AutoDXT, 512X256)
[2018.08.26-13.33.41:103][632]LogAIModule: Creating AISystem for world Level_1
[2018.08.26-13.33.41:103][632]LogLoad: Game class is '2DSideScrollerMenuScreen_C'
[2018.08.26-13.33.41:117][632]LogWorld: Bringing World /Game/2DSideScrollerBP/Maps/UEDPIE_0_Level_1.Level_1 up for play (max tick rate 0) at 2018.08.26-14.33.41
[2018.08.26-13.33.41:257][632]LogWorld: Bringing up level for play took: 0.152571
[2018.08.26-13.33.41:257][632]LogGameMode: FindPlayerStart: PATHS NOT DEFINED or NO PLAYERSTART with positive rating
[2018.08.26-13.33.41:267][632]LogLoad: Took 1.810664 seconds to LoadMap(/Game/2DSideScrollerBP/Maps/Level_1)
[2018.08.26-13.34.10:105][ 16]LogBlueprintUserMessages: Warning: SetTimer passed a bad function (Reduce_Lives) or object (Bird_Enemy3_1136)
[2018.08.26-13.34.13:047][360]LogBlueprintUserMessages: Early EndPlayMap Detection: Level '/Game/2DSideScrollerBP/Maps/Tutorial_Level.Tutorial_Level:PersistentLevel' has LevelScriptBlueprint '/Game/2DSideScrollerBP/Maps/Tutorial_Level.Tutorial_Level:PersistentLevel.Tutorial_Level' with GeneratedClass '/Game/2DSideScrollerBP/Maps/Tutorial_Level.Tutorial_Level_C' with ClassGeneratedBy '/Game/2DSideScrollerBP/Maps/Tutorial_Level.Tutorial_Level:PersistentLevel.Tutorial_Level'
[2018.08.26-13.34.13:082][360]LogBlueprintUserMessages: Late EndPlayMap Detection: Level '/Game/2DSideScrollerBP/Maps/Tutorial_Level.Tutorial_Level:PersistentLevel' has LevelScriptBlueprint '/Game/2DSideScrollerBP/Maps/Tutorial_Level.Tutorial_Level:PersistentLevel.Tutorial_Level' with GeneratedClass '/Game/2DSideScrollerBP/Maps/Tutorial_Level.Tutorial_Level_C' with ClassGeneratedBy '/Game/2DSideScrollerBP/Maps/Tutorial_Level.Tutorial_Level:PersistentLevel.Tutorial_Level'
[2018.08.26-13.45.33:119][618]LogTemp: Repeating last play command: Selected Viewport
[2018.08.26-13.45.33:138][618]LogBlueprintUserMessages: Early PlayInEditor Detection: Level '/Game/2DSideScrollerBP/Maps/Tutorial_Level.Tutorial_Level:PersistentLevel' has LevelScriptBlueprint '/Game/2DSideScrollerBP/Maps/Tutorial_Level.Tutorial_Level:PersistentLevel.Tutorial_Level' with GeneratedClass '/Game/2DSideScrollerBP/Maps/Tutorial_Level.Tutorial_Level_C' with ClassGeneratedBy '/Game/2DSideScrollerBP/Maps/Tutorial_Level.Tutorial_Level:PersistentLevel.Tutorial_Level'
[2018.08.26-13.45.33:138][618]LogPlayLevel: PlayLevel: No blueprints needed recompiling
[2018.08.26-13.45.33:138][618]PIE: New page: PIE session: Tutorial_Level (26 Aug 2018 15:45:33)
[2018.08.26-13.45.33:138][618]LogPlayLevel: Creating play world package: /Game/2DSideScrollerBP/Maps/UEDPIE_0_Tutorial_Level
[2018.08.26-13.45.33:141][618]LogPlayLevel: PIE: StaticDuplicateObject took: (0.002992s)
[2018.08.26-13.45.33:142][618]LogAIModule: Creating AISystem for world Tutorial_Level
[2018.08.26-13.45.33:142][618]LogPlayLevel: PIE: World Init took: (0.000708s)
[2018.08.26-13.45.33:142][618]LogPlayLevel: PIE: Created PIE world by copying editor world from /Game/2DSideScrollerBP/Maps/Tutorial_Level.Tutorial_Level to /Game/2DSideScrollerBP/Maps/UEDPIE_0_Tutorial_Level.Tutorial_Level (0.003943s)
[2018.08.26-13.45.33:176][618]LogInit: XAudio2 using 'Speakers (Mixing Driver 2 for US-2x2 & US-4x4)' : 2 channels at 44.1 kHz using 16 bits per sample (channel mask 0x3)
[2018.08.26-13.45.33:186][618]LogInit: FAudioDevice initialized.
[2018.08.26-13.45.33:222][618]LogLoad: Game class is '2DSideScroller_C'
[2018.08.26-13.45.33:225][618]LogWorld: Bringing World /Game/2DSideScrollerBP/Maps/UEDPIE_0_Tutorial_Level.Tutorial_Level up for play (max tick rate 0) at 2018.08.26-14.45.33
[2018.08.26-13.45.33:226][618]LogWorld: Bringing up level for play took: 0.003416
[2018.08.26-13.45.33:227][618]PIE: Play in editor start time for /Game/2DSideScrollerBP/Maps/UEDPIE_0_Tutorial_Level -0.036
[2018.08.26-13.45.33:228][618]LogBlueprintUserMessages: Late PlayInEditor Detection: Level '/Game/2DSideScrollerBP/Maps/Tutorial_Level.Tutorial_Level:PersistentLevel' has LevelScriptBlueprint '/Game/2DSideScrollerBP/Maps/Tutorial_Level.Tutorial_Level:PersistentLevel.Tutorial_Level' with GeneratedClass '/Game/2DSideScrollerBP/Maps/Tutorial_Level.Tutorial_Level_C' with ClassGeneratedBy '/Game/2DSideScrollerBP/Maps/Tutorial_Level.Tutorial_Level:PersistentLevel.Tutorial_Level'
[2018.08.26-13.46.03:333][204]LogBlueprintUserMessages: Warning: SetTimer passed a bad function (Reduce_Lives) or object (Bird_Enemy_503)
[2018.08.26-13.46.04:457][338]LogBlueprintUserMessages: Warning: SetTimer passed a bad function (Reduce_Lives) or object (Tutorial_Hazard_224)
[2018.08.26-13.46.06:473][578]LogBlueprintUserMessages: Warning: SetTimer passed a bad function (Reduce_Lives) or object (Tutorial_Hazard_224)
[2018.08.26-13.46.14:514][536]LogBlueprintUserMessages: Warning: SetTimer passed a bad function (Reduce_Lives) or object (Tutorial_Hazard2)
[2018.08.26-13.46.16:349][755]LogBlueprintUserMessages: Early EndPlayMap Detection: Level '/Game/2DSideScrollerBP/Maps/Tutorial_Level.Tutorial_Level:PersistentLevel' has LevelScriptBlueprint '/Game/2DSideScrollerBP/Maps/Tutorial_Level.Tutorial_Level:PersistentLevel.Tutorial_Level' with GeneratedClass '/Game/2DSideScrollerBP/Maps/Tutorial_Level.Tutorial_Level_C' with ClassGeneratedBy '/Game/2DSideScrollerBP/Maps/Tutorial_Level.Tutorial_Level:PersistentLevel.Tutorial_Level'
[2018.08.26-13.46.16:381][755]LogBlueprintUserMessages: Late EndPlayMap Detection: Level '/Game/2DSideScrollerBP/Maps/Tutorial_Level.Tutorial_Level:PersistentLevel' has LevelScriptBlueprint '/Game/2DSideScrollerBP/Maps/Tutorial_Level.Tutorial_Level:PersistentLevel.Tutorial_Level' with GeneratedClass '/Game/2DSideScrollerBP/Maps/Tutorial_Level.Tutorial_Level_C' with ClassGeneratedBy '/Game/2DSideScrollerBP/Maps/Tutorial_Level.Tutorial_Level:PersistentLevel.Tutorial_Level'
[2018.08.26-13.46.17:453][845]Cmd: QUIT_EDITOR
[2018.08.26-13.46.17:603][845]LogWindowsTextInputMethodSystem: Display: IME system now deactivated.
[2018.08.26-13.46.17:619][845]LogExit: Preparing to exit.
[2018.08.26-13.46.18:588][845]LogDirectoryWatcher: A directory notification for 'C:/Users/hopet/Documents/GitHub/lvl6/level-6-l6-group-9/Quwaine Dantes Resubmission/Prototypes/New Idea/Ninja_Bunnies/Content/' was aborted.
[2018.08.26-13.46.18:610][845]LogExit: Editor shut down
[2018.08.26-13.46.18:618][845]LogExit: Transaction tracking system shut down
[2018.08.26-13.46.18:737][845]LogDirectoryWatcher: A directory notification for '../../../Engine/Content/' was aborted.
[2018.08.26-13.46.18:737][845]LogDirectoryWatcher: A directory notification for '../../../../../../Users/hopet/Documents/GitHub/lvl6/level-6-l6-group-9/Quwaine Dantes Resubmission/Prototypes/New Idea/Ninja_Bunnies/Content/' was aborted.
[2018.08.26-13.46.18:737][845]LogDirectoryWatcher: A directory notification for '../../../Engine/Plugins/2D/Paper2D/Content/' was aborted.
[2018.08.26-13.46.18:737][845]LogDirectoryWatcher: A directory notification for '../../../Engine/Plugins/Runtime/Oculus/OculusVR/Content/' was aborted.
[2018.08.26-13.46.18:737][845]LogDirectoryWatcher: A directory notification for '../../../Engine/Plugins/Runtime/Steam/SteamVR/Content/' was aborted.
[2018.08.26-13.46.18:850][845]LogExit: Object subsystem successfully closed.
[2018.08.26-13.46.18:870][845]LogD3D11RHI: Shutdown
[2018.08.26-13.46.18:870][845]LogD3D11RHI: CleanupD3DDevice
[2018.08.26-13.46.18:929][845]LogD3D11RHI: ~FD3D11DynamicRHI
[2018.08.26-13.46.18:972][845]LogModuleManager: Shutting down and abandoning module MovieSceneCapture (532)
[2018.08.26-13.46.18:973][845]LogModuleManager: Shutting down and abandoning module HierarchicalLODOutliner (530)
[2018.08.26-13.46.18:973][845]LogModuleManager: Shutting down and abandoning module SceneOutliner (528)
[2018.08.26-13.46.18:973][845]LogModuleManager: Shutting down and abandoning module AddContentDialog (526)
[2018.08.26-13.46.18:974][845]LogDirectoryWatcher: A directory notification for 'C:/Program Files/Epic Games/UE_4.17/FeaturePacks/' was aborted.
[2018.08.26-13.46.18:975][845]LogModuleManager: Shutting down and abandoning module WidgetCarousel (525)
[2018.08.26-13.46.18:975][845]LogModuleManager: Shutting down and abandoning module EditorWidgets (522)
[2018.08.26-13.46.18:975][845]LogModuleManager: Shutting down and abandoning module CollectionManager (520)
[2018.08.26-13.46.18:975][845]LogDirectoryWatcher: A directory notification for 'C:/Users/hopet/Documents/GitHub/lvl6/level-6-l6-group-9/Quwaine Dantes Resubmission/Prototypes/New Idea/Ninja_Bunnies/Content/Collections/' was aborted.
[2018.08.26-13.46.18:975][845]LogDirectoryWatcher: A directory notification for 'C:/Users/hopet/Documents/GitHub/lvl6/level-6-l6-group-9/Quwaine Dantes Resubmission/Prototypes/New Idea/Ninja_Bunnies/Content/Developers/hopet/Collections/' was aborted.
[2018.08.26-13.46.18:975][845]LogDirectoryWatcher: A directory notification for 'C:/Users/hopet/Documents/GitHub/lvl6/level-6-l6-group-9/Quwaine Dantes Resubmission/Prototypes/New Idea/Ninja_Bunnies/Saved/Collections/' was aborted.
[2018.08.26-13.46.18:975][845]LogModuleManager: Shutting down and abandoning module StatsViewer (518)
[2018.08.26-13.46.18:976][845]LogModuleManager: Shutting down and abandoning module FoliageEdit (516)
[2018.08.26-13.46.18:976][845]LogModuleManager: Shutting down and abandoning module LandscapeEditor (514)
[2018.08.26-13.46.18:977][845]LogModuleManager: Shutting down and abandoning module MeshPaintMode (512)
[2018.08.26-13.46.18:977][845]LogModuleManager: Shutting down and abandoning module SceneDepthPickerMode (510)
[2018.08.26-13.46.18:977][845]LogModuleManager: Shutting down and abandoning module ActorPickerMode (508)
[2018.08.26-13.46.18:977][845]LogModuleManager: Shutting down and abandoning module GeometryMode (506)
[2018.08.26-13.46.18:977][845]LogModuleManager: Shutting down and abandoning module TextureAlignMode (504)
[2018.08.26-13.46.18:977][845]LogModuleManager: Shutting down and abandoning module BspMode (502)
[2018.08.26-13.46.18:977][845]LogModuleManager: Shutting down and abandoning module PIEPreviewDeviceProfileSelector (500)
[2018.08.26-13.46.18:978][845]LogModuleManager: Shutting down and abandoning module HardwareSurvey (498)
[2018.08.26-13.46.18:978][845]LogModuleManager: Shutting down and abandoning module SequenceRecorderSections (496)
[2018.08.26-13.46.18:978][845]LogModuleManager: Shutting down and abandoning module AutomationWorker (494)
[2018.08.26-13.46.18:978][845]LogModuleManager: Shutting down and abandoning module MatineeToLevelSequence (492)
[2018.08.26-13.46.18:979][845]LogModuleManager: Shutting down and abandoning module LevelSequenceEditor (490)
[2018.08.26-13.46.18:980][845]LogModuleManager: Shutting down and abandoning module PlacementMode (489)
[2018.08.26-13.46.18:980][845]LogModuleManager: Shutting down and abandoning module WmfMediaFactory (486)
[2018.08.26-13.46.18:980][845]LogModuleManager: Shutting down and abandoning module WmfMediaEditor (484)
[2018.08.26-13.46.18:980][845]LogModuleManager: Shutting down and abandoning module AvfMediaFactory (482)
[2018.08.26-13.46.18:980][845]LogModuleManager: Shutting down and abandoning module AvfMediaEditor (480)
[2018.08.26-13.46.18:980][845]LogModuleManager: Shutting down and abandoning module AndroidMediaFactory (478)
[2018.08.26-13.46.18:980][845]LogModuleManager: Shutting down and abandoning module Media (477)
[2018.08.26-13.46.18:980][845]LogModuleManager: Shutting down and abandoning module AndroidMediaEditor (474)
[2018.08.26-13.46.18:980][845]LogModuleManager: Shutting down and abandoning module CharacterAI (472)
[2018.08.26-13.46.18:980][845]LogModuleManager: Shutting down and abandoning module AudioCapture (470)
[2018.08.26-13.46.18:980][845]LogModuleManager: Shutting down and abandoning module SequenceRecorder (469)
[2018.08.26-13.46.18:981][845]LogModuleManager: Shutting down and abandoning module SmartSnapping (466)
[2018.08.26-13.46.18:981][845]LogModuleManager: Shutting down and abandoning module SessionServices (464)
[2018.08.26-13.46.18:981][845]LogModuleManager: Shutting down and abandoning module ViewportSnapping (462)
[2018.08.26-13.46.18:981][845]LogModuleManager: Shutting down and abandoning module ViewportInteraction (460)
[2018.08.26-13.46.18:981][845]LogModuleManager: Shutting down and abandoning module ClothPainter (458)
[2018.08.26-13.46.18:982][845]LogModuleManager: Shutting down and abandoning module LogVisualizer (456)
[2018.08.26-13.46.18:983][845]LogModuleManager: Shutting down and abandoning module IntroTutorials (454)
[2018.08.26-13.46.18:984][845]LogModuleManager: Shutting down and abandoning module GameProjectGeneration (453)
[2018.08.26-13.46.18:985][845]LogModuleManager: Shutting down and abandoning module IOSPlatformEditor (450)
[2018.08.26-13.46.18:985][845]LogModuleManager: Shutting down and abandoning module HTML5PlatformEditor (448)
[2018.08.26-13.46.18:985][845]LogModuleManager: Shutting down and abandoning module AndroidPlatformEditor (446)
[2018.08.26-13.46.18:985][845]LogModuleManager: Shutting down and abandoning module AndroidDeviceDetection (445)
[2018.08.26-13.46.19:468][845]LogModuleManager: Shutting down and abandoning module WindowsPlatformEditor (442)
[2018.08.26-13.46.19:468][845]LogModuleManager: Shutting down and abandoning module IOSRuntimeSettings (440)
[2018.08.26-13.46.19:468][845]LogModuleManager: Shutting down and abandoning module AndroidRuntimeSettings (438)
[2018.08.26-13.46.19:468][845]LogModuleManager: Shutting down and abandoning module InputBindingEditor (436)
[2018.08.26-13.46.19:469][845]LogModuleManager: Shutting down and abandoning module MergeActors (434)
[2018.08.26-13.46.19:469][845]LogModuleManager: Shutting down and abandoning module SizeMap (432)
[2018.08.26-13.46.19:469][845]LogModuleManager: Shutting down and abandoning module TreeMap (430)
[2018.08.26-13.46.19:470][845]LogModuleManager: Shutting down and abandoning module ReferenceViewer (428)
[2018.08.26-13.46.19:470][845]LogModuleManager: Shutting down and abandoning module LocalizationDashboard (426)
[2018.08.26-13.46.19:471][845]LogModuleManager: Shutting down and abandoning module LocalizationService (425)
[2018.08.26-13.46.19:471][845]LogModuleManager: Shutting down and abandoning module HardwareTargeting (422)
[2018.08.26-13.46.19:471][845]LogModuleManager: Shutting down and abandoning module DeviceProfileEditor (420)
[2018.08.26-13.46.19:471][845]LogModuleManager: Shutting down and abandoning module UndoHistory (418)
[2018.08.26-13.46.19:471][845]LogModuleManager: Shutting down and abandoning module XmlParser (416)
[2018.08.26-13.46.19:472][845]LogModuleManager: Shutting down and abandoning module Blutility (414)
[2018.08.26-13.46.19:472][845]LogModuleManager: Shutting down and abandoning module ProjectSettingsViewer (412)
[2018.08.26-13.46.19:472][845]LogModuleManager: Shutting down and abandoning module ProjectTargetPlatformEditor (411)
[2018.08.26-13.46.19:472][845]LogModuleManager: Shutting down and abandoning module EditorSettingsViewer (408)
[2018.08.26-13.46.19:472][845]LogModuleManager: Shutting down and abandoning module SettingsEditor (406)
[2018.08.26-13.46.19:474][845]LogModuleManager: Shutting down and abandoning module ProjectLauncher (404)
[2018.08.26-13.46.19:475][845]LogModuleManager: Shutting down and abandoning module SessionFrontend (402)
[2018.08.26-13.46.19:475][845]LogModuleManager: Shutting down and abandoning module ProfilerClient (400)
[2018.08.26-13.46.19:475][845]LogModuleManager: Shutting down and abandoning module DeviceManager (398)
[2018.08.26-13.46.19:476][845]LogModuleManager: Shutting down and abandoning module TargetDeviceServices (397)
[2018.08.26-13.46.19:531][845]LogModuleManager: Shutting down and abandoning module AutomationController (394)
[2018.08.26-13.46.19:532][845]LogModuleManager: Shutting down and abandoning module AutomationWindow (392)
[2018.08.26-13.46.19:533][845]LogModuleManager: Shutting down and abandoning module Layers (390)
[2018.08.26-13.46.19:534][845]LogModuleManager: Shutting down and abandoning module ComponentVisualizers (388)
[2018.08.26-13.46.19:535][845]LogModuleManager: Shutting down and abandoning module DetailCustomizations (386)
[2018.08.26-13.46.19:536][845]LogModuleManager: Shutting down and abandoning module PackagesDialog (384)
[2018.08.26-13.46.19:537][845]LogModuleManager: Shutting down and abandoning module Persona (382)
[2018.08.26-13.46.19:538][845]LogModuleManager: Shutting down and abandoning module AdvancedPreviewScene (381)
[2018.08.26-13.46.19:538][845]LogModuleManager: Shutting down and abandoning module AnimGraph (379)
[2018.08.26-13.46.19:538][845]LogModuleManager: Shutting down and abandoning module Kismet (376)
[2018.08.26-13.46.19:538][845]LogModuleManager: Shutting down and abandoning module ClassViewer (374)
[2018.08.26-13.46.19:538][845]LogModuleManager: Shutting down and abandoning module Toolbox (372)
[2018.08.26-13.46.19:538][845]LogModuleManager: Shutting down and abandoning module ModuleUI (370)
[2018.08.26-13.46.19:539][845]LogModuleManager: Shutting down and abandoning module MovieSceneTools (368)
[2018.08.26-13.46.19:540][845]LogModuleManager: Shutting down and abandoning module OutputLog (366)
[2018.08.26-13.46.19:540][845]LogModuleManager: Shutting down and abandoning module GammaUI (364)
[2018.08.26-13.46.19:540][845]LogModuleManager: Shutting down and abandoning module Documentation (362)
[2018.08.26-13.46.19:540][845]LogModuleManager: Shutting down and abandoning module MovieSceneTracks (360)
[2018.08.26-13.46.19:540][845]LogModuleManager: Shutting down and abandoning module MovieScene (358)
[2018.08.26-13.46.19:540][845]LogModuleManager: Shutting down and abandoning module Niagara (356)
[2018.08.26-13.46.19:540][845]LogModuleManager: Shutting down and abandoning module NiagaraEditor (355)
[2018.08.26-13.46.19:542][845]LogModuleManager: Shutting down and abandoning module StreamingPauseRendering (352)
[2018.08.26-13.46.19:542][845]LogModuleManager: Shutting down and abandoning module LauncherPlatform (350)
[2018.08.26-13.46.19:542][845]LogModuleManager: Shutting down and abandoning module AnalyticsET (348)
[2018.08.26-13.46.19:542][845]LogModuleManager: Shutting down and abandoning module PortalServices (346)
[2018.08.26-13.46.19:542][845]LogModuleManager: Shutting down and abandoning module PortalRpc (344)
[2018.08.26-13.46.19:542][845]LogModuleManager: Shutting down and abandoning module MessagingRpc (342)
[2018.08.26-13.46.19:542][845]LogModuleManager: Shutting down and abandoning module AIModule (340)
[2018.08.26-13.46.19:542][845]LogModuleManager: Shutting down and abandoning module GameplayDebugger (339)
[2018.08.26-13.46.19:542][845]LogModuleManager: Shutting down and abandoning module AITestSuite (337)
[2018.08.26-13.46.19:543][845]LogModuleManager: Shutting down and abandoning module ProfilerService (334)
[2018.08.26-13.46.19:747][845]LogModuleManager: Shutting down and abandoning module TaskGraph (332)
[2018.08.26-13.46.19:748][845]LogModuleManager: Shutting down and abandoning module SteamVRController (330)
[2018.08.26-13.46.19:748][845]LogModuleManager: Shutting down and abandoning module ProceduralMeshComponentEditor (328)
[2018.08.26-13.46.19:748][845]LogModuleManager: Shutting down and abandoning module ProceduralMeshComponent (326)
[2018.08.26-13.46.19:748][845]LogModuleManager: Shutting down and abandoning module OculusInput (324)
[2018.08.26-13.46.19:749][845]LogModuleManager: Shutting down and abandoning module MobilePatchingUtils (322)
[2018.08.26-13.46.19:749][845]LogModuleManager: Shutting down and abandoning module CustomMeshComponent (320)
[2018.08.26-13.46.19:749][845]LogModuleManager: Shutting down and abandoning module CableComponent (318)
[2018.08.26-13.46.19:749][845]LogModuleManager: Shutting down and abandoning module ArchVisCharacter (316)
[2018.08.26-13.46.19:749][845]LogModuleManager: Shutting down and abandoning module AndroidPermission (314)
[2018.08.26-13.46.19:749][845]LogModuleManager: Shutting down and abandoning module MediaPlayerEditor (310)
[2018.08.26-13.46.19:751][845]LogModuleManager: Shutting down and abandoning module HTML5Networking (308)
[2018.08.26-13.46.19:751][845]LogModuleManager: Shutting down and abandoning module AlembicImporter (306)
[2018.08.26-13.46.19:751][845]LogModuleManager: Shutting down and abandoning module AlembicLibrary (305)
[2018.08.26-13.46.19:751][845]LogModuleManager: Shutting down and abandoning module GeometryCache (304)
[2018.08.26-13.46.19:751][845]LogModuleManager: Shutting down and abandoning module GeometryCacheEd (303)
[2018.08.26-13.46.19:751][845]LogModuleManager: Shutting down and abandoning module SpeedTreeImporter (298)
[2018.08.26-13.46.19:751][845]LogModuleManager: Shutting down and abandoning module PluginBrowser (296)
[2018.08.26-13.46.19:753][845]LogModuleManager: Shutting down and abandoning module MobileLauncherProfileWizard (294)
[2018.08.26-13.46.19:754][845]LogModuleManager: Shutting down and abandoning module VisualStudioSourceCodeAccess (292)
[2018.08.26-13.46.19:754][845]LogModuleManager: Shutting down and abandoning module DesktopPlatform (291)
[2018.08.26-13.46.19:754][845]LogModuleManager: Shutting down and abandoning module UObjectPlugin (288)
[2018.08.26-13.46.19:754][845]LogModuleManager: Shutting down and abandoning module SubversionSourceControl (286)
[2018.08.26-13.46.19:755][845]LogModuleManager: Shutting down and abandoning module PerforceSourceControl (284)
[2018.08.26-13.46.19:756][845]LogModuleManager: Shutting down and abandoning module GitSourceControl (282)
[2018.08.26-13.46.19:757][845]LogModuleManager: Shutting down and abandoning module SourceControl (281)
[2018.08.26-13.46.19:758][845]LogModuleManager: Shutting down and abandoning module LightPropagationVolumeEditor (278)
[2018.08.26-13.46.19:758][845]LogModuleManager: Shutting down and abandoning module PaperTiledImporter (276)
[2018.08.26-13.46.19:758][845]LogModuleManager: Shutting down and abandoning module PaperSpriteSheetImporter (274)
[2018.08.26-13.46.19:758][845]LogModuleManager: Shutting down and abandoning module Paper2DEditor (272)
[2018.08.26-13.46.19:758][845]LogModuleManager: Shutting down and abandoning module MeshPaint (271)
[2018.08.26-13.46.19:759][845]LogModuleManager: Shutting down and abandoning module LevelEditor (269)
[2018.08.26-13.46.19:759][845]LogModuleManager: Shutting down and abandoning module PixelInspectorModule (268)
[2018.08.26-13.46.19:760][845]LogModuleManager: Shutting down and abandoning module MainFrame (266)
[2018.08.26-13.46.19:760][845]LogModuleManager: Shutting down and abandoning module HotReload (265)
[2018.08.26-13.46.19:761][845]LogModuleManager: Shutting down and abandoning module RuntimePhysXCooking (260)
[2018.08.26-13.46.19:761][845]LogModuleManager: Shutting down and abandoning module PhysXVehiclesEditor (258)
[2018.08.26-13.46.19:761][845]LogModuleManager: Shutting down and abandoning module PhysXVehicles (256)
[2018.08.26-13.46.19:761][845]LogModuleManager: Shutting down and abandoning module OculusEditor (254)
[2018.08.26-13.46.19:761][845]LogModuleManager: Shutting down and abandoning module LocationServicesBPLibrary (252)
[2018.08.26-13.46.19:761][845]LogModuleManager: Shutting down and abandoning module ImmediatePhysicsEditor (250)
[2018.08.26-13.46.19:761][845]LogModuleManager: Shutting down and abandoning module ImmediatePhysics (248)
[2018.08.26-13.46.19:761][845]LogModuleManager: Shutting down and abandoning module UdpMessaging (246)
[2018.08.26-13.46.19:862][845]LogModuleManager: Shutting down and abandoning module TcpMessaging (244)
[2018.08.26-13.46.19:963][845]LogModuleManager: Shutting down and abandoning module GameplayTagsEditor (242)
[2018.08.26-13.46.19:963][845]LogModuleManager: Shutting down and abandoning module FacialAnimationEditor (240)
[2018.08.26-13.46.19:963][845]LogModuleManager: Shutting down and abandoning module FacialAnimation (238)
[2018.08.26-13.46.19:963][845]LogModuleManager: Shutting down and abandoning module AssetManagerEditor (236)
[2018.08.26-13.46.19:965][845]LogModuleManager: Shutting down and abandoning module GraphEditor (235)
[2018.08.26-13.46.19:966][845]LogModuleManager: Shutting down and abandoning module ContentBrowser (233)
[2018.08.26-13.46.19:967][845]LogModuleManager: Shutting down and abandoning module LightPropagationVolumeRuntime (230)
[2018.08.26-13.46.19:967][845]LogModuleManager: Shutting down and abandoning module Paper2D (228)
[2018.08.26-13.46.19:967][845]LogModuleManager: Shutting down and abandoning module WindowsMoviePlayer (226)
[2018.08.26-13.46.19:968][845]LogModuleManager: Shutting down and abandoning module WmfMedia (224)
[2018.08.26-13.46.19:970][845]LogModuleManager: Shutting down and abandoning module PacketHandler (222)
[2018.08.26-13.46.19:970][845]LogModuleManager: Shutting down and abandoning module ClothingSystemEditor (220)
[2018.08.26-13.46.19:970][845]LogModuleManager: Shutting down and abandoning module ClothingSystemRuntime (218)
[2018.08.26-13.46.19:971][845]LogModuleManager: Shutting down and abandoning module Overlay (216)
[2018.08.26-13.46.19:971][845]LogModuleManager: Shutting down and abandoning module OverlayEditor (215)
[2018.08.26-13.46.19:971][845]LogModuleManager: Shutting down and abandoning module MediaAssets (212)
[2018.08.26-13.46.19:971][845]LogModuleManager: Shutting down and abandoning module VREditor (210)
[2018.08.26-13.46.19:972][845]LogModuleManager: Shutting down and abandoning module StringTableEditor (208)
[2018.08.26-13.46.19:972][845]LogModuleManager: Shutting down and abandoning module GameplayTasksEditor (206)
[2018.08.26-13.46.19:972][845]LogModuleManager: Shutting down and abandoning module BehaviorTreeEditor (204)
[2018.08.26-13.46.19:974][845]LogModuleManager: Shutting down and abandoning module FunctionalTesting (202)
[2018.08.26-13.46.19:974][845]LogModuleManager: Shutting down and abandoning module CollisionAnalyzer (200)
[2018.08.26-13.46.19:975][845]LogModuleManager: Shutting down and abandoning module WorkspaceMenuStructure (199)
[2018.08.26-13.46.19:975][845]LogModuleManager: Shutting down and abandoning module UMG (196)
[2018.08.26-13.46.19:975][845]LogModuleManager: Shutting down and abandoning module UMGEditor (195)
[2018.08.26-13.46.19:976][845]LogModuleManager: Shutting down and abandoning module Sequencer (194)
[2018.08.26-13.46.19:977][845]LogModuleManager: Shutting down and abandoning module MessageLog (191)
[2018.08.26-13.46.19:977][845]LogModuleManager: Shutting down and abandoning module SlateReflector (186)
[2018.08.26-13.46.19:979][845]LogModuleManager: Shutting down and abandoning module Slate (184)
[2018.08.26-13.46.19:979][845]LogModuleManager: Shutting down and abandoning module EditorStyle (182)
[2018.08.26-13.46.19:981][845]LogModuleManager: Shutting down and abandoning module MRMesh (180)
[2018.08.26-13.46.19:981][845]LogModuleManager: Shutting down and abandoning module SourceCodeAccess (178)
[2018.08.26-13.46.19:981][845]LogModuleManager: Shutting down and abandoning module HeadMountedDisplay (176)
[2018.08.26-13.46.19:981][845]LogModuleManager: Shutting down and abandoning module XAudio2 (174)
[2018.08.26-13.46.19:981][845]LogModuleManager: Shutting down and abandoning module Networking (172)
[2018.08.26-13.46.19:981][845]LogModuleManager: Shutting down and abandoning module Core (168)
[2018.08.26-13.46.19:981][845]LogModuleManager: Shutting down and abandoning module KismetCompiler (164)
[2018.08.26-13.46.19:981][845]LogModuleManager: Shutting down and abandoning module LevelSequence (162)
[2018.08.26-13.46.19:981][845]LogModuleManager: Shutting down and abandoning module MeshUtilities (160)
[2018.08.26-13.46.19:982][845]LogModuleManager: Shutting down and abandoning module MeshMergeUtilities (159)
[2018.08.26-13.46.19:983][845]LogModuleManager: Shutting down and abandoning module MeshReductionInterface (158)
[2018.08.26-13.46.19:983][845]LogModuleManager: Shutting down and abandoning module SimplygonSwarm (157)
[2018.08.26-13.46.19:983][845]LogModuleManager: Shutting down and abandoning module SimplygonMeshReduction (155)
[2018.08.26-13.46.19:983][845]LogModuleManager: Shutting down and abandoning module QuadricMeshReduction (153)
[2018.08.26-13.46.19:984][845]LogModuleManager: Shutting down and abandoning module MaterialBaking (149)
[2018.08.26-13.46.19:984][845]LogModuleManager: Shutting down and abandoning module DirectoryWatcher (146)
[2018.08.26-13.46.19:985][845]LogModuleManager: Shutting down and abandoning module DerivedDataCache (144)
[2018.08.26-13.46.20:036][845]LogDerivedDataCache: Shutdown
[2018.08.26-13.46.20:036][845]LogModuleManager: Shutting down and abandoning module TargetPlatform (142)
[2018.08.26-13.46.20:036][845]LogModuleManager: Shutting down and abandoning module VulkanShaderFormat (141)
[2018.08.26-13.46.20:037][845]LogModuleManager: Shutting down and abandoning module ShaderFormatVectorVM (139)
[2018.08.26-13.46.20:037][845]LogModuleManager: Shutting down and abandoning module ShaderFormatOpenGL (137)
[2018.08.26-13.46.20:038][845]LogModuleManager: Shutting down and abandoning module ShaderFormatD3D (135)
[2018.08.26-13.46.20:038][845]LogModuleManager: Shutting down and abandoning module MetalShaderFormat (133)
[2018.08.26-13.46.20:038][845]LogModuleManager: Shutting down and abandoning module TextureFormatUncompressed (131)
[2018.08.26-13.46.20:039][845]LogModuleManager: Shutting down and abandoning module TextureFormatPVR (129)
[2018.08.26-13.46.20:039][845]LogModuleManager: Shutting down and abandoning module TextureFormatDXT (127)
[2018.08.26-13.46.20:039][845]LogModuleManager: Shutting down and abandoning module TextureFormatIntelISPCTexComp (125)
[2018.08.26-13.46.20:039][845]LogModuleManager: Shutting down and abandoning module TextureFormatASTC (123)
[2018.08.26-13.46.20:039][845]LogModuleManager: Shutting down and abandoning module ImageWrapper (122)
[2018.08.26-13.46.20:039][845]LogModuleManager: Shutting down and abandoning module TextureFormatAndroid (119)
[2018.08.26-13.46.20:039][845]LogModuleManager: Shutting down and abandoning module AudioFormatOpus (117)
[2018.08.26-13.46.20:039][845]LogModuleManager: Shutting down and abandoning module AudioFormatOgg (115)
[2018.08.26-13.46.20:039][845]LogModuleManager: Shutting down and abandoning module AudioFormatADPCM (113)
[2018.08.26-13.46.20:039][845]LogModuleManager: Shutting down and abandoning module LinuxTargetPlatform (111)
[2018.08.26-13.46.20:039][845]LogModuleManager: Shutting down and abandoning module LinuxServerTargetPlatform (109)
[2018.08.26-13.46.20:039][845]LogModuleManager: Shutting down and abandoning module LinuxNoEditorTargetPlatform (107)
[2018.08.26-13.46.20:039][845]LogModuleManager: Shutting down and abandoning module LinuxClientTargetPlatform (105)
[2018.08.26-13.46.20:039][845]LogModuleManager: Shutting down and abandoning module TVOSTargetPlatform (103)
[2018.08.26-13.46.20:039][845]LogModuleManager: Shutting down and abandoning module Messaging (101)
[2018.08.26-13.46.20:039][845]LogModuleManager: Shutting down and abandoning module IOSTargetPlatform (99)
[2018.08.26-13.46.20:039][845]LogModuleManager: Shutting down and abandoning module HTML5TargetPlatform (97)
[2018.08.26-13.46.20:039][845]LogModuleManager: Shutting down and abandoning module Android_PVRTCTargetPlatform (95)
[2018.08.26-13.46.20:039][845]LogModuleManager: Shutting down and abandoning module Android_MultiTargetPlatform (93)
[2018.08.26-13.46.20:039][845]LogModuleManager: Shutting down and abandoning module Android_ETC2TargetPlatform (91)
[2018.08.26-13.46.20:039][845]LogModuleManager: Shutting down and abandoning module Android_ETC1TargetPlatform (89)
[2018.08.26-13.46.20:039][845]LogModuleManager: Shutting down and abandoning module Android_DXTTargetPlatform (87)
[2018.08.26-13.46.20:039][845]LogModuleManager: Shutting down and abandoning module Android_ATCTargetPlatform (85)
[2018.08.26-13.46.20:039][845]LogModuleManager: Shutting down and abandoning module Android_ASTCTargetPlatform (83)
[2018.08.26-13.46.20:039][845]LogModuleManager: Shutting down and abandoning module AndroidTargetPlatform (81)
[2018.08.26-13.46.20:039][845]LogModuleManager: Shutting down and abandoning module WindowsTargetPlatform (79)
[2018.08.26-13.46.20:039][845]LogModuleManager: Shutting down and abandoning module WindowsServerTargetPlatform (77)
[2018.08.26-13.46.20:039][845]LogModuleManager: Shutting down and abandoning module WindowsNoEditorTargetPlatform (75)
[2018.08.26-13.46.20:039][845]LogModuleManager: Shutting down and abandoning module WindowsClientTargetPlatform (73)
[2018.08.26-13.46.20:040][845]LogModuleManager: Shutting down and abandoning module MacTargetPlatform (71)
[2018.08.26-13.46.20:040][845]LogModuleManager: Shutting down and abandoning module MacServerTargetPlatform (69)
[2018.08.26-13.46.20:040][845]LogModuleManager: Shutting down and abandoning module MacNoEditorTargetPlatform (67)
[2018.08.26-13.46.20:040][845]LogModuleManager: Shutting down and abandoning module MacClientTargetPlatform (65)
[2018.08.26-13.46.20:040][845]LogModuleManager: Shutting down and abandoning module AllDesktopTargetPlatform (63)
[2018.08.26-13.46.20:040][845]LogModuleManager: Shutting down and abandoning module InputCore (60)
[2018.08.26-13.46.20:040][845]LogModuleManager: Shutting down and abandoning module Settings (58)
[2018.08.26-13.46.20:040][845]LogModuleManager: Shutting down and abandoning module PhysXCooking (56)
[2018.08.26-13.46.20:040][845]LogModuleManager: Shutting down and abandoning module SteamVR (54)
[2018.08.26-13.46.20:040][845]LogModuleManager: Shutting down and abandoning module OculusHMD (52)
[2018.08.26-13.46.20:040][845]LogModuleManager: Shutting down and abandoning module ExampleDeviceProfileSelector (50)
[2018.08.26-13.46.20:040][845]LogModuleManager: Shutting down and abandoning module OnlineBlueprintSupport (48)
[2018.08.26-13.46.20:040][845]LogModuleManager: Shutting down and abandoning module OnlineSubsystem (44)
[2018.08.26-13.46.20:040][845]LogOnline: Display: Unloading online subsystem: NULL
[2018.08.26-13.46.20:041][845]LogModuleManager: Shutting down and abandoning module XMPP (43)
[2018.08.26-13.46.20:042][845]LogModuleManager: Shutting down and abandoning module HTTP (41)
[2018.08.26-13.46.20:042][845]LogHttp: Display: Http module shutting down, but needs to wait on 1 outstanding Http requests:
[2018.08.26-13.46.20:042][845]LogHttp: Display: 	verb=[POST] url=[https://datarouter.ol.epicgames.com/datarouter/api/v1/public/data?SessionID=%7B63ECB8EA-48C1-754B-F3F2-41B75FE5D5CD%7D&AppID=UEEditor.Rocket.Release&AppVersion=4.17.2-3658906%2B%2B%2BUE4%2BRelease-4.17&UserID=bce9fa1147c6572fb1c71283b2dae53b%7Cd7d5708af62f4403ac40784cf9686f36%7Cd2fc392d-0f1f-4b9c-b4b3-c90af607e3a7&AppEnvironment=datacollector-binary&UploadType=eteventstream] status=Processing
[2018.08.26-13.46.20:052][845]LogModuleManager: Shutting down and abandoning module SSL (40)
[2018.08.26-13.46.20:053][845]LogModuleManager: Shutting down and abandoning module AnimationModifiers (36)
[2018.08.26-13.46.20:054][845]LogModuleManager: Shutting down and abandoning module PropertyEditor (35)
[2018.08.26-13.46.20:054][845]LogModuleManager: Shutting down and abandoning module AudioEditor (32)
[2018.08.26-13.46.20:055][845]LogModuleManager: Shutting down and abandoning module TextureCompressor (30)
[2018.08.26-13.46.20:055][845]LogModuleManager: Shutting down and abandoning module ShaderCore (28)
[2018.08.26-13.46.20:055][845]LogModuleManager: Shutting down and abandoning module Landscape (26)
[2018.08.26-13.46.20:055][845]LogModuleManager: Shutting down and abandoning module SlateRHIRenderer (24)
[2018.08.26-13.46.20:056][845]LogModuleManager: Shutting down and abandoning module OpenGLDrv (22)
[2018.08.26-13.46.20:057][845]LogModuleManager: Shutting down and abandoning module D3D11RHI (20)
[2018.08.26-13.46.20:057][845]LogModuleManager: Shutting down and abandoning module AnimGraphRuntime (18)
[2018.08.26-13.46.20:057][845]LogModuleManager: Shutting down and abandoning module Renderer (16)
[2018.08.26-13.46.20:057][845]LogModuleManager: Shutting down and abandoning module Engine (14)
[2018.08.26-13.46.20:057][845]LogModuleManager: Shutting down and abandoning module CoreUObject (12)
[2018.08.26-13.46.20:057][845]LogModuleManager: Shutting down and abandoning module NetworkFile (10)
[2018.08.26-13.46.20:057][845]LogModuleManager: Shutting down and abandoning module CookedIterativeFile (8)
[2018.08.26-13.46.20:057][845]LogModuleManager: Shutting down and abandoning module StreamingFile (6)
[2018.08.26-13.46.20:057][845]LogModuleManager: Shutting down and abandoning module SandboxFile (4)
[2018.08.26-13.46.20:058][845]LogModuleManager: Shutting down and abandoning module PakFile (2)
[2018.08.26-13.46.20:061][845]LogExit: Exiting.
[2018.08.26-13.46.20:076][845]Log file closed, 08/26/18 14:46:20
