Log file open, 12/11/17 14:03:29
LogWindows: Failed to load 'aqProf.dll' (GetLastError=126)
LogWindows: File 'aqProf.dll' does not exist
LogWindows: Failed to load 'VtuneApi.dll' (GetLastError=126)
LogWindows: File 'VtuneApi.dll' does not exist
LogWindows: Failed to load 'VtuneApi32e.dll' (GetLastError=126)
LogWindows: File 'VtuneApi32e.dll' does not exist
LogInit: Display: Running engine for game: Year3_Group9_GreyBox
LogPlatformFile: Not using cached read wrapper
LogInit: Display: RandInit(-1291440637) SRandInit(-1291440637).
LogTaskGraph: Started task graph with 5 named threads and 14 total threads with 3 sets of task threads.
LogStats: Stats thread started at 0.157726
LogD3D11RHI: Aftermath initialized
LogPluginManager: Mounting plugin Paper2D
LogPluginManager: Mounting plugin LightPropagationVolume
LogPluginManager: Mounting plugin CodeLiteSourceCodeAccess
LogPluginManager: Mounting plugin GitSourceControl
LogPluginManager: Mounting plugin KDevelopSourceCodeAccess
LogPluginManager: Mounting plugin NullSourceCodeAccess
LogPluginManager: Mounting plugin PerforceSourceControl
LogPluginManager: Mounting plugin SubversionSourceControl
LogPluginManager: Mounting plugin UObjectPlugin
LogPluginManager: Mounting plugin VisualStudioSourceCodeAccess
LogPluginManager: Mounting plugin XCodeSourceCodeAccess
LogPluginManager: Mounting plugin AssetManagerEditor
LogPluginManager: Mounting plugin AudioCapture
LogPluginManager: Mounting plugin FacialAnimation
LogPluginManager: Mounting plugin GameplayTagsEditor
LogPluginManager: Mounting plugin MobileLauncherProfileWizard
LogPluginManager: Mounting plugin PluginBrowser
LogPluginManager: Mounting plugin SpeedTreeImporter
LogPluginManager: Mounting plugin AlembicImporter
LogPluginManager: Mounting plugin CharacterAI
LogPluginManager: Mounting plugin HTML5Networking
LogPluginManager: Mounting plugin AndroidMedia
LogPluginManager: Mounting plugin AvfMedia
LogPluginManager: Mounting plugin MediaPlayerEditor
LogPluginManager: Mounting plugin WmfMedia
LogPluginManager: Mounting plugin TcpMessaging
LogPluginManager: Mounting plugin UdpMessaging
LogPluginManager: Mounting plugin LevelSequenceEditor
LogPluginManager: Mounting plugin MatineeToLevelSequence
LogPluginManager: Mounting plugin OnlineSubsystemGooglePlay
LogPluginManager: Mounting plugin OnlineSubsystemIOS
LogPluginManager: Mounting plugin OnlineSubsystem
LogPluginManager: Mounting plugin OnlineSubsystemNull
LogPluginManager: Mounting plugin OnlineSubsystemUtils
LogPluginManager: Mounting plugin AndroidDeviceProfileSelector
LogPluginManager: Mounting plugin AndroidMoviePlayer
LogPluginManager: Mounting plugin AndroidPermission
LogPluginManager: Mounting plugin AppleMoviePlayer
LogPluginManager: Mounting plugin ArchVisCharacter
LogPluginManager: Mounting plugin CableComponent
LogPluginManager: Mounting plugin CustomMeshComponent
LogPluginManager: Mounting plugin ExampleDeviceProfileSelector
LogPluginManager: Mounting plugin GoogleCloudMessaging
LogPluginManager: Mounting plugin ImmediatePhysics
LogPluginManager: Mounting plugin IOSDeviceProfileSelector
LogPluginManager: Mounting plugin LinuxDeviceProfileSelector
LogPluginManager: Mounting plugin LocationServicesBPLibrary
LogPluginManager: Mounting plugin MobilePatchingUtils
LogPluginManager: Mounting plugin OculusVR
LogPluginManager: Mounting plugin PhysXVehicles
LogPluginManager: Mounting plugin ProceduralMeshComponent
LogPluginManager: Mounting plugin RuntimePhysXCooking
LogPluginManager: Mounting plugin SteamVR
LogPluginManager: Mounting plugin WindowsMoviePlayer
LogInit: Using libcurl 7.47.1
LogInit:  - built for x86_64-pc-win32
LogInit:  - supports SSL with OpenSSL/1.0.2g
LogInit:  - supports HTTP deflate (compression) using libz 1.2.8
LogInit:  - other features:
LogInit:      CURL_VERSION_SSL
LogInit:      CURL_VERSION_LIBZ
LogInit:      CURL_VERSION_IPV6
LogInit:      CURL_VERSION_ASYNCHDNS
LogInit:      CURL_VERSION_LARGEFILE
LogInit:      CURL_VERSION_IDN
LogInit:  CurlRequestOptions (configurable via config and command line):
LogInit:  - bVerifyPeer = false  - Libcurl will NOT verify peer certificate
LogInit:  - bUseHttpProxy = false  - Libcurl will NOT use HTTP proxy
LogInit:  - bDontReuseConnections = false  - Libcurl will reuse connections
LogInit:  - CertBundlePath = nullptr  - Libcurl will use whatever was configured at build time.
LogInit: Build: ++UE4+Release-4.17-CL-3658906
LogInit: Engine Version: 4.17.2-3658906+++UE4+Release-4.17
LogInit: Compatible Engine Version: 4.17.0-3573198+++UE4+Release-4.17
LogInit: Net CL: 3573198
LogDevObjectVersion: Number of dev versions registered: 16
LogDevObjectVersion:   Dev-Blueprints (B0D832E4-1F89-4F0D-ACCF-7EB736FD4AA2): 10
LogDevObjectVersion:   Dev-Build (E1C64328-A22C-4D53-A36C-8E866417BD8C): 0
LogDevObjectVersion:   Dev-Core (375EC13C-06E4-48FB-B500-84F0262A717E): 2
LogDevObjectVersion:   Dev-Editor (E4B068ED-F494-42E9-A231-DA0B2E46BB41): 20
LogDevObjectVersion:   Dev-Framework (CFFC743F-43B0-4480-9391-14DF171D2073): 28
LogDevObjectVersion:   Dev-Mobile (B02B49B5-BB20-44E9-A304-32B752E40360): 0
LogDevObjectVersion:   Dev-Networking (A4E4105C-59A1-49B5-A7C5-40C4547EDFEE): 0
LogDevObjectVersion:   Dev-Online (39C831C9-5AE6-47DC-9A44-9C173E1C8E7C): 0
LogDevObjectVersion:   Dev-Physics (78F01B33-EBEA-4F98-B9B4-84EACCB95AA2): 0
LogDevObjectVersion:   Dev-Platform (6631380F-2D4D-43E0-8009-CF276956A95A): 0
LogDevObjectVersion:   Dev-Rendering (12F88B9F-8875-4AFC-A67C-D90C383ABD29): 19
LogDevObjectVersion:   Dev-Sequencer (7B5AE74C-D270-4C10-A958-57980B212A5A): 4
LogDevObjectVersion:   Dev-VR (D7296918-1DD6-4BDD-9DE2-64A83CC13884): 0
LogDevObjectVersion:   Dev-LoadTimes (C2A15278-BFE7-4AFE-6C17-90FF531DF755): 1
LogDevObjectVersion:   Private-Geometry (6EACA3D4-40EC-4CC1-B786-8BED09428FC5): 1
LogDevObjectVersion:   Dev-AnimPhys (29E575DD-E0A3-4627-9D10-D276232CDCEA): 7
LogInit: Compiled (64-bit): Sep 22 2017 13:47:16
LogInit: Compiled with Visual C++: 19.00.24215.01
LogInit: Build Configuration: Development
LogInit: Branch Name: ++UE4+Release-4.17
LogInit: Command line:  
LogInit: Base directory: C:/Program Files/Epic Games/UE_4.17/Engine/Binaries/Win64/
LogInit: Installed Engine Build: 1
LogInit: Presizing for max 8388607 objects, including 0 objects not considered by GC, pre-allocating 0 bytes for permanent pool.
LogInit: Object subsystem initialized
[2017.12.11-14.03.30:379][  0]LogInit: Selected Device Profile: [Windows]
[2017.12.11-14.03.30:379][  0]LogInit: Applying CVar settings loaded from the selected device profile: [Windows]
[2017.12.11-14.03.30:401][  0]LogInit: Computer: GAMES-105-011
[2017.12.11-14.03.30:401][  0]LogInit: User: Games
[2017.12.11-14.03.30:401][  0]LogInit: CPU Page size=4096, Cores=4
[2017.12.11-14.03.30:401][  0]LogInit: High frequency timer resolution =3.613339 MHz
[2017.12.11-14.03.30:401][  0]LogMemory: Memory total: Physical=15.9GB (16GB approx)
[2017.12.11-14.03.30:401][  0]LogMemory: Platform Memory Stats for Windows
[2017.12.11-14.03.30:401][  0]LogMemory: Process Physical Memory: 281.20 MB used, 281.20 MB peak
[2017.12.11-14.03.30:401][  0]LogMemory: Process Virtual Memory: 285.37 MB used, 285.37 MB peak
[2017.12.11-14.03.30:401][  0]LogMemory: Physical Memory: 5303.38 MB used,  10958.36 MB free, 16261.73 MB total
[2017.12.11-14.03.30:401][  0]LogMemory: Virtual Memory: 664.18 MB used,  10958.36 MB free, 8388608.00 MB total
[2017.12.11-14.03.30:600][  0]LogInit: Using OS detected language (en-GB).
[2017.12.11-14.03.30:600][  0]LogInit: Using OS detected locale (en-GB).
[2017.12.11-14.03.30:603][  0]LogTextLocalizationManager: No specific localization for 'en-GB' exists, so the 'en' localization will be used.
[2017.12.11-14.03.31:284][  0]LogD3D11RHI: D3D11 adapters:
[2017.12.11-14.03.31:300][  0]LogD3D11RHI:    0. 'NVIDIA GeForce GTX 760' (Feature Level 11_0)
[2017.12.11-14.03.31:300][  0]LogD3D11RHI:       1990/0/2048 MB DedicatedVideo/DedicatedSystem/SharedSystem, Outputs:2, VendorId:0x10de
[2017.12.11-14.03.31:300][  0]LogD3D11RHI: Chosen D3D11 Adapter: 0
[2017.12.11-14.03.31:305][  0]LogD3D11RHI: Creating new Direct3DDevice
[2017.12.11-14.03.31:305][  0]LogD3D11RHI:     GPU DeviceId: 0x1187 (for the marketing name, search the web for "GPU Device Id")
[2017.12.11-14.03.31:305][  0]LogWindows: EnumDisplayDevices:
[2017.12.11-14.03.31:305][  0]LogWindows:    0. 'NVIDIA GeForce GTX 760' (P:1 D:1)
[2017.12.11-14.03.31:305][  0]LogWindows:    1. 'NVIDIA GeForce GTX 760' (P:0 D:1)
[2017.12.11-14.03.31:305][  0]LogWindows:    2. 'NVIDIA GeForce GTX 760' (P:0 D:0)
[2017.12.11-14.03.31:305][  0]LogWindows:    3. 'NVIDIA GeForce GTX 760' (P:0 D:0)
[2017.12.11-14.03.31:305][  0]LogWindows:    4. 'RDPDD Chained DD' (P:0 D:0)
[2017.12.11-14.03.31:305][  0]LogWindows:    5. 'RDP Encoder Mirror Driver' (P:0 D:0)
[2017.12.11-14.03.31:306][  0]LogWindows:    6. 'RDP Reflector Display Driver' (P:0 D:0)
[2017.12.11-14.03.31:306][  0]LogWindows: DebugString: GetVideoDriverDetailsInvalid PrimaryIsNotTheChoosenAdapter GetVideoDriverDetailsInvalid PrimaryIsNotTheChoosenAdapter GetVideoDriverDetailsInvalid PrimaryIsNotTheChoosenAdapter FoundDriverCount:4 
[2017.12.11-14.03.31:306][  0]LogD3D11RHI:     Adapter Name: NVIDIA GeForce GTX 760
[2017.12.11-14.03.31:306][  0]LogD3D11RHI:   Driver Version: 353.30 (internal:10.18.13.5330, unified:353.30)
[2017.12.11-14.03.31:306][  0]LogD3D11RHI:      Driver Date: 6-17-2015
[2017.12.11-14.03.31:306][  0]LogRHI: Texture pool is 1361 MB (70% of 1945 MB)
[2017.12.11-14.03.31:313][  0]LogD3D11RHI: NvAPI_D3D_GetCurrentSLIState failed: 0xfffffff7
[2017.12.11-14.03.31:313][  0]LogD3D11RHI: Async texture creation enabled
[2017.12.11-14.03.31:329][  0]LogD3D11RHI: GPU Timing Frequency: 1000.000000 (Debug: 2 2)
[2017.12.11-14.03.31:331][  0]LogShaderCompilers: Guid format shader working directory is -48 characters bigger than the processId version (../../../../../../Users/Games/Desktop/level-6-l6-group-9/Prototypes/GreyBox Scene/Garden_Level/Intermediate/Shaders/WorkingDirectory/3172/).
[2017.12.11-14.03.31:331][  0]LogShaderCompilers: Cleaned the shader compiler working directory 'C:/Users/Games/AppData/Local/Temp/UnrealShaderWorkingDir/CF974B15420929AFEC6B9780E5A86199/'.
[2017.12.11-14.03.31:331][  0]LogShaderCompilers: Display: Using Local Shader Compiler.
[2017.12.11-14.03.32:530][  0]LogTemp: Display: Loaded TP AllDesktopTargetPlatform
[2017.12.11-14.03.32:582][  0]LogTemp: Display: Loaded TP MacClientTargetPlatform
[2017.12.11-14.03.32:659][  0]LogTemp: Display: Loaded TP MacNoEditorTargetPlatform
[2017.12.11-14.03.32:738][  0]LogTemp: Display: Loaded TP MacServerTargetPlatform
[2017.12.11-14.03.32:824][  0]LogTemp: Display: Loaded TP MacTargetPlatform
[2017.12.11-14.03.32:894][  0]LogTemp: Display: Loaded TP WindowsClientTargetPlatform
[2017.12.11-14.03.32:951][  0]LogTemp: Display: Loaded TP WindowsNoEditorTargetPlatform
[2017.12.11-14.03.33:008][  0]LogTemp: Display: Loaded TP WindowsServerTargetPlatform
[2017.12.11-14.03.33:057][  0]LogTemp: Display: Loaded TP WindowsTargetPlatform
[2017.12.11-14.03.33:123][  0]LogTemp: Display: Loaded TP AndroidTargetPlatform
[2017.12.11-14.03.33:182][  0]LogTemp: Display: Loaded TP Android_ASTCTargetPlatform
[2017.12.11-14.03.33:231][  0]LogTemp: Display: Loaded TP Android_ATCTargetPlatform
[2017.12.11-14.03.33:279][  0]LogTemp: Display: Loaded TP Android_DXTTargetPlatform
[2017.12.11-14.03.33:336][  0]LogTemp: Display: Loaded TP Android_ETC1TargetPlatform
[2017.12.11-14.03.33:399][  0]LogTemp: Display: Loaded TP Android_ETC2TargetPlatform
[2017.12.11-14.03.33:512][  0]LogTemp: Display: Loaded TP Android_MultiTargetPlatform
[2017.12.11-14.03.33:512][  0]LogTemp: Display: Loaded TP Android_PVRTCTargetPlatform
[2017.12.11-14.03.33:557][  0]LogTemp: Display: Loaded TP HTML5TargetPlatform
[2017.12.11-14.03.33:652][  0]LogTemp: Display: Loaded TP IOSTargetPlatform
[2017.12.11-14.03.33:686][  0]LogTemp: Display: Loaded TP TVOSTargetPlatform
[2017.12.11-14.03.33:742][  0]LogTemp: Display: Loaded TP LinuxClientTargetPlatform
[2017.12.11-14.03.33:799][  0]LogTemp: Display: Loaded TP LinuxNoEditorTargetPlatform
[2017.12.11-14.03.33:870][  0]LogTemp: Display: Loaded TP LinuxServerTargetPlatform
[2017.12.11-14.03.33:930][  0]LogTemp: Display: Loaded TP LinuxTargetPlatform
[2017.12.11-14.03.33:930][  0]LogTargetPlatformManager: Display: Building Assets For Windows
[2017.12.11-14.03.34:448][  0]LogDerivedDataCache: Display: Max Cache Size: 512 MB
[2017.12.11-14.03.34:569][  0]LogDerivedDataCache: Loaded boot cache 0.12s 93MB C:/Users/Games/AppData/Local/UnrealEngine/4.17/DerivedDataCache/Boot.ddc.
[2017.12.11-14.03.34:569][  0]LogDerivedDataCache: Display: Loaded Boot cache: C:/Users/Games/AppData/Local/UnrealEngine/4.17/DerivedDataCache/Boot.ddc
[2017.12.11-14.03.34:569][  0]LogDerivedDataCache: FDerivedDataBackendGraph:  Pak pak cache file ../../../../../../Users/Games/Desktop/level-6-l6-group-9/Prototypes/GreyBox Scene/Garden_Level/DerivedDataCache/DDC.ddp not found, will not use a pak cache.
[2017.12.11-14.03.34:570][  0]LogDerivedDataCache: Unable to find inner node Pak for hierarchical cache Hierarchy.
[2017.12.11-14.03.34:570][  0]LogDerivedDataCache: FDerivedDataBackendGraph:  CompressedPak pak cache file ../../../../../../Users/Games/Desktop/level-6-l6-group-9/Prototypes/GreyBox Scene/Garden_Level/DerivedDataCache/Compressed.ddp not found, will not use a pak cache.
[2017.12.11-14.03.34:570][  0]LogDerivedDataCache: Unable to find inner node CompressedPak for hierarchical cache Hierarchy.
[2017.12.11-14.03.34:587][  0]LogDerivedDataCache: Display: Pak cache opened for reading ../../../Engine/DerivedDataCache/Compressed.ddp.
[2017.12.11-14.03.34:599][  0]LogDerivedDataCache: Using Local data cache path C:/Users/Games/AppData/Local/UnrealEngine/Common/DerivedDataCache: Writable
[2017.12.11-14.03.34:610][  0]LogMaterial: Verifying Global Shaders for PCD3D_SM5
[2017.12.11-14.03.34:610][  0]LogSlate: Using Freetype 2.6.0
[2017.12.11-14.03.34:610][  0]LogSlate: SlateFontCache - WITH_FREETYPE: 1, WITH_HARFBUZZ: 1
[2017.12.11-14.03.34:610][  0]LogSlate: SlateFontCache - WITH_FREETYPE: 1, WITH_HARFBUZZ: 1
[2017.12.11-14.03.34:957][  0]LogAssetRegistry: FAssetRegistry took 0.0243 seconds to start up
[2017.12.11-14.03.35:170][  0]LogInit: Selected Device Profile: [Windows]
[2017.12.11-14.03.35:176][  0]LogContentStreaming: Texture pool size is 0.00 MB
[2017.12.11-14.03.35:663][  0]LogSimplygon: Simplygon DLL not present - disabling.
[2017.12.11-14.03.35:701][  0]LogMeshReduction: Using SimplygonSwarm for distributed automatic mesh merging
[2017.12.11-14.03.35:701][  0]LogMeshReduction: Using QuadricMeshReduction for automatic static mesh reduction
[2017.12.11-14.03.35:701][  0]LogMeshReduction: No automatic skeletal mesh reduction module available
[2017.12.11-14.03.35:701][  0]LogMeshReduction: No automatic mesh merging module available
[2017.12.11-14.03.35:701][  0]LogMeshMerging: No automatic mesh merging module available
[2017.12.11-14.03.36:190][  0]LogNetVersion: Year3_Group9_GreyBox , NetCL: 3573198, EngineNetVer: 2, GameNetVer: 0 (Checksum: 4068347300)
[2017.12.11-14.03.37:055][  0]LogPackageLocalizationCache: Processed 5 localized package path(s) for 2 prioritized culture(s) in 0.653033 seconds
[2017.12.11-14.03.37:062][  0]LogUObjectArray: 35825 objects as part of root set at end of initial load.
[2017.12.11-14.03.37:062][  0]LogUObjectAllocator: 7529104 out of 0 bytes used by permanent object pool.
[2017.12.11-14.03.37:062][  0]LogUObjectArray: CloseDisregardForGC: 0/0 objects in disregard for GC pool
[2017.12.11-14.03.37:116][  0]LogInit: WinSock: version 1.1 (2.2), MaxSocks=32767, MaxUdp=65467
[2017.12.11-14.03.40:106][  0]LogTcpMessaging: Initializing TcpMessaging bridge
[2017.12.11-14.03.40:152][  0]LogUdpMessaging: Initializing bridge on interface 0.0.0.0:0 to multicast group 230.0.0.1:6666.
[2017.12.11-14.03.40:857][  0]LogMaterial: Uniform references updated for custom material expression Custom.
[2017.12.11-14.03.41:327][  0]SourceControl: Source control is disabled
[2017.12.11-14.03.41:327][  0]SourceControl: Source control is disabled
[2017.12.11-14.03.41:384][  0]SourceControl: Source control is disabled
[2017.12.11-14.03.41:446][  0]SourceControl: Source control is disabled
[2017.12.11-14.03.42:034][  0]LogAndroidPermission: UAndroidPermissionCallbackProxy::GetInstance
[2017.12.11-14.03.42:291][  0]LogOcInput: OculusInput pre-init called
[2017.12.11-14.03.42:833][  0]LogEngine: Initializing Engine...
[2017.12.11-14.03.42:835][  0]LogHMD: Failed to initialize OpenVR with code 110
[2017.12.11-14.03.43:133][  0]LogStats: UGameplayTagsManager::ConstructGameplayTagTree: Construct from data asset -  0.000 s
[2017.12.11-14.03.43:133][  0]LogStats: UGameplayTagsManager::ConstructGameplayTagTree: GameplayTagTreeChangedEvent.Broadcast -  0.000 s
[2017.12.11-14.03.43:281][  0]LogAIModule: Creating AISystem for world Untitled
[2017.12.11-14.03.43:290][  0]LogInit: XAudio2 using 'Speakers (Conexant HD Audio)' : 2 channels at 44.1 kHz using 16 bits per sample (channel mask 0x3)
[2017.12.11-14.03.43:328][  0]LogInit: FAudioDevice initialized.
[2017.12.11-14.03.44:022][  0]LogDerivedDataCache: Saved boot cache 0.69s 93MB C:/Users/Games/AppData/Local/UnrealEngine/4.17/DerivedDataCache/Boot.ddc.
[2017.12.11-14.03.44:063][  0]LogInit: Texture streaming: Enabled
[2017.12.11-14.03.44:218][  0]LogEngineSessionManager: EngineSessionManager initialized
[2017.12.11-14.03.44:521][  0]LogInit: Transaction tracking system initialized
[2017.12.11-14.03.44:884][  0]BlueprintLog: New page: Editor Load
[2017.12.11-14.03.45:867][  0]LocalizationService: Localization service is disabled
[2017.12.11-14.03.46:778][  0]LogConsoleResponse: Display: 
[2017.12.11-14.03.46:955][  0]LogCook: Display: Max memory allowance for cook 16384mb min free memory 0mb
[2017.12.11-14.03.46:955][  0]LogCook: Display: Mobile HDR setting 1
[2017.12.11-14.03.46:955][  0]LogGameplayTags: Display: UGameplayTagsManager::DoneAddingNativeTags. DelegateIsBound: 0
[2017.12.11-14.03.48:099][  0]LogFileCache: Scanning file cache for directory 'C:/Users/Games/Desktop/level-6-l6-group-9/Prototypes/GreyBox Scene/Garden_Level/Content/' took 0.01s
[2017.12.11-14.03.48:148][  0]SourceControl: Source control is disabled
[2017.12.11-14.03.48:149][  0]LightingResults: New page: Lighting Build
[2017.12.11-14.03.48:203][  0]MapCheck: New page: Map Check
[2017.12.11-14.03.48:204][  0]LightingResults: New page: Lighting Build
[2017.12.11-14.03.48:793][  0]LogAIModule: Creating AISystem for world ThirdPersonExampleMap
[2017.12.11-14.03.48:812][  0]LogEditorServer: Finished looking for orphan Actors (0.000 secs)
[2017.12.11-14.03.48:824][  0]Cmd: MAP CHECKDEP NOCLEARLOG
[2017.12.11-14.03.48:879][  0]MapCheck: Map check complete: 0 Error(s), 0 Warning(s), took 54.781ms to complete.
[2017.12.11-14.03.48:879][  0]LogFileHelpers: Loading map 'ThirdPersonExampleMap' took 0.731
[2017.12.11-14.03.49:094][  0]LogCollectionManager: Loaded 0 collections in 0.003084 seconds
[2017.12.11-14.03.49:211][  0]LogFileCache: Scanning file cache for directory 'C:/Users/Games/Desktop/level-6-l6-group-9/Prototypes/GreyBox Scene/Garden_Level/Saved/Collections/' took 0.01s
[2017.12.11-14.03.49:212][  0]LogFileCache: Scanning file cache for directory 'C:/Users/Games/Desktop/level-6-l6-group-9/Prototypes/GreyBox Scene/Garden_Level/Content/Developers/Games/Collections/' took 0.01s
[2017.12.11-14.03.49:212][  0]LogFileCache: Scanning file cache for directory 'C:/Users/Games/Desktop/level-6-l6-group-9/Prototypes/GreyBox Scene/Garden_Level/Content/Collections/' took 0.01s
[2017.12.11-14.03.49:212][  0]LogCollectionManager: Rebuilt the GUID cache for 0 collections in 0.000001 seconds
[2017.12.11-14.03.49:229][  0]LogContentBrowser: Native class hierarchy populated in 0.0176 seconds. Added 2386 classes and 500 folders.
[2017.12.11-14.03.49:297][  0]LogContentBrowser: Native class hierarchy updated for 'WidgetCarousel' in 0.0014 seconds. Added 0 classes and 0 folders.
[2017.12.11-14.03.49:340][  0]LogContentBrowser: Native class hierarchy updated for 'AddContentDialog' in 0.0013 seconds. Added 0 classes and 0 folders.
[2017.12.11-14.03.49:402][  0]LogContentBrowser: Native class hierarchy updated for 'SceneOutliner' in 0.0012 seconds. Added 1 classes and 2 folders.
[2017.12.11-14.03.49:469][  0]LogSlate: Took 0.000156 seconds to synchronously load lazily loaded font '../../../Engine/Content/Slate/Fonts/Roboto-Regular.ttf' (155K)
[2017.12.11-14.03.49:471][  0]LogSlate: Took 0.000128 seconds to synchronously load lazily loaded font '../../../Engine/Content/Slate/Fonts/Roboto-Bold.ttf' (160K)
[2017.12.11-14.03.49:476][  0]LogSlate: Took 0.000131 seconds to synchronously load lazily loaded font '../../../Engine/Content/Editor/Slate/Fonts/FontAwesome.ttf' (139K)
[2017.12.11-14.03.49:634][  0]LogRenderer: Reallocating scene render targets to support 1216x656 Format 10 NumSamples 1 (Frame:1).
[2017.12.11-14.03.49:899][  0]LogContentBrowser: Native class hierarchy updated for 'HierarchicalLODOutliner' in 0.0012 seconds. Added 1 classes and 2 folders.
[2017.12.11-14.03.49:899][  0]LogLoad: (Engine Initialization) Total time: 21.18 seconds
[2017.12.11-14.03.49:899][  0]LogLoad: (Engine Initialization) Total Blueprint compile time: 0.00 seconds
[2017.12.11-14.03.49:899][  0]LogExternalProfiler: Found external profiler: VSPerf
[2017.12.11-14.03.49:900][  0]LogExternalProfiler: Using external profiler: VSPerf
[2017.12.11-14.03.49:931][  0]LogContentStreaming: Texture pool size now 1000 MB
[2017.12.11-14.03.49:982][  0]LogSlate: Took 0.000126 seconds to synchronously load lazily loaded font '../../../Engine/Content/Slate/Fonts/Roboto-Light.ttf' (159K)
[2017.12.11-14.03.49:996][  1]LogAssetRegistry: Asset discovery search completed in 15.0592 seconds
[2017.12.11-14.03.50:000][  1]LogCollectionManager: Rebuilt the object cache for 0 collections in 0.000001 seconds (found 0 objects)
[2017.12.11-14.03.50:000][  1]LogCollectionManager: Fixed up redirectors for 0 collections in 0.000045 seconds (updated 0 objects)
[2017.12.11-14.03.59:273][913]LogTemp: Executing iPhonePackager certificates Engine -bundlename com.YourCompany.Year3Group9GreyBox
[2017.12.11-14.03.59:273][913]LogTemp: CWD: C:\Program Files\Epic Games\UE_4.17\Engine\Binaries\DotNET\IOS
[2017.12.11-14.03.59:273][913]LogTemp: Initial Dir: C:\Program Files\Epic Games\UE_4.17
[2017.12.11-14.03.59:273][913]LogTemp: Env CWD: C:\Program Files\Epic Games\UE_4.17\Engine\Binaries\DotNET\IOS
[2017.12.11-14.03.59:273][913]LogTemp: BranchPath = GAMES-105-011/C/Program Files/Epic Games/UE_4.17/Engine/Binaries --- GameBranchPath = GAMES-105-011/C/Program Files/Epic Games/UE_4.17/Engine/Binaries
[2017.12.11-14.03.59:273][913]LogTemp: IPP ERROR: Could not find provision directory 'C:\Users\Games\AppData\Local/Apple Computer/MobileDevice/Provisioning Profiles/'.
[2017.12.11-14.04.01:826][161]LogSlate: Took 0.000125 seconds to synchronously load lazily loaded font '../../../Engine/Content/Slate/Fonts/Roboto-Light.ttf' (159K)
[2017.12.11-14.04.37:433][738]MapCheck: New page: Map Check
[2017.12.11-14.04.37:458][738]Cmd: MAP REBUILD ALLVISIBLE
[2017.12.11-14.04.37:459][738]LogEditorServer: Rebuildmap Clear paths rebuilt
[2017.12.11-14.04.37:700][738]LogMaterial: Missing cached shader map for material FDebugViewModeMaterialProxy WorldGridMaterial, compiling. Is special engine material.
[2017.12.11-14.04.37:709][738]LogMaterial: Missing cached shader map for material FDebugViewModeMaterialProxy MaterialInstanceDynamic_1, compiling. 
[2017.12.11-14.04.37:716][738]LogMaterial: Missing cached shader map for material FDebugViewModeMaterialProxy CubeMaterial, compiling. 
[2017.12.11-14.04.37:723][738]LogMaterial: Missing cached shader map for material FDebugViewModeMaterialProxy M_UE4Man_Body, compiling. 
[2017.12.11-14.04.37:733][738]LogMaterial: Missing cached shader map for material FDebugViewModeMaterialProxy M_UE4Man_ChestLogo, compiling. 
[2017.12.11-14.04.37:741][738]LogMaterial: Missing cached shader map for material FDebugViewModeMaterialProxy MatineeCam_mat, compiling. 
[2017.12.11-14.04.38:377][738]TextureStreamingBuild: Display: Compiling optional shaders took 0.686 seconds.
[2017.12.11-14.04.38:382][738]LogLevel: Display: Export Material TexCoord Scales took 0.005 seconds.
[2017.12.11-14.04.38:400][738]TextureStreamingBuild: Display: Build Texture Streaming took 0.018 seconds.
[2017.12.11-14.04.38:413][738]LightingResults: New page: Lighting Build - 11 Dec 2017 14:04:38
[2017.12.11-14.04.38:453][738]LogSwarmInterface: [OpenConnection] Registering TCP channel ...
[2017.12.11-14.04.38:517][738]LogSwarmInterface: [OpenConnection] Connecting to agent ...
[2017.12.11-14.04.38:538][738]LogSwarmInterface: [TryOpenConnection] Testing the Agent
[2017.12.11-14.04.39:058][738]LogSwarmInterface: [TryOpenConnection] Opening Connection to Agent
[2017.12.11-14.04.39:058][738]LogSwarmInterface: [TryOpenConnection] Local Process ID is 3172
[2017.12.11-14.04.45:056][738]LogStaticLightingSystem: Running Lightmass w/ ImmediateImport mode ENABLED
[2017.12.11-14.04.45:056][738]LogStaticLightingSystem: Running Lightmass w/ ImmediateProcess mode ENABLED
[2017.12.11-14.04.45:056][738]LogStaticLightingSystem: Running Lightmass w/ Sorting mode ENABLED
[2017.12.11-14.04.45:056][738]LogStaticLightingSystem: Running Lightmass w/ Mapping paddings ENABLED
[2017.12.11-14.04.45:056][738]LogStaticLightingSystem: Running Lightmass w/ Mapping debug paddings DISABLED
[2017.12.11-14.04.45:353][738]Cmd: MAP CHECK DONTDISPLAYDIALOG
[2017.12.11-14.04.45:353][738]MapCheck: New page: ThirdPersonExampleMap - 11 Dec 2017 14:04:45
[2017.12.11-14.04.45:370][738]MapCheck: Error: WorldInfo_0 Maps need lighting rebuilt 
[2017.12.11-14.04.45:433][738]MapCheck: Map check complete: 1 Error(s), 0 Warning(s), took 79.465ms to complete.
[2017.12.11-14.04.45:454][738]LogEditorBuildUtils: Build time 0:08
[2017.12.11-14.04.49:093][ 13]LightingResults: Warning: Level_Changing_Decking Object has overlapping UVs.
[2017.12.11-14.04.49:106][ 14]LightingResults: Level_Changing_Decking Lightmap UV are overlapping by 3.6%. Please adjust content - Enable Error Coloring to visualize.
[2017.12.11-14.04.54:166][514]LightingResults: Warning: Level_Changing_Decking Object has overlapping UVs.
[2017.12.11-14.04.54:166][514]LightingResults: Level_Changing_Decking Lightmap UV are overlapping by 3.6%. Please adjust content - Enable Error Coloring to visualize.
[2017.12.11-14.04.56:004][631]Job is a success!
[2017.12.11-14.04.56:028][632]LogSlate: Took 0.000152 seconds to synchronously load lazily loaded font '../../../Engine/Content/Slate/Fonts/Roboto-Light.ttf' (159K)
[2017.12.11-14.04.57:131][632]LogTexture: Display: Building textures: HQ_Lightmap1_1 (AutoDXT, 1024X1024)
[2017.12.11-14.04.57:131][632]LogTexture: Display: Building textures: LQ_Lightmap_1_1 (DXT1, 1024X1024)
[2017.12.11-14.04.57:131][632]LogTexture: Display: Building textures: HQ_Lightmap1_2 (AutoDXT, 1024X1024)
[2017.12.11-14.04.57:131][632]LogTexture: Display: Building textures: LQ_Lightmap_1_2 (DXT1, 1024X1024)
[2017.12.11-14.04.57:131][632]LogTexture: Display: Building textures: HQ_Lightmap0_3 (AutoDXT, 64X64)
[2017.12.11-14.04.57:131][632]LogTexture: Display: Building textures: LQ_Lightmap_0_3 (DXT1, 64X64)
[2017.12.11-14.04.57:331][632]LogTexture: Display: Building textures: ShadowMapTexture2D_1 (G8, 32X32)
[2017.12.11-14.04.57:388][632]LogTexture: Display: Building textures: ShadowMapTexture2D_0 (G8, 1024X1024)
[2017.12.11-14.04.57:407][632]Lightmass on GAMES-105-011: 10.6 sec total, 154 ms importing, 64 ms setup, 1.46 sec photons, 8.90 sec processing, 0 ms extra exporting [124/124 mappings]. Threads: 1:02 min total, 35.7 sec processing.
[2017.12.11-14.04.57:426][632]LogStaticLightingSystem: Illumination: 18.9 sec (973 ms encoding lightmaps, 242 ms encoding shadowmaps)
[2017.12.11-14.04.57:426][632]LogStaticLightingSystem: Lightmap texture memory:  4.0 MB (4.0 MB streaming, 0.0 MB non-streaming), 6 textures
[2017.12.11-14.04.57:426][632]LogStaticLightingSystem: Shadowmap texture memory: 1.3 MB (1.3 MB streaming, 0.0 MB non-streaming), 2 textures
[2017.12.11-14.04.58:062][632]DumpUnbuiltLightIteractions
[2017.12.11-14.04.58:062][632]Lights with unbuilt interactions: 0
[2017.12.11-14.04.58:062][632]
[2017.12.11-14.04.58:062][632]Primitives with unbuilt interactions: 0
[2017.12.11-14.04.58:075][633]Cmd: MAP CHECK NOTIFYRESULTS
[2017.12.11-14.04.58:076][633]MapCheck: New page: ThirdPersonExampleMap - 11 Dec 2017 14:04:58
[2017.12.11-14.04.58:163][633]MapCheck: Map check complete: 0 Error(s), 0 Warning(s), took 87.688ms to complete.
[2017.12.11-14.05.15:227][651]LogAIModule: Creating AISystem for world Garden_Level
[2017.12.11-14.05.19:654][651]LogSavePackage: Save=189.79ms
[2017.12.11-14.05.19:654][651]LogSavePackage: Moving '../../../../../../Users/Games/Desktop/level-6-l6-group-9/Prototypes/GreyBox Scene/Garden_Level/Saved/ThirdPersonExampleMap2F5BD0354739560702E2DBA79DEF67C1.tmp' to '../../../../../../Users/Games/Desktop/level-6-l6-group-9/Prototypes/GreyBox Scene/Garden_Level/Content/ThirdPersonBP/Maps/ThirdPersonExampleMap.umap'
[2017.12.11-14.05.19:666][651]LogSavePackage: Display: Finished SavePackage ../../../../../../Users/Games/Desktop/level-6-l6-group-9/Prototypes/GreyBox Scene/Garden_Level/Content/ThirdPersonBP/Maps/ThirdPersonExampleMap.umap
[2017.12.11-14.05.19:706][651]LogFileHelpers: Saving map 'ThirdPersonExampleMap' took 0.374
[2017.12.11-14.05.19:734][651]LogSlate: Took 0.000144 seconds to synchronously load lazily loaded font '../../../Engine/Content/Slate/Fonts/Roboto-Regular.ttf' (155K)
[2017.12.11-14.05.19:989][651]LogSavePackage: Save=268.32ms
[2017.12.11-14.05.19:989][651]LogSavePackage: Moving '../../../../../../Users/Games/Desktop/level-6-l6-group-9/Prototypes/GreyBox Scene/Garden_Level/Saved/ThirdPersonExampleMap_BuiltData410408A947E2B4CC5D249098EA59A6A7.tmp' to '../../../../../../Users/Games/Desktop/level-6-l6-group-9/Prototypes/GreyBox Scene/Garden_Level/Content/ThirdPersonBP/Maps/ThirdPersonExampleMap_BuiltData.uasset'
[2017.12.11-14.05.19:992][651]LogSavePackage: Display: Finished SavePackage ../../../../../../Users/Games/Desktop/level-6-l6-group-9/Prototypes/GreyBox Scene/Garden_Level/Content/ThirdPersonBP/Maps/ThirdPersonExampleMap_BuiltData.uasset
[2017.12.11-14.05.19:993][651]Cmd: MAP LOAD FILE="../../../../../../Users/Games/Desktop/level-6-l6-group-9/Prototypes/GreyBox Scene/Garden_Level/Content/Garden_Level/Garden_Level.umap" TEMPLATE=0 SHOWPROGRESS=1 FEATURELEVEL=3
[2017.12.11-14.05.19:993][651]LightingResults: New page: Lighting Build
[2017.12.11-14.05.19:994][651]LoadErrors: New page: Loading map: Garden_Level.umap
[2017.12.11-14.05.19:996][651]MapCheck: New page: Map Check
[2017.12.11-14.05.19:996][651]LightingResults: New page: Lighting Build
[2017.12.11-14.05.20:134][651]LogEditorServer: Finished looking for orphan Actors (0.000 secs)
[2017.12.11-14.05.20:184][651]Cmd: MAP CHECKDEP NOCLEARLOG
[2017.12.11-14.05.20:252][651]MapCheck: Map check complete: 0 Error(s), 0 Warning(s), took 68.285ms to complete.
[2017.12.11-14.05.20:252][651]LogFileHelpers: Loading map 'Garden_Level' took 0.260
[2017.12.11-14.05.30:966][784]LogTemp: Executing iPhonePackager certificates Engine -bundlename com.YourCompany.Year3Group9GreyBox
[2017.12.11-14.05.30:966][784]LogTemp: CWD: C:\Program Files\Epic Games\UE_4.17\Engine\Binaries\DotNET\IOS
[2017.12.11-14.05.30:966][784]LogTemp: Initial Dir: C:\Program Files\Epic Games\UE_4.17
[2017.12.11-14.05.30:966][784]LogTemp: Env CWD: C:\Program Files\Epic Games\UE_4.17\Engine\Binaries\DotNET\IOS
[2017.12.11-14.05.30:966][784]LogTemp: BranchPath = GAMES-105-011/C/Program Files/Epic Games/UE_4.17/Engine/Binaries --- GameBranchPath = GAMES-105-011/C/Program Files/Epic Games/UE_4.17/Engine/Binaries
[2017.12.11-14.05.30:978][785]LogTemp: IPP ERROR: Could not find provision directory 'C:\Users\Games\AppData\Local/Apple Computer/MobileDevice/Provisioning Profiles/'.
[2017.12.11-14.05.39:308][638]Cmd: QUIT_EDITOR
[2017.12.11-14.05.39:373][638]LogExit: Preparing to exit.
[2017.12.11-14.05.40:335][638]LogDirectoryWatcher: A directory notification for 'C:/Users/Games/Desktop/level-6-l6-group-9/Prototypes/GreyBox Scene/Garden_Level/Content/' was aborted.
[2017.12.11-14.05.40:359][638]LogExit: Editor shut down
[2017.12.11-14.05.40:363][638]LogExit: Transaction tracking system shut down
[2017.12.11-14.05.40:513][638]LogDirectoryWatcher: A directory notification for '../../../Engine/Content/' was aborted.
[2017.12.11-14.05.40:513][638]LogDirectoryWatcher: A directory notification for '../../../../../../Users/Games/Desktop/level-6-l6-group-9/Prototypes/GreyBox Scene/Garden_Level/Content/' was aborted.
[2017.12.11-14.05.40:513][638]LogDirectoryWatcher: A directory notification for '../../../Engine/Plugins/2D/Paper2D/Content/' was aborted.
[2017.12.11-14.05.40:513][638]LogDirectoryWatcher: A directory notification for '../../../Engine/Plugins/Runtime/Oculus/OculusVR/Content/' was aborted.
[2017.12.11-14.05.40:513][638]LogDirectoryWatcher: A directory notification for '../../../Engine/Plugins/Runtime/Steam/SteamVR/Content/' was aborted.
[2017.12.11-14.05.40:575][638]LogExit: Object subsystem successfully closed.
[2017.12.11-14.05.40:591][638]LogD3D11RHI: Shutdown
[2017.12.11-14.05.40:591][638]LogD3D11RHI: CleanupD3DDevice
[2017.12.11-14.05.40:594][638]LogD3D11RHI: ~FD3D11DynamicRHI
[2017.12.11-14.05.40:616][638]LogModuleManager: Shutting down and abandoning module HierarchicalLODUtilities (534)
[2017.12.11-14.05.40:616][638]LogModuleManager: Shutting down and abandoning module ExternalImagePicker (532)
[2017.12.11-14.05.40:616][638]LogModuleManager: Shutting down and abandoning module HierarchicalLODOutliner (530)
[2017.12.11-14.05.40:616][638]LogModuleManager: Shutting down and abandoning module SceneOutliner (528)
[2017.12.11-14.05.40:616][638]LogModuleManager: Shutting down and abandoning module AddContentDialog (526)
[2017.12.11-14.05.40:616][638]LogDirectoryWatcher: A directory notification for 'C:/Program Files/Epic Games/UE_4.17/FeaturePacks/' was aborted.
[2017.12.11-14.05.40:617][638]LogModuleManager: Shutting down and abandoning module WidgetCarousel (525)
[2017.12.11-14.05.40:617][638]LogModuleManager: Shutting down and abandoning module EditorWidgets (522)
[2017.12.11-14.05.40:617][638]LogModuleManager: Shutting down and abandoning module CollectionManager (520)
[2017.12.11-14.05.40:617][638]LogDirectoryWatcher: A directory notification for 'C:/Users/Games/Desktop/level-6-l6-group-9/Prototypes/GreyBox Scene/Garden_Level/Content/Collections/' was aborted.
[2017.12.11-14.05.40:617][638]LogDirectoryWatcher: A directory notification for 'C:/Users/Games/Desktop/level-6-l6-group-9/Prototypes/GreyBox Scene/Garden_Level/Content/Developers/Games/Collections/' was aborted.
[2017.12.11-14.05.40:617][638]LogDirectoryWatcher: A directory notification for 'C:/Users/Games/Desktop/level-6-l6-group-9/Prototypes/GreyBox Scene/Garden_Level/Saved/Collections/' was aborted.
[2017.12.11-14.05.40:617][638]LogModuleManager: Shutting down and abandoning module StatsViewer (518)
[2017.12.11-14.05.40:617][638]LogModuleManager: Shutting down and abandoning module FoliageEdit (516)
[2017.12.11-14.05.40:617][638]LogModuleManager: Shutting down and abandoning module LandscapeEditor (514)
[2017.12.11-14.05.40:617][638]LogModuleManager: Shutting down and abandoning module MeshPaintMode (512)
[2017.12.11-14.05.40:617][638]LogModuleManager: Shutting down and abandoning module SceneDepthPickerMode (510)
[2017.12.11-14.05.40:617][638]LogModuleManager: Shutting down and abandoning module ActorPickerMode (508)
[2017.12.11-14.05.40:617][638]LogModuleManager: Shutting down and abandoning module GeometryMode (506)
[2017.12.11-14.05.40:617][638]LogModuleManager: Shutting down and abandoning module TextureAlignMode (504)
[2017.12.11-14.05.40:617][638]LogModuleManager: Shutting down and abandoning module BspMode (502)
[2017.12.11-14.05.40:617][638]LogModuleManager: Shutting down and abandoning module PIEPreviewDeviceProfileSelector (500)
[2017.12.11-14.05.40:617][638]LogModuleManager: Shutting down and abandoning module HardwareSurvey (498)
[2017.12.11-14.05.40:617][638]LogModuleManager: Shutting down and abandoning module SequenceRecorderSections (496)
[2017.12.11-14.05.40:617][638]LogModuleManager: Shutting down and abandoning module AutomationWorker (494)
[2017.12.11-14.05.40:617][638]LogModuleManager: Shutting down and abandoning module MatineeToLevelSequence (492)
[2017.12.11-14.05.40:617][638]LogModuleManager: Shutting down and abandoning module LevelSequenceEditor (490)
[2017.12.11-14.05.40:617][638]LogModuleManager: Shutting down and abandoning module PlacementMode (489)
[2017.12.11-14.05.40:618][638]LogModuleManager: Shutting down and abandoning module WmfMediaFactory (486)
[2017.12.11-14.05.40:618][638]LogModuleManager: Shutting down and abandoning module WmfMediaEditor (484)
[2017.12.11-14.05.40:618][638]LogModuleManager: Shutting down and abandoning module AvfMediaFactory (482)
[2017.12.11-14.05.40:618][638]LogModuleManager: Shutting down and abandoning module AvfMediaEditor (480)
[2017.12.11-14.05.40:618][638]LogModuleManager: Shutting down and abandoning module AndroidMediaFactory (478)
[2017.12.11-14.05.40:618][638]LogModuleManager: Shutting down and abandoning module Media (477)
[2017.12.11-14.05.40:618][638]LogModuleManager: Shutting down and abandoning module AndroidMediaEditor (474)
[2017.12.11-14.05.40:618][638]LogModuleManager: Shutting down and abandoning module CharacterAI (472)
[2017.12.11-14.05.40:618][638]LogModuleManager: Shutting down and abandoning module AudioCapture (470)
[2017.12.11-14.05.40:618][638]LogModuleManager: Shutting down and abandoning module SequenceRecorder (469)
[2017.12.11-14.05.40:618][638]LogModuleManager: Shutting down and abandoning module SmartSnapping (466)
[2017.12.11-14.05.40:618][638]LogModuleManager: Shutting down and abandoning module SessionServices (464)
[2017.12.11-14.05.40:618][638]LogModuleManager: Shutting down and abandoning module ViewportSnapping (462)
[2017.12.11-14.05.40:618][638]LogModuleManager: Shutting down and abandoning module ViewportInteraction (460)
[2017.12.11-14.05.40:618][638]LogModuleManager: Shutting down and abandoning module ClothPainter (458)
[2017.12.11-14.05.40:618][638]LogModuleManager: Shutting down and abandoning module LogVisualizer (456)
[2017.12.11-14.05.40:618][638]LogModuleManager: Shutting down and abandoning module IntroTutorials (454)
[2017.12.11-14.05.40:618][638]LogModuleManager: Shutting down and abandoning module GameProjectGeneration (453)
[2017.12.11-14.05.40:618][638]LogModuleManager: Shutting down and abandoning module IOSPlatformEditor (450)
[2017.12.11-14.05.40:618][638]LogModuleManager: Shutting down and abandoning module HTML5PlatformEditor (448)
[2017.12.11-14.05.40:618][638]LogModuleManager: Shutting down and abandoning module AndroidPlatformEditor (446)
[2017.12.11-14.05.40:618][638]LogModuleManager: Shutting down and abandoning module AndroidDeviceDetection (445)
[2017.12.11-14.05.41:304][638]LogModuleManager: Shutting down and abandoning module WindowsPlatformEditor (442)
[2017.12.11-14.05.41:304][638]LogModuleManager: Shutting down and abandoning module IOSRuntimeSettings (440)
[2017.12.11-14.05.41:304][638]LogModuleManager: Shutting down and abandoning module AndroidRuntimeSettings (438)
[2017.12.11-14.05.41:304][638]LogModuleManager: Shutting down and abandoning module InputBindingEditor (436)
[2017.12.11-14.05.41:304][638]LogModuleManager: Shutting down and abandoning module MergeActors (434)
[2017.12.11-14.05.41:304][638]LogModuleManager: Shutting down and abandoning module SizeMap (432)
[2017.12.11-14.05.41:304][638]LogModuleManager: Shutting down and abandoning module TreeMap (430)
[2017.12.11-14.05.41:304][638]LogModuleManager: Shutting down and abandoning module ReferenceViewer (428)
[2017.12.11-14.05.41:304][638]LogModuleManager: Shutting down and abandoning module LocalizationDashboard (426)
[2017.12.11-14.05.41:304][638]LogModuleManager: Shutting down and abandoning module LocalizationService (425)
[2017.12.11-14.05.41:304][638]LogModuleManager: Shutting down and abandoning module HardwareTargeting (422)
[2017.12.11-14.05.41:305][638]LogModuleManager: Shutting down and abandoning module DeviceProfileEditor (420)
[2017.12.11-14.05.41:305][638]LogModuleManager: Shutting down and abandoning module UndoHistory (418)
[2017.12.11-14.05.41:305][638]LogModuleManager: Shutting down and abandoning module XmlParser (416)
[2017.12.11-14.05.41:305][638]LogModuleManager: Shutting down and abandoning module Blutility (414)
[2017.12.11-14.05.41:305][638]LogModuleManager: Shutting down and abandoning module ProjectSettingsViewer (412)
[2017.12.11-14.05.41:305][638]LogModuleManager: Shutting down and abandoning module ProjectTargetPlatformEditor (411)
[2017.12.11-14.05.41:305][638]LogModuleManager: Shutting down and abandoning module EditorSettingsViewer (408)
[2017.12.11-14.05.41:305][638]LogModuleManager: Shutting down and abandoning module SettingsEditor (406)
[2017.12.11-14.05.41:306][638]LogModuleManager: Shutting down and abandoning module ProjectLauncher (404)
[2017.12.11-14.05.41:306][638]LogModuleManager: Shutting down and abandoning module SessionFrontend (402)
[2017.12.11-14.05.41:306][638]LogModuleManager: Shutting down and abandoning module ProfilerClient (400)
[2017.12.11-14.05.41:306][638]LogModuleManager: Shutting down and abandoning module DeviceManager (398)
[2017.12.11-14.05.41:306][638]LogModuleManager: Shutting down and abandoning module TargetDeviceServices (397)
[2017.12.11-14.05.41:356][638]LogModuleManager: Shutting down and abandoning module AutomationController (394)
[2017.12.11-14.05.41:356][638]LogModuleManager: Shutting down and abandoning module AutomationWindow (392)
[2017.12.11-14.05.41:356][638]LogModuleManager: Shutting down and abandoning module Layers (390)
[2017.12.11-14.05.41:356][638]LogModuleManager: Shutting down and abandoning module ComponentVisualizers (388)
[2017.12.11-14.05.41:356][638]LogModuleManager: Shutting down and abandoning module DetailCustomizations (386)
[2017.12.11-14.05.41:356][638]LogModuleManager: Shutting down and abandoning module PackagesDialog (384)
[2017.12.11-14.05.41:356][638]LogModuleManager: Shutting down and abandoning module Persona (382)
[2017.12.11-14.05.41:357][638]LogModuleManager: Shutting down and abandoning module AdvancedPreviewScene (381)
[2017.12.11-14.05.41:357][638]LogModuleManager: Shutting down and abandoning module AnimGraph (379)
[2017.12.11-14.05.41:357][638]LogModuleManager: Shutting down and abandoning module Kismet (376)
[2017.12.11-14.05.41:358][638]LogModuleManager: Shutting down and abandoning module ClassViewer (374)
[2017.12.11-14.05.41:358][638]LogModuleManager: Shutting down and abandoning module Toolbox (372)
[2017.12.11-14.05.41:358][638]LogModuleManager: Shutting down and abandoning module ModuleUI (370)
[2017.12.11-14.05.41:358][638]LogModuleManager: Shutting down and abandoning module MovieSceneTools (368)
[2017.12.11-14.05.41:358][638]LogModuleManager: Shutting down and abandoning module OutputLog (366)
[2017.12.11-14.05.41:358][638]LogModuleManager: Shutting down and abandoning module GammaUI (364)
[2017.12.11-14.05.41:358][638]LogModuleManager: Shutting down and abandoning module Documentation (362)
[2017.12.11-14.05.41:359][638]LogModuleManager: Shutting down and abandoning module MovieSceneTracks (360)
[2017.12.11-14.05.41:359][638]LogModuleManager: Shutting down and abandoning module MovieScene (358)
[2017.12.11-14.05.41:359][638]LogModuleManager: Shutting down and abandoning module Niagara (356)
[2017.12.11-14.05.41:359][638]LogModuleManager: Shutting down and abandoning module NiagaraEditor (355)
[2017.12.11-14.05.41:359][638]LogModuleManager: Shutting down and abandoning module StreamingPauseRendering (352)
[2017.12.11-14.05.41:359][638]LogModuleManager: Shutting down and abandoning module LauncherPlatform (350)
[2017.12.11-14.05.41:360][638]LogModuleManager: Shutting down and abandoning module AnalyticsET (348)
[2017.12.11-14.05.41:360][638]LogModuleManager: Shutting down and abandoning module PortalServices (346)
[2017.12.11-14.05.41:360][638]LogModuleManager: Shutting down and abandoning module PortalRpc (344)
[2017.12.11-14.05.41:360][638]LogModuleManager: Shutting down and abandoning module MessagingRpc (342)
[2017.12.11-14.05.41:360][638]LogModuleManager: Shutting down and abandoning module AIModule (340)
[2017.12.11-14.05.41:360][638]LogModuleManager: Shutting down and abandoning module GameplayDebugger (339)
[2017.12.11-14.05.41:360][638]LogModuleManager: Shutting down and abandoning module AITestSuite (337)
[2017.12.11-14.05.41:360][638]LogModuleManager: Shutting down and abandoning module ProfilerService (334)
[2017.12.11-14.05.41:606][638]LogModuleManager: Shutting down and abandoning module TaskGraph (332)
[2017.12.11-14.05.41:606][638]LogModuleManager: Shutting down and abandoning module SteamVRController (330)
[2017.12.11-14.05.41:606][638]LogModuleManager: Shutting down and abandoning module ProceduralMeshComponentEditor (328)
[2017.12.11-14.05.41:606][638]LogModuleManager: Shutting down and abandoning module ProceduralMeshComponent (326)
[2017.12.11-14.05.41:606][638]LogModuleManager: Shutting down and abandoning module OculusInput (324)
[2017.12.11-14.05.41:606][638]LogModuleManager: Shutting down and abandoning module MobilePatchingUtils (322)
[2017.12.11-14.05.41:606][638]LogModuleManager: Shutting down and abandoning module CustomMeshComponent (320)
[2017.12.11-14.05.41:606][638]LogModuleManager: Shutting down and abandoning module CableComponent (318)
[2017.12.11-14.05.41:606][638]LogModuleManager: Shutting down and abandoning module ArchVisCharacter (316)
[2017.12.11-14.05.41:606][638]LogModuleManager: Shutting down and abandoning module AndroidPermission (314)
[2017.12.11-14.05.41:606][638]LogModuleManager: Shutting down and abandoning module MediaPlayerEditor (310)
[2017.12.11-14.05.41:606][638]LogModuleManager: Shutting down and abandoning module HTML5Networking (308)
[2017.12.11-14.05.41:607][638]LogModuleManager: Shutting down and abandoning module AlembicImporter (306)
[2017.12.11-14.05.41:607][638]LogModuleManager: Shutting down and abandoning module AlembicLibrary (305)
[2017.12.11-14.05.41:607][638]LogModuleManager: Shutting down and abandoning module GeometryCache (304)
[2017.12.11-14.05.41:607][638]LogModuleManager: Shutting down and abandoning module GeometryCacheEd (303)
[2017.12.11-14.05.41:607][638]LogModuleManager: Shutting down and abandoning module SpeedTreeImporter (298)
[2017.12.11-14.05.41:607][638]LogModuleManager: Shutting down and abandoning module PluginBrowser (296)
[2017.12.11-14.05.41:607][638]LogModuleManager: Shutting down and abandoning module MobileLauncherProfileWizard (294)
[2017.12.11-14.05.41:607][638]LogModuleManager: Shutting down and abandoning module VisualStudioSourceCodeAccess (292)
[2017.12.11-14.05.41:607][638]LogModuleManager: Shutting down and abandoning module DesktopPlatform (291)
[2017.12.11-14.05.41:607][638]LogModuleManager: Shutting down and abandoning module UObjectPlugin (288)
[2017.12.11-14.05.41:607][638]LogModuleManager: Shutting down and abandoning module SubversionSourceControl (286)
[2017.12.11-14.05.41:607][638]LogModuleManager: Shutting down and abandoning module PerforceSourceControl (284)
[2017.12.11-14.05.41:607][638]LogModuleManager: Shutting down and abandoning module GitSourceControl (282)
[2017.12.11-14.05.41:608][638]LogModuleManager: Shutting down and abandoning module SourceControl (281)
[2017.12.11-14.05.41:608][638]LogModuleManager: Shutting down and abandoning module LightPropagationVolumeEditor (278)
[2017.12.11-14.05.41:608][638]LogModuleManager: Shutting down and abandoning module PaperTiledImporter (276)
[2017.12.11-14.05.41:608][638]LogModuleManager: Shutting down and abandoning module PaperSpriteSheetImporter (274)
[2017.12.11-14.05.41:608][638]LogModuleManager: Shutting down and abandoning module Paper2DEditor (272)
[2017.12.11-14.05.41:609][638]LogModuleManager: Shutting down and abandoning module MeshPaint (271)
[2017.12.11-14.05.41:609][638]LogModuleManager: Shutting down and abandoning module LevelEditor (269)
[2017.12.11-14.05.41:610][638]LogModuleManager: Shutting down and abandoning module PixelInspectorModule (268)
[2017.12.11-14.05.41:611][638]LogModuleManager: Shutting down and abandoning module MainFrame (266)
[2017.12.11-14.05.41:611][638]LogModuleManager: Shutting down and abandoning module HotReload (265)
[2017.12.11-14.05.41:613][638]LogModuleManager: Shutting down and abandoning module RuntimePhysXCooking (260)
[2017.12.11-14.05.41:613][638]LogModuleManager: Shutting down and abandoning module PhysXVehiclesEditor (258)
[2017.12.11-14.05.41:613][638]LogModuleManager: Shutting down and abandoning module PhysXVehicles (256)
[2017.12.11-14.05.41:613][638]LogModuleManager: Shutting down and abandoning module OculusEditor (254)
[2017.12.11-14.05.41:613][638]LogModuleManager: Shutting down and abandoning module LocationServicesBPLibrary (252)
[2017.12.11-14.05.41:613][638]LogModuleManager: Shutting down and abandoning module ImmediatePhysicsEditor (250)
[2017.12.11-14.05.41:613][638]LogModuleManager: Shutting down and abandoning module ImmediatePhysics (248)
[2017.12.11-14.05.41:613][638]LogModuleManager: Shutting down and abandoning module UdpMessaging (246)
[2017.12.11-14.05.41:713][638]LogModuleManager: Shutting down and abandoning module TcpMessaging (244)
[2017.12.11-14.05.41:813][638]LogModuleManager: Shutting down and abandoning module GameplayTagsEditor (242)
[2017.12.11-14.05.41:813][638]LogModuleManager: Shutting down and abandoning module FacialAnimationEditor (240)
[2017.12.11-14.05.41:813][638]LogModuleManager: Shutting down and abandoning module FacialAnimation (238)
[2017.12.11-14.05.41:813][638]LogModuleManager: Shutting down and abandoning module AssetManagerEditor (236)
[2017.12.11-14.05.41:813][638]LogModuleManager: Shutting down and abandoning module GraphEditor (235)
[2017.12.11-14.05.41:813][638]LogModuleManager: Shutting down and abandoning module ContentBrowser (233)
[2017.12.11-14.05.41:815][638]LogModuleManager: Shutting down and abandoning module LightPropagationVolumeRuntime (230)
[2017.12.11-14.05.41:816][638]LogModuleManager: Shutting down and abandoning module Paper2D (228)
[2017.12.11-14.05.41:816][638]LogModuleManager: Shutting down and abandoning module WindowsMoviePlayer (226)
[2017.12.11-14.05.41:816][638]LogModuleManager: Shutting down and abandoning module WmfMedia (224)
[2017.12.11-14.05.41:817][638]LogModuleManager: Shutting down and abandoning module PacketHandler (222)
[2017.12.11-14.05.41:817][638]LogModuleManager: Shutting down and abandoning module ClothingSystemEditor (220)
[2017.12.11-14.05.41:817][638]LogModuleManager: Shutting down and abandoning module ClothingSystemRuntime (218)
[2017.12.11-14.05.41:818][638]LogModuleManager: Shutting down and abandoning module Overlay (216)
[2017.12.11-14.05.41:818][638]LogModuleManager: Shutting down and abandoning module OverlayEditor (215)
[2017.12.11-14.05.41:818][638]LogModuleManager: Shutting down and abandoning module MediaAssets (212)
[2017.12.11-14.05.41:818][638]LogModuleManager: Shutting down and abandoning module VREditor (210)
[2017.12.11-14.05.41:818][638]LogModuleManager: Shutting down and abandoning module StringTableEditor (208)
[2017.12.11-14.05.41:818][638]LogModuleManager: Shutting down and abandoning module GameplayTasksEditor (206)
[2017.12.11-14.05.41:818][638]LogModuleManager: Shutting down and abandoning module BehaviorTreeEditor (204)
[2017.12.11-14.05.41:818][638]LogModuleManager: Shutting down and abandoning module FunctionalTesting (202)
[2017.12.11-14.05.41:818][638]LogModuleManager: Shutting down and abandoning module CollisionAnalyzer (200)
[2017.12.11-14.05.41:818][638]LogModuleManager: Shutting down and abandoning module WorkspaceMenuStructure (199)
[2017.12.11-14.05.41:818][638]LogModuleManager: Shutting down and abandoning module UMG (196)
[2017.12.11-14.05.41:818][638]LogModuleManager: Shutting down and abandoning module UMGEditor (195)
[2017.12.11-14.05.41:818][638]LogModuleManager: Shutting down and abandoning module Sequencer (194)
[2017.12.11-14.05.41:819][638]LogModuleManager: Shutting down and abandoning module MessageLog (191)
[2017.12.11-14.05.41:819][638]LogModuleManager: Shutting down and abandoning module SlateReflector (186)
[2017.12.11-14.05.41:819][638]LogModuleManager: Shutting down and abandoning module Slate (184)
[2017.12.11-14.05.41:819][638]LogModuleManager: Shutting down and abandoning module EditorStyle (182)
[2017.12.11-14.05.41:825][638]LogModuleManager: Shutting down and abandoning module MRMesh (180)
[2017.12.11-14.05.41:825][638]LogModuleManager: Shutting down and abandoning module SourceCodeAccess (178)
[2017.12.11-14.05.41:825][638]LogModuleManager: Shutting down and abandoning module HeadMountedDisplay (176)
[2017.12.11-14.05.41:825][638]LogModuleManager: Shutting down and abandoning module XAudio2 (174)
[2017.12.11-14.05.41:825][638]LogModuleManager: Shutting down and abandoning module Networking (172)
[2017.12.11-14.05.41:825][638]LogModuleManager: Shutting down and abandoning module Core (168)
[2017.12.11-14.05.41:825][638]LogModuleManager: Shutting down and abandoning module KismetCompiler (164)
[2017.12.11-14.05.41:825][638]LogModuleManager: Shutting down and abandoning module MeshUtilities (162)
[2017.12.11-14.05.41:826][638]LogModuleManager: Shutting down and abandoning module MeshMergeUtilities (161)
[2017.12.11-14.05.41:826][638]LogModuleManager: Shutting down and abandoning module MeshReductionInterface (160)
[2017.12.11-14.05.41:826][638]LogModuleManager: Shutting down and abandoning module SimplygonSwarm (159)
[2017.12.11-14.05.41:826][638]LogModuleManager: Shutting down and abandoning module SimplygonMeshReduction (157)
[2017.12.11-14.05.41:826][638]LogModuleManager: Shutting down and abandoning module QuadricMeshReduction (155)
[2017.12.11-14.05.41:826][638]LogModuleManager: Shutting down and abandoning module MaterialBaking (151)
[2017.12.11-14.05.41:826][638]LogModuleManager: Shutting down and abandoning module LevelSequence (148)
[2017.12.11-14.05.41:826][638]LogModuleManager: Shutting down and abandoning module DirectoryWatcher (146)
[2017.12.11-14.05.41:828][638]LogModuleManager: Shutting down and abandoning module DerivedDataCache (144)
[2017.12.11-14.05.41:900][638]LogDerivedDataCache: Shutdown
[2017.12.11-14.05.41:900][638]LogModuleManager: Shutting down and abandoning module TargetPlatform (142)
[2017.12.11-14.05.41:900][638]LogModuleManager: Shutting down and abandoning module VulkanShaderFormat (141)
[2017.12.11-14.05.41:900][638]LogModuleManager: Shutting down and abandoning module ShaderFormatVectorVM (139)
[2017.12.11-14.05.41:900][638]LogModuleManager: Shutting down and abandoning module ShaderFormatOpenGL (137)
[2017.12.11-14.05.41:900][638]LogModuleManager: Shutting down and abandoning module ShaderFormatD3D (135)
[2017.12.11-14.05.41:900][638]LogModuleManager: Shutting down and abandoning module MetalShaderFormat (133)
[2017.12.11-14.05.41:900][638]LogModuleManager: Shutting down and abandoning module TextureFormatUncompressed (131)
[2017.12.11-14.05.41:900][638]LogModuleManager: Shutting down and abandoning module TextureFormatPVR (129)
[2017.12.11-14.05.41:900][638]LogModuleManager: Shutting down and abandoning module TextureFormatDXT (127)
[2017.12.11-14.05.41:900][638]LogModuleManager: Shutting down and abandoning module TextureFormatIntelISPCTexComp (125)
[2017.12.11-14.05.41:900][638]LogModuleManager: Shutting down and abandoning module TextureFormatASTC (123)
[2017.12.11-14.05.41:900][638]LogModuleManager: Shutting down and abandoning module ImageWrapper (122)
[2017.12.11-14.05.41:900][638]LogModuleManager: Shutting down and abandoning module TextureFormatAndroid (119)
[2017.12.11-14.05.41:901][638]LogModuleManager: Shutting down and abandoning module AudioFormatOpus (117)
[2017.12.11-14.05.41:901][638]LogModuleManager: Shutting down and abandoning module AudioFormatOgg (115)
[2017.12.11-14.05.41:901][638]LogModuleManager: Shutting down and abandoning module AudioFormatADPCM (113)
[2017.12.11-14.05.41:901][638]LogModuleManager: Shutting down and abandoning module LinuxTargetPlatform (111)
[2017.12.11-14.05.41:901][638]LogModuleManager: Shutting down and abandoning module LinuxServerTargetPlatform (109)
[2017.12.11-14.05.41:901][638]LogModuleManager: Shutting down and abandoning module LinuxNoEditorTargetPlatform (107)
[2017.12.11-14.05.41:901][638]LogModuleManager: Shutting down and abandoning module LinuxClientTargetPlatform (105)
[2017.12.11-14.05.41:901][638]LogModuleManager: Shutting down and abandoning module TVOSTargetPlatform (103)
[2017.12.11-14.05.41:901][638]LogModuleManager: Shutting down and abandoning module Messaging (101)
[2017.12.11-14.05.41:901][638]LogModuleManager: Shutting down and abandoning module IOSTargetPlatform (99)
[2017.12.11-14.05.41:901][638]LogModuleManager: Shutting down and abandoning module HTML5TargetPlatform (97)
[2017.12.11-14.05.41:901][638]LogModuleManager: Shutting down and abandoning module Android_PVRTCTargetPlatform (95)
[2017.12.11-14.05.41:901][638]LogModuleManager: Shutting down and abandoning module Android_MultiTargetPlatform (93)
[2017.12.11-14.05.41:901][638]LogModuleManager: Shutting down and abandoning module Android_ETC2TargetPlatform (91)
[2017.12.11-14.05.41:901][638]LogModuleManager: Shutting down and abandoning module Android_ETC1TargetPlatform (89)
[2017.12.11-14.05.41:901][638]LogModuleManager: Shutting down and abandoning module Android_DXTTargetPlatform (87)
[2017.12.11-14.05.41:901][638]LogModuleManager: Shutting down and abandoning module Android_ATCTargetPlatform (85)
[2017.12.11-14.05.41:901][638]LogModuleManager: Shutting down and abandoning module Android_ASTCTargetPlatform (83)
[2017.12.11-14.05.41:901][638]LogModuleManager: Shutting down and abandoning module AndroidTargetPlatform (81)
[2017.12.11-14.05.41:902][638]LogModuleManager: Shutting down and abandoning module WindowsTargetPlatform (79)
[2017.12.11-14.05.41:902][638]LogModuleManager: Shutting down and abandoning module WindowsServerTargetPlatform (77)
[2017.12.11-14.05.41:902][638]LogModuleManager: Shutting down and abandoning module WindowsNoEditorTargetPlatform (75)
[2017.12.11-14.05.41:902][638]LogModuleManager: Shutting down and abandoning module WindowsClientTargetPlatform (73)
[2017.12.11-14.05.41:902][638]LogModuleManager: Shutting down and abandoning module MacTargetPlatform (71)
[2017.12.11-14.05.41:902][638]LogModuleManager: Shutting down and abandoning module MacServerTargetPlatform (69)
[2017.12.11-14.05.41:902][638]LogModuleManager: Shutting down and abandoning module MacNoEditorTargetPlatform (67)
[2017.12.11-14.05.41:902][638]LogModuleManager: Shutting down and abandoning module MacClientTargetPlatform (65)
[2017.12.11-14.05.41:902][638]LogModuleManager: Shutting down and abandoning module AllDesktopTargetPlatform (63)
[2017.12.11-14.05.41:902][638]LogModuleManager: Shutting down and abandoning module InputCore (60)
[2017.12.11-14.05.41:902][638]LogModuleManager: Shutting down and abandoning module Settings (58)
[2017.12.11-14.05.41:902][638]LogModuleManager: Shutting down and abandoning module PhysXCooking (56)
[2017.12.11-14.05.41:902][638]LogModuleManager: Shutting down and abandoning module SteamVR (54)
[2017.12.11-14.05.41:902][638]LogModuleManager: Shutting down and abandoning module OculusHMD (52)
[2017.12.11-14.05.41:902][638]LogModuleManager: Shutting down and abandoning module ExampleDeviceProfileSelector (50)
[2017.12.11-14.05.41:902][638]LogModuleManager: Shutting down and abandoning module OnlineBlueprintSupport (48)
[2017.12.11-14.05.41:902][638]LogModuleManager: Shutting down and abandoning module OnlineSubsystem (44)
[2017.12.11-14.05.41:902][638]LogOnline: Display: Unloading online subsystem: NULL
[2017.12.11-14.05.41:903][638]LogModuleManager: Shutting down and abandoning module XMPP (43)
[2017.12.11-14.05.41:903][638]LogModuleManager: Shutting down and abandoning module HTTP (41)
[2017.12.11-14.05.41:903][638]LogHttp: Display: Http module shutting down, but needs to wait on 1 outstanding Http requests:
[2017.12.11-14.05.41:903][638]LogHttp: Display: 	verb=[POST] url=[https://datarouter.ol.epicgames.com/datarouter/api/v1/public/data?SessionID=%7BCDED18BA-4BA3-7464-7CE7-E4B30F9C0AF3%7D&AppID=UEEditor.Rocket.Release&AppVersion=4.17.2-3658906%2B%2B%2BUE4%2BRelease-4.17&UserID=369b65a549ed0cd7955de6ac67adaac8%7C08957ea931864701ba2171b9adc4675f%7C643a0c62-4508-4f4c-af27-6ace02bcc1ff&AppEnvironment=datacollector-binary&UploadType=eteventstream] status=Processing
[2017.12.11-14.05.41:932][638]LogModuleManager: Shutting down and abandoning module SSL (40)
[2017.12.11-14.05.41:935][638]LogModuleManager: Shutting down and abandoning module AnimationModifiers (36)
[2017.12.11-14.05.41:935][638]LogModuleManager: Shutting down and abandoning module PropertyEditor (35)
[2017.12.11-14.05.41:935][638]LogModuleManager: Shutting down and abandoning module AudioEditor (32)
[2017.12.11-14.05.41:935][638]LogModuleManager: Shutting down and abandoning module TextureCompressor (30)
[2017.12.11-14.05.41:935][638]LogModuleManager: Shutting down and abandoning module ShaderCore (28)
[2017.12.11-14.05.41:935][638]LogModuleManager: Shutting down and abandoning module Landscape (26)
[2017.12.11-14.05.41:935][638]LogModuleManager: Shutting down and abandoning module SlateRHIRenderer (24)
[2017.12.11-14.05.41:937][638]LogModuleManager: Shutting down and abandoning module OpenGLDrv (22)
[2017.12.11-14.05.41:938][638]LogModuleManager: Shutting down and abandoning module D3D11RHI (20)
[2017.12.11-14.05.41:938][638]LogModuleManager: Shutting down and abandoning module AnimGraphRuntime (18)
[2017.12.11-14.05.41:938][638]LogModuleManager: Shutting down and abandoning module Renderer (16)
[2017.12.11-14.05.41:938][638]LogModuleManager: Shutting down and abandoning module Engine (14)
[2017.12.11-14.05.41:938][638]LogModuleManager: Shutting down and abandoning module CoreUObject (12)
[2017.12.11-14.05.41:938][638]LogModuleManager: Shutting down and abandoning module NetworkFile (10)
[2017.12.11-14.05.41:938][638]LogModuleManager: Shutting down and abandoning module CookedIterativeFile (8)
[2017.12.11-14.05.41:938][638]LogModuleManager: Shutting down and abandoning module StreamingFile (6)
[2017.12.11-14.05.41:938][638]LogModuleManager: Shutting down and abandoning module SandboxFile (4)
[2017.12.11-14.05.41:938][638]LogModuleManager: Shutting down and abandoning module PakFile (2)
[2017.12.11-14.05.41:944][638]LogExit: Exiting.
[2017.12.11-14.05.41:981][638]Log file closed, 12/11/17 14:05:41
