Log file open, 12/11/17 14:27:57
LogWindows: Failed to load 'aqProf.dll' (GetLastError=126)
LogWindows: File 'aqProf.dll' does not exist
LogWindows: Failed to load 'VtuneApi.dll' (GetLastError=126)
LogWindows: File 'VtuneApi.dll' does not exist
LogWindows: Failed to load 'VtuneApi32e.dll' (GetLastError=126)
LogWindows: File 'VtuneApi32e.dll' does not exist
LogInit: Display: Running engine for game: Year3_Group9_GreyBox
LogPlatformFile: Not using cached read wrapper
LogInit: Display: RandInit(-9145363) SRandInit(-9145363).
LogTaskGraph: Started task graph with 5 named threads and 14 total threads with 3 sets of task threads.
LogStats: Stats thread started at 4.353440
LogD3D11RHI: Aftermath initialized
LogPluginManager: Mounting plugin Paper2D
LogPluginManager: Mounting plugin LightPropagationVolume
LogPluginManager: Mounting plugin CodeLiteSourceCodeAccess
LogPluginManager: Mounting plugin GitSourceControl
LogPluginManager: Mounting plugin KDevelopSourceCodeAccess
LogPluginManager: Mounting plugin NullSourceCodeAccess
LogPluginManager: Mounting plugin PerforceSourceControl
LogPluginManager: Mounting plugin SubversionSourceControl
LogPluginManager: Mounting plugin UObjectPlugin
LogPluginManager: Mounting plugin VisualStudioSourceCodeAccess
LogPluginManager: Mounting plugin XCodeSourceCodeAccess
LogPluginManager: Mounting plugin AssetManagerEditor
LogPluginManager: Mounting plugin AudioCapture
LogPluginManager: Mounting plugin FacialAnimation
LogPluginManager: Mounting plugin GameplayTagsEditor
LogPluginManager: Mounting plugin MobileLauncherProfileWizard
LogPluginManager: Mounting plugin PluginBrowser
LogPluginManager: Mounting plugin SpeedTreeImporter
LogPluginManager: Mounting plugin AlembicImporter
LogPluginManager: Mounting plugin CharacterAI
LogPluginManager: Mounting plugin HTML5Networking
LogPluginManager: Mounting plugin AndroidMedia
LogPluginManager: Mounting plugin AvfMedia
LogPluginManager: Mounting plugin MediaPlayerEditor
LogPluginManager: Mounting plugin WmfMedia
LogPluginManager: Mounting plugin TcpMessaging
LogPluginManager: Mounting plugin UdpMessaging
LogPluginManager: Mounting plugin LevelSequenceEditor
LogPluginManager: Mounting plugin MatineeToLevelSequence
LogPluginManager: Mounting plugin OnlineSubsystemGooglePlay
LogPluginManager: Mounting plugin OnlineSubsystemIOS
LogPluginManager: Mounting plugin OnlineSubsystem
LogPluginManager: Mounting plugin OnlineSubsystemNull
LogPluginManager: Mounting plugin OnlineSubsystemUtils
LogPluginManager: Mounting plugin AndroidDeviceProfileSelector
LogPluginManager: Mounting plugin AndroidMoviePlayer
LogPluginManager: Mounting plugin AndroidPermission
LogPluginManager: Mounting plugin AppleMoviePlayer
LogPluginManager: Mounting plugin ArchVisCharacter
LogPluginManager: Mounting plugin CableComponent
LogPluginManager: Mounting plugin CustomMeshComponent
LogPluginManager: Mounting plugin ExampleDeviceProfileSelector
LogPluginManager: Mounting plugin GoogleCloudMessaging
LogPluginManager: Mounting plugin ImmediatePhysics
LogPluginManager: Mounting plugin IOSDeviceProfileSelector
LogPluginManager: Mounting plugin LinuxDeviceProfileSelector
LogPluginManager: Mounting plugin LocationServicesBPLibrary
LogPluginManager: Mounting plugin MobilePatchingUtils
LogPluginManager: Mounting plugin OculusVR
LogPluginManager: Mounting plugin PhysXVehicles
LogPluginManager: Mounting plugin ProceduralMeshComponent
LogPluginManager: Mounting plugin RuntimePhysXCooking
LogPluginManager: Mounting plugin SteamVR
LogPluginManager: Mounting plugin WindowsMoviePlayer
LogInit: Using libcurl 7.47.1
LogInit:  - built for x86_64-pc-win32
LogInit:  - supports SSL with OpenSSL/1.0.2g
LogInit:  - supports HTTP deflate (compression) using libz 1.2.8
LogInit:  - other features:
LogInit:      CURL_VERSION_SSL
LogInit:      CURL_VERSION_LIBZ
LogInit:      CURL_VERSION_IPV6
LogInit:      CURL_VERSION_ASYNCHDNS
LogInit:      CURL_VERSION_LARGEFILE
LogInit:      CURL_VERSION_IDN
LogInit:  CurlRequestOptions (configurable via config and command line):
LogInit:  - bVerifyPeer = false  - Libcurl will NOT verify peer certificate
LogInit:  - bUseHttpProxy = false  - Libcurl will NOT use HTTP proxy
LogInit:  - bDontReuseConnections = false  - Libcurl will reuse connections
LogInit:  - CertBundlePath = nullptr  - Libcurl will use whatever was configured at build time.
LogInit: Build: ++UE4+Release-4.17-CL-3658906
LogInit: Engine Version: 4.17.2-3658906+++UE4+Release-4.17
LogInit: Compatible Engine Version: 4.17.0-3573198+++UE4+Release-4.17
LogInit: Net CL: 3573198
LogDevObjectVersion: Number of dev versions registered: 16
LogDevObjectVersion:   Dev-Blueprints (B0D832E4-1F89-4F0D-ACCF-7EB736FD4AA2): 10
LogDevObjectVersion:   Dev-Build (E1C64328-A22C-4D53-A36C-8E866417BD8C): 0
LogDevObjectVersion:   Dev-Core (375EC13C-06E4-48FB-B500-84F0262A717E): 2
LogDevObjectVersion:   Dev-Editor (E4B068ED-F494-42E9-A231-DA0B2E46BB41): 20
LogDevObjectVersion:   Dev-Framework (CFFC743F-43B0-4480-9391-14DF171D2073): 28
LogDevObjectVersion:   Dev-Mobile (B02B49B5-BB20-44E9-A304-32B752E40360): 0
LogDevObjectVersion:   Dev-Networking (A4E4105C-59A1-49B5-A7C5-40C4547EDFEE): 0
LogDevObjectVersion:   Dev-Online (39C831C9-5AE6-47DC-9A44-9C173E1C8E7C): 0
LogDevObjectVersion:   Dev-Physics (78F01B33-EBEA-4F98-B9B4-84EACCB95AA2): 0
LogDevObjectVersion:   Dev-Platform (6631380F-2D4D-43E0-8009-CF276956A95A): 0
LogDevObjectVersion:   Dev-Rendering (12F88B9F-8875-4AFC-A67C-D90C383ABD29): 19
LogDevObjectVersion:   Dev-Sequencer (7B5AE74C-D270-4C10-A958-57980B212A5A): 4
LogDevObjectVersion:   Dev-VR (D7296918-1DD6-4BDD-9DE2-64A83CC13884): 0
LogDevObjectVersion:   Dev-LoadTimes (C2A15278-BFE7-4AFE-6C17-90FF531DF755): 1
LogDevObjectVersion:   Private-Geometry (6EACA3D4-40EC-4CC1-B786-8BED09428FC5): 1
LogDevObjectVersion:   Dev-AnimPhys (29E575DD-E0A3-4627-9D10-D276232CDCEA): 7
LogInit: Compiled (64-bit): Sep 22 2017 13:47:16
LogInit: Compiled with Visual C++: 19.00.24215.01
LogInit: Build Configuration: Development
LogInit: Branch Name: ++UE4+Release-4.17
LogInit: Command line:  
LogInit: Base directory: C:/Program Files/Epic Games/UE_4.17/Engine/Binaries/Win64/
LogInit: Installed Engine Build: 1
LogInit: Presizing for max 8388607 objects, including 0 objects not considered by GC, pre-allocating 0 bytes for permanent pool.
LogInit: Object subsystem initialized
[2017.12.11-14.28.00:753][  0]LogInit: Selected Device Profile: [Windows]
[2017.12.11-14.28.00:753][  0]LogInit: Applying CVar settings loaded from the selected device profile: [Windows]
[2017.12.11-14.28.00:998][  0]LogInit: Computer: GAMES-106-002
[2017.12.11-14.28.00:998][  0]LogInit: User: Games
[2017.12.11-14.28.00:998][  0]LogInit: CPU Page size=4096, Cores=4
[2017.12.11-14.28.00:998][  0]LogInit: High frequency timer resolution =3.613339 MHz
[2017.12.11-14.28.00:999][  0]LogMemory: Memory total: Physical=15.9GB (16GB approx)
[2017.12.11-14.28.00:999][  0]LogMemory: Platform Memory Stats for Windows
[2017.12.11-14.28.00:999][  0]LogMemory: Process Physical Memory: 279.41 MB used, 279.41 MB peak
[2017.12.11-14.28.00:999][  0]LogMemory: Process Virtual Memory: 277.25 MB used, 277.25 MB peak
[2017.12.11-14.28.00:999][  0]LogMemory: Physical Memory: 3500.09 MB used,  12761.64 MB free, 16261.73 MB total
[2017.12.11-14.28.00:999][  0]LogMemory: Virtual Memory: 656.27 MB used,  12761.64 MB free, 8388608.00 MB total
[2017.12.11-14.28.02:348][  0]LogInit: Using OS detected language (en-GB).
[2017.12.11-14.28.02:348][  0]LogInit: Using OS detected locale (en-GB).
[2017.12.11-14.28.02:705][  0]LogTextLocalizationManager: No specific localization for 'en-GB' exists, so the 'en' localization will be used.
[2017.12.11-14.28.13:247][  0]LogD3D11RHI: D3D11 adapters:
[2017.12.11-14.28.13:290][  0]LogD3D11RHI:    0. 'NVIDIA GeForce GTX 760' (Feature Level 11_0)
[2017.12.11-14.28.13:290][  0]LogD3D11RHI:       1990/0/2048 MB DedicatedVideo/DedicatedSystem/SharedSystem, Outputs:2, VendorId:0x10de
[2017.12.11-14.28.13:290][  0]LogD3D11RHI: Chosen D3D11 Adapter: 0
[2017.12.11-14.28.13:300][  0]LogD3D11RHI: Creating new Direct3DDevice
[2017.12.11-14.28.13:300][  0]LogD3D11RHI:     GPU DeviceId: 0x1187 (for the marketing name, search the web for "GPU Device Id")
[2017.12.11-14.28.13:300][  0]LogWindows: EnumDisplayDevices:
[2017.12.11-14.28.13:300][  0]LogWindows:    0. 'NVIDIA GeForce GTX 760' (P:1 D:1)
[2017.12.11-14.28.13:301][  0]LogWindows:    1. 'NVIDIA GeForce GTX 760' (P:0 D:1)
[2017.12.11-14.28.13:301][  0]LogWindows:    2. 'NVIDIA GeForce GTX 760' (P:0 D:0)
[2017.12.11-14.28.13:301][  0]LogWindows:    3. 'NVIDIA GeForce GTX 760' (P:0 D:0)
[2017.12.11-14.28.13:301][  0]LogWindows:    4. 'RDPDD Chained DD' (P:0 D:0)
[2017.12.11-14.28.13:301][  0]LogWindows:    5. 'RDP Encoder Mirror Driver' (P:0 D:0)
[2017.12.11-14.28.13:301][  0]LogWindows:    6. 'RDP Reflector Display Driver' (P:0 D:0)
[2017.12.11-14.28.13:301][  0]LogWindows: DebugString: GetVideoDriverDetailsInvalid PrimaryIsNotTheChoosenAdapter GetVideoDriverDetailsInvalid PrimaryIsNotTheChoosenAdapter GetVideoDriverDetailsInvalid PrimaryIsNotTheChoosenAdapter FoundDriverCount:4 
[2017.12.11-14.28.13:302][  0]LogD3D11RHI:     Adapter Name: NVIDIA GeForce GTX 760
[2017.12.11-14.28.13:302][  0]LogD3D11RHI:   Driver Version: 353.30 (internal:10.18.13.5330, unified:353.30)
[2017.12.11-14.28.13:302][  0]LogD3D11RHI:      Driver Date: 6-17-2015
[2017.12.11-14.28.13:302][  0]LogRHI: Texture pool is 1361 MB (70% of 1945 MB)
[2017.12.11-14.28.13:315][  0]LogD3D11RHI: NvAPI_D3D_GetCurrentSLIState failed: 0xfffffff7
[2017.12.11-14.28.13:315][  0]LogD3D11RHI: Async texture creation enabled
[2017.12.11-14.28.13:704][  0]LogD3D11RHI: GPU Timing Frequency: 1000.000000 (Debug: 2 2)
[2017.12.11-14.28.13:834][  0]LogShaderCompilers: Guid format shader working directory is -34 characters bigger than the processId version (E:/studies/UOS games uni/Level 6 Year 3/Group Project/GreyBox Scene/Garden_Level/Intermediate/Shaders/WorkingDirectory/8676/).
[2017.12.11-14.28.13:834][  0]LogShaderCompilers: Cleaned the shader compiler working directory 'C:/Users/Games/AppData/Local/Temp/UnrealShaderWorkingDir/966B64D846B7E8AF01B331943EA6E290/'.
[2017.12.11-14.28.13:843][  0]LogShaderCompilers: Display: Using Local Shader Compiler.
[2017.12.11-14.28.21:347][  0]LogTemp: Display: Loaded TP AllDesktopTargetPlatform
[2017.12.11-14.28.21:446][  0]LogTemp: Display: Loaded TP MacClientTargetPlatform
[2017.12.11-14.28.21:535][  0]LogTemp: Display: Loaded TP MacNoEditorTargetPlatform
[2017.12.11-14.28.21:622][  0]LogTemp: Display: Loaded TP MacServerTargetPlatform
[2017.12.11-14.28.21:749][  0]LogTemp: Display: Loaded TP MacTargetPlatform
[2017.12.11-14.28.21:846][  0]LogTemp: Display: Loaded TP WindowsClientTargetPlatform
[2017.12.11-14.28.21:933][  0]LogTemp: Display: Loaded TP WindowsNoEditorTargetPlatform
[2017.12.11-14.28.22:020][  0]LogTemp: Display: Loaded TP WindowsServerTargetPlatform
[2017.12.11-14.28.22:110][  0]LogTemp: Display: Loaded TP WindowsTargetPlatform
[2017.12.11-14.28.22:224][  0]LogTemp: Display: Loaded TP AndroidTargetPlatform
[2017.12.11-14.28.22:341][  0]LogTemp: Display: Loaded TP Android_ASTCTargetPlatform
[2017.12.11-14.28.22:442][  0]LogTemp: Display: Loaded TP Android_ATCTargetPlatform
[2017.12.11-14.28.22:538][  0]LogTemp: Display: Loaded TP Android_DXTTargetPlatform
[2017.12.11-14.28.22:649][  0]LogTemp: Display: Loaded TP Android_ETC1TargetPlatform
[2017.12.11-14.28.22:744][  0]LogTemp: Display: Loaded TP Android_ETC2TargetPlatform
[2017.12.11-14.28.23:037][  0]LogTemp: Display: Loaded TP Android_MultiTargetPlatform
[2017.12.11-14.28.23:037][  0]LogTemp: Display: Loaded TP Android_PVRTCTargetPlatform
[2017.12.11-14.28.23:115][  0]LogTemp: Display: Loaded TP HTML5TargetPlatform
[2017.12.11-14.28.23:325][  0]LogTemp: Display: Loaded TP IOSTargetPlatform
[2017.12.11-14.28.23:392][  0]LogTemp: Display: Loaded TP TVOSTargetPlatform
[2017.12.11-14.28.23:479][  0]LogTemp: Display: Loaded TP LinuxClientTargetPlatform
[2017.12.11-14.28.23:578][  0]LogTemp: Display: Loaded TP LinuxNoEditorTargetPlatform
[2017.12.11-14.28.23:673][  0]LogTemp: Display: Loaded TP LinuxServerTargetPlatform
[2017.12.11-14.28.23:791][  0]LogTemp: Display: Loaded TP LinuxTargetPlatform
[2017.12.11-14.28.23:791][  0]LogTargetPlatformManager: Display: Building Assets For Windows
[2017.12.11-14.28.25:568][  0]LogDerivedDataCache: Display: Max Cache Size: 512 MB
[2017.12.11-14.28.26:255][  0]LogDerivedDataCache: Loaded boot cache 0.69s 94MB C:/Users/Games/AppData/Local/UnrealEngine/4.17/DerivedDataCache/Boot.ddc.
[2017.12.11-14.28.26:255][  0]LogDerivedDataCache: Display: Loaded Boot cache: C:/Users/Games/AppData/Local/UnrealEngine/4.17/DerivedDataCache/Boot.ddc
[2017.12.11-14.28.26:255][  0]LogDerivedDataCache: FDerivedDataBackendGraph:  Pak pak cache file E:/studies/UOS games uni/Level 6 Year 3/Group Project/GreyBox Scene/Garden_Level/DerivedDataCache/DDC.ddp not found, will not use a pak cache.
[2017.12.11-14.28.26:255][  0]LogDerivedDataCache: Unable to find inner node Pak for hierarchical cache Hierarchy.
[2017.12.11-14.28.26:256][  0]LogDerivedDataCache: FDerivedDataBackendGraph:  CompressedPak pak cache file E:/studies/UOS games uni/Level 6 Year 3/Group Project/GreyBox Scene/Garden_Level/DerivedDataCache/Compressed.ddp not found, will not use a pak cache.
[2017.12.11-14.28.26:256][  0]LogDerivedDataCache: Unable to find inner node CompressedPak for hierarchical cache Hierarchy.
[2017.12.11-14.28.26:323][  0]LogDerivedDataCache: Display: Pak cache opened for reading ../../../Engine/DerivedDataCache/Compressed.ddp.
[2017.12.11-14.28.26:343][  0]LogDerivedDataCache: Using Local data cache path C:/Users/Games/AppData/Local/UnrealEngine/Common/DerivedDataCache: Writable
[2017.12.11-14.28.26:422][  0]LogMaterial: Verifying Global Shaders for PCD3D_SM5
[2017.12.11-14.28.26:490][  0]LogSlate: Using Freetype 2.6.0
[2017.12.11-14.28.26:609][  0]LogSlate: SlateFontCache - WITH_FREETYPE: 1, WITH_HARFBUZZ: 1
[2017.12.11-14.28.26:619][  0]LogSlate: SlateFontCache - WITH_FREETYPE: 1, WITH_HARFBUZZ: 1
[2017.12.11-14.28.36:631][  0]LogAssetRegistry: FAssetRegistry took 0.0584 seconds to start up
[2017.12.11-14.28.41:472][  0]LogInit: Selected Device Profile: [Windows]
[2017.12.11-14.28.41:821][  0]LogContentStreaming: Texture pool size is 0.00 MB
[2017.12.11-14.28.47:509][  0]LogSimplygon: Simplygon DLL not present - disabling.
[2017.12.11-14.28.47:744][  0]LogMeshReduction: Using SimplygonSwarm for distributed automatic mesh merging
[2017.12.11-14.28.47:767][  0]LogMeshReduction: Using QuadricMeshReduction for automatic static mesh reduction
[2017.12.11-14.28.47:767][  0]LogMeshReduction: No automatic skeletal mesh reduction module available
[2017.12.11-14.28.47:767][  0]LogMeshReduction: No automatic mesh merging module available
[2017.12.11-14.28.47:767][  0]LogMeshMerging: No automatic mesh merging module available
[2017.12.11-14.28.53:992][  0]LogNetVersion: Year3_Group9_GreyBox , NetCL: 3573198, EngineNetVer: 2, GameNetVer: 0 (Checksum: 4068347300)
[2017.12.11-14.28.56:574][  0]LogPackageLocalizationCache: Processed 5 localized package path(s) for 2 prioritized culture(s) in 0.596292 seconds
[2017.12.11-14.28.56:605][  0]LogUObjectArray: 35825 objects as part of root set at end of initial load.
[2017.12.11-14.28.56:605][  0]LogUObjectAllocator: 7529112 out of 0 bytes used by permanent object pool.
[2017.12.11-14.28.56:605][  0]LogUObjectArray: CloseDisregardForGC: 0/0 objects in disregard for GC pool
[2017.12.11-14.28.56:749][  0]LogInit: WinSock: version 1.1 (2.2), MaxSocks=32767, MaxUdp=65467
[2017.12.11-14.29.45:114][  0]LogTcpMessaging: Initializing TcpMessaging bridge
[2017.12.11-14.29.45:228][  0]LogUdpMessaging: Initializing bridge on interface 0.0.0.0:0 to multicast group 230.0.0.1:6666.
[2017.12.11-14.29.47:963][  0]LogMaterial: Uniform references updated for custom material expression Custom.
[2017.12.11-14.29.48:929][  0]SourceControl: Source control is disabled
[2017.12.11-14.29.48:929][  0]SourceControl: Source control is disabled
[2017.12.11-14.29.49:076][  0]SourceControl: Source control is disabled
[2017.12.11-14.29.49:211][  0]SourceControl: Source control is disabled
[2017.12.11-14.29.51:107][  0]LogAndroidPermission: UAndroidPermissionCallbackProxy::GetInstance
[2017.12.11-14.29.51:621][  0]LogOcInput: OculusInput pre-init called
[2017.12.11-14.29.52:534][  0]LogEngine: Initializing Engine...
[2017.12.11-14.29.52:563][  0]LogHMD: Failed to initialize OpenVR with code 110
[2017.12.11-14.29.53:026][  0]LogStats: UGameplayTagsManager::ConstructGameplayTagTree: Construct from data asset -  0.000 s
[2017.12.11-14.29.53:027][  0]LogStats: UGameplayTagsManager::ConstructGameplayTagTree: GameplayTagTreeChangedEvent.Broadcast -  0.000 s
[2017.12.11-14.29.53:692][  0]LogAIModule: Creating AISystem for world Untitled
[2017.12.11-14.29.53:864][  0]LogInit: XAudio2 using 'Speakers (Conexant HD Audio)' : 2 channels at 44.1 kHz using 16 bits per sample (channel mask 0x3)
[2017.12.11-14.29.53:946][  0]LogInit: FAudioDevice initialized.
[2017.12.11-14.29.54:695][  0]LogDerivedDataCache: Saved boot cache 0.75s 93MB C:/Users/Games/AppData/Local/UnrealEngine/4.17/DerivedDataCache/Boot.ddc.
[2017.12.11-14.29.54:740][  0]LogInit: Texture streaming: Enabled
[2017.12.11-14.29.55:198][  0]LogEngineSessionManager: EngineSessionManager initialized
[2017.12.11-14.29.56:203][  0]LogInit: Transaction tracking system initialized
[2017.12.11-14.29.57:326][  0]BlueprintLog: New page: Editor Load
[2017.12.11-14.30.02:230][  0]LocalizationService: Localization service is disabled
[2017.12.11-14.30.05:162][  0]LogConsoleResponse: Display: 
[2017.12.11-14.30.11:624][  0]LogFileCache: Scanning file cache for directory 'E:/studies/UOS games uni/Level 6 Year 3/Group Project/GreyBox Scene/Garden_Level/Content/' took 0.03s
[2017.12.11-14.30.11:624][  0]LogCook: Display: Max memory allowance for cook 16384mb min free memory 0mb
[2017.12.11-14.30.11:624][  0]LogCook: Display: Mobile HDR setting 1
[2017.12.11-14.30.11:713][  0]LogGameplayTags: Display: UGameplayTagsManager::DoneAddingNativeTags. DelegateIsBound: 0
[2017.12.11-14.30.20:372][  0]SourceControl: Source control is disabled
[2017.12.11-14.30.20:441][  0]Cmd: MAP LOAD FILE="E:/studies/UOS games uni/Level 6 Year 3/Group Project/GreyBox Scene/Garden_Level/Content/Garden_Level/Garden_Level.umap" TEMPLATE=0 SHOWPROGRESS=1 FEATURELEVEL=3
[2017.12.11-14.30.20:534][  0]LightingResults: New page: Lighting Build
[2017.12.11-14.30.21:068][  0]MapCheck: New page: Map Check
[2017.12.11-14.30.21:068][  0]LightingResults: New page: Lighting Build
[2017.12.11-14.30.26:758][  0]LogTexture: Display: Building textures: HQ_Lightmap0_6 (AutoDXT, 64X64)
[2017.12.11-14.30.26:758][  0]LogTexture: Display: Building textures: HQ_Lightmap1_1 (AutoDXT, 1024X1024)
[2017.12.11-14.30.26:758][  0]LogTexture: Display: Building textures: HQ_Lightmap1_5 (AutoDXT, 1024X1024)
[2017.12.11-14.30.26:758][  0]LogTexture: Display: Building textures: HQ_Lightmap1_3 (AutoDXT, 1024X1024)
[2017.12.11-14.30.26:758][  0]LogTexture: Display: Building textures: HQ_Lightmap1_4 (AutoDXT, 1024X1024)
[2017.12.11-14.30.26:758][  0]LogTexture: Display: Building textures: HQ_Lightmap1_2 (AutoDXT, 1024X1024)
[2017.12.11-14.30.26:833][  0]LogStaticMesh: Building static mesh table_bench...
[2017.12.11-14.30.26:912][  0]LogTexture: Display: Building textures: LQ_Lightmap_0_6 (DXT1, 64X64)
[2017.12.11-14.30.26:912][  0]LogStaticMesh: Built static mesh [0.14s] /Game/Models/table_bench.table_bench
[2017.12.11-14.30.27:303][  0]LogTexture: Display: Building textures: LQ_Lightmap_1_1 (DXT1, 1024X1024)
[2017.12.11-14.30.27:303][  0]LogStaticMesh: Building static mesh table...
[2017.12.11-14.30.27:307][  0]LogStaticMesh: Built static mesh [0.05s] /Game/Models/table.table
[2017.12.11-14.30.27:487][  0]LogStaticMesh: Building static mesh Soil_Rack...
[2017.12.11-14.30.27:509][  0]LogStaticMesh: Built static mesh [0.08s] /Game/Models/Soil_Rack.Soil_Rack
[2017.12.11-14.30.27:678][  0]LogTexture: Display: Building textures: LQ_Lightmap_1_2 (DXT1, 1024X1024)
[2017.12.11-14.30.27:678][  0]LogTexture: Display: Building textures: LQ_Lightmap_1_3 (DXT1, 1024X1024)
[2017.12.11-14.30.27:678][  0]LogStaticMesh: Building static mesh Plant_Pot_2...
[2017.12.11-14.30.27:688][  0]LogStaticMesh: Built static mesh [0.01s] /Game/Models/Plant_Pot_2.Plant_Pot_2
[2017.12.11-14.30.27:818][  0]LogTexture: Display: Building textures: LQ_Lightmap_1_4 (DXT1, 1024X1024)
[2017.12.11-14.30.27:818][  0]LogTexture: Display: Building textures: LQ_Lightmap_1_5 (DXT1, 1024X1024)
[2017.12.11-14.30.27:948][  0]LogStaticMesh: Building static mesh plant_pot...
[2017.12.11-14.30.27:958][  0]LogStaticMesh: Built static mesh [0.14s] /Game/Models/plant_pot.plant_pot
[2017.12.11-14.30.28:354][  0]LogTexture: Display: Building textures: ShadowMapTexture2D_14 (BGRA8, 32X32)
[2017.12.11-14.30.28:355][  0]LogStaticMesh: Building static mesh Pet_Fencing_Updated...
[2017.12.11-14.30.28:397][  0]LogTexture: Display: Building textures: ShadowMapTexture2D_11 (BGRA8, 1024X1024)
[2017.12.11-14.30.28:397][  0]LogStaticMesh: Built static mesh [0.40s] /Game/Models/Pet_Fencing_Updated.Pet_Fencing_Updated
[2017.12.11-14.30.28:856][  0]LogTexture: Display: Building textures: ShadowMapTexture2D_12 (BGRA8, 1024X1024)
[2017.12.11-14.30.28:856][  0]LogTexture: Display: Building textures: ShadowMapTexture2D_13 (BGRA8, 1024X256)
[2017.12.11-14.30.28:910][  0]LogStaticMesh: Building static mesh Paving_Slab...
[2017.12.11-14.30.28:914][  0]LogStaticMesh: Built static mesh [0.06s] /Game/Models/Paving_Slab.Paving_Slab
[2017.12.11-14.30.29:194][  0]LogStaticMesh: Building static mesh Marble_bench...
[2017.12.11-14.30.29:220][  0]LogStaticMesh: Built static mesh [0.14s] /Game/Models/Marble_bench.Marble_bench
[2017.12.11-14.30.29:318][  0]LogStaticMesh: Building static mesh Level_Changing_Stairs...
[2017.12.11-14.30.29:337][  0]LogStaticMesh: Built static mesh [0.07s] /Game/Models/Level_Changing_Stairs.Level_Changing_Stairs
[2017.12.11-14.30.29:379][  0]LogStaticMesh: Building static mesh Level_Changing_Decking...
[2017.12.11-14.30.29:385][  0]LogStaticMesh: Built static mesh [0.01s] /Game/Models/Level_Changing_Decking.Level_Changing_Decking
[2017.12.11-14.30.29:422][  0]LogStaticMesh: Building static mesh Garden_Table_Updated...
[2017.12.11-14.30.29:448][  0]LogStaticMesh: Built static mesh [0.05s] /Game/Models/Garden_Table_Updated.Garden_Table_Updated
[2017.12.11-14.30.29:615][  0]LogStaticMesh: Building static mesh Garden_Sun_Bed_Updated...
[2017.12.11-14.30.29:677][  0]LogStaticMesh: Built static mesh [0.23s] /Game/Models/Garden_Sun_Bed_Updated.Garden_Sun_Bed_Updated
[2017.12.11-14.30.29:752][  0]LogStaticMesh: Building static mesh Garden_Fence...
[2017.12.11-14.30.29:765][  0]LogStaticMesh: Built static mesh [0.04s] /Game/Models/Garden_Fence.Garden_Fence
[2017.12.11-14.30.29:918][  0]LogStaticMesh: Building static mesh Flower_Bed...
[2017.12.11-14.30.29:923][  0]LogStaticMesh: Built static mesh [0.02s] /Game/Models/Flower_Bed.Flower_Bed
[2017.12.11-14.30.29:961][  0]LogStaticMesh: Building static mesh Dog_Kennel...
[2017.12.11-14.30.29:973][  0]LogStaticMesh: Built static mesh [0.01s] /Game/Models/Dog_Kennel.Dog_Kennel
[2017.12.11-14.30.30:088][  0]LogStaticMesh: Building static mesh Decking_Fencing...
[2017.12.11-14.30.30:105][  0]LogStaticMesh: Built static mesh [0.05s] /Game/Models/Decking_Fencing.Decking_Fencing
[2017.12.11-14.30.30:820][  0]LogStaticMesh: Building static mesh Digging_Fork...
[2017.12.11-14.30.30:836][  0]LogStaticMesh: Built static mesh [0.02s] /Game/Models/Digging_Fork.Digging_Fork
[2017.12.11-14.30.30:906][  0]LogStaticMesh: Building static mesh Digging_Spade...
[2017.12.11-14.30.30:915][  0]LogStaticMesh: Built static mesh [0.05s] /Game/Models/Digging_Spade.Digging_Spade
[2017.12.11-14.30.31:186][  0]LogAIModule: Creating AISystem for world Garden_Level
[2017.12.11-14.30.32:529][  0]LogEditorServer: Finished looking for orphan Actors (0.000 secs)
[2017.12.11-14.30.32:984][  0]Cmd: MAP CHECKDEP NOCLEARLOG
[2017.12.11-14.30.33:143][  0]MapCheck: Map check complete: 0 Error(s), 0 Warning(s), took 159.401ms to complete.
[2017.12.11-14.30.33:161][  0]LogFileHelpers: Loading map 'Garden_Level' took 12.745
[2017.12.11-14.30.37:144][  0]LogCollectionManager: Loaded 0 collections in 0.005373 seconds
[2017.12.11-14.30.37:639][  0]LogFileCache: Scanning file cache for directory 'E:/studies/UOS games uni/Level 6 Year 3/Group Project/GreyBox Scene/Garden_Level/Saved/Collections/' took 0.01s
[2017.12.11-14.30.37:640][  0]LogFileCache: Scanning file cache for directory 'E:/studies/UOS games uni/Level 6 Year 3/Group Project/GreyBox Scene/Garden_Level/Content/Developers/Games/Collections/' took 0.01s
[2017.12.11-14.30.37:640][  0]LogFileCache: Scanning file cache for directory 'E:/studies/UOS games uni/Level 6 Year 3/Group Project/GreyBox Scene/Garden_Level/Content/Collections/' took 0.01s
[2017.12.11-14.30.37:640][  0]LogCollectionManager: Rebuilt the GUID cache for 0 collections in 0.000002 seconds
[2017.12.11-14.30.37:709][  0]LogContentBrowser: Native class hierarchy populated in 0.0287 seconds. Added 2386 classes and 500 folders.
[2017.12.11-14.30.37:981][  0]LogContentBrowser: Native class hierarchy updated for 'WidgetCarousel' in 0.0458 seconds. Added 0 classes and 0 folders.
[2017.12.11-14.30.42:720][  0]LogContentBrowser: Native class hierarchy updated for 'AddContentDialog' in 0.0031 seconds. Added 0 classes and 0 folders.
[2017.12.11-14.30.42:986][  0]LogContentBrowser: Native class hierarchy updated for 'SceneOutliner' in 0.0033 seconds. Added 1 classes and 2 folders.
[2017.12.11-14.30.44:449][  0]LogSlate: Took 0.033254 seconds to synchronously load lazily loaded font '../../../Engine/Content/Slate/Fonts/Roboto-Regular.ttf' (155K)
[2017.12.11-14.30.44:557][  0]LogSlate: Took 0.061153 seconds to synchronously load lazily loaded font '../../../Engine/Content/Slate/Fonts/Roboto-Bold.ttf' (160K)
[2017.12.11-14.30.44:691][  0]LogSlate: Took 0.039733 seconds to synchronously load lazily loaded font '../../../Engine/Content/Editor/Slate/Fonts/FontAwesome.ttf' (139K)
[2017.12.11-14.30.45:704][  0]LogRenderer: Reallocating scene render targets to support 1208x568 Format 10 NumSamples 1 (Frame:1).
[2017.12.11-14.30.47:006][  0]LogContentBrowser: Native class hierarchy updated for 'HierarchicalLODOutliner' in 0.0033 seconds. Added 1 classes and 2 folders.
[2017.12.11-14.30.47:006][  0]LogLoad: (Engine Initialization) Total time: 185.95 seconds
[2017.12.11-14.30.47:006][  0]LogLoad: (Engine Initialization) Total Blueprint compile time: 0.00 seconds
[2017.12.11-14.30.47:007][  0]LogExternalProfiler: Found external profiler: VSPerf
[2017.12.11-14.30.47:007][  0]LogExternalProfiler: Using external profiler: VSPerf
[2017.12.11-14.30.47:216][  0]LogContentStreaming: Texture pool size now 1000 MB
[2017.12.11-14.30.47:687][  0]LogSlate: Took 0.051584 seconds to synchronously load lazily loaded font '../../../Engine/Content/Slate/Fonts/Roboto-Light.ttf' (159K)
[2017.12.11-14.30.47:902][  3]LogAssetRegistry: Asset discovery search completed in 131.2905 seconds
[2017.12.11-14.30.47:904][  3]LogCollectionManager: Rebuilt the object cache for 0 collections in 0.000001 seconds (found 0 objects)
[2017.12.11-14.30.47:904][  3]LogCollectionManager: Fixed up redirectors for 0 collections in 0.000037 seconds (updated 0 objects)
[2017.12.11-14.30.55:859][910]LogSynthBenchmark: Display: FSynthBenchmark (V0.95):  requested WorkScale=5.00
[2017.12.11-14.30.55:859][910]LogSynthBenchmark: Display: ===============
[2017.12.11-14.30.55:859][910]LogSynthBenchmark: Display: Main Processor:
[2017.12.11-14.30.56:055][910]LogSynthBenchmark: Display:          ... 0.019211 s/Run 'RayIntersect'
[2017.12.11-14.30.56:055][910]LogSynthBenchmark: Display:          ... 0.019880 s/Run 'Fractal'
[2017.12.11-14.30.56:055][910]LogSynthBenchmark: Display: 
[2017.12.11-14.30.56:055][910]LogSynthBenchmark: Display:   CompiledTarget_x_Bits: 64
[2017.12.11-14.30.56:055][910]LogSynthBenchmark: Display:   UE_BUILD_SHIPPING: 0
[2017.12.11-14.30.56:055][910]LogSynthBenchmark: Display:   UE_BUILD_TEST: 0
[2017.12.11-14.30.56:055][910]LogSynthBenchmark: Display:   UE_BUILD_DEBUG: 0
[2017.12.11-14.30.56:055][910]LogSynthBenchmark: Display:   TotalPhysicalGBRam: 16
[2017.12.11-14.30.56:055][910]LogSynthBenchmark: Display:   NumberOfCores (physical): 4
[2017.12.11-14.30.56:055][910]LogSynthBenchmark: Display:   NumberOfCores (logical): 8
[2017.12.11-14.30.56:055][910]LogSynthBenchmark: Display:   CPU Perf Index 0: 133.3 (weight 1.00)
[2017.12.11-14.30.56:055][910]LogSynthBenchmark: Display:   CPU Perf Index 1: 143.9 (weight 1.50)
[2017.12.11-14.30.56:055][910]LogSynthBenchmark: Display:  
[2017.12.11-14.30.56:055][910]LogSynthBenchmark: Display: Graphics:
[2017.12.11-14.30.56:055][910]LogSynthBenchmark: Display:   Adapter Name: 'NVIDIA GeForce GTX 760'
[2017.12.11-14.30.56:055][910]LogSynthBenchmark: Display:   (On Optimus the name might be wrong, memory should be ok)
[2017.12.11-14.30.56:055][910]LogSynthBenchmark: Display:   Vendor Id: 0x10DE
[2017.12.11-14.30.56:055][910]LogSynthBenchmark: Display:   Device Id: 0x1187
[2017.12.11-14.30.56:055][910]LogSynthBenchmark: Display:   Device Revision: 0xA1
[2017.12.11-14.30.56:055][910]LogSynthBenchmark: Display:   GPU Memory: 1991/0/2049 MB
[2017.12.11-14.30.56:151][910]LogSynthBenchmark: Display:   GPU first test: 0.02s
[2017.12.11-14.30.56:151][910]LogSynthBenchmark: Display:          ... 3.251 s/GigaPix, Confidence=100% 'ALUHeavyNoise' (likely to be very inaccurate)
[2017.12.11-14.30.56:151][910]LogSynthBenchmark: Display:          ... 4.704 s/GigaPix, Confidence=100% 'TexHeavy' (likely to be very inaccurate)
[2017.12.11-14.30.56:151][910]LogSynthBenchmark: Display:          ... 2.660 s/GigaPix, Confidence=100% 'DepTexHeavy' (likely to be very inaccurate)
[2017.12.11-14.30.56:151][910]LogSynthBenchmark: Display:          ... 10.647 s/GigaPix, Confidence=100% 'FillOnly' (likely to be very inaccurate)
[2017.12.11-14.30.56:151][910]LogSynthBenchmark: Display:          ... 0.704 s/GigaPix, Confidence=100% 'Bandwidth' (likely to be very inaccurate)
[2017.12.11-14.30.56:151][910]LogSynthBenchmark: Display:          ... 1.663 s/GigaVert, Confidence=89% 'VertThroughPut1' (likely to be very inaccurate)
[2017.12.11-14.30.56:151][910]LogSynthBenchmark: Display:          ... 2.789 s/GigaVert, Confidence=100% 'VertThroughPut2' (likely to be very inaccurate)
[2017.12.11-14.30.56:390][910]LogSynthBenchmark: Display:   GPU second test: 0.19s
[2017.12.11-14.30.56:390][910]LogSynthBenchmark: Display:          ... 3.852 s/GigaPix, Confidence=100% 'ALUHeavyNoise' (likely to be inaccurate)
[2017.12.11-14.30.56:390][910]LogSynthBenchmark: Display:          ... 6.316 s/GigaPix, Confidence=100% 'TexHeavy' (likely to be inaccurate)
[2017.12.11-14.30.56:390][910]LogSynthBenchmark: Display:          ... 3.307 s/GigaPix, Confidence=100% 'DepTexHeavy' (likely to be inaccurate)
[2017.12.11-14.30.56:390][910]LogSynthBenchmark: Display:          ... 19.720 s/GigaPix, Confidence=100% 'FillOnly' (likely to be inaccurate)
[2017.12.11-14.30.56:390][910]LogSynthBenchmark: Display:          ... 0.817 s/GigaPix, Confidence=100% 'Bandwidth' (likely to be inaccurate)
[2017.12.11-14.30.56:390][910]LogSynthBenchmark: Display:          ... 1.382 s/GigaVert, Confidence=100% 'VertThroughPut1' (likely to be inaccurate)
[2017.12.11-14.30.56:390][910]LogSynthBenchmark: Display:          ... 2.592 s/GigaVert, Confidence=100% 'VertThroughPut2' (likely to be inaccurate)
[2017.12.11-14.30.56:390][910]LogSynthBenchmark: Display:   GPU Final Results:
[2017.12.11-14.30.56:390][910]LogSynthBenchmark: Display:          ... 3.852 s/GigaPix, Confidence=100% 'ALUHeavyNoise'
[2017.12.11-14.30.56:390][910]LogSynthBenchmark: Display:          ... 6.316 s/GigaPix, Confidence=100% 'TexHeavy'
[2017.12.11-14.30.56:390][910]LogSynthBenchmark: Display:          ... 3.307 s/GigaPix, Confidence=100% 'DepTexHeavy'
[2017.12.11-14.30.56:390][910]LogSynthBenchmark: Display:          ... 19.720 s/GigaPix, Confidence=100% 'FillOnly'
[2017.12.11-14.30.56:390][910]LogSynthBenchmark: Display:          ... 0.817 s/GigaPix, Confidence=100% 'Bandwidth'
[2017.12.11-14.30.56:390][910]LogSynthBenchmark: Display:          ... 1.382 s/GigaVert, Confidence=100% 'VertThroughPut1'
[2017.12.11-14.30.56:390][910]LogSynthBenchmark: Display:          ... 2.592 s/GigaVert, Confidence=100% 'VertThroughPut2'
[2017.12.11-14.30.56:390][910]LogSynthBenchmark: Display: 
[2017.12.11-14.30.56:390][910]LogSynthBenchmark: Display:   GPU Perf Index 0: 83.7 (weight 1.00)
[2017.12.11-14.30.56:390][910]LogSynthBenchmark: Display:   GPU Perf Index 1: 84.8 (weight 0.10)
[2017.12.11-14.30.56:390][910]LogSynthBenchmark: Display:   GPU Perf Index 2: 86.0 (weight 0.10)
[2017.12.11-14.30.56:390][910]LogSynthBenchmark: Display:   GPU Perf Index 3: 77.4 (weight 3.00)
[2017.12.11-14.30.56:390][910]LogSynthBenchmark: Display:   GPU Perf Index 4: 76.2 (weight 1.00)
[2017.12.11-14.30.56:390][910]LogSynthBenchmark: Display:   GPU Perf Index 5: 89.9 (weight 0.00)
[2017.12.11-14.30.56:390][910]LogSynthBenchmark: Display:   GPU Perf Index 6: 146.7 (weight 0.00)
[2017.12.11-14.30.56:390][910]LogSynthBenchmark: Display:   CPUIndex: 139.6
[2017.12.11-14.30.56:390][910]LogSynthBenchmark: Display:   GPUIndex: 78.7
[2017.12.11-14.30.56:390][910]LogSynthBenchmark: Display: 
[2017.12.11-14.30.56:390][910]LogSynthBenchmark: Display:          ... Total Time: 0.530928 sec
[2017.12.11-14.33.53:922][195]LogTemp: Repeating last play command: Selected Viewport
[2017.12.11-14.33.54:312][195]LogBlueprintUserMessages: Early PlayInEditor Detection: Level '/Game/Garden_Level/Garden_Level.Garden_Level:PersistentLevel' has LevelScriptBlueprint '/Game/Garden_Level/Garden_Level.Garden_Level:PersistentLevel.Garden_Level' with GeneratedClass '/Game/Garden_Level/Garden_Level.Garden_Level_C' with ClassGeneratedBy '/Game/Garden_Level/Garden_Level.Garden_Level:PersistentLevel.Garden_Level'
[2017.12.11-14.33.54:313][195]LogPlayLevel: PlayLevel: No blueprints needed recompiling
[2017.12.11-14.33.54:345][195]PIE: New page: PIE session: Garden_Level (11 Dec 2017 14:33:54)
[2017.12.11-14.33.54:345][195]LogPlayLevel: Creating play world package: /Game/Garden_Level/UEDPIE_0_Garden_Level
[2017.12.11-14.33.54:437][195]LogPlayLevel: PIE: StaticDuplicateObject took: (0.091190s)
[2017.12.11-14.33.54:438][195]LogAIModule: Creating AISystem for world Garden_Level
[2017.12.11-14.33.54:438][195]LogPlayLevel: PIE: World Init took: (0.001060s)
[2017.12.11-14.33.54:438][195]LogPlayLevel: PIE: Created PIE world by copying editor world from /Game/Garden_Level/Garden_Level.Garden_Level to /Game/Garden_Level/UEDPIE_0_Garden_Level.Garden_Level (0.092858s)
[2017.12.11-14.33.54:495][195]LogInit: XAudio2 using 'Speakers (Conexant HD Audio)' : 2 channels at 44.1 kHz using 16 bits per sample (channel mask 0x3)
[2017.12.11-14.33.54:516][195]LogInit: FAudioDevice initialized.
[2017.12.11-14.33.54:655][195]LogLoad: Game class is 'ThirdPersonGameMode_C'
[2017.12.11-14.33.54:732][195]LogWorld: Bringing World /Game/Garden_Level/UEDPIE_0_Garden_Level.Garden_Level up for play (max tick rate 0) at 2017.12.11-14.33.54
[2017.12.11-14.33.54:742][195]LogWorld: Bringing up level for play took: 0.053722
[2017.12.11-14.33.54:906][195]LogContentBrowser: Native class hierarchy updated for 'MovieSceneCapture' in 0.0019 seconds. Added 11 classes and 0 folders.
[2017.12.11-14.33.54:910][195]PIE: Play in editor start time for /Game/Garden_Level/UEDPIE_0_Garden_Level 0.08
[2017.12.11-14.33.54:910][195]LogBlueprintUserMessages: Late PlayInEditor Detection: Level '/Game/Garden_Level/Garden_Level.Garden_Level:PersistentLevel' has LevelScriptBlueprint '/Game/Garden_Level/Garden_Level.Garden_Level:PersistentLevel.Garden_Level' with GeneratedClass '/Game/Garden_Level/Garden_Level.Garden_Level_C' with ClassGeneratedBy '/Game/Garden_Level/Garden_Level.Garden_Level:PersistentLevel.Garden_Level'
[2017.12.11-14.47.46:611][946]LogBlueprintUserMessages: Early EndPlayMap Detection: Level '/Game/Garden_Level/Garden_Level.Garden_Level:PersistentLevel' has LevelScriptBlueprint '/Game/Garden_Level/Garden_Level.Garden_Level:PersistentLevel.Garden_Level' with GeneratedClass '/Game/Garden_Level/Garden_Level.Garden_Level_C' with ClassGeneratedBy '/Game/Garden_Level/Garden_Level.Garden_Level:PersistentLevel.Garden_Level'
[2017.12.11-14.47.46:731][946]LogBlueprintUserMessages: Late EndPlayMap Detection: Level '/Game/Garden_Level/Garden_Level.Garden_Level:PersistentLevel' has LevelScriptBlueprint '/Game/Garden_Level/Garden_Level.Garden_Level:PersistentLevel.Garden_Level' with GeneratedClass '/Game/Garden_Level/Garden_Level.Garden_Level_C' with ClassGeneratedBy '/Game/Garden_Level/Garden_Level.Garden_Level:PersistentLevel.Garden_Level'
[2017.12.11-14.48.03:169][146]LogWindowsTextInputMethodSystem: Display: IME system now deactivated.
[2017.12.11-15.06.59:692][ 15]LogTemp: Repeating last play command: Selected Viewport
[2017.12.11-15.06.59:746][ 15]LogBlueprintUserMessages: Early PlayInEditor Detection: Level '/Game/Garden_Level/Garden_Level.Garden_Level:PersistentLevel' has LevelScriptBlueprint '/Game/Garden_Level/Garden_Level.Garden_Level:PersistentLevel.Garden_Level' with GeneratedClass '/Game/Garden_Level/Garden_Level.Garden_Level_C' with ClassGeneratedBy '/Game/Garden_Level/Garden_Level.Garden_Level:PersistentLevel.Garden_Level'
[2017.12.11-15.06.59:746][ 15]LogPlayLevel: PlayLevel: No blueprints needed recompiling
[2017.12.11-15.06.59:747][ 15]PIE: New page: PIE session: Garden_Level (11 Dec 2017 15:06:59)
[2017.12.11-15.06.59:747][ 15]LogPlayLevel: Creating play world package: /Game/Garden_Level/UEDPIE_0_Garden_Level
[2017.12.11-15.06.59:788][ 15]LogPlayLevel: PIE: StaticDuplicateObject took: (0.041172s)
[2017.12.11-15.06.59:789][ 15]LogAIModule: Creating AISystem for world Garden_Level
[2017.12.11-15.06.59:789][ 15]LogPlayLevel: PIE: World Init took: (0.000842s)
[2017.12.11-15.06.59:789][ 15]LogPlayLevel: PIE: Created PIE world by copying editor world from /Game/Garden_Level/Garden_Level.Garden_Level to /Game/Garden_Level/UEDPIE_0_Garden_Level.Garden_Level (0.042457s)
[2017.12.11-15.06.59:807][ 15]LogInit: XAudio2 using 'Speakers (Conexant HD Audio)' : 2 channels at 44.1 kHz using 16 bits per sample (channel mask 0x3)
[2017.12.11-15.06.59:825][ 15]LogInit: FAudioDevice initialized.
[2017.12.11-15.06.59:855][ 15]LogLoad: Game class is 'ThirdPersonGameMode_C'
[2017.12.11-15.06.59:882][ 15]LogWorld: Bringing World /Game/Garden_Level/UEDPIE_0_Garden_Level.Garden_Level up for play (max tick rate 0) at 2017.12.11-15.06.59
[2017.12.11-15.06.59:884][ 15]LogWorld: Bringing up level for play took: 0.027564
[2017.12.11-15.06.59:888][ 15]PIE: Play in editor start time for /Game/Garden_Level/UEDPIE_0_Garden_Level 1.027
[2017.12.11-15.06.59:889][ 15]LogBlueprintUserMessages: Late PlayInEditor Detection: Level '/Game/Garden_Level/Garden_Level.Garden_Level:PersistentLevel' has LevelScriptBlueprint '/Game/Garden_Level/Garden_Level.Garden_Level:PersistentLevel.Garden_Level' with GeneratedClass '/Game/Garden_Level/Garden_Level.Garden_Level_C' with ClassGeneratedBy '/Game/Garden_Level/Garden_Level.Garden_Level:PersistentLevel.Garden_Level'
[2017.12.11-15.08.45:805][721]LogBlueprintUserMessages: Early EndPlayMap Detection: Level '/Game/Garden_Level/Garden_Level.Garden_Level:PersistentLevel' has LevelScriptBlueprint '/Game/Garden_Level/Garden_Level.Garden_Level:PersistentLevel.Garden_Level' with GeneratedClass '/Game/Garden_Level/Garden_Level.Garden_Level_C' with ClassGeneratedBy '/Game/Garden_Level/Garden_Level.Garden_Level:PersistentLevel.Garden_Level'
[2017.12.11-15.08.45:843][721]LogBlueprintUserMessages: Late EndPlayMap Detection: Level '/Game/Garden_Level/Garden_Level.Garden_Level:PersistentLevel' has LevelScriptBlueprint '/Game/Garden_Level/Garden_Level.Garden_Level:PersistentLevel.Garden_Level' with GeneratedClass '/Game/Garden_Level/Garden_Level.Garden_Level_C' with ClassGeneratedBy '/Game/Garden_Level/Garden_Level.Garden_Level:PersistentLevel.Garden_Level'
[2017.12.11-15.08.51:530][311]Cmd: QUIT_EDITOR
[2017.12.11-15.08.51:807][311]LogExit: Preparing to exit.
[2017.12.11-15.08.52:722][311]LogExit: Editor shut down
[2017.12.11-15.08.52:730][311]LogExit: Transaction tracking system shut down
[2017.12.11-15.08.53:370][311]LogDirectoryWatcher: A directory notification for '../../../Engine/Content/' was aborted.
[2017.12.11-15.08.53:370][311]LogDirectoryWatcher: A directory notification for 'E:/studies/UOS games uni/Level 6 Year 3/Group Project/GreyBox Scene/Garden_Level/Content/' was aborted.
[2017.12.11-15.08.53:370][311]LogDirectoryWatcher: A directory notification for '../../../Engine/Plugins/2D/Paper2D/Content/' was aborted.
[2017.12.11-15.08.53:371][311]LogDirectoryWatcher: A directory notification for '../../../Engine/Plugins/Runtime/Oculus/OculusVR/Content/' was aborted.
[2017.12.11-15.08.53:371][311]LogDirectoryWatcher: A directory notification for '../../../Engine/Plugins/Runtime/Steam/SteamVR/Content/' was aborted.
[2017.12.11-15.08.53:903][311]LogExit: Object subsystem successfully closed.
[2017.12.11-15.08.53:995][311]LogD3D11RHI: Shutdown
[2017.12.11-15.08.53:995][311]LogD3D11RHI: CleanupD3DDevice
[2017.12.11-15.08.54:081][311]LogD3D11RHI: ~FD3D11DynamicRHI
[2017.12.11-15.08.54:343][311]LogModuleManager: Shutting down and abandoning module MovieSceneCapture (534)
[2017.12.11-15.08.54:343][311]LogModuleManager: Shutting down and abandoning module SynthBenchmark (532)
[2017.12.11-15.08.54:343][311]LogModuleManager: Shutting down and abandoning module HierarchicalLODOutliner (530)
[2017.12.11-15.08.54:343][311]LogModuleManager: Shutting down and abandoning module SceneOutliner (528)
[2017.12.11-15.08.54:343][311]LogModuleManager: Shutting down and abandoning module AddContentDialog (526)
[2017.12.11-15.08.54:344][311]LogDirectoryWatcher: A directory notification for 'C:/Program Files/Epic Games/UE_4.17/FeaturePacks/' was aborted.
[2017.12.11-15.08.54:346][311]LogModuleManager: Shutting down and abandoning module WidgetCarousel (525)
[2017.12.11-15.08.54:346][311]LogModuleManager: Shutting down and abandoning module EditorWidgets (522)
[2017.12.11-15.08.54:346][311]LogModuleManager: Shutting down and abandoning module CollectionManager (520)
[2017.12.11-15.08.54:346][311]LogDirectoryWatcher: A directory notification for 'E:/studies/UOS games uni/Level 6 Year 3/Group Project/GreyBox Scene/Garden_Level/Content/Collections/' was aborted.
[2017.12.11-15.08.54:347][311]LogDirectoryWatcher: A directory notification for 'E:/studies/UOS games uni/Level 6 Year 3/Group Project/GreyBox Scene/Garden_Level/Content/Developers/Games/Collections/' was aborted.
[2017.12.11-15.08.54:347][311]LogDirectoryWatcher: A directory notification for 'E:/studies/UOS games uni/Level 6 Year 3/Group Project/GreyBox Scene/Garden_Level/Saved/Collections/' was aborted.
[2017.12.11-15.08.54:347][311]LogModuleManager: Shutting down and abandoning module StatsViewer (518)
[2017.12.11-15.08.54:347][311]LogModuleManager: Shutting down and abandoning module FoliageEdit (516)
[2017.12.11-15.08.54:347][311]LogModuleManager: Shutting down and abandoning module LandscapeEditor (514)
[2017.12.11-15.08.54:361][311]LogModuleManager: Shutting down and abandoning module MeshPaintMode (512)
[2017.12.11-15.08.54:361][311]LogModuleManager: Shutting down and abandoning module SceneDepthPickerMode (510)
[2017.12.11-15.08.54:361][311]LogModuleManager: Shutting down and abandoning module ActorPickerMode (508)
[2017.12.11-15.08.54:361][311]LogModuleManager: Shutting down and abandoning module GeometryMode (506)
[2017.12.11-15.08.54:361][311]LogModuleManager: Shutting down and abandoning module TextureAlignMode (504)
[2017.12.11-15.08.54:361][311]LogModuleManager: Shutting down and abandoning module BspMode (502)
[2017.12.11-15.08.54:361][311]LogModuleManager: Shutting down and abandoning module PIEPreviewDeviceProfileSelector (500)
[2017.12.11-15.08.54:361][311]LogModuleManager: Shutting down and abandoning module HardwareSurvey (498)
[2017.12.11-15.08.54:361][311]LogModuleManager: Shutting down and abandoning module SequenceRecorderSections (496)
[2017.12.11-15.08.54:361][311]LogModuleManager: Shutting down and abandoning module AutomationWorker (494)
[2017.12.11-15.08.54:361][311]LogModuleManager: Shutting down and abandoning module MatineeToLevelSequence (492)
[2017.12.11-15.08.54:362][311]LogModuleManager: Shutting down and abandoning module LevelSequenceEditor (490)
[2017.12.11-15.08.54:370][311]LogModuleManager: Shutting down and abandoning module PlacementMode (489)
[2017.12.11-15.08.54:371][311]LogModuleManager: Shutting down and abandoning module WmfMediaFactory (486)
[2017.12.11-15.08.54:371][311]LogModuleManager: Shutting down and abandoning module WmfMediaEditor (484)
[2017.12.11-15.08.54:371][311]LogModuleManager: Shutting down and abandoning module AvfMediaFactory (482)
[2017.12.11-15.08.54:371][311]LogModuleManager: Shutting down and abandoning module AvfMediaEditor (480)
[2017.12.11-15.08.54:371][311]LogModuleManager: Shutting down and abandoning module AndroidMediaFactory (478)
[2017.12.11-15.08.54:371][311]LogModuleManager: Shutting down and abandoning module Media (477)
[2017.12.11-15.08.54:371][311]LogModuleManager: Shutting down and abandoning module AndroidMediaEditor (474)
[2017.12.11-15.08.54:371][311]LogModuleManager: Shutting down and abandoning module CharacterAI (472)
[2017.12.11-15.08.54:371][311]LogModuleManager: Shutting down and abandoning module AudioCapture (470)
[2017.12.11-15.08.54:371][311]LogModuleManager: Shutting down and abandoning module SequenceRecorder (469)
[2017.12.11-15.08.54:371][311]LogModuleManager: Shutting down and abandoning module SmartSnapping (466)
[2017.12.11-15.08.54:371][311]LogModuleManager: Shutting down and abandoning module SessionServices (464)
[2017.12.11-15.08.54:371][311]LogModuleManager: Shutting down and abandoning module ViewportSnapping (462)
[2017.12.11-15.08.54:371][311]LogModuleManager: Shutting down and abandoning module ViewportInteraction (460)
[2017.12.11-15.08.54:371][311]LogModuleManager: Shutting down and abandoning module ClothPainter (458)
[2017.12.11-15.08.54:383][311]LogModuleManager: Shutting down and abandoning module LogVisualizer (456)
[2017.12.11-15.08.54:383][311]LogModuleManager: Shutting down and abandoning module IntroTutorials (454)
[2017.12.11-15.08.54:383][311]LogModuleManager: Shutting down and abandoning module GameProjectGeneration (453)
[2017.12.11-15.08.54:409][311]LogModuleManager: Shutting down and abandoning module IOSPlatformEditor (450)
[2017.12.11-15.08.54:409][311]LogModuleManager: Shutting down and abandoning module HTML5PlatformEditor (448)
[2017.12.11-15.08.54:409][311]LogModuleManager: Shutting down and abandoning module AndroidPlatformEditor (446)
[2017.12.11-15.08.54:409][311]LogModuleManager: Shutting down and abandoning module AndroidDeviceDetection (445)
[2017.12.11-15.08.55:267][311]LogModuleManager: Shutting down and abandoning module WindowsPlatformEditor (442)
[2017.12.11-15.08.55:267][311]LogModuleManager: Shutting down and abandoning module IOSRuntimeSettings (440)
[2017.12.11-15.08.55:267][311]LogModuleManager: Shutting down and abandoning module AndroidRuntimeSettings (438)
[2017.12.11-15.08.55:267][311]LogModuleManager: Shutting down and abandoning module InputBindingEditor (436)
[2017.12.11-15.08.55:286][311]LogModuleManager: Shutting down and abandoning module MergeActors (434)
[2017.12.11-15.08.55:299][311]LogModuleManager: Shutting down and abandoning module SizeMap (432)
[2017.12.11-15.08.55:299][311]LogModuleManager: Shutting down and abandoning module TreeMap (430)
[2017.12.11-15.08.55:299][311]LogModuleManager: Shutting down and abandoning module ReferenceViewer (428)
[2017.12.11-15.08.55:299][311]LogModuleManager: Shutting down and abandoning module LocalizationDashboard (426)
[2017.12.11-15.08.55:312][311]LogModuleManager: Shutting down and abandoning module LocalizationService (425)
[2017.12.11-15.08.55:312][311]LogModuleManager: Shutting down and abandoning module HardwareTargeting (422)
[2017.12.11-15.08.55:312][311]LogModuleManager: Shutting down and abandoning module DeviceProfileEditor (420)
[2017.12.11-15.08.55:312][311]LogModuleManager: Shutting down and abandoning module UndoHistory (418)
[2017.12.11-15.08.55:312][311]LogModuleManager: Shutting down and abandoning module XmlParser (416)
[2017.12.11-15.08.55:312][311]LogModuleManager: Shutting down and abandoning module Blutility (414)
[2017.12.11-15.08.55:312][311]LogModuleManager: Shutting down and abandoning module ProjectSettingsViewer (412)
[2017.12.11-15.08.55:312][311]LogModuleManager: Shutting down and abandoning module ProjectTargetPlatformEditor (411)
[2017.12.11-15.08.55:312][311]LogModuleManager: Shutting down and abandoning module EditorSettingsViewer (408)
[2017.12.11-15.08.55:313][311]LogModuleManager: Shutting down and abandoning module SettingsEditor (406)
[2017.12.11-15.08.55:328][311]LogModuleManager: Shutting down and abandoning module ProjectLauncher (404)
[2017.12.11-15.08.55:339][311]LogModuleManager: Shutting down and abandoning module SessionFrontend (402)
[2017.12.11-15.08.55:339][311]LogModuleManager: Shutting down and abandoning module ProfilerClient (400)
[2017.12.11-15.08.55:353][311]LogModuleManager: Shutting down and abandoning module DeviceManager (398)
[2017.12.11-15.08.55:353][311]LogModuleManager: Shutting down and abandoning module TargetDeviceServices (397)
[2017.12.11-15.08.55:404][311]LogModuleManager: Shutting down and abandoning module AutomationController (394)
[2017.12.11-15.08.55:404][311]LogModuleManager: Shutting down and abandoning module AutomationWindow (392)
[2017.12.11-15.08.55:421][311]LogModuleManager: Shutting down and abandoning module Layers (390)
[2017.12.11-15.08.55:443][311]LogModuleManager: Shutting down and abandoning module ComponentVisualizers (388)
[2017.12.11-15.08.55:443][311]LogModuleManager: Shutting down and abandoning module DetailCustomizations (386)
[2017.12.11-15.08.55:443][311]LogModuleManager: Shutting down and abandoning module PackagesDialog (384)
[2017.12.11-15.08.55:458][311]LogModuleManager: Shutting down and abandoning module Persona (382)
[2017.12.11-15.08.55:480][311]LogModuleManager: Shutting down and abandoning module AdvancedPreviewScene (381)
[2017.12.11-15.08.55:480][311]LogModuleManager: Shutting down and abandoning module AnimGraph (379)
[2017.12.11-15.08.55:480][311]LogModuleManager: Shutting down and abandoning module Kismet (376)
[2017.12.11-15.08.55:481][311]LogModuleManager: Shutting down and abandoning module ClassViewer (374)
[2017.12.11-15.08.55:481][311]LogModuleManager: Shutting down and abandoning module Toolbox (372)
[2017.12.11-15.08.55:481][311]LogModuleManager: Shutting down and abandoning module ModuleUI (370)
[2017.12.11-15.08.55:494][311]LogModuleManager: Shutting down and abandoning module MovieSceneTools (368)
[2017.12.11-15.08.55:508][311]LogModuleManager: Shutting down and abandoning module OutputLog (366)
[2017.12.11-15.08.55:508][311]LogModuleManager: Shutting down and abandoning module GammaUI (364)
[2017.12.11-15.08.55:526][311]LogModuleManager: Shutting down and abandoning module Documentation (362)
[2017.12.11-15.08.55:526][311]LogModuleManager: Shutting down and abandoning module MovieSceneTracks (360)
[2017.12.11-15.08.55:545][311]LogModuleManager: Shutting down and abandoning module MovieScene (358)
[2017.12.11-15.08.55:545][311]LogModuleManager: Shutting down and abandoning module Niagara (356)
[2017.12.11-15.08.55:545][311]LogModuleManager: Shutting down and abandoning module NiagaraEditor (355)
[2017.12.11-15.08.55:570][311]LogModuleManager: Shutting down and abandoning module StreamingPauseRendering (352)
[2017.12.11-15.08.55:570][311]LogModuleManager: Shutting down and abandoning module LauncherPlatform (350)
[2017.12.11-15.08.55:570][311]LogModuleManager: Shutting down and abandoning module AnalyticsET (348)
[2017.12.11-15.08.55:570][311]LogModuleManager: Shutting down and abandoning module PortalServices (346)
[2017.12.11-15.08.55:570][311]LogModuleManager: Shutting down and abandoning module PortalRpc (344)
[2017.12.11-15.08.55:570][311]LogModuleManager: Shutting down and abandoning module MessagingRpc (342)
[2017.12.11-15.08.55:570][311]LogModuleManager: Shutting down and abandoning module AIModule (340)
[2017.12.11-15.08.55:570][311]LogModuleManager: Shutting down and abandoning module GameplayDebugger (339)
[2017.12.11-15.08.55:570][311]LogModuleManager: Shutting down and abandoning module AITestSuite (337)
[2017.12.11-15.08.55:570][311]LogModuleManager: Shutting down and abandoning module ProfilerService (334)
[2017.12.11-15.08.55:635][311]LogModuleManager: Shutting down and abandoning module TaskGraph (332)
[2017.12.11-15.08.55:648][311]LogModuleManager: Shutting down and abandoning module SteamVRController (330)
[2017.12.11-15.08.55:648][311]LogModuleManager: Shutting down and abandoning module ProceduralMeshComponentEditor (328)
[2017.12.11-15.08.55:648][311]LogModuleManager: Shutting down and abandoning module ProceduralMeshComponent (326)
[2017.12.11-15.08.55:648][311]LogModuleManager: Shutting down and abandoning module OculusInput (324)
[2017.12.11-15.08.55:648][311]LogModuleManager: Shutting down and abandoning module MobilePatchingUtils (322)
[2017.12.11-15.08.55:649][311]LogModuleManager: Shutting down and abandoning module CustomMeshComponent (320)
[2017.12.11-15.08.55:649][311]LogModuleManager: Shutting down and abandoning module CableComponent (318)
[2017.12.11-15.08.55:649][311]LogModuleManager: Shutting down and abandoning module ArchVisCharacter (316)
[2017.12.11-15.08.55:649][311]LogModuleManager: Shutting down and abandoning module AndroidPermission (314)
[2017.12.11-15.08.55:649][311]LogModuleManager: Shutting down and abandoning module MediaPlayerEditor (310)
[2017.12.11-15.08.55:660][311]LogModuleManager: Shutting down and abandoning module HTML5Networking (308)
[2017.12.11-15.08.55:660][311]LogModuleManager: Shutting down and abandoning module AlembicImporter (306)
[2017.12.11-15.08.55:667][311]LogModuleManager: Shutting down and abandoning module AlembicLibrary (305)
[2017.12.11-15.08.55:668][311]LogModuleManager: Shutting down and abandoning module GeometryCache (304)
[2017.12.11-15.08.55:668][311]LogModuleManager: Shutting down and abandoning module GeometryCacheEd (303)
[2017.12.11-15.08.55:668][311]LogModuleManager: Shutting down and abandoning module SpeedTreeImporter (298)
[2017.12.11-15.08.55:668][311]LogModuleManager: Shutting down and abandoning module PluginBrowser (296)
[2017.12.11-15.08.55:684][311]LogModuleManager: Shutting down and abandoning module MobileLauncherProfileWizard (294)
[2017.12.11-15.08.55:700][311]LogModuleManager: Shutting down and abandoning module VisualStudioSourceCodeAccess (292)
[2017.12.11-15.08.55:700][311]LogModuleManager: Shutting down and abandoning module DesktopPlatform (291)
[2017.12.11-15.08.55:700][311]LogModuleManager: Shutting down and abandoning module UObjectPlugin (288)
[2017.12.11-15.08.55:700][311]LogModuleManager: Shutting down and abandoning module SubversionSourceControl (286)
[2017.12.11-15.08.55:700][311]LogModuleManager: Shutting down and abandoning module PerforceSourceControl (284)
[2017.12.11-15.08.55:700][311]LogModuleManager: Shutting down and abandoning module GitSourceControl (282)
[2017.12.11-15.08.55:700][311]LogModuleManager: Shutting down and abandoning module SourceControl (281)
[2017.12.11-15.08.55:707][311]LogModuleManager: Shutting down and abandoning module LightPropagationVolumeEditor (278)
[2017.12.11-15.08.55:708][311]LogModuleManager: Shutting down and abandoning module PaperTiledImporter (276)
[2017.12.11-15.08.55:708][311]LogModuleManager: Shutting down and abandoning module PaperSpriteSheetImporter (274)
[2017.12.11-15.08.55:708][311]LogModuleManager: Shutting down and abandoning module Paper2DEditor (272)
[2017.12.11-15.08.55:708][311]LogModuleManager: Shutting down and abandoning module MeshPaint (271)
[2017.12.11-15.08.55:708][311]LogModuleManager: Shutting down and abandoning module LevelEditor (269)
[2017.12.11-15.08.55:710][311]LogModuleManager: Shutting down and abandoning module PixelInspectorModule (268)
[2017.12.11-15.08.55:710][311]LogModuleManager: Shutting down and abandoning module MainFrame (266)
[2017.12.11-15.08.55:710][311]LogModuleManager: Shutting down and abandoning module HotReload (265)
[2017.12.11-15.08.55:712][311]LogModuleManager: Shutting down and abandoning module RuntimePhysXCooking (260)
[2017.12.11-15.08.55:712][311]LogModuleManager: Shutting down and abandoning module PhysXVehiclesEditor (258)
[2017.12.11-15.08.55:712][311]LogModuleManager: Shutting down and abandoning module PhysXVehicles (256)
[2017.12.11-15.08.55:712][311]LogModuleManager: Shutting down and abandoning module OculusEditor (254)
[2017.12.11-15.08.55:712][311]LogModuleManager: Shutting down and abandoning module LocationServicesBPLibrary (252)
[2017.12.11-15.08.55:712][311]LogModuleManager: Shutting down and abandoning module ImmediatePhysicsEditor (250)
[2017.12.11-15.08.55:712][311]LogModuleManager: Shutting down and abandoning module ImmediatePhysics (248)
[2017.12.11-15.08.55:712][311]LogModuleManager: Shutting down and abandoning module UdpMessaging (246)
[2017.12.11-15.08.55:812][311]LogModuleManager: Shutting down and abandoning module TcpMessaging (244)
[2017.12.11-15.08.55:912][311]LogModuleManager: Shutting down and abandoning module GameplayTagsEditor (242)
[2017.12.11-15.08.55:912][311]LogModuleManager: Shutting down and abandoning module FacialAnimationEditor (240)
[2017.12.11-15.08.55:912][311]LogModuleManager: Shutting down and abandoning module FacialAnimation (238)
[2017.12.11-15.08.55:912][311]LogModuleManager: Shutting down and abandoning module AssetManagerEditor (236)
[2017.12.11-15.08.55:913][311]LogModuleManager: Shutting down and abandoning module GraphEditor (235)
[2017.12.11-15.08.55:936][311]LogModuleManager: Shutting down and abandoning module ContentBrowser (233)
[2017.12.11-15.08.55:938][311]LogModuleManager: Shutting down and abandoning module LightPropagationVolumeRuntime (230)
[2017.12.11-15.08.55:938][311]LogModuleManager: Shutting down and abandoning module Paper2D (228)
[2017.12.11-15.08.55:938][311]LogModuleManager: Shutting down and abandoning module WindowsMoviePlayer (226)
[2017.12.11-15.08.55:938][311]LogModuleManager: Shutting down and abandoning module WmfMedia (224)
[2017.12.11-15.08.55:939][311]LogModuleManager: Shutting down and abandoning module PacketHandler (222)
[2017.12.11-15.08.55:939][311]LogModuleManager: Shutting down and abandoning module ClothingSystemEditor (220)
[2017.12.11-15.08.55:940][311]LogModuleManager: Shutting down and abandoning module ClothingSystemRuntime (218)
[2017.12.11-15.08.55:947][311]LogModuleManager: Shutting down and abandoning module Overlay (216)
[2017.12.11-15.08.55:947][311]LogModuleManager: Shutting down and abandoning module OverlayEditor (215)
[2017.12.11-15.08.55:947][311]LogModuleManager: Shutting down and abandoning module MediaAssets (212)
[2017.12.11-15.08.55:947][311]LogModuleManager: Shutting down and abandoning module VREditor (210)
[2017.12.11-15.08.55:971][311]LogModuleManager: Shutting down and abandoning module StringTableEditor (208)
[2017.12.11-15.08.55:971][311]LogModuleManager: Shutting down and abandoning module GameplayTasksEditor (206)
[2017.12.11-15.08.55:971][311]LogModuleManager: Shutting down and abandoning module BehaviorTreeEditor (204)
[2017.12.11-15.08.55:987][311]LogModuleManager: Shutting down and abandoning module FunctionalTesting (202)
[2017.12.11-15.08.55:987][311]LogModuleManager: Shutting down and abandoning module CollisionAnalyzer (200)
[2017.12.11-15.08.55:987][311]LogModuleManager: Shutting down and abandoning module WorkspaceMenuStructure (199)
[2017.12.11-15.08.55:987][311]LogModuleManager: Shutting down and abandoning module UMG (196)
[2017.12.11-15.08.55:999][311]LogModuleManager: Shutting down and abandoning module UMGEditor (195)
[2017.12.11-15.08.56:013][311]LogModuleManager: Shutting down and abandoning module Sequencer (194)
[2017.12.11-15.08.56:020][311]LogModuleManager: Shutting down and abandoning module MessageLog (191)
[2017.12.11-15.08.56:020][311]LogModuleManager: Shutting down and abandoning module SlateReflector (186)
[2017.12.11-15.08.56:042][311]LogModuleManager: Shutting down and abandoning module Slate (184)
[2017.12.11-15.08.56:042][311]LogModuleManager: Shutting down and abandoning module EditorStyle (182)
[2017.12.11-15.08.56:048][311]LogModuleManager: Shutting down and abandoning module MRMesh (180)
[2017.12.11-15.08.56:048][311]LogModuleManager: Shutting down and abandoning module SourceCodeAccess (178)
[2017.12.11-15.08.56:048][311]LogModuleManager: Shutting down and abandoning module HeadMountedDisplay (176)
[2017.12.11-15.08.56:048][311]LogModuleManager: Shutting down and abandoning module XAudio2 (174)
[2017.12.11-15.08.56:048][311]LogModuleManager: Shutting down and abandoning module Networking (172)
[2017.12.11-15.08.56:048][311]LogModuleManager: Shutting down and abandoning module Core (168)
[2017.12.11-15.08.56:048][311]LogModuleManager: Shutting down and abandoning module KismetCompiler (164)
[2017.12.11-15.08.56:048][311]LogModuleManager: Shutting down and abandoning module MeshUtilities (162)
[2017.12.11-15.08.56:048][311]LogModuleManager: Shutting down and abandoning module MeshMergeUtilities (161)
[2017.12.11-15.08.56:058][311]LogModuleManager: Shutting down and abandoning module MeshReductionInterface (160)
[2017.12.11-15.08.56:058][311]LogModuleManager: Shutting down and abandoning module SimplygonSwarm (159)
[2017.12.11-15.08.56:065][311]LogModuleManager: Shutting down and abandoning module SimplygonMeshReduction (157)
[2017.12.11-15.08.56:065][311]LogModuleManager: Shutting down and abandoning module QuadricMeshReduction (155)
[2017.12.11-15.08.56:065][311]LogModuleManager: Shutting down and abandoning module MaterialBaking (151)
[2017.12.11-15.08.56:065][311]LogModuleManager: Shutting down and abandoning module LevelSequence (148)
[2017.12.11-15.08.56:065][311]LogModuleManager: Shutting down and abandoning module DirectoryWatcher (146)
[2017.12.11-15.08.56:067][311]LogModuleManager: Shutting down and abandoning module DerivedDataCache (144)
[2017.12.11-15.08.56:119][311]LogDerivedDataCache: Shutdown
[2017.12.11-15.08.56:119][311]LogModuleManager: Shutting down and abandoning module TargetPlatform (142)
[2017.12.11-15.08.56:119][311]LogModuleManager: Shutting down and abandoning module VulkanShaderFormat (141)
[2017.12.11-15.08.56:119][311]LogModuleManager: Shutting down and abandoning module ShaderFormatVectorVM (139)
[2017.12.11-15.08.56:129][311]LogModuleManager: Shutting down and abandoning module ShaderFormatOpenGL (137)
[2017.12.11-15.08.56:143][311]LogModuleManager: Shutting down and abandoning module ShaderFormatD3D (135)
[2017.12.11-15.08.56:144][311]LogModuleManager: Shutting down and abandoning module MetalShaderFormat (133)
[2017.12.11-15.08.56:153][311]LogModuleManager: Shutting down and abandoning module TextureFormatUncompressed (131)
[2017.12.11-15.08.56:153][311]LogModuleManager: Shutting down and abandoning module TextureFormatPVR (129)
[2017.12.11-15.08.56:153][311]LogModuleManager: Shutting down and abandoning module TextureFormatDXT (127)
[2017.12.11-15.08.56:153][311]LogModuleManager: Shutting down and abandoning module TextureFormatIntelISPCTexComp (125)
[2017.12.11-15.08.56:153][311]LogModuleManager: Shutting down and abandoning module TextureFormatASTC (123)
[2017.12.11-15.08.56:153][311]LogModuleManager: Shutting down and abandoning module ImageWrapper (122)
[2017.12.11-15.08.56:153][311]LogModuleManager: Shutting down and abandoning module TextureFormatAndroid (119)
[2017.12.11-15.08.56:153][311]LogModuleManager: Shutting down and abandoning module AudioFormatOpus (117)
[2017.12.11-15.08.56:153][311]LogModuleManager: Shutting down and abandoning module AudioFormatOgg (115)
[2017.12.11-15.08.56:153][311]LogModuleManager: Shutting down and abandoning module AudioFormatADPCM (113)
[2017.12.11-15.08.56:153][311]LogModuleManager: Shutting down and abandoning module LinuxTargetPlatform (111)
[2017.12.11-15.08.56:153][311]LogModuleManager: Shutting down and abandoning module LinuxServerTargetPlatform (109)
[2017.12.11-15.08.56:153][311]LogModuleManager: Shutting down and abandoning module LinuxNoEditorTargetPlatform (107)
[2017.12.11-15.08.56:154][311]LogModuleManager: Shutting down and abandoning module LinuxClientTargetPlatform (105)
[2017.12.11-15.08.56:154][311]LogModuleManager: Shutting down and abandoning module TVOSTargetPlatform (103)
[2017.12.11-15.08.56:154][311]LogModuleManager: Shutting down and abandoning module Messaging (101)
[2017.12.11-15.08.56:154][311]LogModuleManager: Shutting down and abandoning module IOSTargetPlatform (99)
[2017.12.11-15.08.56:154][311]LogModuleManager: Shutting down and abandoning module HTML5TargetPlatform (97)
[2017.12.11-15.08.56:154][311]LogModuleManager: Shutting down and abandoning module Android_PVRTCTargetPlatform (95)
[2017.12.11-15.08.56:154][311]LogModuleManager: Shutting down and abandoning module Android_MultiTargetPlatform (93)
[2017.12.11-15.08.56:154][311]LogModuleManager: Shutting down and abandoning module Android_ETC2TargetPlatform (91)
[2017.12.11-15.08.56:154][311]LogModuleManager: Shutting down and abandoning module Android_ETC1TargetPlatform (89)
[2017.12.11-15.08.56:154][311]LogModuleManager: Shutting down and abandoning module Android_DXTTargetPlatform (87)
[2017.12.11-15.08.56:154][311]LogModuleManager: Shutting down and abandoning module Android_ATCTargetPlatform (85)
[2017.12.11-15.08.56:154][311]LogModuleManager: Shutting down and abandoning module Android_ASTCTargetPlatform (83)
[2017.12.11-15.08.56:154][311]LogModuleManager: Shutting down and abandoning module AndroidTargetPlatform (81)
[2017.12.11-15.08.56:154][311]LogModuleManager: Shutting down and abandoning module WindowsTargetPlatform (79)
[2017.12.11-15.08.56:154][311]LogModuleManager: Shutting down and abandoning module WindowsServerTargetPlatform (77)
[2017.12.11-15.08.56:154][311]LogModuleManager: Shutting down and abandoning module WindowsNoEditorTargetPlatform (75)
[2017.12.11-15.08.56:154][311]LogModuleManager: Shutting down and abandoning module WindowsClientTargetPlatform (73)
[2017.12.11-15.08.56:154][311]LogModuleManager: Shutting down and abandoning module MacTargetPlatform (71)
[2017.12.11-15.08.56:154][311]LogModuleManager: Shutting down and abandoning module MacServerTargetPlatform (69)
[2017.12.11-15.08.56:154][311]LogModuleManager: Shutting down and abandoning module MacNoEditorTargetPlatform (67)
[2017.12.11-15.08.56:155][311]LogModuleManager: Shutting down and abandoning module MacClientTargetPlatform (65)
[2017.12.11-15.08.56:155][311]LogModuleManager: Shutting down and abandoning module AllDesktopTargetPlatform (63)
[2017.12.11-15.08.56:155][311]LogModuleManager: Shutting down and abandoning module InputCore (60)
[2017.12.11-15.08.56:155][311]LogModuleManager: Shutting down and abandoning module Settings (58)
[2017.12.11-15.08.56:155][311]LogModuleManager: Shutting down and abandoning module PhysXCooking (56)
[2017.12.11-15.08.56:155][311]LogModuleManager: Shutting down and abandoning module SteamVR (54)
[2017.12.11-15.08.56:155][311]LogModuleManager: Shutting down and abandoning module OculusHMD (52)
[2017.12.11-15.08.56:155][311]LogModuleManager: Shutting down and abandoning module ExampleDeviceProfileSelector (50)
[2017.12.11-15.08.56:155][311]LogModuleManager: Shutting down and abandoning module OnlineBlueprintSupport (48)
[2017.12.11-15.08.56:155][311]LogModuleManager: Shutting down and abandoning module OnlineSubsystem (44)
[2017.12.11-15.08.56:155][311]LogOnline: Display: Unloading online subsystem: NULL
[2017.12.11-15.08.56:171][311]LogModuleManager: Shutting down and abandoning module XMPP (43)
[2017.12.11-15.08.56:183][311]LogModuleManager: Shutting down and abandoning module HTTP (41)
[2017.12.11-15.08.56:184][311]LogHttp: Display: Http module shutting down, but needs to wait on 1 outstanding Http requests:
[2017.12.11-15.08.56:184][311]LogHttp: Display: 	verb=[POST] url=[https://datarouter.ol.epicgames.com/datarouter/api/v1/public/data?SessionID=%7B94199DB8-45E1-C52F-F099-66BA0C75CC48%7D&AppID=UEEditor.Rocket.Release&AppVersion=4.17.2-3658906%2B%2B%2BUE4%2BRelease-4.17&UserID=b334491a47b2b4b9b5da6780768e17f8%7Cf492d71bb8a146f39f4069461f147dd3%7C511cb9c5-1614-41b2-967c-9bec92252184&AppEnvironment=datacollector-binary&UploadType=eteventstream] status=Processing
[2017.12.11-15.08.56:205][311]LogModuleManager: Shutting down and abandoning module SSL (40)
[2017.12.11-15.08.56:208][311]LogModuleManager: Shutting down and abandoning module AnimationModifiers (36)
[2017.12.11-15.08.56:208][311]LogModuleManager: Shutting down and abandoning module PropertyEditor (35)
[2017.12.11-15.08.56:209][311]LogModuleManager: Shutting down and abandoning module AudioEditor (32)
[2017.12.11-15.08.56:218][311]LogModuleManager: Shutting down and abandoning module TextureCompressor (30)
[2017.12.11-15.08.56:218][311]LogModuleManager: Shutting down and abandoning module ShaderCore (28)
[2017.12.11-15.08.56:218][311]LogModuleManager: Shutting down and abandoning module Landscape (26)
[2017.12.11-15.08.56:218][311]LogModuleManager: Shutting down and abandoning module SlateRHIRenderer (24)
[2017.12.11-15.08.56:242][311]LogModuleManager: Shutting down and abandoning module OpenGLDrv (22)
[2017.12.11-15.08.56:259][311]LogModuleManager: Shutting down and abandoning module D3D11RHI (20)
[2017.12.11-15.08.56:259][311]LogModuleManager: Shutting down and abandoning module AnimGraphRuntime (18)
[2017.12.11-15.08.56:260][311]LogModuleManager: Shutting down and abandoning module Renderer (16)
[2017.12.11-15.08.56:260][311]LogModuleManager: Shutting down and abandoning module Engine (14)
[2017.12.11-15.08.56:260][311]LogModuleManager: Shutting down and abandoning module CoreUObject (12)
[2017.12.11-15.08.56:260][311]LogModuleManager: Shutting down and abandoning module NetworkFile (10)
[2017.12.11-15.08.56:260][311]LogModuleManager: Shutting down and abandoning module CookedIterativeFile (8)
[2017.12.11-15.08.56:260][311]LogModuleManager: Shutting down and abandoning module StreamingFile (6)
[2017.12.11-15.08.56:260][311]LogModuleManager: Shutting down and abandoning module SandboxFile (4)
[2017.12.11-15.08.56:260][311]LogModuleManager: Shutting down and abandoning module PakFile (2)
[2017.12.11-15.08.56:266][311]LogExit: Exiting.
[2017.12.11-15.08.56:394][311]Log file closed, 12/11/17 15:08:56
